<?xml version="1.0" encoding="UTF-8"?>
<TestRun id="d8b77e69-350f-47ad-9bf4-f37d600fdf5a" name="A647245@MC0ZD4KC 2018-08-27 14:24:00" runUser="WW930\A647245" xmlns="http://microsoft.com/schemas/VisualStudio/TeamTest/2010">
  <TestSettings name="Local" id="3a9ae955-c07f-4ae5-b3aa-3975fcd6bce4">
    <Description>These are default test settings for a local test run.</Description>
    <Execution hostProcessPlatform="MSIL">
      <TestTypeSpecific />
      <AgentRule name="Execution Agents">
      </AgentRule>
    </Execution>
    <Deployment runDeploymentRoot="A647245_MC0ZD4KC 2018-08-27 14_24_00" />
    <Properties>
      <Property name="TestSettingsUIType" value="LoadTest" />
    </Properties>
  </TestSettings>
  <Times creation="2018-08-27T14:24:00.5699047+05:30" queuing="2018-08-27T14:24:02.5820198+05:30" start="2018-08-27T14:24:02.8230335+05:30" finish="2018-08-27T14:25:04.8295801+05:30" />
  <ResultSummary outcome="Aborted">
    <Counters total="1" executed="1" error="0" failed="0" timeout="0" aborted="1" inconclusive="0" passedButRunAborted="0" notRunnable="0" notExecuted="0" disconnected="0" warning="0" passed="0" completed="0" inProgress="0" pending="0" />
  </ResultSummary>
  <TestDefinitions>
    <WebTest name="ura" storage="c:\users\a647245\onedrive - atos\vsprojects\citrixautomation\code\citirixautomationusingwebtest\ura.webtest" id="99896883-77ea-410d-bf59-fc8bf12a2dc6" persistedWebTest="77u/PD94bWwgdmVyc2lvbj0iMS4wIiBlbmNvZGluZz0iVVRGLTgiIHN0YW5kYWxvbmU9InllcyI/Pg0KPFdlYlRlc3QgTmFtZT0idXJhIiBJZD0iOTk4OTY4ODMtNzdlYS00MTBkLWJmNTktZmM4YmYxMmEyZGM2IiBPd25lcj0iIiBQcmlvcml0eT0iMjE0NzQ4MzY0NyIgRW5hYmxlZD0iVHJ1ZSIgQ3NzUHJvamVjdFN0cnVjdHVyZT0iIiBDc3NJdGVyYXRpb249IiIgVGltZW91dD0iMCIgV29ya0l0ZW1JZHM9IiIgeG1sbnM9Imh0dHA6Ly9taWNyb3NvZnQuY29tL3NjaGVtYXMvVmlzdWFsU3R1ZGlvL1RlYW1UZXN0LzIwMTAiIERlc2NyaXB0aW9uPSIiIENyZWRlbnRpYWxVc2VyTmFtZT0iIiBDcmVkZW50aWFsUGFzc3dvcmQ9IiIgUHJlQXV0aGVudGljYXRlPSJUcnVlIiBQcm94eT0iZGVmYXVsdCIgU3RvcE9uRXJyb3I9IkZhbHNlIiBSZWNvcmRlZFJlc3VsdEZpbGU9IldlYlRlc3QxLmQzNjMxMWI3LWUyNzYtNDQ3OS04M2U0LTIzNzcwMDNkNzMzOC5yZWMud2VidGVzdHJlc3VsdCIgUmVzdWx0c0xvY2FsZT0iIj4NCiAgPEl0ZW1zPg0KICAgIDxSZXF1ZXN0IE1ldGhvZD0iR0VUIiBHdWlkPSI0OTljNmM5Mi01OWIwLTRjN2EtYTYzNy1hZDllOTJiMmUwOWEiIFZlcnNpb249IjEuMSIgVXJsPSJodHRwOi8vdXJhLml0LXNvbHV0aW9ucy5hdG9zLm5ldC8iIFRoaW5rVGltZT0iNyIgVGltZW91dD0iMzAwIiBQYXJzZURlcGVuZGVudFJlcXVlc3RzPSJUcnVlIiBGb2xsb3dSZWRpcmVjdHM9IlRydWUiIFJlY29yZFJlc3VsdD0iVHJ1ZSIgQ2FjaGU9IkZhbHNlIiBSZXNwb25zZVRpbWVHb2FsPSIwIiBFbmNvZGluZz0idXRmLTgiIEV4cGVjdGVkSHR0cFN0YXR1c0NvZGU9IjAiIEV4cGVjdGVkUmVzcG9uc2VVcmw9Imh0dHBzOi8vdXJhLml0LXNvbHV0aW9ucy5hdG9zLm5ldC8iIFJlcG9ydGluZ05hbWU9IiIgSWdub3JlSHR0cFN0YXR1c0NvZGU9IkZhbHNlIiAvPg0KICA8L0l0ZW1zPg0KICA8VmFsaWRhdGlvblJ1bGVzPg0KICAgIDxWYWxpZGF0aW9uUnVsZSBDbGFzc25hbWU9Ik1pY3Jvc29mdC5WaXN1YWxTdHVkaW8uVGVzdFRvb2xzLldlYlRlc3RpbmcuUnVsZXMuVmFsaWRhdGVSZXNwb25zZVVybCwgTWljcm9zb2Z0LlZpc3VhbFN0dWRpby5RdWFsaXR5VG9vbHMuV2ViVGVzdEZyYW1ld29yaywgVmVyc2lvbj0xMC4wLjAuMCwgQ3VsdHVyZT1uZXV0cmFsLCBQdWJsaWNLZXlUb2tlbj1iMDNmNWY3ZjExZDUwYTNhIiBEaXNwbGF5TmFtZT0iUmVzcG9uc2UgVVJMIiBEZXNjcmlwdGlvbj0iVmFsaWRhdGVzIHRoYXQgdGhlIHJlc3BvbnNlIFVSTCBhZnRlciByZWRpcmVjdHMgYXJlIGZvbGxvd2VkIGlzIHRoZSBzYW1lIGFzIHRoZSByZWNvcmRlZCByZXNwb25zZSBVUkwuICBRdWVyeVN0cmluZyBwYXJhbWV0ZXJzIGFyZSBpZ25vcmVkLiIgTGV2ZWw9IkxvdyIgRXhlY3R1aW9uT3JkZXI9IkJlZm9yZURlcGVuZGVudHMiIC8+DQogICAgPFZhbGlkYXRpb25SdWxlIENsYXNzbmFtZT0iTWljcm9zb2Z0LlZpc3VhbFN0dWRpby5UZXN0VG9vbHMuV2ViVGVzdGluZy5SdWxlcy5WYWxpZGF0aW9uUnVsZVJlc3BvbnNlVGltZUdvYWwsIE1pY3Jvc29mdC5WaXN1YWxTdHVkaW8uUXVhbGl0eVRvb2xzLldlYlRlc3RGcmFtZXdvcmssIFZlcnNpb249MTAuMC4wLjAsIEN1bHR1cmU9bmV1dHJhbCwgUHVibGljS2V5VG9rZW49YjAzZjVmN2YxMWQ1MGEzYSIgRGlzcGxheU5hbWU9IlJlc3BvbnNlIFRpbWUgR29hbCIgRGVzY3JpcHRpb249IlZhbGlkYXRlcyB0aGF0IHRoZSByZXNwb25zZSB0aW1lIGZvciB0aGUgcmVxdWVzdCBpcyBsZXNzIHRoYW4gb3IgZXF1YWwgdG8gdGhlIHJlc3BvbnNlIHRpbWUgZ29hbCBhcyBzcGVjaWZpZWQgb24gdGhlIHJlcXVlc3QuICBSZXNwb25zZSB0aW1lIGdvYWxzIG9mIHplcm8gd2lsbCBiZSBpZ25vcmVkLiIgTGV2ZWw9IkxvdyIgRXhlY3R1aW9uT3JkZXI9IkFmdGVyRGVwZW5kZW50cyI+DQogICAgICA8UnVsZVBhcmFtZXRlcnM+DQogICAgICAgIDxSdWxlUGFyYW1ldGVyIE5hbWU9IlRvbGVyYW5jZSIgVmFsdWU9IjAiIC8+DQogICAgICA8L1J1bGVQYXJhbWV0ZXJzPg0KICAgIDwvVmFsaWRhdGlvblJ1bGU+DQogIDwvVmFsaWRhdGlvblJ1bGVzPg0KPC9XZWJUZXN0Pg==">
    </WebTest>
    <WebTest name="WebTest1" storage="c:\users\a647245\onedrive - atos\vsprojects\citrixautomation\code\citirixautomationusingwebtest\webtest1.webtest" id="34fe655b-1a6c-4cb3-9c79-75f19359301a" persistedWebTest="77u/PD94bWwgdmVyc2lvbj0iMS4wIiBlbmNvZGluZz0iVVRGLTgiIHN0YW5kYWxvbmU9InllcyI/Pg0KPFdlYlRlc3QgTmFtZT0iV2ViVGVzdDEiIElkPSIzNGZlNjU1Yi0xYTZjLTRjYjMtOWM3OS03NWYxOTM1OTMwMWEiIE93bmVyPSIiIFByaW9yaXR5PSIyMTQ3NDgzNjQ3IiBFbmFibGVkPSJUcnVlIiBDc3NQcm9qZWN0U3RydWN0dXJlPSIiIENzc0l0ZXJhdGlvbj0iIiBUaW1lb3V0PSIwIiBXb3JrSXRlbUlkcz0iIiB4bWxucz0iaHR0cDovL21pY3Jvc29mdC5jb20vc2NoZW1hcy9WaXN1YWxTdHVkaW8vVGVhbVRlc3QvMjAxMCIgRGVzY3JpcHRpb249IiIgQ3JlZGVudGlhbFVzZXJOYW1lPSIiIENyZWRlbnRpYWxQYXNzd29yZD0iIiBQcmVBdXRoZW50aWNhdGU9IlRydWUiIFByb3h5PSJkZWZhdWx0IiBTdG9wT25FcnJvcj0iRmFsc2UiIFJlY29yZGVkUmVzdWx0RmlsZT0iV2ViVGVzdDEuZDM2MzExYjctZTI3Ni00NDc5LTgzZTQtMjM3NzAwM2Q3MzM4LnJlYy53ZWJ0ZXN0cmVzdWx0IiBSZXN1bHRzTG9jYWxlPSIiPg0KICA8SXRlbXM+DQogICAgPEluY2x1ZGVkV2ViVGVzdCBOYW1lPSJ1cmEiIFBhdGg9ImM6XHVzZXJzXGE2NDcyNDVcb25lZHJpdmUgLSBhdG9zXHZzcHJvamVjdHNcY2l0cml4YXV0b21hdGlvblxjb2RlXGNpdGlyaXhhdXRvbWF0aW9udXNpbmd3ZWJ0ZXN0XHVyYS53ZWJ0ZXN0IiBJZD0iOTk4OTY4ODMtNzdlYS00MTBkLWJmNTktZmM4YmYxMmEyZGM2IiBJc0NvZGVkV2ViVGVzdD0iRmFsc2UiIEluaGVyaXRXZWJUZXN0U2V0dGluZ3M9IkZhbHNlIiAvPg0KICAgIDxSZXF1ZXN0IE1ldGhvZD0iR0VUIiBHdWlkPSI2MDg0ZDc3MS04NmEyLTQ4NjEtYjMwMy1iNzMyMDU0NGYyOGMiIFZlcnNpb249IjEuMSIgVXJsPSJodHRwczovL3VyYS1hYS5pdC1zb2x1dGlvbnMuYXRvcy5uZXQvZGFuYS1uYS9hdXRoL3VybF85L3dlbGNvbWUuY2dpIiBUaGlua1RpbWU9IjQiIFRpbWVvdXQ9IjMwMCIgUGFyc2VEZXBlbmRlbnRSZXF1ZXN0cz0iVHJ1ZSIgRm9sbG93UmVkaXJlY3RzPSJUcnVlIiBSZWNvcmRSZXN1bHQ9IlRydWUiIENhY2hlPSJGYWxzZSIgUmVzcG9uc2VUaW1lR29hbD0iMCIgRW5jb2Rpbmc9InV0Zi04IiBFeHBlY3RlZEh0dHBTdGF0dXNDb2RlPSIwIiBFeHBlY3RlZFJlc3BvbnNlVXJsPSJodHRwczovL3dhYy5kYXMubXlhdG9zLm5ldC9wb3J0YWwvcGtpLmpzcD9EWEFUYXJnZXRNZXRob2Q9R0VUJmFtcDtEWEEtYXV0aG4tbWV0aG9kPUxvZ2luK1NlbGVjdG9yJmFtcDtEWEFUYXJnZXRVcmw9aHR0cCUzQSUyRiUyRndhYy5kYXMubXlhdG9zLm5ldCUyRnNzb191cmElMkZTaW5nbGVTaWduT25TZXJ2aWNlJTNGU0FNTFJlcXVlc3QlM0RyWkpOVDhKQUVJYiUyNTJGU3JQM2ZtRmJZRU14S0RHU3FEU1dlUEJDeG5hQVRjcHMzZG1DJTI1MkZIdmJZaFF2bmp6diUyNTBBT3p2UDglMjUyQjVPR1BaVkxXZU4zZEV6dmpmSTF2bllWOFN5UDBoRlkwaHFZTVdTWUk4c2JTSHoyZU9ESEhpQiUyNTBBckkyMnV0Q1ZjT2J0bkNLd1NsTXFkdGJXTEgzJTI1MkZDSVZYQW52N0Uxak5IcUgxbWZXNk1lRG5pcllWNW1wTCUyNTBBUzhyUkhGU0J3cm5UcHNDZUpCV0JjQmJ6Vkt6RE1rNXdrMnppQ01aQkVpSEVTUnhHWXd6eEtnbmlLR3BqJTI1MEF6QTB1aUMyUVRjVWdDRWR1TUhJSHcxVXdsUEZBaHVHcmNMSXYwQnRGWmJ2NWI2dTNjNGpsJTI1MkZXcVZ1ZGt5JTI1MEFYJTI1MkZVWEhGU0o1cWxOJTI1MkZ3aTJKaTZBcDZ6THVtbzZlZmElMjUyQlZVc2djQWw4YUlYOHJrd1hxYXkxSXVzVlczVmQlMjUwQXAxeUh3bmxCdzMxcDdXWXhuWFE1MlJ1WmkyZjRteGVZMFhUTHhmVGZ3Q2IlMjUyQkJja1pxNWFkJTI1MkZHS2U2VW9WJTI1MEFKMmRXVmZwNGF4QnNXMGdvJTI1MkZPbDU1UGRYbW40QyUyNTBBJTI2UmVsYXlTdGF0ZSUzRGh0dHBzJTI1M0ElMjUyRiUyNTJGdXJhLWFhLml0LXNvbHV0aW9ucy5hdG9zLm5ldCUyNTJGdXJhLXNzbyIgUmVwb3J0aW5nTmFtZT0iIiBJZ25vcmVIdHRwU3RhdHVzQ29kZT0iRmFsc2UiIC8+DQogICAgPFJlcXVlc3QgTWV0aG9kPSJHRVQiIEd1aWQ9IjZmYTRhMDViLTRlNDUtNDIwYy05NTc3LWZlZDYwMWYwMjIzOCIgVmVyc2lvbj0iMS4xIiBVcmw9Imh0dHBzOi8vd2FjLmRhcy5teWF0b3MubmV0L3Nzb19wa2kvYXV0aGVudGljYXRlLmpzcCIgVGhpbmtUaW1lPSIwIiBUaW1lb3V0PSIzMDAiIFBhcnNlRGVwZW5kZW50UmVxdWVzdHM9IlRydWUiIEZvbGxvd1JlZGlyZWN0cz0iVHJ1ZSIgUmVjb3JkUmVzdWx0PSJUcnVlIiBDYWNoZT0iRmFsc2UiIFJlc3BvbnNlVGltZUdvYWw9IjAiIEVuY29kaW5nPSJpc28tODg1OS0xIiBFeHBlY3RlZEh0dHBTdGF0dXNDb2RlPSIwIiBFeHBlY3RlZFJlc3BvbnNlVXJsPSJodHRwczovL3dhYy5kYXMubXlhdG9zLm5ldC9teS5wb2xpY3lfbm9uY2U/bm9uY2U9VTVnekhwQUpFRUtxTWhWQyIgUmVwb3J0aW5nTmFtZT0iIiBJZ25vcmVIdHRwU3RhdHVzQ29kZT0iRmFsc2UiPg0KICAgICAgPEZvcm1Qb3N0SHR0cEJvZHk+DQogICAgICAgIDxGb3JtUG9zdFBhcmFtZXRlciBOYW1lPSJEWEFUYXJnZXRVcmwiIFZhbHVlPSJodHRwczovL3dhYy5kYXMubXlhdG9zLm5ldC9zc29fdXJhL1NpbmdsZVNpZ25PblNlcnZpY2U/U0FNTFJlcXVlc3Q9clpKTlQ4SkFFSWIlMkZTclAzZm1GYllFTXhLREdTcURTV2VQQkN4bmFBVGNwczNkbUMlMkZIdmJZaFF2bmp6diUwQU96dlA4JTJCNU9HUFpWTFdlTjNkRXp2amZJMXZuWVY4U3lQMGhGWTBocVlNV1NZSThzYlNIejJlT0RISGlCJTBBckkyMnV0Q1ZjT2J0bkNLd1NsTXFkdGJXTEgzJTJGQ0lWWEFudjdFMWpOSHFIMW1mVzZNZURuaXJZVjVtcEwlMEFTOHJSSEZTQndyblRwc0NlSkJXQmNCYnpWS3pETWs1d2syemlDTVpCRWlIRVNSeEdZd3p4S2duaUtHcGolMEF6QTB1aUMyUVRjVWdDRWR1TUhJSHcxVXdsUEZBaHVHcmNMSXYwQnRGWmJ2NWI2dTNjNGpsJTJGV3FWdWRreSUwQVglMkZVWEhGU0o1cWxOJTJGd2kySmk2QXA2ekx1bW82ZWZhJTJCVlVzZ2NBbDhhSVg4cmt3WHFheTFJdXNWVzNWZCUwQXAxeUh3bmxCdzMxcDdXWXhuWFE1MlJ1WmkyZjRteGVZMFhUTHhmVGZ3Q2IlMkJCY2tacTVhZCUyRkdLZTZVb1YlMEFKMmRXVmZwNGF4QnNXMGdvJTJGT2w1NVBkWG1uNEMlMEEmYW1wO1JlbGF5U3RhdGU9aHR0cHMlM0ElMkYlMkZ1cmEtYWEuaXQtc29sdXRpb25zLmF0b3MubmV0JTJGdXJhLXNzbyIgUmVjb3JkZWRWYWx1ZT0iaHR0cHM6Ly93YWMuZGFzLm15YXRvcy5uZXQvc3NvX3VyYS9TaW5nbGVTaWduT25TZXJ2aWNlP1NBTUxSZXF1ZXN0PXJaSk5UOEpBRUliJTJGU3JQM2ZtRmJZRU14S0RHU3FEU1dlUEJDeG5hQVRjcHMzZG1DJTJGSHZiWWhRdm5qenYlMEFPenZQOCUyQjVPR1BaVkxXZU4zZEV6dmpmSTF2bllWOFN5UDBoRlkwaHFZTVdTWUk4c2JTSHoyZU9ESEhpQiUwQXJJMjJ1dENWY09idG5DS3dTbE1xZHRiV0xIMyUyRkNJVlhBbnY3RTFqTkhxSDFtZlc2TWVEbmlyWVY1bXBMJTBBUzhyUkhGU0J3cm5UcHNDZUpCV0JjQmJ6Vkt6RE1rNXdrMnppQ01aQkVpSEVTUnhHWXd6eEtnbmlLR3BqJTBBekEwdWlDMlFUY1VnQ0VkdU1ISUh3MVV3bFBGQWh1R3JjTEl2MEJ0RlpidjViNnUzYzRqbCUyRldxVnVka3klMEFYJTJGVVhIRlNKNXFsTiUyRndpMkppNkFwNnpMdW1vNmVmYSUyQlZVc2djQWw4YUlYOHJrd1hxYXkxSXVzVlczVmQlMEFwMXlId25sQnczMXA3V1l4blhRNTJSdVppMmY0bXhlWTBYVEx4ZlRmd0NiJTJCQmNrWnE1YWQlMkZHS2U2VW9WJTBBSjJkV1ZmcDRheEJzVzBnbyUyRk9sNTVQZFhtbjRDJTBBJmFtcDtSZWxheVN0YXRlPWh0dHBzJTNBJTJGJTJGdXJhLWFhLml0LXNvbHV0aW9ucy5hdG9zLm5ldCUyRnVyYS1zc28iIENvcnJlbGF0aW9uQmluZGluZz0iIiBVcmxFbmNvZGU9IlRydWUiIC8+DQogICAgICAgIDxGb3JtUG9zdFBhcmFtZXRlciBOYW1lPSJEWEEtdGFyZ2V0LXBhcmFtZXRlcnMiIFZhbHVlPSIiIFJlY29yZGVkVmFsdWU9IiIgQ29ycmVsYXRpb25CaW5kaW5nPSIiIFVybEVuY29kZT0iVHJ1ZSIgLz4NCiAgICAgICAgPEZvcm1Qb3N0UGFyYW1ldGVyIE5hbWU9IkRYQVRhcmdldE1ldGhvZCIgVmFsdWU9IkdFVCIgUmVjb3JkZWRWYWx1ZT0iR0VUIiBDb3JyZWxhdGlvbkJpbmRpbmc9IiIgVXJsRW5jb2RlPSJUcnVlIiAvPg0KICAgICAgPC9Gb3JtUG9zdEh0dHBCb2R5Pg0KICAgIDwvUmVxdWVzdD4NCiAgICA8UmVxdWVzdCBNZXRob2Q9IkdFVCIgR3VpZD0iMGIyMGFiOWUtN2Q4MS00NDNkLWFlZmYtNTg0YWZlODU5ZWY0IiBWZXJzaW9uPSIxLjEiIFVybD0iaHR0cHM6Ly93YWMuZGFzLm15YXRvcy5uZXQvc3NvX3BraS9hdXRoZW50aWNhdGUuanNwIiBUaGlua1RpbWU9IjAiIFRpbWVvdXQ9IjMwMCIgUGFyc2VEZXBlbmRlbnRSZXF1ZXN0cz0iVHJ1ZSIgRm9sbG93UmVkaXJlY3RzPSJUcnVlIiBSZWNvcmRSZXN1bHQ9IlRydWUiIENhY2hlPSJGYWxzZSIgUmVzcG9uc2VUaW1lR29hbD0iMCIgRW5jb2Rpbmc9IldpbmRvd3MtMTI1MiIgRXhwZWN0ZWRIdHRwU3RhdHVzQ29kZT0iMCIgRXhwZWN0ZWRSZXNwb25zZVVybD0iIiBSZXBvcnRpbmdOYW1lPSIiIElnbm9yZUh0dHBTdGF0dXNDb2RlPSJGYWxzZSI+DQogICAgICA8Rm9ybVBvc3RIdHRwQm9keT4NCiAgICAgICAgPEZvcm1Qb3N0UGFyYW1ldGVyIE5hbWU9ImR1bW15IiBWYWx1ZT0iM2Q3NWFlNDgzYjQ3NDQ5ZTNlNDVkMDBmODEzNzYyN2IiIFJlY29yZGVkVmFsdWU9IjNkNzVhZTQ4M2I0NzQ0OWUzZTQ1ZDAwZjgxMzc2MjdiIiBDb3JyZWxhdGlvbkJpbmRpbmc9IiIgVXJsRW5jb2RlPSJUcnVlIiAvPg0KICAgICAgPC9Gb3JtUG9zdEh0dHBCb2R5Pg0KICAgIDwvUmVxdWVzdD4NCiAgICA8UmVxdWVzdCBNZXRob2Q9IkdFVCIgR3VpZD0iOTBhNzU5YjItYTExMS00MWI5LWE1NDctZDQxYzZiOTI1YjQwIiBWZXJzaW9uPSIxLjEiIFVybD0iaHR0cHM6Ly93YWMuZGFzLm15YXRvcy5uZXQvc3NvX3VyYS9TaW5nbGVTaWduT25TZXJ2aWNlIiBUaGlua1RpbWU9IjAiIFRpbWVvdXQ9IjMwMCIgUGFyc2VEZXBlbmRlbnRSZXF1ZXN0cz0iVHJ1ZSIgRm9sbG93UmVkaXJlY3RzPSJUcnVlIiBSZWNvcmRSZXN1bHQ9IlRydWUiIENhY2hlPSJGYWxzZSIgUmVzcG9uc2VUaW1lR29hbD0iMCIgRW5jb2Rpbmc9Imlzby04ODU5LTEiIEV4cGVjdGVkSHR0cFN0YXR1c0NvZGU9IjAiIEV4cGVjdGVkUmVzcG9uc2VVcmw9IiIgUmVwb3J0aW5nTmFtZT0iIiBJZ25vcmVIdHRwU3RhdHVzQ29kZT0iRmFsc2UiPg0KICAgICAgPFF1ZXJ5U3RyaW5nUGFyYW1ldGVycz4NCiAgICAgICAgPFF1ZXJ5U3RyaW5nUGFyYW1ldGVyIE5hbWU9IlNBTUxSZXF1ZXN0IiBWYWx1ZT0iclpKTlQ4SkFFSWIlMkZTclAzZm1GYllFTXhLREdTcURTV2VQQkN4bmFBVGNwczNkbUMlMkZIdmJZaFF2bmp6diUwQU96dlA4JTJCNU9HUFpWTFdlTjNkRXp2amZJMXZuWVY4U3lQMGhGWTBocVlNV1NZSThzYlNIejJlT0RISGlCJTBBckkyMnV0Q1ZjT2J0bkNLd1NsTXFkdGJXTEgzJTJGQ0lWWEFudjdFMWpOSHFIMW1mVzZNZURuaXJZVjVtcEwlMEFTOHJSSEZTQndyblRwc0NlSkJXQmNCYnpWS3pETWs1d2syemlDTVpCRWlIRVNSeEdZd3p4S2duaUtHcGolMEF6QTB1aUMyUVRjVWdDRWR1TUhJSHcxVXdsUEZBaHVHcmNMSXYwQnRGWmJ2NWI2dTNjNGpsJTJGV3FWdWRreSUwQVglMkZVWEhGU0o1cWxOJTJGd2kySmk2QXA2ekx1bW82ZWZhJTJCVlVzZ2NBbDhhSVg4cmt3WHFheTFJdXNWVzNWZCUwQXAxeUh3bmxCdzMxcDdXWXhuWFE1MlJ1WmkyZjRteGVZMFhUTHhmVGZ3Q2IlMkJCY2tacTVhZCUyRkdLZTZVb1YlMEFKMmRXVmZwNGF4QnNXMGdvJTJGT2w1NVBkWG1uNEMlMEEiIFJlY29yZGVkVmFsdWU9InJaSk5UOEpBRUliJTJGU3JQM2ZtRmJZRU14S0RHU3FEU1dlUEJDeG5hQVRjcHMzZG1DJTJGSHZiWWhRdm5qenYlMEFPenZQOCUyQjVPR1BaVkxXZU4zZEV6dmpmSTF2bllWOFN5UDBoRlkwaHFZTVdTWUk4c2JTSHoyZU9ESEhpQiUwQXJJMjJ1dENWY09idG5DS3dTbE1xZHRiV0xIMyUyRkNJVlhBbnY3RTFqTkhxSDFtZlc2TWVEbmlyWVY1bXBMJTBBUzhyUkhGU0J3cm5UcHNDZUpCV0JjQmJ6Vkt6RE1rNXdrMnppQ01aQkVpSEVTUnhHWXd6eEtnbmlLR3BqJTBBekEwdWlDMlFUY1VnQ0VkdU1ISUh3MVV3bFBGQWh1R3JjTEl2MEJ0RlpidjViNnUzYzRqbCUyRldxVnVka3klMEFYJTJGVVhIRlNKNXFsTiUyRndpMkppNkFwNnpMdW1vNmVmYSUyQlZVc2djQWw4YUlYOHJrd1hxYXkxSXVzVlczVmQlMEFwMXlId25sQnczMXA3V1l4blhRNTJSdVppMmY0bXhlWTBYVEx4ZlRmd0NiJTJCQmNrWnE1YWQlMkZHS2U2VW9WJTBBSjJkV1ZmcDRheEJzVzBnbyUyRk9sNTVQZFhtbjRDJTBBIiBDb3JyZWxhdGlvbkJpbmRpbmc9IiIgVXJsRW5jb2RlPSJGYWxzZSIgVXNlVG9Hcm91cFJlc3VsdHM9IkZhbHNlIiAvPg0KICAgICAgICA8UXVlcnlTdHJpbmdQYXJhbWV0ZXIgTmFtZT0iUmVsYXlTdGF0ZSIgVmFsdWU9Imh0dHBzJTNBJTJGJTJGdXJhLWFhLml0LXNvbHV0aW9ucy5hdG9zLm5ldCUyRnVyYS1zc28iIFJlY29yZGVkVmFsdWU9Imh0dHBzJTNBJTJGJTJGdXJhLWFhLml0LXNvbHV0aW9ucy5hdG9zLm5ldCUyRnVyYS1zc28iIENvcnJlbGF0aW9uQmluZGluZz0iIiBVcmxFbmNvZGU9IkZhbHNlIiBVc2VUb0dyb3VwUmVzdWx0cz0iRmFsc2UiIC8+DQogICAgICA8L1F1ZXJ5U3RyaW5nUGFyYW1ldGVycz4NCiAgICAgIDxGb3JtUG9zdEh0dHBCb2R5IC8+DQogICAgPC9SZXF1ZXN0Pg0KICAgIDxSZXF1ZXN0IE1ldGhvZD0iR0VUIiBHdWlkPSIwYzQwZDgyMS1lMGZhLTRmNDUtOGJiOS1iYzc0OGY3MmJkMDciIFZlcnNpb249IjEuMSIgVXJsPSJodHRwczovL3VyYS1hYS5pdC1zb2x1dGlvbnMuYXRvcy5uZXQvZGFuYS1uYS9hdXRoL3NhbWwtY29uc3VtZXIuY2dpIiBUaGlua1RpbWU9IjEiIFRpbWVvdXQ9IjMwMCIgUGFyc2VEZXBlbmRlbnRSZXF1ZXN0cz0iVHJ1ZSIgRm9sbG93UmVkaXJlY3RzPSJUcnVlIiBSZWNvcmRSZXN1bHQ9IlRydWUiIENhY2hlPSJGYWxzZSIgUmVzcG9uc2VUaW1lR29hbD0iMCIgRW5jb2Rpbmc9InV0Zi04IiBFeHBlY3RlZEh0dHBTdGF0dXNDb2RlPSIwIiBFeHBlY3RlZFJlc3BvbnNlVXJsPSJodHRwczovL3VyYS1hYS5pdC1zb2x1dGlvbnMuYXRvcy5uZXQvZGFuYS1uYS9hdXRoL3VybF8xNC93ZWxjb21lLmNnaT9wPXByZWF1dGgmYW1wO2lkPXN0YXRlXzJlNjI4ZTdhYmVhYTJmY2ExYTk5MDgzMzhkZmNiMDBmJmFtcDtzaWduaW5SZWFsbUlkPTE4IiBSZXBvcnRpbmdOYW1lPSIiIElnbm9yZUh0dHBTdGF0dXNDb2RlPSJGYWxzZSI+DQogICAgICA8Rm9ybVBvc3RIdHRwQm9keT4NCiAgICAgICAgPEZvcm1Qb3N0UGFyYW1ldGVyIE5hbWU9IlNBTUxSZXNwb25zZSIgVmFsdWU9IlBEOTRiV3dnZG1WeWMybHZiajBpTVM0d0lpQmxibU52WkdsdVp6MGlWVlJHTFRnaVB6NDhjMkZ0YkRKd09sSmxjM0J2Ym5ObElIaHRiRzV6T25OaGJXd3ljRDBpZFhKdU9tOWhjMmx6T201aGJXVnpPblJqT2xOQlRVdzZNaTR3T25CeWIzUnZZMjlzSWlCRVpYTjBhVzVoZEdsdmJqMGlhSFIwY0hNNkx5OTFjbUV0WVdFdWFYUXRjMjlzZFhScGIyNXpMbUYwYjNNdWJtVjBMMlJoYm1FdGJtRXZZWFYwYUM5ellXMXNMV052Ym5OMWJXVnlMbU5uYVNJZ1NVUTlJblYxYVdRdE1EZG1abVkwWTJZdE5tUTFaaTAwWW1KbUxUaGpPVEF0WVdFNU1HTTRNMlZsWVRNeElpQkpibEpsYzNCdmJuTmxWRzg5SWw4eFpEVTJaV1kyWmpVMFlUa3dOalJsWVRVMk5URTBPV1V4WlRNMk1EVTBOQ0lnU1hOemRXVkpibk4wWVc1MFBTSXlNREU0TFRBNExUSTNWREEzT2pVeU9qTTJMalUwTmxvaUlGWmxjbk5wYjI0OUlqSXVNQ0krUEhOaGJXd3lPa2x6YzNWbGNpQjRiV3h1Y3pwellXMXNNajBpZFhKdU9tOWhjMmx6T201aGJXVnpPblJqT2xOQlRVdzZNaTR3T21GemMyVnlkR2x2YmlJK2QyRmpMbVJoY3k1dGVXRjBiM011Ym1WMFBDOXpZVzFzTWpwSmMzTjFaWEkrUEdSek9sTnBaMjVoZEhWeVpTQjRiV3h1Y3pwa2N6MGlhSFIwY0RvdkwzZDNkeTUzTXk1dmNtY3ZNakF3TUM4d09TOTRiV3hrYzJsbkl5SStQR1J6T2xOcFoyNWxaRWx1Wm04K1BHUnpPa05oYm05dWFXTmhiR2w2WVhScGIyNU5aWFJvYjJRZ1FXeG5iM0pwZEdodFBTSm9kSFJ3T2k4dmQzZDNMbmN6TG05eVp5OHlNREF4THpFd0wzaHRiQzFsZUdNdFl6RTBiaU1pTHo0OFpITTZVMmxuYm1GMGRYSmxUV1YwYUc5a0lFRnNaMjl5YVhSb2JUMGlhSFIwY0RvdkwzZDNkeTUzTXk1dmNtY3ZNakF3TUM4d09TOTRiV3hrYzJsbkkzSnpZUzF6YUdFeElpOCtQR1J6T2xKbFptVnlaVzVqWlNCVlVrazlJaU4xZFdsa0xUQTNabVptTkdObUxUWmtOV1l0TkdKaVppMDRZemt3TFdGaE9UQmpPRE5sWldFek1TSStQR1J6T2xSeVlXNXpabTl5YlhNK1BHUnpPbFJ5WVc1elptOXliU0JCYkdkdmNtbDBhRzA5SW1oMGRIQTZMeTkzZDNjdWR6TXViM0puTHpJd01EQXZNRGt2ZUcxc1pITnBaeU5sYm5abGJHOXdaV1F0YzJsbmJtRjBkWEpsSWk4K1BHUnpPbFJ5WVc1elptOXliU0JCYkdkdmNtbDBhRzA5SW1oMGRIQTZMeTkzZDNjdWR6TXViM0puTHpJd01ERXZNVEF2ZUcxc0xXVjRZeTFqTVRSdUl5SXZQand2WkhNNlZISmhibk5tYjNKdGN6NDhaSE02UkdsblpYTjBUV1YwYUc5a0lFRnNaMjl5YVhSb2JUMGlhSFIwY0RvdkwzZDNkeTUzTXk1dmNtY3ZNakF3TUM4d09TOTRiV3hrYzJsbkkzTm9ZVEVpTHo0OFpITTZSR2xuWlhOMFZtRnNkV1UrU3pSb2VFdDVZekZaVGtoTEwyWTRla2N5T0hwalRHODJZVzQwUFR3dlpITTZSR2xuWlhOMFZtRnNkV1UrUEM5a2N6cFNaV1psY21WdVkyVStQQzlrY3pwVGFXZHVaV1JKYm1adlBqeGtjenBUYVdkdVlYUjFjbVZXWVd4MVpUNE5DbEZuUmpKM00xTXlNVU4xV0ZSeWIzVnlZbHBaZEVOT1UyeGxOamx6U200MWNtMHdMMjk1VVRsWWEyaEtVRU5sWkVRdldUZFBVVEJZVkVWV00wOW5iWHBRYUUxTGJFdEdZWEZ5TDNBTkNsQnZSbVZOV0haRVZFWnhWa3BqU2xsR1FVcHNUWEZTZDJScU5uRlZNRkJwTVVKR1FsWXpabWg0VVhaclVrUjFhMjQyZDFscldVVklTM0J0VTNOME0wSnFTVGhQVWt4QmVWSjJURU1OQ2twNU5VcEJWV0pNWkZoUVpsTlZka3R6Y1RkREsxVkhibGxHWXpCblVFTkNXbXRVV2tnNWRVNXBSMGx0Ylc1bFJscHlVV1pRUVVGWVUyNTRRbXhqTnpKTVl6ZEpjalpwU1V4WWQxa05DbU12VVZRck0yOW5OWFY0UzJaVE5scG5WMlpSZFd4VVkwazJWbFlyTldOS1lrNHZaM1V2VWxRM1R6QlFjR1V3Vm1VMWQxcGtkRUpUYWpZdlpsQkZWbHBCZERoUE5XSjBPRk5IYkRVTkNqZFZiakZzYnpRd0x6RlBaM1ppWTNwcGNUZHpMMGRtV1djME5XeFBkMUY1VTJOS1VFRjNQVDBOQ2p3dlpITTZVMmxuYm1GMGRYSmxWbUZzZFdVK1BHUnpPa3RsZVVsdVptOCtQR1J6T2xnMU1EbEVZWFJoUGp4a2N6cFlOVEE1UTJWeWRHbG1hV05oZEdVK1RVbEpSa2w2UTBOQ1FYVm5RWGRKUWtGblNVNUJUMlZJVnpCUlFVRkJRVUZWVG1FMWNFUkJUa0puYTNGb2EybEhPWGN3UWtGUmMwWkJSRU5DZFdwRlRFMUJhMGRCTVZWRlFtaE5RMVpXVFhoR2FrRlZRbWRPVmtKQmIxUkVWVloxWkVoS01XTXpVWE5KUld4MVdYazBlRXRFUVcxQ1owNVdRa0Z6VkVneFRteGFVMEl6WkROamRWcFhOVEJqYmxaNlpFTTFkVnBZVVhaaVIxWnVXVmQzZEdSSFZubGlXRTE0VDFSQk0wSm5UbFpDUVhOVVRVTm9ha3RUUVhsTlJFVjVTVVZXZFdSSVNqRmpNMUZ6U1VWc2RWbDVOR2RNVTBKdFlqTkpaMWxZVmpCaFJ6bDVZVmh3YkZwRFFqRmpNbFZuWWpJMWMyVlVSWFZOUTNkSFFURlZSVUY0VFd4U1Z6VXdZMjVXZW1SRFFrUmFXRW93WVZkYWNGa3lSakJoVnpsMVNVVkdNV1JIYUhaamJXd3daVk5CZEVsRmQzaFRla0ZsUm5jd2VFNXFRWGhOVkd0NFRrUkZNVTE2YUdGR2R6QjRUMVJCZUUxVWEzaE9SRkV4VFhwa1lVMUdOSGhEZWtGS1FtZE9Wa0pCV1ZSQmExcFRUVkU0ZDBSUldVUldVVkZJUlhkYVExcFljSFppYmsxNFJGUkJURUpuVGxaQ1FXOVVRa1ZHTUdJelRYaEVWRUZNUW1kT1ZrSkJjMVJDUlVZd1lqTk5lRWxFUVdWQ1owNVdRa0ZOVkVZelRtaGlWM2Q1VFVSRk1reFlRbmxhUXpWMFpWZEdNR0l6VFhWaWJWWXdUVWxKUWtscVFVNUNaMnR4YUd0cFJ6bDNNRUpCVVVWR1FVRlBRMEZST0VGTlNVbENRMmRMUTBGUlJVRnNNMFJtV1ZGU1MybFFkbHBZUzNaWmEwWlVWVGhETkM5dVRXTmhTMEZ0T0U5bEwxbGhVMVZ4WnpGMFprMWpRVGhvUjIwM2N6bFhRVFpGYmxOcldrWXpPR3RGUmtwRlYyVjJVRmgzUzNwa1RFY3hhazVOYmsxVFdFYzFUa1owY1hKd1UxY3pUa28zUXpCUVRFRlRORkZSUVhsc1psQlpkbkJKU0ZVMGR5OUZaVmRYT0cxVFowRjBOVTgyZUZWUmVFaGpZbkpRVW1OSldGTTRXVGhvYUZGeFZVWTJNV052VEhReFNrSmxjM1pEU3pKVVRWWlVTSGhZTDFSalRWRTNWa3hoV0ZOcWQyaFdaREJtTnpoM1UwcHRWakpXZUdGNVVFRmxSVlZYWlhsNlkyRmpUblF6WlRCeFFtcHhkMUpsVlhCSlNEbDZXa2x2V0VkRU1ITkhjMWRNZDNjMk5YSlhWVXhLYWpGWGF6RXlZM0pWT1hCaGQzcGxRakpIWXk5Q1FtMVpRbFp6YjNKbmF6bHVSVkJrWmxjd1NtRXJVbFI1Y0RGVGJYUnVZMk5XWTJsSU9EWnNMMFpwWlU5Q04xaGlSRmR5UWl0aWNsRkpSRUZSUVVKdk5FbENaMVJEUTBGWU1IZERkMWxFVmxJd1VFSkJVVVJCWjFkblRVSk5SMEV4VldSS1VWRk5UVUZ2UjBORGMwZEJVVlZHUW5kTlFrMUVUVWRCTVZWa1NIZFJjMDFEYjNkTFMwRnRiME5UUjBsdGFEQmtTRUUyVEhrNWFtTnRkM1ZhVnpVd1kyNVdlbVJETlhWYVdGRjJZa2RXTWxwWGQzaGhlVFZxWTIxM2QxTjNXVVJXVWpCblFrVlJkMUZxUVRKQ1ozQm5hR3RuUW1oMmNITkRaMFZHVFVObmQwcG5XVWxMZDFsQ1FsRlZTRUZuUlZkSGJXZ3daRWhCTmt4NU9UTmtNMk4xV2xjMU1HTnVWbnBrUXpWMVdsaFJkbU51UW1oTlFXZEhRbTFsUWtSQlJVTkJha0p2UW1kbmNrSm5SVVpDVVdOQ1FWRlNZMDFHYjNkSmQxbEpTM2RaUWtKUlZVaE5RVWRIUmpKb01HUklRVFpNZVRsMldUTk9kMHh0Vm5Wa1NFb3hZek5SZFdKdFZqQk5SRTFIUTBOelIwRlJWVVpDZWtGRGFHbGtiMlJJVW5kUGFUaDJXVmRzYUV4dFZuVmtTRW94WXpOUmRXSnRWakJNTW5kNFlYa3hhbUZIUm5CaWFra3hUbWsxYWxwWVNYZEpaMWxFVmxJd1VrSkNjM2RIV1VsWVl6SkdkR0pFU1hkTlZGbDBZMGhLYTB4dE1UVlpXRkoyWTNrMWRWcFlVWGRJZDFsRVZsSXdha0pDWjNkR2IwRlZaM0ZLZDJST01qaFZlaTlRWlRsVU0zcFlLMjVaVFZsTFZFdzRkMGhSV1VSV1VqQlBRa0paUlVaSFVEWndhVUVyTUdadFdsVnRZMjVvTmtadk0xZExaVFJrUkdkTlFXdEhRVEZWWkVWM1VVTk5RVUYzUkZGWlNrdHZXa2xvZG1OT1FWRkZURUpSUVVSblowVkNRVVJPTDNaSFEwSjRlSFZYZVU1MmVqUnRUM2wxVUVSWldHOW1jWGhSVm5SUFpDdExaa2hhVG1wVWJHdGpOM1o2ZUhoWU0yVlVkRmRFWVcxTWEyUXJOV0pXVDFsQloyZFpWamdyYW5ZelZIZzVSWFUyVmtreWRDc3ZkekpEV1hOSlYxcDZiRlpZTm14d1pXSkxRblpGY0c1TU9XSTBURVZPVkVKT1NucHNRbEIxU0ZveldUaElhMDg0UmpGaU5HYzVVMWtyUjI1U1RHeERialYzZWpJME9XcHVNRXhwZGs1UmVrOW1NVmRGVlROQk1tbE5hRlpoYlVGQlJFZG5ZeXM0VTNsaVlWTnNNMjVLV1dNMVlqYzBPV2RrZVhkQ1FqRmlibEV2TlZGNEsybzJhMU5KZUZKNFdHdFhVRlJvV1ZabWNsbFZVbmxuTURCaFltdDBVeTlNVERSNVZtVndkbmhKZWpSc1ZHbEdVa3R3SzBWQ2ExWlNVWGx3T1hoblkxQXhSMFE1VEZjMllrbHRlbFZJTVU4MVdtRkdValJ3ZEM4eGRWcEdhbGRDYVhjMVNXcFVkMlZ1YkROSlQxQkNOV0ZTV0ZSV1N6UkdkejA4TDJSek9sZzFNRGxEWlhKMGFXWnBZMkYwWlQ0OEwyUnpPbGcxTURsRVlYUmhQanhrY3pwWU5UQTVSR0YwWVQ0OFpITTZXRFV3T1VObGNuUnBabWxqWVhSbFBrMUpTVVpFYWtORFFTOWhaMEYzU1VKQlowbE5SSFZzVFhkM1FVRkJRVUpTTURObFJrMUJNRWREVTNGSFUwbGlNMFJSUlVKRGQxVkJUVWxISzAxUmMzZERVVmxFVmxGUlIwVjNTbFpWZWtWWFRVSlJSMEV4VlVWRGFFMU9VbGMxTUdOdVZucGtRM2RuVTFjMWFreHFSVzlOUTFsSFFURlZSVU40VFdaVk1sWnNTVWhrTTJSNU5XeGlibEo1WkZoT01FeHROV3hrUXpseldsZGthR0pETVRCYVdFcDBZM3BGTlUxRVkwZEJNVlZGUTNoTmQwdEhUWEJKUkVsM1RVUnJaMUpYTlRCamJsWjZaRU4zWjFOWE5XcE1hVUYwU1VkYWRtTnBRbWhrV0ZKdllqTktjR1Z0Vm10SlNGWjZXbE5DZG1KdGVEVk5WRWwzVFVGWlJGWlJVVVJGZVd4R1ltNVNlV1JZVGpCSlJrcDJZak5SWjFFeVZubGtSMnh0WVZkT2FHUkhiSFppYVVKQ1pGaFNiMkl6U25Ca1NHdG5URk5DU0UxcVFXVkdkekI0VGxSRmQwMUVWWGhQVkVWNlRsUmFZVVozTUhwTlJFVjVUVVJWZUU5VVVYcE9WRnBoVFVsSE5rMVJjM2REVVZsRVZsRlJSMFYzU2xaVmVrVlhUVUpSUjBFeFZVVkRhRTFPVWxjMU1HTnVWbnBrUTNkblUxYzFha3hxUlc5TlExbEhRVEZWUlVONFRXWlZNbFpzU1Voa00yUjVOV3hpYmxKNVpGaE9NRXh0Tld4a1F6bHpXbGRrYUdKRE1UQmFXRXAwWTNwRk5VMUVZMGRCTVZWRlEzaE5kMHRIVFhCSlJFbDNUVlJKWjFKWE5UQmpibFo2WkVOM1oxTlhOV3BNYVVGMFNVZGFkbU5wUW1oa1dGSnZZak5LY0dWdFZtdEpTRlo2V2xOQ2RtSnRlRFZOVXpSM1RFRlpSRlpSVVVSRmVWWkdZbTVTZVdSWVRqQkpSVTVzWTI1U2NGcHRiR3BaV0ZKd1lqSTBaMUZZVmpCaFJ6bDVZVmhTTlVsRE1HZFVSRVpNVFVsSlFrbHFRVTVDWjJ0eGFHdHBSemwzTUVKQlVVVkdRVUZQUTBGUk9FRk5TVWxDUTJkTFEwRlJSVUV5YWl0WE1FVXlOVXd3Vkc0eWVteGxiVEZFZFZoTFZtZ3lhMFp1VlhkdGNVRktjVTlXTXpod1lUbDJTRFJUUld0eGFuSlJhbFZqYWpCMU1YbEdka05TU1dSS1pIUTNhRXh4U1U5UWREVkZlV0ZOTDA5S1drMXpjMjR5V0hsUU4wSjBRbVUyUTFvMFJHdEtUamRtUlcxRVNXMXBTMjA1TlVoM2VrZFpaV2sxT1ZGQmRsTTNlamRVYzI5NWNXb3dhWEF2ZDBSdlMxWm5SemszWVZSWGNGSjZTbWxoZEZkQk4yeFJjbXBXTm01T05WcEhhRlJLWW1sRmVqVlNObkpuV2taRVMwNXlWR1JFUjNaMWIxbHdSR0ozYTNKTE5raEphVkJQYkVvdk9URTFkR2Q0ZVdRNFFpOXNkemxpWkhCWWFWTlFZa0owVEU5eVNubzFVa0pIV0VaRllVeHdTRkJCVkhCWVltOHJPRVJZTTBaaVlXVTRhVFJXU0dvNVNIbE5aelJ3TTA1R1dGVXlkMDgzUjA5R2VXc3pOblF3UmtGVFN6ZHNSRmx4YWxaek1TOXNUVnBNZDJoSGQxTnhla2R0U1dSVWFYWmFSM2RKUkVGUlFVSnZORWxDUkVSRFEwRlJaM2RFWjFsRVZsSXdVRUZSU0M5Q1FWRkVRV2RGUjAxQ1NVZEJNVlZrUlhkRlFpOTNVVWxOUVZsQ1FXWTRRMEZSUVhkTmQxbEpTM2RaUWtKUlZVaEJVVVZGU25wQmJFMURUVWREUTNOSFFWRlZSa0o2UVVKb2FHUnZaRWhTZDA5cE9IWmlNazU2WTBNMWJHSnVVbmxrV0U0d1RHMDFiR1JFUVhkQ1owNVdTRkk0UlV0VVFXNU5RMWRuU1RaQmFHaG9PVzlrU0ZKM1QyazRkbGt6U25OTWJWWjFaRWhLTVdNelVYVmliVll3VERKamVWa3lSWFZaTTBwelRVUnpSMEV4VldSSlFWRXdUVVJKZDAxQldVVldVakJuUVVSQmIwMURXVWREUTNOSFFWRlZSa0ozU1VKR2FIQnZaRWhTZDA5cE9IWmtNMlF6VEcxV2RXUklTakZqTTFGMVltMVdNRXd6U25kWlZFRmtRbWRPVmtoUk5FVkdaMUZWWjNGS2QyUk9NamhWZWk5UVpUbFVNM3BZSzI1WlRWbExWRXc0ZDBoM1dVUldVakJxUWtKbmQwWnZRVlZoYmtsdFpYUkJaVGN6TTI1UE1teFNNVWQ1VG00MVFWTmFjWE4zUkZGWlNrdHZXa2xvZG1OT1FWRkZURUpSUVVSblowVkNRVVJ1Vm1wd2FVUlpZMmR6V1RsT2QwaFNhM2Q1TDFsS2NrMTRjREZqYm1OT01FaDVUV2N2ZG1STlRsazVibWR1UTFSUlNXeGFTWFl4T1NzMGJ5OHdUMmRsYld0dVRrMHZWRmRuY2taVVJVdEdZM2hUUWtwUWIyc3hSRVF5WWtocE5GZHBNMDluYkRBNFZGSlpRMm81TTIxRlF6UTFiV292V0dWVVNWSnpXSE5uWkdaS1oyaG9ZMmM0TlhneVRIa3Zja3ByUTJzNWRWVnRTVlJUYmt0aE1TOXNlVGM0UlhGMlNXRjZRMUF3YTJ0YU9WbDFhbk1yYzNwSFVWWkhTRXhzWWtobVZGVnhhVFV6V1RKelFVVnZNVWRrVW5aak5rNHhOekowYTNjclEwNW5lRXRvYVhWalQyaHJNMWwwUTBGaWRtMXhiR3BGZEc5YWRVMXllREZuVENzeFdWRXhTa2czU0dSTmVGZENRMDFTVDA0eFpYaERaSFJVYVhnNWNYSkxaMWRTY3paUVRHbG5WbGRZVlZndmFIZHBaRkZ2YzJzNFYzZENSRGxzZFRVeFlWZzRMM2RrVVZGSFkwaHpSbGgzZERNMWRVeGpkejA4TDJSek9sZzFNRGxEWlhKMGFXWnBZMkYwWlQ0OEwyUnpPbGcxTURsRVlYUmhQanhrY3pwWU5UQTVSR0YwWVQ0OFpITTZXRFV3T1VObGNuUnBabWxqWVhSbFBrMUpTVVV2ZWtORFFTdGxaMEYzU1VKQlowbEZWV1JPUVZKRVFVNUNaMnR4YUd0cFJ6bDNNRUpCVVhOR1FVUkRRbk5FUlV4TlFXdEhRVEZWUlVKb1RVTldWazE0Um1wQlZVSm5UbFpDUVc5VVJGVldkV1JJU2pGak0xRnpTVVZzZFZsNU5IaFBWRUV6UW1kT1ZrSkJjMVJOU0dRelpIazFiR0p1VW5sa1dFNHdURzAxYkdSRE9VUlZSazFuWVZoTloyRlhOV3BpTTBwM1lqTkthR1JIVm10SlIwbzFTVWhLYkZwdFZubGFWelZxV2xSRlprMUNNRWRCTVZWRlEzaE5WMHRIVFhCSlJFbDNUVVJaWjFKWE5UQmpibFo2WkVOM1oxTlhOV3BNYWtWMFRVTnpSMEV4VlVWQmVFMXJVbGMxTUdOdVZucGtRMEpUWWpJNU1FbEZUbXhqYmxKd1dtMXNhbGxZVW5CaU1qUm5VVmhXTUdGSE9YbGhXRkkxVFVJMFdFUlVSVEJOUkd0NVRXcEZNMDFVVVRGT01XOVlSRlJKTUUxRWEzbE5la0Y0VFhwRk1VMHhiM2RuWWpSNFEzcEJTa0puVGxaQ1FWbFVRV3hXVkUxU1dYZEdRVmxFVmxGUlMwVjNNVVppYmxKNVpGaE9NRXhEUWtwaWJVMTFUVk5uZDBwbldVUldVVkZNUlhnNVZGcFhWV2RrTTJRelRHMVdkV1JJU2pGak0xRjFZbTFXTUV3eWVHeGFNa1p6VEZoU2JHTnRNWHBOVkd0M1RuZFpSRlpSVVV4RmVrRnZXWGxyWjAxcVFYZFBVMEpHWW01U2VXUllUakJNUTBKS1ltMU5kVWxETUdkYWJUbDVTVWRHTVdSSGFIWmpiV3cyV2xkUloyUllUbXhKUnpsMVlraHJlRTFxUVhkQ1owNVdRa0ZOVkV0VlZuVmtTRW94WXpOUloxVnRPWFprUTBKRVdsaEtNR0ZYV25CWk1rWXdZVmM1ZFVsRlJqRmtSMmgyWTIxc01HVlRRWFJKUldONVRVbEpRa2xxUVU1Q1oydHhhR3RwUnpsM01FSkJVVVZHUVVGUFEwRlJPRUZOU1VsQ1EyZExRMEZSUlVGMWIxTXlZM1IxWlVSSGRtbHRaV3QzUVdGa01qWnFTelJzVlVWaGVXUndhRlJzYUhsNkx6Y3laMjV0TDJNeVJVZERjVlZ1TWt4T1pqQXdWazlJU0V4WFZHcE1lV052YjFBNU5FMWFNRWR4UVdkQlFrWklja1JJTlRWeEwwVnNZMjVJUzA1dlRIZHhTSFpYY0hKRWJEVnNPSGg0TXpGa1UwWnFXRUZvZEV4TmVUVTBkV2t4V1ZrMVFYSkhOREJyWms4MVRXeEtlRVIxYmpOMmRGVm1WbVVyT0U5b2RYZHViWGxQWjNSV05HeERXVVpxU1ZSWVF6azBWbk5JUTJ4TVVIbFhkVkZ1YlhBNGF6RTRZbk13U25Oc1ozVlFUWGR6VWtaNFdYbFlaV2RhY2t0b1IyWnhVWEIxVTBSMGRqSTVVVkpIVlV3emFuZGxMemxXVG1adVJEY3dSbmw2YldGaGVFOU5hM2hwWkN0eE16WlBWemRPVEhkYWFUWTJZMVZsWlRObWNsWlVjMVJOYVRWWE0xQmpSSGRoSzNWTFlsbzNZVVE1U1RKc2NqSktUVlJsUWxseVIxRXdSV2RRTkhSdk1sVlplVk5yWTFGSlJFRlJRVUp2TkVsQ1JIcERRMEZSYzNkRVoxbEVWbEl3VUVGUlNDOUNRVkZFUVdkRlIwMUNTVWRCTVZWa1JYZEZRaTkzVVVsTlFWbENRV1k0UTBGUlJYZE5kMWxKUzNkWlFrSlJWVWhCVVVWRlNucEJiRTFEVFVkRFEzTkhRVkZWUmtKNlFVSm9hR1J2WkVoU2QwOXBPSFppTWs1NlkwTTFiR0p1VW5sa1dFNHdURzAxYkdSRVFYcENaMDVXU0ZJNFJVeEVRWEZOUTJsblNuRkJhMmhwU205a1NGSjNUMms0ZGxrelNuTk1iVloxWkVoS01XTXpVWFZpYlZZd1RETktkbUl6VW1wWlZFVjFXVE5LYzAxRWMwZEJNVlZrU1VGUk1FMUVTWGROUVZsRlZsSXdaMEZFUVc5TlExbEhRME56UjBGUlZVWkNkMGxDUm1od2IyUklVbmRQYVRoMlpETmtNMHh0Vm5Wa1NFb3hZek5SZFdKdFZqQk1NRTVSVlhwQlpFSm5UbFpJVVRSRlJtZFJWV0Z1U1cxbGRFRmxOek16Yms4eWJGSXhSM2xPYmpWQlUxcHhjM2RJZDFsRVZsSXdha0pDWjNkR2IwRlZZVXBFYTFvMlUyMVZORVJJYUcxaGF6aG1aRXhSTDNWRmRsY3dkMFJSV1VwTGIxcEphSFpqVGtGUlJVeENVVUZFWjJkRlFrRkhhM3BuTDNkdlpXMDVPVGMxTVZZMk9GVXJaWEF4TVhNNGVrUlBSR0phVGt0SmIyRkNhbkZJYlc1VWRtVm1VV1E1Y1RSQlNVNVBVM001ZGpCbVNFSkphamt3TlZCbFdWTmFObUowY0Rkb01qVm9NMHhXV1RCellXYzRNbVl6UVhwalpTOUNVVkJWUVhOWWVEVmpZbUZEUzFWVWVESkpha1ZrUm1oTlFqRm5hRVZZZG1WaGFrZEtjRTlyZERnd01IVkhia1pGTDJGU2N6aHNSbU16WVRKcmRsb3lRMngyYUVFd1pUTTJVMnhOYTFSSmFrNHdjV05PWkdnMEwxSXdaalZKVDBwS1NVTjBkQzl1VURWR01td3hTRWhGYUZaMGQwZzVjeTlJUVVoeVIydFZiVTFTVkUxYVlqbHVNM055VFUweVdHeFJXa2hZVGpjMVFrZHdZV1ExYjNGWWJtRm1UM0pGTm1GUVlqQkNiMGR5V2xSNVNVRnBNRlJXWVZkS04weDFkazExZFdWVFpsZHNibEJtZVRSbVRqVkNhRGxDY0RaeWIwdEhTRzloYkZWUGVtVllSVzlrYlRKb0t6RmtTemRGTTBsRWFFRTlQQzlrY3pwWU5UQTVRMlZ5ZEdsbWFXTmhkR1UrUEM5a2N6cFlOVEE1UkdGMFlUNDhaSE02V0RVd09VUmhkR0UrUEdSek9sZzFNRGxEWlhKMGFXWnBZMkYwWlQ1TlNVbEZhMVJEUTBFemJXZEJkMGxDUVdkSlJWSlhkRkZXUkVGT1FtZHJjV2hyYVVjNWR6QkNRVkZWUmtGRVEwSnpSRVZNVFVGclIwRXhWVVZDYUUxRFZsWk5lRVpxUVZWQ1owNVdRa0Z2VkVSVlZuVmtTRW94WXpOUmMwbEZiSFZaZVRSNFQxUkJNMEpuVGxaQ1FYTlVUVWhrTTJSNU5XeGlibEo1WkZoT01FeHROV3hrUXpsRVZVWk5aMkZZVFdkaFZ6VnFZak5LZDJJelNtaGtSMVpyU1VkS05VbElTbXhhYlZaNVdsYzFhbHBVUldaTlFqQkhRVEZWUlVONFRWZExSMDF3U1VSSmQwMUVXV2RTVnpVd1kyNVdlbVJEZDJkVFZ6VnFUR3BGZEUxRGMwZEJNVlZGUVhoTmExSlhOVEJqYmxaNlpFTkNVMkl5T1RCSlJVNXNZMjVTY0ZwdGJHcFpXRkp3WWpJMFoxRllWakJoUnpsNVlWaFNOVTFDTkZoRVZFRXlUVlJGZVU1NlNYZE5hazB3VFd4dldFUlVTVEpOVkVWNVRucEpkMDVVVFRCTmJHOTNaMkpCZUVONlFVcENaMDVXUWtGWlZFRnNWbFJOVWxsM1JrRlpSRlpSVVV0RmR6RkdZbTVTZVdSWVRqQk1RMEpLWW0xTmRVMVVhM2RPZDFsRVZsRlJURVY2UWpOa00yTjFXbGMxTUdOdVZucGtRelYxV2xoUmRsRXhRbFJKUjJ4NlNVZHNkVmt5T1hsalJ6bDVXVmhTYkZwRFFtbGxVMEo1V2xkYWJHTnRWblZaTWxWNFNIcEJaRUpuVGxaQ1FYTlVSbWxvYWt0VFFYbE5SRUV5U1VWV2RXUklTakZqTTFGelNVVnNkVmw1TkhoTVZFRnlRbWRPVmtKQlRWUktSVloxWkVoS01XTXpVV2RWYlRsMlpFTkNSRnBZU2pCaFYxcHdXVEpHTUdGWE9YVkpSVVl4WkVkb2RtTnRiREJsVkVORFFWTkpkMFJSV1VwTGIxcEphSFpqVGtGUlJVSkNVVUZFWjJkRlVFRkVRME5CVVc5RFoyZEZRa0ZNWVZaMGEwNURLM05hZEV0dE9Va3pOVkpOVDFaalJqZHpUalZGVlVadlRuVXpjeTl3YjBKcU5rVTBTMUI2TTBWRldtMU1hekJsUjNKRllWUnpZbEozU2xkSmMwMXVMMDFaYzNwQk9YVXpaek56SzBsSlVtVTNZa3BYUzB0bU5EUk1iRUZqVkdaR2VUQmpUMng1Y0c5M1EwdFdXV2hZWWxJNWJqRXdRM1l2WjJ0MlNuSlVOMlZVVG5WUlowWkJMME5aY1VWQlQzZDNRMm93V1hwbWRqbExiRzFoU1RWVldFeEZWMlZJTWpWRVpWY3dUVmhLYWl0VFMyWkdTVEJrWTFoMk1YVTFlRFl3T1cxb1JqQlpZVVJYTmt0TGFtSklha3RaUkN0S1dFZEpjbUkyT0dvMmVGTnNhM1Z4VlZremEwVjZSVm8yUlRWT2JqbDFjM015Y2xaMlJHeFZZMk53Tm1WdUsxRXpXREJrWjA1dFFuVXhhMjEzYUVnck5YQlFhVGswUkd0YVpuTXdUbmMwY0dkSVFrNXllbWxIVEhBMUwxWTJLMlZHTmpkeVNFMXpiMGxXS3pKSVRtcHViMmRSYVN0a1VHRXlUWE5EUVhkRlFVRmhUMEp6UkVOQ2NsUkJUMEpuVGxaSVVUaENRV1k0UlVKQlRVTkJVVmwzUkhkWlJGWlNNRlJCVVVndlFrRlZkMEYzUlVJdmVrRnlRbWRPVmtoU1FVVktSRUZwWjBFNGVVMUVRVEpOVkVWNVRucEpkMDFxVFRCTmJIRkNSSHBKZDAxcVdYaE5WRWt6VFdwQk1VMTZVWGxYYWtGbVFtZE9Wa2hUVFVWSFJFRlhaMEpTYjJ0UFVtNXdTMXBVWjAxbFIxcHhWSGc1TUhSRUt6UlRPV0pVUVdSQ1owNVdTRkUwUlVablVWVmhTa1JyV2paVGJWVTBSRWhvYldGck9HWmtURkV2ZFVWMlZ6QjNTRkZaU2t0dldrbG9kbG81UWpCRlFVSkNRWGRFYUhOSlZtcGpkVTFVYnpCTWFrRkVRV2RUVVUxQk1FZERVM0ZIVTBsaU0wUlJSVUpDVVZWQlFUUkpRa0ZSUTFReFJFTjNNWGROWjB0MFJEVlpLMmxTUkVGVlozRldPRnA1Ym5SNVZIUlRlREk1UTFjck1WSmhSMU4zVFVOUVpYbDJTVmR2YmxnNWRFOHhTM3BMZEhadU1VbFRUVmt2V1ZCNWVWbENhMVpDY3psR09GVTBjRTR3ZDBKUFpVMUVjRkUwTjFKbmVGSjZkMGxyVTA1alZXVnplVUp5U2paYWRXRkJSMEZVTHpOQ0sxaDRSazVUVW5WNlJsWktOM2xXVkdGMk5USldjakoxWVRKS04zQTRaVkpFYW1WSlVsSkVjUzl5TnpKRVVXNU9VMmsyY1Rkd2VXNVFPVmRSWTBOck0xSjJTM0Z6Ym5seVVTOHpPUzh5YmpOeGMyVXdkMHBqUjBVeWFsUlRWek5wUkZaMWVXTk9jMDF0TkdoSU1sb3dhMlJyY1hWTkt5dDJMMlYxTmtaVGNXUlJaMUJEYmxoRmNWVk1iRGhHYlZSNFUxRmxSRTUwUjFCUVFWVlBObTVKVUdOcU1rRTNPREZ4TUhSSWRYVXlaM1ZSVDBoWWRtZFNNVzB3ZG1SWVkwUmhlbll2ZDI5eU0wVnNhRlp6VkM5b05TOVhjbEU0UEM5a2N6cFlOVEE1UTJWeWRHbG1hV05oZEdVK1BDOWtjenBZTlRBNVJHRjBZVDQ4TDJSek9rdGxlVWx1Wm04K1BDOWtjenBUYVdkdVlYUjFjbVUrUEhOaGJXd3ljRHBUZEdGMGRYTStQSE5oYld3eWNEcFRkR0YwZFhORGIyUmxJRlpoYkhWbFBTSjFjbTQ2YjJGemFYTTZibUZ0WlhNNmRHTTZVMEZOVERveUxqQTZjM1JoZEhWek9sTjFZMk5sYzNNaUx6NDhMM05oYld3eWNEcFRkR0YwZFhNK1BITmhiV3d5T2tGemMyVnlkR2x2YmlCNGJXeHVjenB6WVcxc01qMGlkWEp1T205aGMybHpPbTVoYldWek9uUmpPbE5CVFV3Nk1pNHdPbUZ6YzJWeWRHbHZiaUlnU1VROUluVjFhV1F0T1dRMk16TmlORGt0WlRFMk5DMDBaVEl5TFdKaE5HWXRPV016WXpGaVlqUXlOemMySWlCSmMzTjFaVWx1YzNSaGJuUTlJakl3TVRndE1EZ3RNamRVTURjNk5USTZNRFl1TmpJeldpSWdWbVZ5YzJsdmJqMGlNaTR3SWo0OGMyRnRiREk2U1hOemRXVnlQbmRoWXk1a1lYTXViWGxoZEc5ekxtNWxkRHd2YzJGdGJESTZTWE56ZFdWeVBqeGtjenBUYVdkdVlYUjFjbVVnZUcxc2JuTTZaSE05SW1oMGRIQTZMeTkzZDNjdWR6TXViM0puTHpJd01EQXZNRGt2ZUcxc1pITnBaeU1pUGp4a2N6cFRhV2R1WldSSmJtWnZQanhrY3pwRFlXNXZibWxqWVd4cGVtRjBhVzl1VFdWMGFHOWtJRUZzWjI5eWFYUm9iVDBpYUhSMGNEb3ZMM2QzZHk1M015NXZjbWN2TWpBd01TOHhNQzk0Yld3dFpYaGpMV014Tkc0aklpOCtQR1J6T2xOcFoyNWhkSFZ5WlUxbGRHaHZaQ0JCYkdkdmNtbDBhRzA5SW1oMGRIQTZMeTkzZDNjdWR6TXViM0puTHpJd01EQXZNRGt2ZUcxc1pITnBaeU55YzJFdGMyaGhNU0l2UGp4a2N6cFNaV1psY21WdVkyVWdWVkpKUFNJamRYVnBaQzA1WkRZek0ySTBPUzFsTVRZMExUUmxNakl0WW1FMFppMDVZek5qTVdKaU5ESTNOellpUGp4a2N6cFVjbUZ1YzJadmNtMXpQanhrY3pwVWNtRnVjMlp2Y20wZ1FXeG5iM0pwZEdodFBTSm9kSFJ3T2k4dmQzZDNMbmN6TG05eVp5OHlNREF3THpBNUwzaHRiR1J6YVdjalpXNTJaV3h2Y0dWa0xYTnBaMjVoZEhWeVpTSXZQanhrY3pwVWNtRnVjMlp2Y20wZ1FXeG5iM0pwZEdodFBTSm9kSFJ3T2k4dmQzZDNMbmN6TG05eVp5OHlNREF4THpFd0wzaHRiQzFsZUdNdFl6RTBiaU1pTHo0OEwyUnpPbFJ5WVc1elptOXliWE0rUEdSek9rUnBaMlZ6ZEUxbGRHaHZaQ0JCYkdkdmNtbDBhRzA5SW1oMGRIQTZMeTkzZDNjdWR6TXViM0puTHpJd01EQXZNRGt2ZUcxc1pITnBaeU56YUdFeElpOCtQR1J6T2tScFoyVnpkRlpoYkhWbFBreFdTREk0VFUweVlVTmFiR1UzZG5KdVMzRndibGcyWVc5NFVUMDhMMlJ6T2tScFoyVnpkRlpoYkhWbFBqd3ZaSE02VW1WbVpYSmxibU5sUGp3dlpITTZVMmxuYm1Wa1NXNW1iejQ4WkhNNlUybG5ibUYwZFhKbFZtRnNkV1UrRFFwUmVuSmhUWFY0VWxkaE1UTXpiRUY0TTJoUFFteEJPVnBKVUhJMmIxQmhRakE0UkVZdk1HUlBWSEZ1VERKTVIweG9kSE14YTNwTFZ6bExOV2gyUm5WdlIybFhOMUpJYUhaWmRtMXlEUXB5V1VsMFJsSnZTM0l3WTFCbVZFSlZkMFZWTUZoM1JTOWphR2xHTUUwMlJqZFpUemMyUzNacmJGUkhlWFl2UWpSaFpHNUdiWFl2Wkc1RlV5dGpPVFZyVHpOTmNraDRPWGxwWlU0dkRRcHJPVFV5SzBGemRHWnhNVlkzZEZCNFRrMU1abGxTT1hGdFl6RkJaVzVWY21kcmVsbHJXWFJDY201SE5USXJaR001TmpSdksxWkdRemtyTkVvMGJtNTVhR1JEVTFseFlsRkJZVlZ6RFFwTWRYbHVSMVJwUWs0NE4weHllazgyYjBOR09GVkxRbnA2Y1RoWU9HTjJZWEJ3YlRoR2IyMUxOa3N2ZUdObFZWSTVObFZXV1VkTWRrbGhTbWxsY1hSMGRrZ3ZUbGxGY0hkU1JHZHJEUXBSS3pZMlJTOUhRbkp3YVhJdmFsbFhiM3BCYjJzckswZG1Za2xYUkdoMGFtUkVjMHd2UVQwOURRbzhMMlJ6T2xOcFoyNWhkSFZ5WlZaaGJIVmxQanhrY3pwTFpYbEpibVp2UGp4a2N6cFlOVEE1UkdGMFlUNDhaSE02V0RVd09VTmxjblJwWm1sallYUmxQazFKU1VaSmVrTkRRa0YxWjBGM1NVSkJaMGxPUVU5bFNGY3dVVUZCUVVGQlZVNWhOWEJFUVU1Q1oydHhhR3RwUnpsM01FSkJVWE5HUVVSRFFuVnFSVXhOUVd0SFFURlZSVUpvVFVOV1ZrMTRSbXBCVlVKblRsWkNRVzlVUkZWV2RXUklTakZqTTFGelNVVnNkVmw1TkhoTFJFRnRRbWRPVmtKQmMxUklNVTVzV2xOQ00yUXpZM1ZhVnpVd1kyNVdlbVJETlhWYVdGRjJZa2RXYmxsWGQzUmtSMVo1WWxoTmVFOVVRVE5DWjA1V1FrRnpWRTFEYUdwTFUwRjVUVVJGZVVsRlZuVmtTRW94WXpOUmMwbEZiSFZaZVRSblRGTkNiV0l6U1dkWldGWXdZVWM1ZVdGWWNHeGFRMEl4WXpKVloySXlOWE5sVkVWMVRVTjNSMEV4VlVWQmVFMXNVbGMxTUdOdVZucGtRMEpFV2xoS01HRlhXbkJaTWtZd1lWYzVkVWxGUmpGa1IyaDJZMjFzTUdWVFFYUkpSWGQ0VTNwQlpVWjNNSGhPYWtGNFRWUnJlRTVFUlRGTmVtaGhSbmN3ZUU5VVFYaE5WR3Q0VGtSUk1VMTZaR0ZOUmpSNFEzcEJTa0puVGxaQ1FWbFVRV3RhVTAxUk9IZEVVVmxFVmxGUlNFVjNXa05hV0hCMlltNU5lRVJVUVV4Q1owNVdRa0Z2VkVKRlJqQmlNMDE0UkZSQlRFSm5UbFpDUVhOVVFrVkdNR0l6VFhoSlJFRmxRbWRPVmtKQlRWUkdNMDVvWWxkM2VVMUVSVEpNV0VKNVdrTTFkR1ZYUmpCaU0wMTFZbTFXTUUxSlNVSkpha0ZPUW1kcmNXaHJhVWM1ZHpCQ1FWRkZSa0ZCVDBOQlVUaEJUVWxKUWtOblMwTkJVVVZCYkRORVpsbFJVa3RwVUhaYVdFdDJXV3RHVkZVNFF6UXZiazFqWVV0QmJUaFBaUzlaWVZOVmNXY3hkR1pOWTBFNGFFZHROM001VjBFMlJXNVRhMXBHTXpoclJVWktSVmRsZGxCWWQwdDZaRXhITVdwT1RXNU5VMWhITlU1R2RIRnljRk5YTTA1S04wTXdVRXhCVXpSUlVVRjViR1pRV1had1NVaFZOSGN2UldWWFZ6aHRVMmRCZERWUE5uaFZVWGhJWTJKeVVGSmpTVmhUT0ZrNGFHaFJjVlZHTmpGamIweDBNVXBDWlhOMlEwc3lWRTFXVkVoNFdDOVVZMDFSTjFaTVlWaFRhbmRvVm1Rd1pqYzRkMU5LYlZZeVZuaGhlVkJCWlVWVlYyVjVlbU5oWTA1ME0yVXdjVUpxY1hkU1pWVndTVWc1ZWxwSmIxaEhSREJ6UjNOWFRIZDNOalZ5VjFWTVNtb3hWMnN4TW1OeVZUbHdZWGQ2WlVJeVIyTXZRa0p0V1VKV2MyOXlaMnM1YmtWUVpHWlhNRXBoSzFKVWVYQXhVMjEwYm1OalZtTnBTRGcyYkM5R2FXVlBRamRZWWtSWGNrSXJZbkpSU1VSQlVVRkNielJKUW1kVVEwTkJXREIzUTNkWlJGWlNNRkJDUVZGRVFXZFhaMDFDVFVkQk1WVmtTbEZSVFUxQmIwZERRM05IUVZGVlJrSjNUVUpOUkUxSFFURlZaRWgzVVhOTlEyOTNTMHRCYlc5RFUwZEpiV2d3WkVoQk5reDVPV3BqYlhkMVdsYzFNR051Vm5wa1F6VjFXbGhSZG1KSFZqSmFWM2Q0WVhrMWFtTnRkM2RUZDFsRVZsSXdaMEpGVVhkUmFrRXlRbWR3WjJoclowSm9kbkJ6UTJkRlJrMURaM2RLWjFsSlMzZFpRa0pSVlVoQlowVlhSMjFvTUdSSVFUWk1lVGt6WkROamRWcFhOVEJqYmxaNlpFTTFkVnBZVVhaamJrSm9UVUZuUjBKdFpVSkVRVVZEUVdwQ2IwSm5aM0pDWjBWR1FsRmpRa0ZSVW1OTlJtOTNTWGRaU1V0M1dVSkNVVlZJVFVGSFIwWXlhREJrU0VFMlRIazVkbGt6VG5kTWJWWjFaRWhLTVdNelVYVmliVll3VFVSTlIwTkRjMGRCVVZWR1FucEJRMmhwWkc5a1NGSjNUMms0ZGxsWGJHaE1iVloxWkVoS01XTXpVWFZpYlZZd1RESjNlR0Y1TVdwaFIwWndZbXBKTVU1cE5XcGFXRWwzU1dkWlJGWlNNRkpDUW5OM1IxbEpXR015Um5SaVJFbDNUVlJaZEdOSVNtdE1iVEUxV1ZoU2RtTjVOWFZhV0ZGM1NIZFpSRlpTTUdwQ1FtZDNSbTlCVldkeFNuZGtUakk0VlhvdlVHVTVWRE42V0N0dVdVMVpTMVJNT0hkSVVWbEVWbEl3VDBKQ1dVVkdSMUEyY0dsQkt6Qm1iVnBWYldOdWFEWkdiek5YUzJVMFpFUm5UVUZyUjBFeFZXUkZkMUZEVFVGQmQwUlJXVXBMYjFwSmFIWmpUa0ZSUlV4Q1VVRkVaMmRGUWtGRVRpOTJSME5DZUhoMVYzbE9kbm8wYlU5NWRWQkVXVmh2Wm5GNFVWWjBUMlFyUzJaSVdrNXFWR3hyWXpkMmVuaDRXRE5sVkhSWFJHRnRUR3RrS3pWaVZrOVpRV2RuV1ZZNEsycDJNMVI0T1VWMU5sWkpNblFyTDNjeVExbHpTVmRhZW14V1dEWnNjR1ZpUzBKMlJYQnVURGxpTkV4RlRsUkNUa3A2YkVKUWRVaGFNMWs0U0d0UE9FWXhZalJuT1ZOWkswZHVVa3hzUTI0MWQzb3lORGxxYmpCTWFYWk9VWHBQWmpGWFJWVXpRVEpwVFdoV1lXMUJRVVJIWjJNck9GTjVZbUZUYkROdVNsbGpOV0kzTkRsblpIbDNRa0l4WW01Ukx6VlJlQ3RxTm10VFNYaFNlRmhyVjFCVWFGbFdabkpaVlZKNVp6QXdZV0pyZEZNdlRFdzBlVlpsY0haNFNYbzBiRlJwUmxKTGNDdEZRbXRXVWxGNWNEbDRaMk5RTVVkRU9VeFhObUpKYlhwVlNERlBOVnBoUmxJMGNIUXZNWFZhUm1wWFFtbDNOVWxxVkhkbGJtd3pTVTlRUWpWaFVsaFVWa3MwUm5jOVBDOWtjenBZTlRBNVEyVnlkR2xtYVdOaGRHVStQQzlrY3pwWU5UQTVSR0YwWVQ0OFpITTZXRFV3T1VSaGRHRStQR1J6T2xnMU1EbERaWEowYVdacFkyRjBaVDVOU1VsR1JHcERRMEV2WVdkQmQwbENRV2RKVFVSMWJFMTNkMEZCUVVGQ1VqQXpaVVpOUVRCSFExTnhSMU5KWWpORVVVVkNRM2RWUVUxSlJ5dE5VWE4zUTFGWlJGWlJVVWRGZDBwV1ZYcEZWMDFDVVVkQk1WVkZRMmhOVGxKWE5UQmpibFo2WkVOM1oxTlhOV3BNYWtWdlRVTlpSMEV4VlVWRGVFMW1WVEpXYkVsSVpETmtlVFZzWW01U2VXUllUakJNYlRWc1pFTTVjMXBYWkdoaVF6RXdXbGhLZEdONlJUVk5SR05IUVRGVlJVTjRUWGRMUjAxd1NVUkpkMDFFYTJkU1Z6VXdZMjVXZW1SRGQyZFRWelZxVEdsQmRFbEhXblpqYVVKb1pGaFNiMkl6U25CbGJWWnJTVWhXZWxwVFFuWmliWGcxVFZSSmQwMUJXVVJXVVZGRVJYbHNSbUp1VW5sa1dFNHdTVVpLZG1JelVXZFJNbFo1WkVkc2JXRlhUbWhrUjJ4MlltbENRbVJZVW05aU0wcHdaRWhyWjB4VFFraE5ha0ZsUm5jd2VFNVVSWGROUkZWNFQxUkZlazVVV21GR2R6QjZUVVJGZVUxRVZYaFBWRkY2VGxSYVlVMUpSelpOVVhOM1ExRlpSRlpSVVVkRmQwcFdWWHBGVjAxQ1VVZEJNVlZGUTJoTlRsSlhOVEJqYmxaNlpFTjNaMU5YTldwTWFrVnZUVU5aUjBFeFZVVkRlRTFtVlRKV2JFbElaRE5rZVRWc1ltNVNlV1JZVGpCTWJUVnNaRU01YzFwWFpHaGlRekV3V2xoS2RHTjZSVFZOUkdOSFFURlZSVU40VFhkTFIwMXdTVVJKZDAxVVNXZFNWelV3WTI1V2VtUkRkMmRUVnpWcVRHbEJkRWxIV25aamFVSm9aRmhTYjJJelNuQmxiVlpyU1VoV2VscFRRblppYlhnMVRWTTBkMHhCV1VSV1VWRkVSWGxXUm1KdVVubGtXRTR3U1VWT2JHTnVVbkJhYld4cVdWaFNjR0l5TkdkUldGWXdZVWM1ZVdGWVVqVkpRekJuVkVSR1RFMUpTVUpKYWtGT1FtZHJjV2hyYVVjNWR6QkNRVkZGUmtGQlQwTkJVVGhCVFVsSlFrTm5TME5CVVVWQk1tb3JWekJGTWpWTU1GUnVNbnBzWlcweFJIVllTMVpvTW10R2JsVjNiWEZCU25GUFZqTTRjR0U1ZGtnMFUwVnJjV3B5VVdwVlkyb3dkVEY1Um5aRFVrbGtTbVIwTjJoTWNVbFBVSFExUlhsaFRTOVBTbHBOYzNOdU1saDVVRGRDZEVKbE5rTmFORVJyU2s0M1prVnRSRWx0YVV0dE9UVklkM3BIV1dWcE5UbFJRWFpUTjNvM1ZITnZlWEZxTUdsd0wzZEViMHRXWjBjNU4yRlVWM0JTZWtwcFlYUlhRVGRzVVhKcVZqWnVUalZhUjJoVVNtSnBSWG8xVWpaeVoxcEdSRXRPY2xSa1JFZDJkVzlaY0VSaWQydHlTelpJU1dsUVQyeEtMemt4TlhSbmVIbGtPRUl2YkhjNVltUndXR2xUVUdKQ2RFeFBja3A2TlZKQ1IxaEdSV0ZNY0VoUVFWUndXR0p2S3poRVdETkdZbUZsT0drMFZraHFPVWg1VFdjMGNETk9SbGhWTW5kUE4wZFBSbmxyTXpaME1FWkJVMHMzYkVSWmNXcFdjekV2YkUxYVRIZG9SM2RUY1hwSGJVbGtWR2wyV2tkM1NVUkJVVUZDYnpSSlFrUkVRME5CVVdkM1JHZFpSRlpTTUZCQlVVZ3ZRa0ZSUkVGblJVZE5Ra2xIUVRGVlpFVjNSVUl2ZDFGSlRVRlpRa0ZtT0VOQlVVRjNUWGRaU1V0M1dVSkNVVlZJUVZGRlJVcDZRV3hOUTAxSFEwTnpSMEZSVlVaQ2VrRkNhR2hrYjJSSVVuZFBhVGgyWWpKT2VtTkROV3hpYmxKNVpGaE9NRXh0Tld4a1JFRjNRbWRPVmtoU09FVkxWRUZ1VFVOWFowazJRV2hvYURsdlpFaFNkMDlwT0haWk0wcHpURzFXZFdSSVNqRmpNMUYxWW0xV01Fd3lZM2xaTWtWMVdUTktjMDFFYzBkQk1WVmtTVUZSTUUxRVNYZE5RVmxGVmxJd1owRkVRVzlOUTFsSFEwTnpSMEZSVlVaQ2QwbENSbWh3YjJSSVVuZFBhVGgyWkROa00weHRWblZrU0VveFl6TlJkV0p0VmpCTU0wcDNXVlJCWkVKblRsWklVVFJGUm1kUlZXZHhTbmRrVGpJNFZYb3ZVR1U1VkRONldDdHVXVTFaUzFSTU9IZElkMWxFVmxJd2FrSkNaM2RHYjBGVllXNUpiV1YwUVdVM016TnVUekpzVWpGSGVVNXVOVUZUV25GemQwUlJXVXBMYjFwSmFIWmpUa0ZSUlV4Q1VVRkVaMmRGUWtGRWJsWnFjR2xFV1dObmMxazVUbmRJVW10M2VTOVpTbkpOZUhBeFkyNWpUakJJZVUxbkwzWmtUVTVaT1c1bmJrTlVVVWxzV2tsMk1Ua3JORzh2TUU5blpXMXJiazVOTDFSWFozSkdWRVZMUm1ONFUwSktVRzlyTVVSRU1tSklhVFJYYVROUFoyd3dPRlJTV1VOcU9UTnRSVU0wTlcxcUwxaGxWRWxTYzFoeloyUm1TbWRvYUdObk9EVjRNa3g1TDNKS2EwTnJPWFZWYlVsVVUyNUxZVEV2YkhrM09FVnhka2xoZWtOUU1HdHJXamxaZFdwekszTjZSMUZXUjBoTWJHSklabFJWY1drMU0xa3ljMEZGYnpGSFpGSjJZelpPTVRjeWRHdDNLME5PWjNoTGFHbDFZMDlvYXpOWmRFTkJZblp0Y1d4cVJYUnZXblZOY25neFowd3JNVmxSTVVwSU4waGtUWGhYUWtOTlVrOU9NV1Y0UTJSMFZHbDRPWEZ5UzJkWFVuTTJVRXhwWjFaWFdGVllMMmgzYVdSUmIzTnJPRmQzUWtRNWJIVTFNV0ZZT0M5M1pGRlJSMk5JYzBaWWQzUXpOWFZNWTNjOVBDOWtjenBZTlRBNVEyVnlkR2xtYVdOaGRHVStQQzlrY3pwWU5UQTVSR0YwWVQ0OFpITTZXRFV3T1VSaGRHRStQR1J6T2xnMU1EbERaWEowYVdacFkyRjBaVDVOU1VsRkwzcERRMEVyWldkQmQwbENRV2RKUlZWa1RrRlNSRUZPUW1kcmNXaHJhVWM1ZHpCQ1FWRnpSa0ZFUTBKelJFVk1UVUZyUjBFeFZVVkNhRTFEVmxaTmVFWnFRVlZDWjA1V1FrRnZWRVJWVm5Wa1NFb3hZek5SYzBsRmJIVlplVFI0VDFSQk0wSm5UbFpDUVhOVVRVaGtNMlI1Tld4aWJsSjVaRmhPTUV4dE5XeGtRemxFVlVaTloyRllUV2RoVnpWcVlqTktkMkl6U21oa1IxWnJTVWRLTlVsSVNteGFiVlo1V2xjMWFscFVSV1pOUWpCSFFURlZSVU40VFZkTFIwMXdTVVJKZDAxRVdXZFNWelV3WTI1V2VtUkRkMmRUVnpWcVRHcEZkRTFEYzBkQk1WVkZRWGhOYTFKWE5UQmpibFo2WkVOQ1UySXlPVEJKUlU1c1kyNVNjRnB0YkdwWldGSndZakkwWjFGWVZqQmhSemw1WVZoU05VMUNORmhFVkVVd1RVUnJlVTFxUlROTlZGRXhUakZ2V0VSVVNUQk5SR3Q1VFhwQmVFMTZSVEZOTVc5M1oySTBlRU42UVVwQ1owNVdRa0ZaVkVGc1ZsUk5VbGwzUmtGWlJGWlJVVXRGZHpGR1ltNVNlV1JZVGpCTVEwSktZbTFOZFUxVFozZEtaMWxFVmxGUlRFVjRPVlJhVjFWblpETmtNMHh0Vm5Wa1NFb3hZek5SZFdKdFZqQk1NbmhzV2pKR2MweFlVbXhqYlRGNlRWUnJkMDUzV1VSV1VWRk1SWHBCYjFsNWEyZE5ha0YzVDFOQ1JtSnVVbmxrV0U0d1RFTkNTbUp0VFhWSlF6Qm5XbTA1ZVVsSFJqRmtSMmgyWTIxc05scFhVV2RrV0U1c1NVYzVkV0pJYTNoTmFrRjNRbWRPVmtKQlRWUkxWVloxWkVoS01XTXpVV2RWYlRsMlpFTkNSRnBZU2pCaFYxcHdXVEpHTUdGWE9YVkpSVVl4WkVkb2RtTnRiREJsVTBGMFNVVmplVTFKU1VKSmFrRk9RbWRyY1docmFVYzVkekJDUVZGRlJrRkJUME5CVVRoQlRVbEpRa05uUzBOQlVVVkJkVzlUTW1OMGRXVkVSM1pwYldWcmQwRmhaREkyYWtzMGJGVkZZWGxrY0doVWJHaDVlaTgzTW1kdWJTOWpNa1ZIUTNGVmJqSk1UbVl3TUZaUFNFaE1WMVJxVEhsamIyOVFPVFJOV2pCSGNVRm5RVUpHU0hKRVNEVTFjUzlGYkdOdVNFdE9iMHgzY1VoMlYzQnlSR3cxYkRoNGVETXhaRk5HYWxoQmFIUk1UWGsxTkhWcE1WbFpOVUZ5UnpRd2EyWlBOVTFzU25oRWRXNHpkblJWWmxabEt6aFBhSFYzYm0xNVQyZDBWalJzUTFsR2FrbFVXRU01TkZaelNFTnNURkI1VjNWUmJtMXdPR3N4T0dKek1FcHpiR2QxVUUxM2MxSkdlRmw1V0dWblduSkxhRWRtY1ZGd2RWTkVkSFl5T1ZGU1IxVk1NMnAzWlM4NVZrNW1ia1EzTUVaNWVtMWhZWGhQVFd0NGFXUXJjVE0yVDFjM1RreDNXbWsyTm1OVlpXVXpabkpXVkhOVVRXazFWek5RWTBSM1lTdDFTMkphTjJGRU9Va3liSEl5U2sxVVpVSlpja2RSTUVWblVEUjBiekpWV1hsVGEyTlJTVVJCVVVGQ2J6UkpRa1I2UTBOQlVYTjNSR2RaUkZaU01GQkJVVWd2UWtGUlJFRm5SVWROUWtsSFFURlZaRVYzUlVJdmQxRkpUVUZaUWtGbU9FTkJVVVYzVFhkWlNVdDNXVUpDVVZWSVFWRkZSVXA2UVd4TlEwMUhRME56UjBGUlZVWkNla0ZDYUdoa2IyUklVbmRQYVRoMllqSk9lbU5ETld4aWJsSjVaRmhPTUV4dE5XeGtSRUY2UW1kT1ZraFNPRVZNUkVGeFRVTnBaMHB4UVd0b2FVcHZaRWhTZDA5cE9IWlpNMHB6VEcxV2RXUklTakZqTTFGMVltMVdNRXd6U25aaU0xSnFXVlJGZFZrelNuTk5SSE5IUVRGVlpFbEJVVEJOUkVsM1RVRlpSVlpTTUdkQlJFRnZUVU5aUjBORGMwZEJVVlZHUW5kSlFrWm9jRzlrU0ZKM1QyazRkbVF6WkROTWJWWjFaRWhLTVdNelVYVmliVll3VERCT1VWVjZRV1JDWjA1V1NGRTBSVVpuVVZWaGJrbHRaWFJCWlRjek0yNVBNbXhTTVVkNVRtNDFRVk5hY1hOM1NIZFpSRlpTTUdwQ1FtZDNSbTlCVldGS1JHdGFObE50VlRSRVNHaHRZV3M0Wm1STVVTOTFSWFpYTUhkRVVWbEtTMjlhU1doMlkwNUJVVVZNUWxGQlJHZG5SVUpCUjJ0Nlp5OTNiMlZ0T1RrM05URldOamhWSzJWd01URnpPSHBFVDBSaVdrNUxTVzloUW1weFNHMXVWSFpsWmxGa09YRTBRVWxPVDFOek9YWXdaa2hDU1dvNU1EVlFaVmxUV2paaWRIQTNhREkxYUROTVZsa3djMkZuT0RKbU0wRjZZMlV2UWxGUVZVRnpXSGcxWTJKaFEwdFZWSGd5U1dwRlpFWm9UVUl4WjJoRldIWmxZV3BIU25CUGEzUTRNREIxUjI1R1JTOWhVbk00YkVaak0yRXlhM1phTWtOc2RtaEJNR1V6TmxOc1RXdFVTV3BPTUhGalRtUm9OQzlTTUdZMVNVOUtTa2xEZEhRdmJsQTFSakpzTVVoSVJXaFdkSGRJT1hNdlNFRklja2RyVlcxTlVsUk5XbUk1YmpOemNrMU5NbGhzVVZwSVdFNDNOVUpIY0dGa05XOXhXRzVoWms5eVJUWmhVR0l3UW05SGNscFVlVWxCYVRCVVZtRlhTamRNZFhaTmRYVmxVMlpYYkc1UVpuazBaazQxUW1nNVFuQTJjbTlMUjBodllXeFZUM3BsV0VWdlpHMHlhQ3N4WkVzM1JUTkpSR2hCUFR3dlpITTZXRFV3T1VObGNuUnBabWxqWVhSbFBqd3ZaSE02V0RVd09VUmhkR0UrUEdSek9sZzFNRGxFWVhSaFBqeGtjenBZTlRBNVEyVnlkR2xtYVdOaGRHVStUVWxKUld0VVEwTkJNMjFuUVhkSlFrRm5TVVZTVjNSUlZrUkJUa0puYTNGb2EybEhPWGN3UWtGUlZVWkJSRU5DYzBSRlRFMUJhMGRCTVZWRlFtaE5RMVpXVFhoR2FrRlZRbWRPVmtKQmIxUkVWVloxWkVoS01XTXpVWE5KUld4MVdYazBlRTlVUVROQ1owNVdRa0Z6VkUxSVpETmtlVFZzWW01U2VXUllUakJNYlRWc1pFTTVSRlZHVFdkaFdFMW5ZVmMxYW1JelNuZGlNMHBvWkVkV2EwbEhTalZKU0Vwc1dtMVdlVnBYTldwYVZFVm1UVUl3UjBFeFZVVkRlRTFYUzBkTmNFbEVTWGROUkZsblVsYzFNR051Vm5wa1EzZG5VMWMxYWt4cVJYUk5RM05IUVRGVlJVRjRUV3RTVnpVd1kyNVdlbVJEUWxOaU1qa3dTVVZPYkdOdVVuQmFiV3hxV1ZoU2NHSXlOR2RSV0ZZd1lVYzVlV0ZZVWpWTlFqUllSRlJCTWsxVVJYbE9la2wzVFdwTk1FMXNiMWhFVkVreVRWUkZlVTU2U1hkT1ZFMHdUV3h2ZDJkaVFYaERla0ZLUW1kT1ZrSkJXVlJCYkZaVVRWSlpkMFpCV1VSV1VWRkxSWGN4Um1KdVVubGtXRTR3VEVOQ1NtSnRUWFZOVkd0M1RuZFpSRlpSVVV4RmVrSXpaRE5qZFZwWE5UQmpibFo2WkVNMWRWcFlVWFpSTVVKVVNVZHNla2xIYkhWWk1qbDVZMGM1ZVZsWVVteGFRMEpwWlZOQ2VWcFhXbXhqYlZaMVdUSlZlRWg2UVdSQ1owNVdRa0Z6VkVacGFHcExVMEY1VFVSQk1rbEZWblZrU0VveFl6TlJjMGxGYkhWWmVUUjRURlJCY2tKblRsWkNRVTFVU2tWV2RXUklTakZqTTFGblZXMDVkbVJEUWtSYVdFb3dZVmRhY0ZreVJqQmhWemwxU1VWR01XUkhhSFpqYld3d1pWUkRRMEZUU1hkRVVWbEtTMjlhU1doMlkwNUJVVVZDUWxGQlJHZG5SVkJCUkVORFFWRnZRMmRuUlVKQlRHRldkR3RPUXl0elduUkxiVGxKTXpWU1RVOVdZMFkzYzA0MVJWVkdiMDUxTTNNdmNHOUNhalpGTkV0UWVqTkZSVnB0VEdzd1pVZHlSV0ZVYzJKU2QwcFhTWE5OYmk5TldYTjZRVGwxTTJjemN5dEpTVkpsTjJKS1YwdExaalEwVEd4QlkxUm1Sbmt3WTA5c2VYQnZkME5MVmxsb1dHSlNPVzR4TUVOMkwyZHJka3B5VkRkbFZFNTFVV2RHUVM5RFdYRkZRVTkzZDBOcU1GbDZablk1UzJ4dFlVazFWVmhNUlZkbFNESTFSR1ZYTUUxWVNtb3JVMHRtUmtrd1pHTllkakYxTlhnMk1EbHRhRVl3V1dGRVZ6WkxTMnBpU0dwTFdVUXJTbGhIU1hKaU5qaHFObmhUYkd0MWNWVlpNMnRGZWtWYU5rVTFUbTQ1ZFhOek1uSldka1JzVldOamNEWmxiaXRSTTFnd1pHZE9iVUoxTVd0dGQyaElLelZ3VUdrNU5FUnJXbVp6TUU1M05IQm5TRUpPY25wcFIweHdOUzlXTml0bFJqWTNja2hOYzI5SlZpc3lTRTVxYm05blVXa3JaRkJoTWsxelEwRjNSVUZCWVU5Q2MwUkRRbkpVUVU5Q1owNVdTRkU0UWtGbU9FVkNRVTFEUVZGWmQwUjNXVVJXVWpCVVFWRklMMEpCVlhkQmQwVkNMM3BCY2tKblRsWklVa0ZGU2tSQmFXZEJPSGxOUkVFeVRWUkZlVTU2U1hkTmFrMHdUV3h4UWtSNlNYZE5hbGw0VFZSSk0wMXFRVEZOZWxGNVYycEJaa0puVGxaSVUwMUZSMFJCVjJkQ1VtOXJUMUp1Y0V0YVZHZE5aVWRhY1ZSNE9UQjBSQ3MwVXpsaVZFRmtRbWRPVmtoUk5FVkdaMUZWWVVwRWExbzJVMjFWTkVSSWFHMWhhemhtWkV4UkwzVkZkbGN3ZDBoUldVcExiMXBKYUhaYU9VSXdSVUZDUWtGM1JHaHpTVlpxWTNWTlZHOHdUR3BCUkVGblUxRk5RVEJIUTFOeFIxTkpZak5FVVVWQ1FsRlZRVUUwU1VKQlVVTlVNVVJEZHpGM1RXZExkRVExV1N0cFVrUkJWV2R4VmpoYWVXNTBlVlIwVTNneU9VTlhLekZTWVVkVGQwMURVR1Y1ZGtsWGIyNVlPWFJQTVV0NlMzUjJiakZKVTAxWkwxbFFlWGxaUW10V1FuTTVSamhWTkhCT01IZENUMlZOUkhCUk5EZFNaM2hTZW5kSmExTk9ZMVZsYzNsQ2NrbzJXblZoUVVkQlZDOHpRaXRZZUVaT1UxSjFla1pXU2pkNVZsUmhkalV5Vm5JeWRXRXlTamR3T0dWU1JHcGxTVkpTUkhFdmNqY3lSRkZ1VGxOcE5uRTNjSGx1VURsWFVXTkRhek5TZGt0eGMyNTVjbEV2TXprdk1tNHpjWE5sTUhkS1kwZEZNbXBVVTFjemFVUldkWGxqVG5OTmJUUm9TREphTUd0a2EzRjFUU3NyZGk5bGRUWkdVM0ZrVVdkUVEyNVlSWEZWVEd3NFJtMVVlRk5SWlVST2RFZFFVRUZWVHpadVNWQmphakpCTnpneGNUQjBTSFYxTW1kMVVVOUlXSFpuVWpGdE1IWmtXR05FWVhwMkwzZHZjak5GYkdoV2MxUXZhRFV2VjNKUk9Ed3ZaSE02V0RVd09VTmxjblJwWm1sallYUmxQand2WkhNNldEVXdPVVJoZEdFK1BDOWtjenBMWlhsSmJtWnZQand2WkhNNlUybG5ibUYwZFhKbFBqeHpZVzFzTWpwVGRXSnFaV04wUGp4ellXMXNNanBPWVcxbFNVUWdSbTl5YldGMFBTSjFjbTQ2YjJGemFYTTZibUZ0WlhNNmRHTTZVMEZOVERveExqRTZibUZ0Wldsa0xXWnZjbTFoZERwWGFXNWtiM2R6Ukc5dFlXbHVVWFZoYkdsbWFXVmtUbUZ0WlNJZ1RtRnRaVkYxWVd4cFptbGxjajBpZDJGakxtUmhjeTV0ZVdGMGIzTXVibVYwSWo1Qk5qUTNNalExUEM5ellXMXNNanBPWVcxbFNVUStQSE5oYld3eU9sTjFZbXBsWTNSRGIyNW1hWEp0WVhScGIyNGdUV1YwYUc5a1BTSjFjbTQ2YjJGemFYTTZibUZ0WlhNNmRHTTZVMEZOVERveUxqQTZZMjA2WW1WaGNtVnlJajQ4YzJGdGJESTZVM1ZpYW1WamRFTnZibVpwY20xaGRHbHZia1JoZEdFZ1NXNVNaWE53YjI1elpWUnZQU0pmTVdRMU5tVm1ObVkxTkdFNU1EWTBaV0UxTmpVeE5EbGxNV1V6TmpBMU5EUWlJRTV2ZEU5dVQzSkJablJsY2owaU1qQXhPQzB3T0MweU4xUXdOem8xTnpvd05pNDJNak5hSWlCU1pXTnBjR2xsYm5ROUltaDBkSEJ6T2k4dmRYSmhMV0ZoTG1sMExYTnZiSFYwYVc5dWN5NWhkRzl6TG01bGRDOWtZVzVoTFc1aEwyRjFkR2d2YzJGdGJDMWpiMjV6ZFcxbGNpNWpaMmtpTHo0OEwzTmhiV3d5T2xOMVltcGxZM1JEYjI1bWFYSnRZWFJwYjI0K1BDOXpZVzFzTWpwVGRXSnFaV04wUGp4ellXMXNNanBEYjI1a2FYUnBiMjV6SUU1dmRFSmxabTl5WlQwaU1qQXhPQzB3T0MweU4xUXdOem8xTWpvd05pNDJNak5hSWlCT2IzUlBiazl5UVdaMFpYSTlJakl3TVRndE1EZ3RNamRVTURjNk5UYzZNRFl1TmpJeldpSStQSE5oYld3eU9rRjFaR2xsYm1ObFVtVnpkSEpwWTNScGIyNCtQSE5oYld3eU9rRjFaR2xsYm1ObFBtaDBkSEJ6T2k4dmRYSmhMV0ZoTG1sMExYTnZiSFYwYVc5dWN5NWhkRzl6TG01bGRDOWtZVzVoTFc1aEwyRjFkR2d2YzJGdGJDMWxibVJ3YjJsdWRDNWpaMmsvY0QxemNERThMM05oYld3eU9rRjFaR2xsYm1ObFBqd3ZjMkZ0YkRJNlFYVmthV1Z1WTJWU1pYTjBjbWxqZEdsdmJqNDhMM05oYld3eU9rTnZibVJwZEdsdmJuTStQSE5oYld3eU9rRjFkR2h1VTNSaGRHVnRaVzUwSUVGMWRHaHVTVzV6ZEdGdWREMGlNakF4T0Mwd09DMHlOMVF3TnpvMU1qb3pOUzQxTXpCYUlpQlRaWE56YVc5dVNXNWtaWGc5SW5WMWFXUXRPV1EyTXpOaU5Ea3RaVEUyTkMwMFpUSXlMV0poTkdZdE9XTXpZekZpWWpReU56YzJJajQ4YzJGdGJESTZRWFYwYUc1RGIyNTBaWGgwUGp4ellXMXNNanBCZFhSb2JrTnZiblJsZUhSRGJHRnpjMUpsWmo1MWNtNDZiMkZ6YVhNNmJtRnRaWE02ZEdNNlUwRk5URG95TGpBNllXTTZZMnhoYzNObGN6cFlOVEE1UEM5ellXMXNNanBCZFhSb2JrTnZiblJsZUhSRGJHRnpjMUpsWmo0OEwzTmhiV3d5T2tGMWRHaHVRMjl1ZEdWNGRENDhMM05oYld3eU9rRjFkR2h1VTNSaGRHVnRaVzUwUGp3dmMyRnRiREk2UVhOelpYSjBhVzl1UGp3dmMyRnRiREp3T2xKbGMzQnZibk5sUGc9PSIgUmVjb3JkZWRWYWx1ZT0iUEQ5NGJXd2dkbVZ5YzJsdmJqMGlNUzR3SWlCbGJtTnZaR2x1WnowaVZWUkdMVGdpUHo0OGMyRnRiREp3T2xKbGMzQnZibk5sSUhodGJHNXpPbk5oYld3eWNEMGlkWEp1T205aGMybHpPbTVoYldWek9uUmpPbE5CVFV3Nk1pNHdPbkJ5YjNSdlkyOXNJaUJFWlhOMGFXNWhkR2x2YmowaWFIUjBjSE02THk5MWNtRXRZV0V1YVhRdGMyOXNkWFJwYjI1ekxtRjBiM011Ym1WMEwyUmhibUV0Ym1FdllYVjBhQzl6WVcxc0xXTnZibk4xYldWeUxtTm5hU0lnU1VROUluVjFhV1F0TURkbVptWTBZMll0Tm1RMVppMDBZbUptTFRoak9UQXRZV0U1TUdNNE0yVmxZVE14SWlCSmJsSmxjM0J2Ym5ObFZHODlJbDh4WkRVMlpXWTJaalUwWVRrd05qUmxZVFUyTlRFME9XVXhaVE0yTURVME5DSWdTWE56ZFdWSmJuTjBZVzUwUFNJeU1ERTRMVEE0TFRJM1ZEQTNPalV5T2pNMkxqVTBObG9pSUZabGNuTnBiMjQ5SWpJdU1DSStQSE5oYld3eU9rbHpjM1ZsY2lCNGJXeHVjenB6WVcxc01qMGlkWEp1T205aGMybHpPbTVoYldWek9uUmpPbE5CVFV3Nk1pNHdPbUZ6YzJWeWRHbHZiaUkrZDJGakxtUmhjeTV0ZVdGMGIzTXVibVYwUEM5ellXMXNNanBKYzNOMVpYSStQR1J6T2xOcFoyNWhkSFZ5WlNCNGJXeHVjenBrY3owaWFIUjBjRG92TDNkM2R5NTNNeTV2Y21jdk1qQXdNQzh3T1M5NGJXeGtjMmxuSXlJK1BHUnpPbE5wWjI1bFpFbHVabTgrUEdSek9rTmhibTl1YVdOaGJHbDZZWFJwYjI1TlpYUm9iMlFnUVd4bmIzSnBkR2h0UFNKb2RIUndPaTh2ZDNkM0xuY3pMbTl5Wnk4eU1EQXhMekV3TDNodGJDMWxlR010WXpFMGJpTWlMejQ4WkhNNlUybG5ibUYwZFhKbFRXVjBhRzlrSUVGc1oyOXlhWFJvYlQwaWFIUjBjRG92TDNkM2R5NTNNeTV2Y21jdk1qQXdNQzh3T1M5NGJXeGtjMmxuSTNKellTMXphR0V4SWk4K1BHUnpPbEpsWm1WeVpXNWpaU0JWVWtrOUlpTjFkV2xrTFRBM1ptWm1OR05tTFRaa05XWXROR0ppWmkwNFl6a3dMV0ZoT1RCak9ETmxaV0V6TVNJK1BHUnpPbFJ5WVc1elptOXliWE0rUEdSek9sUnlZVzV6Wm05eWJTQkJiR2R2Y21sMGFHMDlJbWgwZEhBNkx5OTNkM2N1ZHpNdWIzSm5Mekl3TURBdk1Ea3ZlRzFzWkhOcFp5TmxiblpsYkc5d1pXUXRjMmxuYm1GMGRYSmxJaTgrUEdSek9sUnlZVzV6Wm05eWJTQkJiR2R2Y21sMGFHMDlJbWgwZEhBNkx5OTNkM2N1ZHpNdWIzSm5Mekl3TURFdk1UQXZlRzFzTFdWNFl5MWpNVFJ1SXlJdlBqd3ZaSE02VkhKaGJuTm1iM0p0Y3o0OFpITTZSR2xuWlhOMFRXVjBhRzlrSUVGc1oyOXlhWFJvYlQwaWFIUjBjRG92TDNkM2R5NTNNeTV2Y21jdk1qQXdNQzh3T1M5NGJXeGtjMmxuSTNOb1lURWlMejQ4WkhNNlJHbG5aWE4wVm1Gc2RXVStTelJvZUV0NVl6RlpUa2hMTDJZNGVrY3lPSHBqVEc4MllXNDBQVHd2WkhNNlJHbG5aWE4wVm1Gc2RXVStQQzlrY3pwU1pXWmxjbVZ1WTJVK1BDOWtjenBUYVdkdVpXUkpibVp2UGp4a2N6cFRhV2R1WVhSMWNtVldZV3gxWlQ0TkNsRm5SakozTTFNeU1VTjFXRlJ5YjNWeVlscFpkRU5PVTJ4bE5qbHpTbTQxY20wd0wyOTVVVGxZYTJoS1VFTmxaRVF2V1RkUFVUQllWRVZXTTA5bmJYcFFhRTFMYkV0R1lYRnlMM0FOQ2xCdlJtVk5XSFpFVkVaeFZrcGpTbGxHUVVwc1RYRlNkMlJxTm5GVk1GQnBNVUpHUWxZelptaDRVWFpyVWtSMWEyNDJkMWxyV1VWSVMzQnRVM04wTTBKcVNUaFBVa3hCZVZKMlRFTU5Da3A1TlVwQlZXSk1aRmhRWmxOVmRrdHpjVGRESzFWSGJsbEdZekJuVUVOQ1dtdFVXa2c1ZFU1cFIwbHRiVzVsUmxweVVXWlFRVUZZVTI1NFFteGpOekpNWXpkSmNqWnBTVXhZZDFrTkNtTXZVVlFyTTI5bk5YVjRTMlpUTmxwblYyWlJkV3hVWTBrMlZsWXJOV05LWWs0dlozVXZVbFEzVHpCUWNHVXdWbVUxZDFwa2RFSlRhall2WmxCRlZscEJkRGhQTldKME9GTkhiRFVOQ2pkVmJqRnNielF3THpGUFozWmlZM3BwY1RkekwwZG1XV2MwTld4UGQxRjVVMk5LVUVGM1BUME5Dand2WkhNNlUybG5ibUYwZFhKbFZtRnNkV1UrUEdSek9rdGxlVWx1Wm04K1BHUnpPbGcxTURsRVlYUmhQanhrY3pwWU5UQTVRMlZ5ZEdsbWFXTmhkR1UrVFVsSlJrbDZRME5DUVhWblFYZEpRa0ZuU1U1QlQyVklWekJSUVVGQlFVRlZUbUUxY0VSQlRrSm5hM0ZvYTJsSE9YY3dRa0ZSYzBaQlJFTkNkV3BGVEUxQmEwZEJNVlZGUW1oTlExWldUWGhHYWtGVlFtZE9Wa0pCYjFSRVZWWjFaRWhLTVdNelVYTkpSV3gxV1hrMGVFdEVRVzFDWjA1V1FrRnpWRWd4VG14YVUwSXpaRE5qZFZwWE5UQmpibFo2WkVNMWRWcFlVWFppUjFadVdWZDNkR1JIVm5saVdFMTRUMVJCTTBKblRsWkNRWE5VVFVOb2FrdFRRWGxOUkVWNVNVVldkV1JJU2pGak0xRnpTVVZzZFZsNU5HZE1VMEp0WWpOSloxbFlWakJoUnpsNVlWaHdiRnBEUWpGak1sVm5ZakkxYzJWVVJYVk5RM2RIUVRGVlJVRjRUV3hTVnpVd1kyNVdlbVJEUWtSYVdFb3dZVmRhY0ZreVJqQmhWemwxU1VWR01XUkhhSFpqYld3d1pWTkJkRWxGZDNoVGVrRmxSbmN3ZUU1cVFYaE5WR3Q0VGtSRk1VMTZhR0ZHZHpCNFQxUkJlRTFVYTNoT1JGRXhUWHBrWVUxR05IaERla0ZLUW1kT1ZrSkJXVlJCYTFwVFRWRTRkMFJSV1VSV1VWRklSWGRhUTFwWWNIWmliazE0UkZSQlRFSm5UbFpDUVc5VVFrVkdNR0l6VFhoRVZFRk1RbWRPVmtKQmMxUkNSVVl3WWpOTmVFbEVRV1ZDWjA1V1FrRk5WRVl6VG1oaVYzZDVUVVJGTWt4WVFubGFRelYwWlZkR01HSXpUWFZpYlZZd1RVbEpRa2xxUVU1Q1oydHhhR3RwUnpsM01FSkJVVVZHUVVGUFEwRlJPRUZOU1VsQ1EyZExRMEZSUlVGc00wUm1XVkZTUzJsUWRscFlTM1paYTBaVVZUaEROQzl1VFdOaFMwRnRPRTlsTDFsaFUxVnhaekYwWmsxalFUaG9SMjAzY3psWFFUWkZibE5yV2tZek9HdEZSa3BGVjJWMlVGaDNTM3BrVEVjeGFrNU5iazFUV0VjMVRrWjBjWEp3VTFjelRrbzNRekJRVEVGVE5GRlJRWGxzWmxCWmRuQkpTRlUwZHk5RlpWZFhPRzFUWjBGME5VODJlRlZSZUVoalluSlFVbU5KV0ZNNFdUaG9hRkZ4VlVZMk1XTnZUSFF4U2tKbGMzWkRTekpVVFZaVVNIaFlMMVJqVFZFM1ZreGhXRk5xZDJoV1pEQm1OemgzVTBwdFZqSldlR0Y1VUVGbFJWVlhaWGw2WTJGalRuUXpaVEJ4UW1weGQxSmxWWEJKU0RsNldrbHZXRWRFTUhOSGMxZE1kM2MyTlhKWFZVeEthakZYYXpFeVkzSlZPWEJoZDNwbFFqSkhZeTlDUW0xWlFsWnpiM0puYXpsdVJWQmtabGN3U21FclVsUjVjREZUYlhSdVkyTldZMmxJT0Rac0wwWnBaVTlDTjFoaVJGZHlRaXRpY2xGSlJFRlJRVUp2TkVsQ1oxUkRRMEZZTUhkRGQxbEVWbEl3VUVKQlVVUkJaMWRuVFVKTlIwRXhWV1JLVVZGTlRVRnZSME5EYzBkQlVWVkdRbmROUWsxRVRVZEJNVlZrU0hkUmMwMURiM2RMUzBGdGIwTlRSMGx0YURCa1NFRTJUSGs1YW1OdGQzVmFWelV3WTI1V2VtUkROWFZhV0ZGMllrZFdNbHBYZDNoaGVUVnFZMjEzZDFOM1dVUldVakJuUWtWUmQxRnFRVEpDWjNCbmFHdG5RbWgyY0hORFowVkdUVU5uZDBwbldVbExkMWxDUWxGVlNFRm5SVmRIYldnd1pFaEJOa3g1T1ROa00yTjFXbGMxTUdOdVZucGtRelYxV2xoUmRtTnVRbWhOUVdkSFFtMWxRa1JCUlVOQmFrSnZRbWRuY2tKblJVWkNVV05DUVZGU1kwMUdiM2RKZDFsSlMzZFpRa0pSVlVoTlFVZEhSakpvTUdSSVFUWk1lVGwyV1ROT2QweHRWblZrU0VveFl6TlJkV0p0VmpCTlJFMUhRME56UjBGUlZVWkNla0ZEYUdsa2IyUklVbmRQYVRoMldWZHNhRXh0Vm5Wa1NFb3hZek5SZFdKdFZqQk1NbmQ0WVhreGFtRkhSbkJpYWtreFRtazFhbHBZU1hkSloxbEVWbEl3VWtKQ2MzZEhXVWxZWXpKR2RHSkVTWGROVkZsMFkwaEthMHh0TVRWWldGSjJZM2sxZFZwWVVYZElkMWxFVmxJd2FrSkNaM2RHYjBGVlozRktkMlJPTWpoVmVpOVFaVGxVTTNwWUsyNVpUVmxMVkV3NGQwaFJXVVJXVWpCUFFrSlpSVVpIVURad2FVRXJNR1p0V2xWdFkyNW9Oa1p2TTFkTFpUUmtSR2ROUVd0SFFURlZaRVYzVVVOTlFVRjNSRkZaU2t0dldrbG9kbU5PUVZGRlRFSlJRVVJuWjBWQ1FVUk9MM1pIUTBKNGVIVlhlVTUyZWpSdFQzbDFVRVJaV0c5bWNYaFJWblJQWkN0TFpraGFUbXBVYkd0ak4zWjZlSGhZTTJWVWRGZEVZVzFNYTJRck5XSldUMWxCWjJkWlZqZ3Jhbll6VkhnNVJYVTJWa2t5ZENzdmR6SkRXWE5KVjFwNmJGWllObXh3WldKTFFuWkZjRzVNT1dJMFRFVk9WRUpPU25wc1FsQjFTRm96V1RoSWEwODRSakZpTkdjNVUxa3JSMjVTVEd4RGJqVjNlakkwT1dwdU1FeHBkazVSZWs5bU1WZEZWVE5CTW1sTmFGWmhiVUZCUkVkbll5czRVM2xpWVZOc00yNUtXV00xWWpjME9XZGtlWGRDUWpGaWJsRXZOVkY0SzJvMmExTkplRko0V0d0WFVGUm9XVlptY2xsVlVubG5NREJoWW10MFV5OU1URFI1Vm1Wd2RuaEplalJzVkdsR1VrdHdLMFZDYTFaU1VYbHdPWGhuWTFBeFIwUTVURmMyWWtsdGVsVklNVTgxV21GR1VqUndkQzh4ZFZwR2FsZENhWGMxU1dwVWQyVnViRE5KVDFCQ05XRlNXRlJXU3pSR2R6MDhMMlJ6T2xnMU1EbERaWEowYVdacFkyRjBaVDQ4TDJSek9sZzFNRGxFWVhSaFBqeGtjenBZTlRBNVJHRjBZVDQ4WkhNNldEVXdPVU5sY25ScFptbGpZWFJsUGsxSlNVWkVha05EUVM5aFowRjNTVUpCWjBsTlJIVnNUWGQzUVVGQlFVSlNNRE5sUmsxQk1FZERVM0ZIVTBsaU0wUlJSVUpEZDFWQlRVbEhLMDFSYzNkRFVWbEVWbEZSUjBWM1NsWlZla1ZYVFVKUlIwRXhWVVZEYUUxT1VsYzFNR051Vm5wa1EzZG5VMWMxYWt4cVJXOU5RMWxIUVRGVlJVTjRUV1pWTWxac1NVaGtNMlI1Tld4aWJsSjVaRmhPTUV4dE5XeGtRemx6V2xka2FHSkRNVEJhV0VwMFkzcEZOVTFFWTBkQk1WVkZRM2hOZDB0SFRYQkpSRWwzVFVScloxSlhOVEJqYmxaNlpFTjNaMU5YTldwTWFVRjBTVWRhZG1OcFFtaGtXRkp2WWpOS2NHVnRWbXRKU0ZaNldsTkNkbUp0ZURWTlZFbDNUVUZaUkZaUlVVUkZlV3hHWW01U2VXUllUakJKUmtwMllqTlJaMUV5Vm5sa1IyeHRZVmRPYUdSSGJIWmlhVUpDWkZoU2IySXpTbkJrU0d0blRGTkNTRTFxUVdWR2R6QjRUbFJGZDAxRVZYaFBWRVY2VGxSYVlVWjNNSHBOUkVWNVRVUlZlRTlVVVhwT1ZGcGhUVWxITmsxUmMzZERVVmxFVmxGUlIwVjNTbFpWZWtWWFRVSlJSMEV4VlVWRGFFMU9VbGMxTUdOdVZucGtRM2RuVTFjMWFreHFSVzlOUTFsSFFURlZSVU40VFdaVk1sWnNTVWhrTTJSNU5XeGlibEo1WkZoT01FeHROV3hrUXpseldsZGthR0pETVRCYVdFcDBZM3BGTlUxRVkwZEJNVlZGUTNoTmQwdEhUWEJKUkVsM1RWUkpaMUpYTlRCamJsWjZaRU4zWjFOWE5XcE1hVUYwU1VkYWRtTnBRbWhrV0ZKdllqTktjR1Z0Vm10SlNGWjZXbE5DZG1KdGVEVk5VelIzVEVGWlJGWlJVVVJGZVZaR1ltNVNlV1JZVGpCSlJVNXNZMjVTY0ZwdGJHcFpXRkp3WWpJMFoxRllWakJoUnpsNVlWaFNOVWxETUdkVVJFWk1UVWxKUWtscVFVNUNaMnR4YUd0cFJ6bDNNRUpCVVVWR1FVRlBRMEZST0VGTlNVbENRMmRMUTBGUlJVRXlhaXRYTUVVeU5Vd3dWRzR5ZW14bGJURkVkVmhMVm1neWEwWnVWWGR0Y1VGS2NVOVdNemh3WVRsMlNEUlRSV3R4YW5KUmFsVmphakIxTVhsR2RrTlNTV1JLWkhRM2FFeHhTVTlRZERWRmVXRk5MMDlLV2sxemMyNHlXSGxRTjBKMFFtVTJRMW8wUkd0S1RqZG1SVzFFU1cxcFMyMDVOVWgzZWtkWlpXazFPVkZCZGxNM2VqZFVjMjk1Y1dvd2FYQXZkMFJ2UzFablJ6azNZVlJYY0ZKNlNtbGhkRmRCTjJ4UmNtcFdObTVPTlZwSGFGUktZbWxGZWpWU05uSm5Xa1pFUzA1eVZHUkVSM1oxYjFsd1JHSjNhM0pMTmtoSmFWQlBiRW92T1RFMWRHZDRlV1E0UWk5c2R6bGlaSEJZYVZOUVlrSjBURTl5U25vMVVrSkhXRVpGWVV4d1NGQkJWSEJZWW04ck9FUllNMFppWVdVNGFUUldTR281U0hsTlp6UndNMDVHV0ZVeWQwODNSMDlHZVdzek5uUXdSa0ZUU3pkc1JGbHhhbFp6TVM5c1RWcE1kMmhIZDFOeGVrZHRTV1JVYVhaYVIzZEpSRUZSUVVKdk5FbENSRVJEUTBGUlozZEVaMWxFVmxJd1VFRlJTQzlDUVZGRVFXZEZSMDFDU1VkQk1WVmtSWGRGUWk5M1VVbE5RVmxDUVdZNFEwRlJRWGROZDFsSlMzZFpRa0pSVlVoQlVVVkZTbnBCYkUxRFRVZERRM05IUVZGVlJrSjZRVUpvYUdSdlpFaFNkMDlwT0haaU1rNTZZME0xYkdKdVVubGtXRTR3VEcwMWJHUkVRWGRDWjA1V1NGSTRSVXRVUVc1TlExZG5TVFpCYUdob09XOWtTRkozVDJrNGRsa3pTbk5NYlZaMVpFaEtNV016VVhWaWJWWXdUREpqZVZreVJYVlpNMHB6VFVSelIwRXhWV1JKUVZFd1RVUkpkMDFCV1VWV1VqQm5RVVJCYjAxRFdVZERRM05IUVZGVlJrSjNTVUpHYUhCdlpFaFNkMDlwT0haa00yUXpURzFXZFdSSVNqRmpNMUYxWW0xV01Fd3pTbmRaVkVGa1FtZE9Wa2hSTkVWR1oxRlZaM0ZLZDJST01qaFZlaTlRWlRsVU0zcFlLMjVaVFZsTFZFdzRkMGgzV1VSV1VqQnFRa0puZDBadlFWVmhia2x0WlhSQlpUY3pNMjVQTW14U01VZDVUbTQxUVZOYWNYTjNSRkZaU2t0dldrbG9kbU5PUVZGRlRFSlJRVVJuWjBWQ1FVUnVWbXB3YVVSWlkyZHpXVGxPZDBoU2EzZDVMMWxLY2sxNGNERmpibU5PTUVoNVRXY3ZkbVJOVGxrNWJtZHVRMVJSU1d4YVNYWXhPU3MwYnk4d1QyZGxiV3R1VGswdlZGZG5ja1pVUlV0R1kzaFRRa3BRYjJzeFJFUXlZa2hwTkZkcE0wOW5iREE0VkZKWlEybzVNMjFGUXpRMWJXb3ZXR1ZVU1ZKeldITm5aR1pLWjJob1kyYzROWGd5VEhrdmNrcHJRMnM1ZFZWdFNWUlRia3RoTVM5c2VUYzRSWEYyU1dGNlExQXdhMnRhT1ZsMWFuTXJjM3BIVVZaSFNFeHNZa2htVkZWeGFUVXpXVEp6UVVWdk1VZGtVblpqTms0eE56SjBhM2NyUTA1bmVFdG9hWFZqVDJock0xbDBRMEZpZG0xeGJHcEZkRzlhZFUxeWVERm5UQ3N4V1ZFeFNrZzNTR1JOZUZkQ1EwMVNUMDR4WlhoRFpIUlVhWGc1Y1hKTFoxZFNjelpRVEdsblZsZFlWVmd2YUhkcFpGRnZjMnM0VjNkQ1JEbHNkVFV4WVZnNEwzZGtVVkZIWTBoelJsaDNkRE0xZFV4amR6MDhMMlJ6T2xnMU1EbERaWEowYVdacFkyRjBaVDQ4TDJSek9sZzFNRGxFWVhSaFBqeGtjenBZTlRBNVJHRjBZVDQ4WkhNNldEVXdPVU5sY25ScFptbGpZWFJsUGsxSlNVVXZla05EUVN0bFowRjNTVUpCWjBsRlZXUk9RVkpFUVU1Q1oydHhhR3RwUnpsM01FSkJVWE5HUVVSRFFuTkVSVXhOUVd0SFFURlZSVUpvVFVOV1ZrMTRSbXBCVlVKblRsWkNRVzlVUkZWV2RXUklTakZqTTFGelNVVnNkVmw1TkhoUFZFRXpRbWRPVmtKQmMxUk5TR1F6WkhrMWJHSnVVbmxrV0U0d1RHMDFiR1JET1VSVlJrMW5ZVmhOWjJGWE5XcGlNMHAzWWpOS2FHUkhWbXRKUjBvMVNVaEtiRnB0Vm5sYVZ6VnFXbFJGWmsxQ01FZEJNVlZGUTNoTlYwdEhUWEJKUkVsM1RVUlpaMUpYTlRCamJsWjZaRU4zWjFOWE5XcE1ha1YwVFVOelIwRXhWVVZCZUUxclVsYzFNR051Vm5wa1EwSlRZakk1TUVsRlRteGpibEp3V20xc2FsbFlVbkJpTWpSblVWaFdNR0ZIT1hsaFdGSTFUVUkwV0VSVVJUQk5SR3Q1VFdwRk0wMVVVVEZPTVc5WVJGUkpNRTFFYTNsTmVrRjRUWHBGTVUweGIzZG5ZalI0UTNwQlNrSm5UbFpDUVZsVVFXeFdWRTFTV1hkR1FWbEVWbEZSUzBWM01VWmlibEo1WkZoT01FeERRa3BpYlUxMVRWTm5kMHBuV1VSV1VWRk1SWGc1VkZwWFZXZGtNMlF6VEcxV2RXUklTakZqTTFGMVltMVdNRXd5ZUd4YU1rWnpURmhTYkdOdE1YcE5WR3QzVG5kWlJGWlJVVXhGZWtGdldYbHJaMDFxUVhkUFUwSkdZbTVTZVdSWVRqQk1RMEpLWW0xTmRVbERNR2RhYlRsNVNVZEdNV1JIYUhaamJXdzJXbGRSWjJSWVRteEpSemwxWWtocmVFMXFRWGRDWjA1V1FrRk5WRXRWVm5Wa1NFb3hZek5SWjFWdE9YWmtRMEpFV2xoS01HRlhXbkJaTWtZd1lWYzVkVWxGUmpGa1IyaDJZMjFzTUdWVFFYUkpSV041VFVsSlFrbHFRVTVDWjJ0eGFHdHBSemwzTUVKQlVVVkdRVUZQUTBGUk9FRk5TVWxDUTJkTFEwRlJSVUYxYjFNeVkzUjFaVVJIZG1sdFpXdDNRV0ZrTWpacVN6UnNWVVZoZVdSd2FGUnNhSGw2THpjeVoyNXRMMk15UlVkRGNWVnVNa3hPWmpBd1ZrOUlTRXhYVkdwTWVXTnZiMUE1TkUxYU1FZHhRV2RCUWtaSWNrUklOVFZ4TDBWc1kyNUlTMDV2VEhkeFNIWlhjSEpFYkRWc09IaDRNekZrVTBacVdFRm9kRXhOZVRVMGRXa3hXVmsxUVhKSE5EQnJaazgxVFd4S2VFUjFiak4yZEZWbVZtVXJPRTlvZFhkdWJYbFBaM1JXTkd4RFdVWnFTVlJZUXprMFZuTklRMnhNVUhsWGRWRnViWEE0YXpFNFluTXdTbk5zWjNWUVRYZHpVa1o0V1hsWVpXZGFja3RvUjJaeFVYQjFVMFIwZGpJNVVWSkhWVXd6YW5kbEx6bFdUbVp1UkRjd1JubDZiV0ZoZUU5TmEzaHBaQ3R4TXpaUFZ6ZE9USGRhYVRZMlkxVmxaVE5tY2xaVWMxUk5hVFZYTTFCalJIZGhLM1ZMWWxvM1lVUTVTVEpzY2pKS1RWUmxRbGx5UjFFd1JXZFFOSFJ2TWxWWmVWTnJZMUZKUkVGUlFVSnZORWxDUkhwRFEwRlJjM2RFWjFsRVZsSXdVRUZSU0M5Q1FWRkVRV2RGUjAxQ1NVZEJNVlZrUlhkRlFpOTNVVWxOUVZsQ1FXWTRRMEZSUlhkTmQxbEpTM2RaUWtKUlZVaEJVVVZGU25wQmJFMURUVWREUTNOSFFWRlZSa0o2UVVKb2FHUnZaRWhTZDA5cE9IWmlNazU2WTBNMWJHSnVVbmxrV0U0d1RHMDFiR1JFUVhwQ1owNVdTRkk0UlV4RVFYRk5RMmxuU25GQmEyaHBTbTlrU0ZKM1QyazRkbGt6U25OTWJWWjFaRWhLTVdNelVYVmliVll3VEROS2RtSXpVbXBaVkVWMVdUTktjMDFFYzBkQk1WVmtTVUZSTUUxRVNYZE5RVmxGVmxJd1owRkVRVzlOUTFsSFEwTnpSMEZSVlVaQ2QwbENSbWh3YjJSSVVuZFBhVGgyWkROa00weHRWblZrU0VveFl6TlJkV0p0VmpCTU1FNVJWWHBCWkVKblRsWklVVFJGUm1kUlZXRnVTVzFsZEVGbE56TXpiazh5YkZJeFIzbE9ialZCVTFweGMzZElkMWxFVmxJd2FrSkNaM2RHYjBGVllVcEVhMW8yVTIxVk5FUklhRzFoYXpobVpFeFJMM1ZGZGxjd2QwUlJXVXBMYjFwSmFIWmpUa0ZSUlV4Q1VVRkVaMmRGUWtGSGEzcG5MM2R2WlcwNU9UYzFNVlkyT0ZVclpYQXhNWE00ZWtSUFJHSmFUa3RKYjJGQ2FuRkliVzVVZG1WbVVXUTVjVFJCU1U1UFUzTTVkakJtU0VKSmFqa3dOVkJsV1ZOYU5tSjBjRGRvTWpWb00weFdXVEJ6WVdjNE1tWXpRWHBqWlM5Q1VWQlZRWE5ZZURWalltRkRTMVZVZURKSmFrVmtSbWhOUWpGbmFFVllkbVZoYWtkS2NFOXJkRGd3TUhWSGJrWkZMMkZTY3poc1JtTXpZVEpyZGxveVEyeDJhRUV3WlRNMlUyeE5hMVJKYWs0d2NXTk9aR2cwTDFJd1pqVkpUMHBLU1VOMGRDOXVVRFZHTW13eFNFaEZhRlowZDBnNWN5OUlRVWh5UjJ0VmJVMVNWRTFhWWpsdU0zTnlUVTB5V0d4UldraFlUamMxUWtkd1lXUTFiM0ZZYm1GbVQzSkZObUZRWWpCQ2IwZHlXbFI1U1VGcE1GUldZVmRLTjB4MWRrMTFkV1ZUWmxkc2JsQm1lVFJtVGpWQ2FEbENjRFp5YjB0SFNHOWhiRlZQZW1WWVJXOWtiVEpvS3pGa1N6ZEZNMGxFYUVFOVBDOWtjenBZTlRBNVEyVnlkR2xtYVdOaGRHVStQQzlrY3pwWU5UQTVSR0YwWVQ0OFpITTZXRFV3T1VSaGRHRStQR1J6T2xnMU1EbERaWEowYVdacFkyRjBaVDVOU1VsRmExUkRRMEV6YldkQmQwbENRV2RKUlZKWGRGRldSRUZPUW1kcmNXaHJhVWM1ZHpCQ1FWRlZSa0ZFUTBKelJFVk1UVUZyUjBFeFZVVkNhRTFEVmxaTmVFWnFRVlZDWjA1V1FrRnZWRVJWVm5Wa1NFb3hZek5SYzBsRmJIVlplVFI0VDFSQk0wSm5UbFpDUVhOVVRVaGtNMlI1Tld4aWJsSjVaRmhPTUV4dE5XeGtRemxFVlVaTloyRllUV2RoVnpWcVlqTktkMkl6U21oa1IxWnJTVWRLTlVsSVNteGFiVlo1V2xjMWFscFVSV1pOUWpCSFFURlZSVU40VFZkTFIwMXdTVVJKZDAxRVdXZFNWelV3WTI1V2VtUkRkMmRUVnpWcVRHcEZkRTFEYzBkQk1WVkZRWGhOYTFKWE5UQmpibFo2WkVOQ1UySXlPVEJKUlU1c1kyNVNjRnB0YkdwWldGSndZakkwWjFGWVZqQmhSemw1WVZoU05VMUNORmhFVkVFeVRWUkZlVTU2U1hkTmFrMHdUV3h2V0VSVVNUSk5WRVY1VG5wSmQwNVVUVEJOYkc5M1oySkJlRU42UVVwQ1owNVdRa0ZaVkVGc1ZsUk5VbGwzUmtGWlJGWlJVVXRGZHpGR1ltNVNlV1JZVGpCTVEwSktZbTFOZFUxVWEzZE9kMWxFVmxGUlRFVjZRak5rTTJOMVdsYzFNR051Vm5wa1F6VjFXbGhSZGxFeFFsUkpSMng2U1Vkc2RWa3lPWGxqUnpsNVdWaFNiRnBEUW1sbFUwSjVXbGRhYkdOdFZuVlpNbFY0U0hwQlpFSm5UbFpDUVhOVVJtbG9ha3RUUVhsTlJFRXlTVVZXZFdSSVNqRmpNMUZ6U1VWc2RWbDVOSGhNVkVGeVFtZE9Wa0pCVFZSS1JWWjFaRWhLTVdNelVXZFZiVGwyWkVOQ1JGcFlTakJoVjFwd1dUSkdNR0ZYT1hWSlJVWXhaRWRvZG1OdGJEQmxWRU5EUVZOSmQwUlJXVXBMYjFwSmFIWmpUa0ZSUlVKQ1VVRkVaMmRGVUVGRVEwTkJVVzlEWjJkRlFrRk1ZVlowYTA1REszTmFkRXR0T1Vrek5WSk5UMVpqUmpkelRqVkZWVVp2VG5VemN5OXdiMEpxTmtVMFMxQjZNMFZGV20xTWF6QmxSM0pGWVZSellsSjNTbGRKYzAxdUwwMVpjM3BCT1hVelp6TnpLMGxKVW1VM1lrcFhTMHRtTkRSTWJFRmpWR1pHZVRCalQyeDVjRzkzUTB0V1dXaFlZbEk1YmpFd1EzWXZaMnQyU25KVU4yVlVUblZSWjBaQkwwTlpjVVZCVDNkM1Eyb3dXWHBtZGpsTGJHMWhTVFZWV0V4RlYyVklNalZFWlZjd1RWaEthaXRUUzJaR1NUQmtZMWgyTVhVMWVEWXdPVzFvUmpCWllVUlhOa3RMYW1KSWFrdFpSQ3RLV0VkSmNtSTJPR28yZUZOc2EzVnhWVmt6YTBWNlJWbzJSVFZPYmpsMWMzTXljbFoyUkd4VlkyTndObVZ1SzFFeldEQmtaMDV0UW5VeGEyMTNhRWdyTlhCUWFUazBSR3RhWm5Nd1RuYzBjR2RJUWs1eWVtbEhUSEExTDFZMksyVkdOamR5U0UxemIwbFdLekpJVG1wdWIyZFJhU3RrVUdFeVRYTkRRWGRGUVVGaFQwSnpSRU5DY2xSQlQwSm5UbFpJVVRoQ1FXWTRSVUpCVFVOQlVWbDNSSGRaUkZaU01GUkJVVWd2UWtGVmQwRjNSVUl2ZWtGeVFtZE9Wa2hTUVVWS1JFRnBaMEU0ZVUxRVFUSk5WRVY1VG5wSmQwMXFUVEJOYkhGQ1JIcEpkMDFxV1hoTlZFa3pUV3BCTVUxNlVYbFhha0ZtUW1kT1ZraFRUVVZIUkVGWFowSlNiMnRQVW01d1MxcFVaMDFsUjFweFZIZzVNSFJFS3pSVE9XSlVRV1JDWjA1V1NGRTBSVVpuVVZWaFNrUnJXalpUYlZVMFJFaG9iV0ZyT0daa1RGRXZkVVYyVnpCM1NGRlpTa3R2V2tsb2RsbzVRakJGUVVKQ1FYZEVhSE5KVm1wamRVMVViekJNYWtGRVFXZFRVVTFCTUVkRFUzRkhVMGxpTTBSUlJVSkNVVlZCUVRSSlFrRlJRMVF4UkVOM01YZE5aMHQwUkRWWksybFNSRUZWWjNGV09GcDViblI1VkhSVGVESTVRMWNyTVZKaFIxTjNUVU5RWlhsMlNWZHZibGc1ZEU4eFMzcExkSFp1TVVsVFRWa3ZXVkI1ZVZsQ2ExWkNjemxHT0ZVMGNFNHdkMEpQWlUxRWNGRTBOMUpuZUZKNmQwbHJVMDVqVldWemVVSnlTalphZFdGQlIwRlVMek5DSzFoNFJrNVRVblY2UmxaS04zbFdWR0YyTlRKV2NqSjFZVEpLTjNBNFpWSkVhbVZKVWxKRWNTOXlOekpFVVc1T1UyazJjVGR3ZVc1UU9WZFJZME5yTTFKMlMzRnpibmx5VVM4ek9TOHliak54YzJVd2QwcGpSMFV5YWxSVFZ6TnBSRloxZVdOT2MwMXROR2hJTWxvd2EyUnJjWFZOS3l0MkwyVjFOa1pUY1dSUloxQkRibGhGY1ZWTWJEaEdiVlI0VTFGbFJFNTBSMUJRUVZWUE5tNUpVR05xTWtFM09ERnhNSFJJZFhVeVozVlJUMGhZZG1kU01XMHdkbVJZWTBSaGVuWXZkMjl5TTBWc2FGWnpWQzlvTlM5WGNsRTRQQzlrY3pwWU5UQTVRMlZ5ZEdsbWFXTmhkR1UrUEM5a2N6cFlOVEE1UkdGMFlUNDhMMlJ6T2t0bGVVbHVabTgrUEM5a2N6cFRhV2R1WVhSMWNtVStQSE5oYld3eWNEcFRkR0YwZFhNK1BITmhiV3d5Y0RwVGRHRjBkWE5EYjJSbElGWmhiSFZsUFNKMWNtNDZiMkZ6YVhNNmJtRnRaWE02ZEdNNlUwRk5URG95TGpBNmMzUmhkSFZ6T2xOMVkyTmxjM01pTHo0OEwzTmhiV3d5Y0RwVGRHRjBkWE0rUEhOaGJXd3lPa0Z6YzJWeWRHbHZiaUI0Yld4dWN6cHpZVzFzTWowaWRYSnVPbTloYzJsek9tNWhiV1Z6T25Sak9sTkJUVXc2TWk0d09tRnpjMlZ5ZEdsdmJpSWdTVVE5SW5WMWFXUXRPV1EyTXpOaU5Ea3RaVEUyTkMwMFpUSXlMV0poTkdZdE9XTXpZekZpWWpReU56YzJJaUJKYzNOMVpVbHVjM1JoYm5ROUlqSXdNVGd0TURndE1qZFVNRGM2TlRJNk1EWXVOakl6V2lJZ1ZtVnljMmx2YmowaU1pNHdJajQ4YzJGdGJESTZTWE56ZFdWeVBuZGhZeTVrWVhNdWJYbGhkRzl6TG01bGREd3ZjMkZ0YkRJNlNYTnpkV1Z5UGp4a2N6cFRhV2R1WVhSMWNtVWdlRzFzYm5NNlpITTlJbWgwZEhBNkx5OTNkM2N1ZHpNdWIzSm5Mekl3TURBdk1Ea3ZlRzFzWkhOcFp5TWlQanhrY3pwVGFXZHVaV1JKYm1adlBqeGtjenBEWVc1dmJtbGpZV3hwZW1GMGFXOXVUV1YwYUc5a0lFRnNaMjl5YVhSb2JUMGlhSFIwY0RvdkwzZDNkeTUzTXk1dmNtY3ZNakF3TVM4eE1DOTRiV3d0WlhoakxXTXhORzRqSWk4K1BHUnpPbE5wWjI1aGRIVnlaVTFsZEdodlpDQkJiR2R2Y21sMGFHMDlJbWgwZEhBNkx5OTNkM2N1ZHpNdWIzSm5Mekl3TURBdk1Ea3ZlRzFzWkhOcFp5TnljMkV0YzJoaE1TSXZQanhrY3pwU1pXWmxjbVZ1WTJVZ1ZWSkpQU0lqZFhWcFpDMDVaRFl6TTJJME9TMWxNVFkwTFRSbE1qSXRZbUUwWmkwNVl6TmpNV0ppTkRJM056WWlQanhrY3pwVWNtRnVjMlp2Y20xelBqeGtjenBVY21GdWMyWnZjbTBnUVd4bmIzSnBkR2h0UFNKb2RIUndPaTh2ZDNkM0xuY3pMbTl5Wnk4eU1EQXdMekE1TDNodGJHUnphV2NqWlc1MlpXeHZjR1ZrTFhOcFoyNWhkSFZ5WlNJdlBqeGtjenBVY21GdWMyWnZjbTBnUVd4bmIzSnBkR2h0UFNKb2RIUndPaTh2ZDNkM0xuY3pMbTl5Wnk4eU1EQXhMekV3TDNodGJDMWxlR010WXpFMGJpTWlMejQ4TDJSek9sUnlZVzV6Wm05eWJYTStQR1J6T2tScFoyVnpkRTFsZEdodlpDQkJiR2R2Y21sMGFHMDlJbWgwZEhBNkx5OTNkM2N1ZHpNdWIzSm5Mekl3TURBdk1Ea3ZlRzFzWkhOcFp5TnphR0V4SWk4K1BHUnpPa1JwWjJWemRGWmhiSFZsUGt4V1NESTRUVTB5WVVOYWJHVTNkbkp1UzNGd2JsZzJZVzk0VVQwOEwyUnpPa1JwWjJWemRGWmhiSFZsUGp3dlpITTZVbVZtWlhKbGJtTmxQand2WkhNNlUybG5ibVZrU1c1bWJ6NDhaSE02VTJsbmJtRjBkWEpsVm1Gc2RXVStEUXBSZW5KaFRYVjRVbGRoTVRNemJFRjRNMmhQUW14Qk9WcEpVSEkyYjFCaFFqQTRSRVl2TUdSUFZIRnVUREpNUjB4b2RITXhhM3BMVnpsTE5XaDJSblZ2UjJsWE4xSklhSFpaZG0xeURRcHlXVWwwUmxKdlMzSXdZMUJtVkVKVmQwVlZNRmgzUlM5amFHbEdNRTAyUmpkWlR6YzJTM1pyYkZSSGVYWXZRalJoWkc1R2JYWXZaRzVGVXl0ak9UVnJUek5OY2toNE9YbHBaVTR2RFFwck9UVXlLMEZ6ZEdaeE1WWTNkRkI0VGsxTVpsbFNPWEZ0WXpGQlpXNVZjbWRyZWxscldYUkNjbTVITlRJclpHTTVOalJ2SzFaR1F6a3JORW8wYm01NWFHUkRVMWx4WWxGQllWVnpEUXBNZFhsdVIxUnBRazQ0TjB4eWVrODJiME5HT0ZWTFFucDZjVGhZT0dOMllYQndiVGhHYjIxTE5rc3ZlR05sVlZJNU5sVldXVWRNZGtsaFNtbGxjWFIwZGtndlRsbEZjSGRTUkdkckRRcFJLelkyUlM5SFFuSndhWEl2YWxsWGIzcEJiMnNySzBkbVlrbFhSR2gwYW1SRWMwd3ZRVDA5RFFvOEwyUnpPbE5wWjI1aGRIVnlaVlpoYkhWbFBqeGtjenBMWlhsSmJtWnZQanhrY3pwWU5UQTVSR0YwWVQ0OFpITTZXRFV3T1VObGNuUnBabWxqWVhSbFBrMUpTVVpKZWtORFFrRjFaMEYzU1VKQlowbE9RVTlsU0Zjd1VVRkJRVUZCVlU1aE5YQkVRVTVDWjJ0eGFHdHBSemwzTUVKQlVYTkdRVVJEUW5WcVJVeE5RV3RIUVRGVlJVSm9UVU5XVmsxNFJtcEJWVUpuVGxaQ1FXOVVSRlZXZFdSSVNqRmpNMUZ6U1VWc2RWbDVOSGhMUkVGdFFtZE9Wa0pCYzFSSU1VNXNXbE5DTTJRelkzVmFWelV3WTI1V2VtUkROWFZhV0ZGMllrZFdibGxYZDNSa1IxWjVZbGhOZUU5VVFUTkNaMDVXUWtGelZFMURhR3BMVTBGNVRVUkZlVWxGVm5Wa1NFb3hZek5SYzBsRmJIVlplVFJuVEZOQ2JXSXpTV2RaV0ZZd1lVYzVlV0ZZY0d4YVEwSXhZekpWWjJJeU5YTmxWRVYxVFVOM1IwRXhWVVZCZUUxc1VsYzFNR051Vm5wa1EwSkVXbGhLTUdGWFduQlpNa1l3WVZjNWRVbEZSakZrUjJoMlkyMXNNR1ZUUVhSSlJYZDRVM3BCWlVaM01IaE9ha0Y0VFZScmVFNUVSVEZOZW1oaFJuY3dlRTlVUVhoTlZHdDRUa1JSTVUxNlpHRk5SalI0UTNwQlNrSm5UbFpDUVZsVVFXdGFVMDFST0hkRVVWbEVWbEZSU0VWM1drTmFXSEIyWW01TmVFUlVRVXhDWjA1V1FrRnZWRUpGUmpCaU0wMTRSRlJCVEVKblRsWkNRWE5VUWtWR01HSXpUWGhKUkVGbFFtZE9Wa0pCVFZSR00wNW9ZbGQzZVUxRVJUSk1XRUo1V2tNMWRHVlhSakJpTTAxMVltMVdNRTFKU1VKSmFrRk9RbWRyY1docmFVYzVkekJDUVZGRlJrRkJUME5CVVRoQlRVbEpRa05uUzBOQlVVVkJiRE5FWmxsUlVrdHBVSFphV0V0MldXdEdWRlU0UXpRdmJrMWpZVXRCYlRoUFpTOVpZVk5WY1djeGRHWk5ZMEU0YUVkdE4zTTVWMEUyUlc1VGExcEdNemhyUlVaS1JWZGxkbEJZZDB0NlpFeEhNV3BPVFc1TlUxaEhOVTVHZEhGeWNGTlhNMDVLTjBNd1VFeEJVelJSVVVGNWJHWlFXWFp3U1VoVk5IY3ZSV1ZYVnpodFUyZEJkRFZQTm5oVlVYaElZMkp5VUZKalNWaFRPRms0YUdoUmNWVkdOakZqYjB4ME1VcENaWE4yUTBzeVZFMVdWRWg0V0M5VVkwMVJOMVpNWVZoVGFuZG9WbVF3WmpjNGQxTktiVll5Vm5oaGVWQkJaVVZWVjJWNWVtTmhZMDUwTTJVd2NVSnFjWGRTWlZWd1NVZzVlbHBKYjFoSFJEQnpSM05YVEhkM05qVnlWMVZNU21veFYyc3hNbU55VlRsd1lYZDZaVUl5UjJNdlFrSnRXVUpXYzI5eVoyczVia1ZRWkdaWE1FcGhLMUpVZVhBeFUyMTBibU5qVm1OcFNEZzJiQzlHYVdWUFFqZFlZa1JYY2tJclluSlJTVVJCVVVGQ2J6UkpRbWRVUTBOQldEQjNRM2RaUkZaU01GQkNRVkZFUVdkWFowMUNUVWRCTVZWa1NsRlJUVTFCYjBkRFEzTkhRVkZWUmtKM1RVSk5SRTFIUVRGVlpFaDNVWE5OUTI5M1MwdEJiVzlEVTBkSmJXZ3daRWhCTmt4NU9XcGpiWGQxV2xjMU1HTnVWbnBrUXpWMVdsaFJkbUpIVmpKYVYzZDRZWGsxYW1OdGQzZFRkMWxFVmxJd1owSkZVWGRSYWtFeVFtZHdaMmhyWjBKb2RuQnpRMmRGUmsxRFozZEtaMWxKUzNkWlFrSlJWVWhCWjBWWFIyMW9NR1JJUVRaTWVUa3paRE5qZFZwWE5UQmpibFo2WkVNMWRWcFlVWFpqYmtKb1RVRm5SMEp0WlVKRVFVVkRRV3BDYjBKblozSkNaMFZHUWxGalFrRlJVbU5OUm05M1NYZFpTVXQzV1VKQ1VWVklUVUZIUjBZeWFEQmtTRUUyVEhrNWRsa3pUbmRNYlZaMVpFaEtNV016VVhWaWJWWXdUVVJOUjBORGMwZEJVVlZHUW5wQlEyaHBaRzlrU0ZKM1QyazRkbGxYYkdoTWJWWjFaRWhLTVdNelVYVmliVll3VERKM2VHRjVNV3BoUjBad1ltcEpNVTVwTldwYVdFbDNTV2RaUkZaU01GSkNRbk4zUjFsSldHTXlSblJpUkVsM1RWUlpkR05JU210TWJURTFXVmhTZG1ONU5YVmFXRkYzU0hkWlJGWlNNR3BDUW1kM1JtOUJWV2R4U25ka1RqSTRWWG92VUdVNVZETjZXQ3R1V1UxWlMxUk1PSGRJVVZsRVZsSXdUMEpDV1VWR1IxQTJjR2xCS3pCbWJWcFZiV051YURaR2J6TlhTMlUwWkVSblRVRnJSMEV4VldSRmQxRkRUVUZCZDBSUldVcExiMXBKYUhaalRrRlJSVXhDVVVGRVoyZEZRa0ZFVGk5MlIwTkNlSGgxVjNsT2RubzBiVTk1ZFZCRVdWaHZabkY0VVZaMFQyUXJTMlpJV2s1cVZHeHJZemQyZW5oNFdETmxWSFJYUkdGdFRHdGtLelZpVms5WlFXZG5XVlk0SzJwMk0xUjRPVVYxTmxaSk1uUXJMM2N5UTFselNWZGFlbXhXV0Rac2NHVmlTMEoyUlhCdVREbGlORXhGVGxSQ1RrcDZiRUpRZFVoYU0xazRTR3RQT0VZeFlqUm5PVk5aSzBkdVVreHNRMjQxZDNveU5EbHFiakJNYVhaT1VYcFBaakZYUlZVelFUSnBUV2hXWVcxQlFVUkhaMk1yT0ZONVltRlRiRE51U2xsak5XSTNORGxuWkhsM1FrSXhZbTVSTHpWUmVDdHFObXRUU1hoU2VGaHJWMUJVYUZsV1puSlpWVko1WnpBd1lXSnJkRk12VEV3MGVWWmxjSFo0U1hvMGJGUnBSbEpMY0N0RlFtdFdVbEY1Y0RsNFoyTlFNVWRFT1V4WE5tSkpiWHBWU0RGUE5WcGhSbEkwY0hRdk1YVmFSbXBYUW1sM05VbHFWSGRsYm13elNVOVFRalZoVWxoVVZrczBSbmM5UEM5a2N6cFlOVEE1UTJWeWRHbG1hV05oZEdVK1BDOWtjenBZTlRBNVJHRjBZVDQ4WkhNNldEVXdPVVJoZEdFK1BHUnpPbGcxTURsRFpYSjBhV1pwWTJGMFpUNU5TVWxHUkdwRFEwRXZZV2RCZDBsQ1FXZEpUVVIxYkUxM2QwRkJRVUZDVWpBelpVWk5RVEJIUTFOeFIxTkpZak5FVVVWQ1EzZFZRVTFKUnl0TlVYTjNRMUZaUkZaUlVVZEZkMHBXVlhwRlYwMUNVVWRCTVZWRlEyaE5UbEpYTlRCamJsWjZaRU4zWjFOWE5XcE1ha1Z2VFVOWlIwRXhWVVZEZUUxbVZUSldiRWxJWkROa2VUVnNZbTVTZVdSWVRqQk1iVFZzWkVNNWMxcFhaR2hpUXpFd1dsaEtkR042UlRWTlJHTkhRVEZWUlVONFRYZExSMDF3U1VSSmQwMUVhMmRTVnpVd1kyNVdlbVJEZDJkVFZ6VnFUR2xCZEVsSFduWmphVUpvWkZoU2IySXpTbkJsYlZaclNVaFdlbHBUUW5aaWJYZzFUVlJKZDAxQldVUldVVkZFUlhsc1JtSnVVbmxrV0U0d1NVWktkbUl6VVdkUk1sWjVaRWRzYldGWFRtaGtSMngyWW1sQ1FtUllVbTlpTTBwd1pFaHJaMHhUUWtoTmFrRmxSbmN3ZUU1VVJYZE5SRlY0VDFSRmVrNVVXbUZHZHpCNlRVUkZlVTFFVlhoUFZGRjZUbFJhWVUxSlJ6Wk5VWE4zUTFGWlJGWlJVVWRGZDBwV1ZYcEZWMDFDVVVkQk1WVkZRMmhOVGxKWE5UQmpibFo2WkVOM1oxTlhOV3BNYWtWdlRVTlpSMEV4VlVWRGVFMW1WVEpXYkVsSVpETmtlVFZzWW01U2VXUllUakJNYlRWc1pFTTVjMXBYWkdoaVF6RXdXbGhLZEdONlJUVk5SR05IUVRGVlJVTjRUWGRMUjAxd1NVUkpkMDFVU1dkU1Z6VXdZMjVXZW1SRGQyZFRWelZxVEdsQmRFbEhXblpqYVVKb1pGaFNiMkl6U25CbGJWWnJTVWhXZWxwVFFuWmliWGcxVFZNMGQweEJXVVJXVVZGRVJYbFdSbUp1VW5sa1dFNHdTVVZPYkdOdVVuQmFiV3hxV1ZoU2NHSXlOR2RSV0ZZd1lVYzVlV0ZZVWpWSlF6Qm5WRVJHVEUxSlNVSkpha0ZPUW1kcmNXaHJhVWM1ZHpCQ1FWRkZSa0ZCVDBOQlVUaEJUVWxKUWtOblMwTkJVVVZCTW1vclZ6QkZNalZNTUZSdU1ucHNaVzB4UkhWWVMxWm9NbXRHYmxWM2JYRkJTbkZQVmpNNGNHRTVka2cwVTBWcmNXcHlVV3BWWTJvd2RURjVSblpEVWtsa1NtUjBOMmhNY1VsUFVIUTFSWGxoVFM5UFNscE5jM051TWxoNVVEZENkRUpsTmtOYU5FUnJTazQzWmtWdFJFbHRhVXR0T1RWSWQzcEhXV1ZwTlRsUlFYWlROM28zVkhOdmVYRnFNR2x3TDNkRWIwdFdaMGM1TjJGVVYzQlNla3BwWVhSWFFUZHNVWEpxVmpadVRqVmFSMmhVU21KcFJYbzFValp5WjFwR1JFdE9jbFJrUkVkMmRXOVpjRVJpZDJ0eVN6WklTV2xRVDJ4S0x6a3hOWFJuZUhsa09FSXZiSGM1WW1Sd1dHbFRVR0pDZEV4UGNrcDZOVkpDUjFoR1JXRk1jRWhRUVZSd1dHSnZLemhFV0ROR1ltRmxPR2swVmtocU9VaDVUV2MwY0ROT1JsaFZNbmRQTjBkUFJubHJNelowTUVaQlUwczNiRVJaY1dwV2N6RXZiRTFhVEhkb1IzZFRjWHBIYlVsa1ZHbDJXa2QzU1VSQlVVRkNielJKUWtSRVEwTkJVV2QzUkdkWlJGWlNNRkJCVVVndlFrRlJSRUZuUlVkTlFrbEhRVEZWWkVWM1JVSXZkMUZKVFVGWlFrRm1PRU5CVVVGM1RYZFpTVXQzV1VKQ1VWVklRVkZGUlVwNlFXeE5RMDFIUTBOelIwRlJWVVpDZWtGQ2FHaGtiMlJJVW5kUGFUaDJZakpPZW1ORE5XeGlibEo1WkZoT01FeHROV3hrUkVGM1FtZE9Wa2hTT0VWTFZFRnVUVU5YWjBrMlFXaG9hRGx2WkVoU2QwOXBPSFpaTTBwelRHMVdkV1JJU2pGak0xRjFZbTFXTUV3eVkzbFpNa1YxV1ROS2MwMUVjMGRCTVZWa1NVRlJNRTFFU1hkTlFWbEZWbEl3WjBGRVFXOU5RMWxIUTBOelIwRlJWVVpDZDBsQ1JtaHdiMlJJVW5kUGFUaDJaRE5rTTB4dFZuVmtTRW94WXpOUmRXSnRWakJNTTBwM1dWUkJaRUpuVGxaSVVUUkZSbWRSVldkeFNuZGtUakk0VlhvdlVHVTVWRE42V0N0dVdVMVpTMVJNT0hkSWQxbEVWbEl3YWtKQ1ozZEdiMEZWWVc1SmJXVjBRV1UzTXpOdVR6SnNVakZIZVU1dU5VRlRXbkZ6ZDBSUldVcExiMXBKYUhaalRrRlJSVXhDVVVGRVoyZEZRa0ZFYmxacWNHbEVXV05uYzFrNVRuZElVbXQzZVM5WlNuSk5lSEF4WTI1alRqQkllVTFuTDNaa1RVNVpPVzVuYmtOVVVVbHNXa2wyTVRrck5HOHZNRTluWlcxcmJrNU5MMVJYWjNKR1ZFVkxSbU40VTBKS1VHOXJNVVJFTW1KSWFUUlhhVE5QWjJ3d09GUlNXVU5xT1ROdFJVTTBOVzFxTDFobFZFbFNjMWh6WjJSbVNtZG9hR05uT0RWNE1reDVMM0pLYTBOck9YVlZiVWxVVTI1TFlURXZiSGszT0VWeGRrbGhla05RTUd0cldqbFpkV3B6SzNONlIxRldSMGhNYkdKSVpsUlZjV2sxTTFreWMwRkZiekZIWkZKMll6Wk9NVGN5ZEd0M0swTk9aM2hMYUdsMVkwOW9hek5aZEVOQlluWnRjV3hxUlhSdlduVk5jbmd4WjB3ck1WbFJNVXBJTjBoa1RYaFhRa05OVWs5T01XVjRRMlIwVkdsNE9YRnlTMmRYVW5NMlVFeHBaMVpYV0ZWWUwyaDNhV1JSYjNOck9GZDNRa1E1YkhVMU1XRllPQzkzWkZGUlIyTkljMFpZZDNRek5YVk1ZM2M5UEM5a2N6cFlOVEE1UTJWeWRHbG1hV05oZEdVK1BDOWtjenBZTlRBNVJHRjBZVDQ4WkhNNldEVXdPVVJoZEdFK1BHUnpPbGcxTURsRFpYSjBhV1pwWTJGMFpUNU5TVWxGTDNwRFEwRXJaV2RCZDBsQ1FXZEpSVlZrVGtGU1JFRk9RbWRyY1docmFVYzVkekJDUVZGelJrRkVRMEp6UkVWTVRVRnJSMEV4VlVWQ2FFMURWbFpOZUVacVFWVkNaMDVXUWtGdlZFUlZWblZrU0VveFl6TlJjMGxGYkhWWmVUUjRUMVJCTTBKblRsWkNRWE5VVFVoa00yUjVOV3hpYmxKNVpGaE9NRXh0Tld4a1F6bEVWVVpOWjJGWVRXZGhWelZxWWpOS2QySXpTbWhrUjFaclNVZEtOVWxJU214YWJWWjVXbGMxYWxwVVJXWk5RakJIUVRGVlJVTjRUVmRMUjAxd1NVUkpkMDFFV1dkU1Z6VXdZMjVXZW1SRGQyZFRWelZxVEdwRmRFMURjMGRCTVZWRlFYaE5hMUpYTlRCamJsWjZaRU5DVTJJeU9UQkpSVTVzWTI1U2NGcHRiR3BaV0ZKd1lqSTBaMUZZVmpCaFJ6bDVZVmhTTlUxQ05GaEVWRVV3VFVScmVVMXFSVE5OVkZFeFRqRnZXRVJVU1RCTlJHdDVUWHBCZUUxNlJURk5NVzkzWjJJMGVFTjZRVXBDWjA1V1FrRlpWRUZzVmxSTlVsbDNSa0ZaUkZaUlVVdEZkekZHWW01U2VXUllUakJNUTBKS1ltMU5kVTFUWjNkS1oxbEVWbEZSVEVWNE9WUmFWMVZuWkROa00weHRWblZrU0VveFl6TlJkV0p0VmpCTU1uaHNXakpHYzB4WVVteGpiVEY2VFZScmQwNTNXVVJXVVZGTVJYcEJiMWw1YTJkTmFrRjNUMU5DUm1KdVVubGtXRTR3VEVOQ1NtSnRUWFZKUXpCbldtMDVlVWxIUmpGa1IyaDJZMjFzTmxwWFVXZGtXRTVzU1VjNWRXSklhM2hOYWtGM1FtZE9Wa0pCVFZSTFZWWjFaRWhLTVdNelVXZFZiVGwyWkVOQ1JGcFlTakJoVjFwd1dUSkdNR0ZYT1hWSlJVWXhaRWRvZG1OdGJEQmxVMEYwU1VWamVVMUpTVUpKYWtGT1FtZHJjV2hyYVVjNWR6QkNRVkZGUmtGQlQwTkJVVGhCVFVsSlFrTm5TME5CVVVWQmRXOVRNbU4wZFdWRVIzWnBiV1ZyZDBGaFpESTJha3MwYkZWRllYbGtjR2hVYkdoNWVpODNNbWR1YlM5ak1rVkhRM0ZWYmpKTVRtWXdNRlpQU0VoTVYxUnFUSGxqYjI5UU9UUk5XakJIY1VGblFVSkdTSEpFU0RVMWNTOUZiR051U0V0T2IweDNjVWgyVjNCeVJHdzFiRGg0ZURNeFpGTkdhbGhCYUhSTVRYazFOSFZwTVZsWk5VRnlSelF3YTJaUE5VMXNTbmhFZFc0emRuUlZabFpsS3poUGFIVjNibTE1VDJkMFZqUnNRMWxHYWtsVVdFTTVORlp6U0VOc1RGQjVWM1ZSYm0xd09Hc3hPR0p6TUVwemJHZDFVRTEzYzFKR2VGbDVXR1ZuV25KTGFFZG1jVkZ3ZFZORWRIWXlPVkZTUjFWTU0ycDNaUzg1Vms1bWJrUTNNRVo1ZW0xaFlYaFBUV3Q0YVdRcmNUTTJUMWMzVGt4M1dtazJObU5WWldVelpuSldWSE5VVFdrMVZ6TlFZMFIzWVN0MVMySmFOMkZFT1VreWJISXlTazFVWlVKWmNrZFJNRVZuVURSMGJ6SlZXWGxUYTJOUlNVUkJVVUZDYnpSSlFrUjZRME5CVVhOM1JHZFpSRlpTTUZCQlVVZ3ZRa0ZSUkVGblJVZE5Ra2xIUVRGVlpFVjNSVUl2ZDFGSlRVRlpRa0ZtT0VOQlVVVjNUWGRaU1V0M1dVSkNVVlZJUVZGRlJVcDZRV3hOUTAxSFEwTnpSMEZSVlVaQ2VrRkNhR2hrYjJSSVVuZFBhVGgyWWpKT2VtTkROV3hpYmxKNVpGaE9NRXh0Tld4a1JFRjZRbWRPVmtoU09FVk1SRUZ4VFVOcFowcHhRV3RvYVVwdlpFaFNkMDlwT0haWk0wcHpURzFXZFdSSVNqRmpNMUYxWW0xV01Fd3pTblppTTFKcVdWUkZkVmt6U25OTlJITkhRVEZWWkVsQlVUQk5SRWwzVFVGWlJWWlNNR2RCUkVGdlRVTlpSME5EYzBkQlVWVkdRbmRKUWtab2NHOWtTRkozVDJrNGRtUXpaRE5NYlZaMVpFaEtNV016VVhWaWJWWXdUREJPVVZWNlFXUkNaMDVXU0ZFMFJVWm5VVlZoYmtsdFpYUkJaVGN6TTI1UE1teFNNVWQ1VG00MVFWTmFjWE4zU0hkWlJGWlNNR3BDUW1kM1JtOUJWV0ZLUkd0YU5sTnRWVFJFU0dodFlXczRabVJNVVM5MVJYWlhNSGRFVVZsS1MyOWFTV2gyWTA1QlVVVk1RbEZCUkdkblJVSkJSMnQ2Wnk5M2IyVnRPVGszTlRGV05qaFZLMlZ3TVRGek9IcEVUMFJpV2s1TFNXOWhRbXB4U0cxdVZIWmxabEZrT1hFMFFVbE9UMU56T1hZd1praENTV281TURWUVpWbFRXalppZEhBM2FESTFhRE5NVmxrd2MyRm5PREptTTBGNlkyVXZRbEZRVlVGeldIZzFZMkpoUTB0VlZIZ3lTV3BGWkVab1RVSXhaMmhGV0habFlXcEhTbkJQYTNRNE1EQjFSMjVHUlM5aFVuTTRiRVpqTTJFeWEzWmFNa05zZG1oQk1HVXpObE5zVFd0VVNXcE9NSEZqVG1Sb05DOVNNR1kxU1U5S1NrbERkSFF2YmxBMVJqSnNNVWhJUldoV2RIZElPWE12U0VGSWNrZHJWVzFOVWxSTldtSTViak56Y2sxTk1saHNVVnBJV0U0M05VSkhjR0ZrTlc5eFdHNWhaazl5UlRaaFVHSXdRbTlIY2xwVWVVbEJhVEJVVm1GWFNqZE1kWFpOZFhWbFUyWlhiRzVRWm5rMFprNDFRbWc1UW5BMmNtOUxSMGh2WVd4VlQzcGxXRVZ2WkcweWFDc3haRXMzUlROSlJHaEJQVHd2WkhNNldEVXdPVU5sY25ScFptbGpZWFJsUGp3dlpITTZXRFV3T1VSaGRHRStQR1J6T2xnMU1EbEVZWFJoUGp4a2N6cFlOVEE1UTJWeWRHbG1hV05oZEdVK1RVbEpSV3RVUTBOQk0yMW5RWGRKUWtGblNVVlNWM1JSVmtSQlRrSm5hM0ZvYTJsSE9YY3dRa0ZSVlVaQlJFTkNjMFJGVEUxQmEwZEJNVlZGUW1oTlExWldUWGhHYWtGVlFtZE9Wa0pCYjFSRVZWWjFaRWhLTVdNelVYTkpSV3gxV1hrMGVFOVVRVE5DWjA1V1FrRnpWRTFJWkROa2VUVnNZbTVTZVdSWVRqQk1iVFZzWkVNNVJGVkdUV2RoV0UxbllWYzFhbUl6U25kaU0wcG9aRWRXYTBsSFNqVkpTRXBzV20xV2VWcFhOV3BhVkVWbVRVSXdSMEV4VlVWRGVFMVhTMGROY0VsRVNYZE5SRmxuVWxjMU1HTnVWbnBrUTNkblUxYzFha3hxUlhSTlEzTkhRVEZWUlVGNFRXdFNWelV3WTI1V2VtUkRRbE5pTWprd1NVVk9iR051VW5CYWJXeHFXVmhTY0dJeU5HZFJXRll3WVVjNWVXRllValZOUWpSWVJGUkJNazFVUlhsT2VrbDNUV3BOTUUxc2IxaEVWRWt5VFZSRmVVNTZTWGRPVkUwd1RXeHZkMmRpUVhoRGVrRktRbWRPVmtKQldWUkJiRlpVVFZKWmQwWkJXVVJXVVZGTFJYY3hSbUp1VW5sa1dFNHdURU5DU21KdFRYVk5WR3QzVG5kWlJGWlJVVXhGZWtJelpETmpkVnBYTlRCamJsWjZaRU0xZFZwWVVYWlJNVUpVU1Vkc2VrbEhiSFZaTWpsNVkwYzVlVmxZVW14YVEwSnBaVk5DZVZwWFdteGpiVloxV1RKVmVFaDZRV1JDWjA1V1FrRnpWRVpwYUdwTFUwRjVUVVJCTWtsRlZuVmtTRW94WXpOUmMwbEZiSFZaZVRSNFRGUkJja0puVGxaQ1FVMVVTa1ZXZFdSSVNqRmpNMUZuVlcwNWRtUkRRa1JhV0Vvd1lWZGFjRmt5UmpCaFZ6bDFTVVZHTVdSSGFIWmpiV3d3WlZSRFEwRlRTWGRFVVZsS1MyOWFTV2gyWTA1QlVVVkNRbEZCUkdkblJWQkJSRU5EUVZGdlEyZG5SVUpCVEdGV2RHdE9ReXR6V25STGJUbEpNelZTVFU5V1kwWTNjMDQxUlZWR2IwNTFNM012Y0c5Q2FqWkZORXRRZWpORlJWcHRUR3N3WlVkeVJXRlVjMkpTZDBwWFNYTk5iaTlOV1hONlFUbDFNMmN6Y3l0SlNWSmxOMkpLVjB0TFpqUTBUR3hCWTFSbVJua3dZMDlzZVhCdmQwTkxWbGxvV0dKU09XNHhNRU4yTDJkcmRrcHlWRGRsVkU1MVVXZEdRUzlEV1hGRlFVOTNkME5xTUZsNlpuWTVTMnh0WVVrMVZWaE1SVmRsU0RJMVJHVlhNRTFZU21vclUwdG1Sa2t3WkdOWWRqRjFOWGcyTURsdGFFWXdXV0ZFVnpaTFMycGlTR3BMV1VRclNsaEhTWEppTmpocU5uaFRiR3QxY1ZWWk0ydEZla1ZhTmtVMVRtNDVkWE56TW5KV2RrUnNWV05qY0RabGJpdFJNMWd3WkdkT2JVSjFNV3R0ZDJoSUt6VndVR2s1TkVScldtWnpNRTUzTkhCblNFSk9jbnBwUjB4d05TOVdOaXRsUmpZM2NraE5jMjlKVmlzeVNFNXFibTluVVdrclpGQmhNazF6UTBGM1JVRkJZVTlDYzBSRFFuSlVRVTlDWjA1V1NGRTRRa0ZtT0VWQ1FVMURRVkZaZDBSM1dVUldVakJVUVZGSUwwSkJWWGRCZDBWQ0wzcEJja0puVGxaSVVrRkZTa1JCYVdkQk9IbE5SRUV5VFZSRmVVNTZTWGROYWswd1RXeHhRa1I2U1hkTmFsbDRUVlJKTTAxcVFURk5lbEY1VjJwQlprSm5UbFpJVTAxRlIwUkJWMmRDVW05clQxSnVjRXRhVkdkTlpVZGFjVlI0T1RCMFJDczBVemxpVkVGa1FtZE9Wa2hSTkVWR1oxRlZZVXBFYTFvMlUyMVZORVJJYUcxaGF6aG1aRXhSTDNWRmRsY3dkMGhSV1VwTGIxcEphSFphT1VJd1JVRkNRa0YzUkdoelNWWnFZM1ZOVkc4d1RHcEJSRUZuVTFGTlFUQkhRMU54UjFOSllqTkVVVVZDUWxGVlFVRTBTVUpCVVVOVU1VUkRkekYzVFdkTGRFUTFXU3RwVWtSQlZXZHhWamhhZVc1MGVWUjBVM2d5T1VOWEt6RlNZVWRUZDAxRFVHVjVka2xYYjI1WU9YUlBNVXQ2UzNSMmJqRkpVMDFaTDFsUWVYbFpRbXRXUW5NNVJqaFZOSEJPTUhkQ1QyVk5SSEJSTkRkU1ozaFNlbmRKYTFOT1kxVmxjM2xDY2tvMlduVmhRVWRCVkM4elFpdFllRVpPVTFKMWVrWldTamQ1VmxSaGRqVXlWbkl5ZFdFeVNqZHdPR1ZTUkdwbFNWSlNSSEV2Y2pjeVJGRnVUbE5wTm5FM2NIbHVVRGxYVVdORGF6TlNka3R4YzI1NWNsRXZNemt2TW00emNYTmxNSGRLWTBkRk1tcFVVMWN6YVVSV2RYbGpUbk5OYlRSb1NESmFNR3RrYTNGMVRTc3JkaTlsZFRaR1UzRmtVV2RRUTI1WVJYRlZUR3c0Um0xVWVGTlJaVVJPZEVkUVVFRlZUelp1U1ZCamFqSkJOemd4Y1RCMFNIVjFNbWQxVVU5SVdIWm5VakZ0TUhaa1dHTkVZWHAyTDNkdmNqTkZiR2hXYzFRdmFEVXZWM0pST0R3dlpITTZXRFV3T1VObGNuUnBabWxqWVhSbFBqd3ZaSE02V0RVd09VUmhkR0UrUEM5a2N6cExaWGxKYm1adlBqd3ZaSE02VTJsbmJtRjBkWEpsUGp4ellXMXNNanBUZFdKcVpXTjBQanh6WVcxc01qcE9ZVzFsU1VRZ1JtOXliV0YwUFNKMWNtNDZiMkZ6YVhNNmJtRnRaWE02ZEdNNlUwRk5URG94TGpFNmJtRnRaV2xrTFdadmNtMWhkRHBYYVc1a2IzZHpSRzl0WVdsdVVYVmhiR2xtYVdWa1RtRnRaU0lnVG1GdFpWRjFZV3hwWm1sbGNqMGlkMkZqTG1SaGN5NXRlV0YwYjNNdWJtVjBJajVCTmpRM01qUTFQQzl6WVcxc01qcE9ZVzFsU1VRK1BITmhiV3d5T2xOMVltcGxZM1JEYjI1bWFYSnRZWFJwYjI0Z1RXVjBhRzlrUFNKMWNtNDZiMkZ6YVhNNmJtRnRaWE02ZEdNNlUwRk5URG95TGpBNlkyMDZZbVZoY21WeUlqNDhjMkZ0YkRJNlUzVmlhbVZqZEVOdmJtWnBjbTFoZEdsdmJrUmhkR0VnU1c1U1pYTndiMjV6WlZSdlBTSmZNV1ExTm1WbU5tWTFOR0U1TURZMFpXRTFOalV4TkRsbE1XVXpOakExTkRRaUlFNXZkRTl1VDNKQlpuUmxjajBpTWpBeE9DMHdPQzB5TjFRd056bzFOem93Tmk0Mk1qTmFJaUJTWldOcGNHbGxiblE5SW1oMGRIQnpPaTh2ZFhKaExXRmhMbWwwTFhOdmJIVjBhVzl1Y3k1aGRHOXpMbTVsZEM5a1lXNWhMVzVoTDJGMWRHZ3ZjMkZ0YkMxamIyNXpkVzFsY2k1aloya2lMejQ4TDNOaGJXd3lPbE4xWW1wbFkzUkRiMjVtYVhKdFlYUnBiMjQrUEM5ellXMXNNanBUZFdKcVpXTjBQanh6WVcxc01qcERiMjVrYVhScGIyNXpJRTV2ZEVKbFptOXlaVDBpTWpBeE9DMHdPQzB5TjFRd056bzFNam93Tmk0Mk1qTmFJaUJPYjNSUGJrOXlRV1owWlhJOUlqSXdNVGd0TURndE1qZFVNRGM2TlRjNk1EWXVOakl6V2lJK1BITmhiV3d5T2tGMVpHbGxibU5sVW1WemRISnBZM1JwYjI0K1BITmhiV3d5T2tGMVpHbGxibU5sUG1oMGRIQnpPaTh2ZFhKaExXRmhMbWwwTFhOdmJIVjBhVzl1Y3k1aGRHOXpMbTVsZEM5a1lXNWhMVzVoTDJGMWRHZ3ZjMkZ0YkMxbGJtUndiMmx1ZEM1aloyay9jRDF6Y0RFOEwzTmhiV3d5T2tGMVpHbGxibU5sUGp3dmMyRnRiREk2UVhWa2FXVnVZMlZTWlhOMGNtbGpkR2x2Ymo0OEwzTmhiV3d5T2tOdmJtUnBkR2x2Ym5NK1BITmhiV3d5T2tGMWRHaHVVM1JoZEdWdFpXNTBJRUYxZEdodVNXNXpkR0Z1ZEQwaU1qQXhPQzB3T0MweU4xUXdOem8xTWpvek5TNDFNekJhSWlCVFpYTnphVzl1U1c1a1pYZzlJblYxYVdRdE9XUTJNek5pTkRrdFpURTJOQzAwWlRJeUxXSmhOR1l0T1dNell6RmlZalF5TnpjMklqNDhjMkZ0YkRJNlFYVjBhRzVEYjI1MFpYaDBQanh6WVcxc01qcEJkWFJvYmtOdmJuUmxlSFJEYkdGemMxSmxaajUxY200NmIyRnphWE02Ym1GdFpYTTZkR002VTBGTlREb3lMakE2WVdNNlkyeGhjM05sY3pwWU5UQTVQQzl6WVcxc01qcEJkWFJvYmtOdmJuUmxlSFJEYkdGemMxSmxaajQ4TDNOaGJXd3lPa0YxZEdodVEyOXVkR1Y0ZEQ0OEwzTmhiV3d5T2tGMWRHaHVVM1JoZEdWdFpXNTBQand2YzJGdGJESTZRWE56WlhKMGFXOXVQand2YzJGdGJESndPbEpsYzNCdmJuTmxQZz09IiBDb3JyZWxhdGlvbkJpbmRpbmc9IiIgVXJsRW5jb2RlPSJUcnVlIiAvPg0KICAgICAgICA8Rm9ybVBvc3RQYXJhbWV0ZXIgTmFtZT0iUmVsYXlTdGF0ZSIgVmFsdWU9Imh0dHBzOi8vdXJhLWFhLml0LXNvbHV0aW9ucy5hdG9zLm5ldC91cmEtc3NvIiBSZWNvcmRlZFZhbHVlPSJodHRwczovL3VyYS1hYS5pdC1zb2x1dGlvbnMuYXRvcy5uZXQvdXJhLXNzbyIgQ29ycmVsYXRpb25CaW5kaW5nPSIiIFVybEVuY29kZT0iVHJ1ZSIgLz4NCiAgICAgIDwvRm9ybVBvc3RIdHRwQm9keT4NCiAgICA8L1JlcXVlc3Q+DQogICAgPFJlcXVlc3QgTWV0aG9kPSJHRVQiIEd1aWQ9ImI0ZWRhZGYwLTI1YzgtNDNiOS05YzM1LTBmMWI4YzdlMGE2ZCIgVmVyc2lvbj0iMS4xIiBVcmw9Imh0dHBzOi8vdXJhLWFhLml0LXNvbHV0aW9ucy5hdG9zLm5ldC9kYW5hLW5hL2h0bWwvYmxhbmsuaHRtbCIgVGhpbmtUaW1lPSIyIiBUaW1lb3V0PSIzMDAiIFBhcnNlRGVwZW5kZW50UmVxdWVzdHM9IlRydWUiIEZvbGxvd1JlZGlyZWN0cz0iVHJ1ZSIgUmVjb3JkUmVzdWx0PSJUcnVlIiBDYWNoZT0iRmFsc2UiIFJlc3BvbnNlVGltZUdvYWw9IjAiIEVuY29kaW5nPSJ1dGYtOCIgRXhwZWN0ZWRIdHRwU3RhdHVzQ29kZT0iMCIgRXhwZWN0ZWRSZXNwb25zZVVybD0iIiBSZXBvcnRpbmdOYW1lPSIiIElnbm9yZUh0dHBTdGF0dXNDb2RlPSJGYWxzZSIgLz4NCiAgICA8UmVxdWVzdCBNZXRob2Q9IkdFVCIgR3VpZD0iZDRiOTU5MDgtNTk4YS00MzY1LTk0Y2EtZWFlNDA1OTI3OWNlIiBWZXJzaW9uPSIxLjEiIFVybD0iaHR0cHM6Ly91cmEtYWEuaXQtc29sdXRpb25zLmF0b3MubmV0L2RhbmEtbmEvYXV0aC91cmxfMTQvd2VsY29tZS5jZ2kiIFRoaW5rVGltZT0iMzUiIFRpbWVvdXQ9IjMwMCIgUGFyc2VEZXBlbmRlbnRSZXF1ZXN0cz0iVHJ1ZSIgRm9sbG93UmVkaXJlY3RzPSJUcnVlIiBSZWNvcmRSZXN1bHQ9IlRydWUiIENhY2hlPSJGYWxzZSIgUmVzcG9uc2VUaW1lR29hbD0iMCIgRW5jb2Rpbmc9InV0Zi04IiBFeHBlY3RlZEh0dHBTdGF0dXNDb2RlPSIwIiBFeHBlY3RlZFJlc3BvbnNlVXJsPSIiIFJlcG9ydGluZ05hbWU9IiIgSWdub3JlSHR0cFN0YXR1c0NvZGU9IkZhbHNlIj4NCiAgICAgIDxRdWVyeVN0cmluZ1BhcmFtZXRlcnM+DQogICAgICAgIDxRdWVyeVN0cmluZ1BhcmFtZXRlciBOYW1lPSJwIiBWYWx1ZT0icHJlYXV0aCIgUmVjb3JkZWRWYWx1ZT0icHJlYXV0aCIgQ29ycmVsYXRpb25CaW5kaW5nPSIiIFVybEVuY29kZT0iRmFsc2UiIFVzZVRvR3JvdXBSZXN1bHRzPSJGYWxzZSIgLz4NCiAgICAgICAgPFF1ZXJ5U3RyaW5nUGFyYW1ldGVyIE5hbWU9ImlkIiBWYWx1ZT0ic3RhdGVfMmU2MjhlN2FiZWFhMmZjYTFhOTkwODMzOGRmY2IwMGYiIFJlY29yZGVkVmFsdWU9InN0YXRlXzJlNjI4ZTdhYmVhYTJmY2ExYTk5MDgzMzhkZmNiMDBmIiBDb3JyZWxhdGlvbkJpbmRpbmc9IiIgVXJsRW5jb2RlPSJGYWxzZSIgVXNlVG9Hcm91cFJlc3VsdHM9IkZhbHNlIiAvPg0KICAgICAgICA8UXVlcnlTdHJpbmdQYXJhbWV0ZXIgTmFtZT0ic2lnbmluUmVhbG1JZCIgVmFsdWU9IjE4IiBSZWNvcmRlZFZhbHVlPSIxOCIgQ29ycmVsYXRpb25CaW5kaW5nPSIiIFVybEVuY29kZT0iRmFsc2UiIFVzZVRvR3JvdXBSZXN1bHRzPSJGYWxzZSIgLz4NCiAgICAgIDwvUXVlcnlTdHJpbmdQYXJhbWV0ZXJzPg0KICAgIDwvUmVxdWVzdD4NCiAgICA8UmVxdWVzdCBNZXRob2Q9IkdFVCIgR3VpZD0iOGVjYjhlOGItNmQ1YS00NmMxLWIzZjUtNDQyN2FhNDBmOTJhIiBWZXJzaW9uPSIxLjEiIFVybD0iaHR0cHM6Ly91cmEtYWEuaXQtc29sdXRpb25zLmF0b3MubmV0L2RhbmEtbmEvYXV0aC9zZXRjb29raWUuY2dpIiBUaGlua1RpbWU9IjIiIFRpbWVvdXQ9IjMwMCIgUGFyc2VEZXBlbmRlbnRSZXF1ZXN0cz0iVHJ1ZSIgRm9sbG93UmVkaXJlY3RzPSJUcnVlIiBSZWNvcmRSZXN1bHQ9IlRydWUiIENhY2hlPSJGYWxzZSIgUmVzcG9uc2VUaW1lR29hbD0iMCIgRW5jb2Rpbmc9InV0Zi04IiBFeHBlY3RlZEh0dHBTdGF0dXNDb2RlPSIwIiBFeHBlY3RlZFJlc3BvbnNlVXJsPSIiIFJlcG9ydGluZ05hbWU9IiIgSWdub3JlSHR0cFN0YXR1c0NvZGU9IkZhbHNlIiAvPg0KICAgIDxSZXF1ZXN0IE1ldGhvZD0iR0VUIiBHdWlkPSJhMzAzZmRjNi0xZWMzLTQwODUtOWJmNi03ZWFkMzA5ZWU1ZjYiIFZlcnNpb249IjEuMSIgVXJsPSJodHRwczovL3VyYS1hYS5pdC1zb2x1dGlvbnMuYXRvcy5uZXQvZGFuYS9ob21lL3N0YXJ0ZXIwLmNnaSIgVGhpbmtUaW1lPSIxIiBUaW1lb3V0PSIzMDAiIFBhcnNlRGVwZW5kZW50UmVxdWVzdHM9IlRydWUiIEZvbGxvd1JlZGlyZWN0cz0iVHJ1ZSIgUmVjb3JkUmVzdWx0PSJUcnVlIiBDYWNoZT0iRmFsc2UiIFJlc3BvbnNlVGltZUdvYWw9IjAiIEVuY29kaW5nPSJ1dGYtOCIgRXhwZWN0ZWRIdHRwU3RhdHVzQ29kZT0iMCIgRXhwZWN0ZWRSZXNwb25zZVVybD0iaHR0cHM6Ly91cmEtYWEuaXQtc29sdXRpb25zLmF0b3MubmV0L2RhbmEvaG9tZS9zdGFydGVyLmNnaSIgUmVwb3J0aW5nTmFtZT0iIiBJZ25vcmVIdHRwU3RhdHVzQ29kZT0iRmFsc2UiPg0KICAgICAgPEZvcm1Qb3N0SHR0cEJvZHk+DQogICAgICAgIDxGb3JtUG9zdFBhcmFtZXRlciBOYW1lPSJ4c2F1dGgiIFZhbHVlPSIzMTg3YjRjOWRhMDQxYmNjNWE5YTg5ZjRmMjVmODdkNCIgUmVjb3JkZWRWYWx1ZT0iMzE4N2I0YzlkYTA0MWJjYzVhOWE4OWY0ZjI1Zjg3ZDQiIENvcnJlbGF0aW9uQmluZGluZz0iIiBVcmxFbmNvZGU9IlRydWUiIC8+DQogICAgICAgIDxGb3JtUG9zdFBhcmFtZXRlciBOYW1lPSJ0el9vZmZzZXQiIFZhbHVlPSIzMzAiIFJlY29yZGVkVmFsdWU9IjMzMCIgQ29ycmVsYXRpb25CaW5kaW5nPSIiIFVybEVuY29kZT0iVHJ1ZSIgLz4NCiAgICAgICAgPEZvcm1Qb3N0UGFyYW1ldGVyIE5hbWU9ImNsaWVudHRpbWUiIFZhbHVlPSIxNTM1MzU2NDAzIiBSZWNvcmRlZFZhbHVlPSIxNTM1MzU2NDAzIiBDb3JyZWxhdGlvbkJpbmRpbmc9IiIgVXJsRW5jb2RlPSJUcnVlIiAvPg0KICAgICAgICA8Rm9ybVBvc3RQYXJhbWV0ZXIgTmFtZT0idXJsIiBWYWx1ZT0iIiBSZWNvcmRlZFZhbHVlPSIiIENvcnJlbGF0aW9uQmluZGluZz0iIiBVcmxFbmNvZGU9IlRydWUiIC8+DQogICAgICAgIDxGb3JtUG9zdFBhcmFtZXRlciBOYW1lPSJhY3RpdmV4X2VuYWJsZWQiIFZhbHVlPSIxIiBSZWNvcmRlZFZhbHVlPSIxIiBDb3JyZWxhdGlvbkJpbmRpbmc9IiIgVXJsRW5jb2RlPSJUcnVlIiAvPg0KICAgICAgICA8Rm9ybVBvc3RQYXJhbWV0ZXIgTmFtZT0iamF2YV9lbmFibGVkIiBWYWx1ZT0iMCIgUmVjb3JkZWRWYWx1ZT0iMCIgQ29ycmVsYXRpb25CaW5kaW5nPSIiIFVybEVuY29kZT0iVHJ1ZSIgLz4NCiAgICAgICAgPEZvcm1Qb3N0UGFyYW1ldGVyIE5hbWU9InBvd2VyX3VzZXIiIFZhbHVlPSIwIiBSZWNvcmRlZFZhbHVlPSIwIiBDb3JyZWxhdGlvbkJpbmRpbmc9IiIgVXJsRW5jb2RlPSJUcnVlIiAvPg0KICAgICAgICA8Rm9ybVBvc3RQYXJhbWV0ZXIgTmFtZT0iZ3JhYiIgVmFsdWU9IjEiIFJlY29yZGVkVmFsdWU9IjEiIENvcnJlbGF0aW9uQmluZGluZz0iIiBVcmxFbmNvZGU9IlRydWUiIC8+DQogICAgICAgIDxGb3JtUG9zdFBhcmFtZXRlciBOYW1lPSJicm93c2VycHJveHkiIFZhbHVlPSIiIFJlY29yZGVkVmFsdWU9IiIgQ29ycmVsYXRpb25CaW5kaW5nPSIiIFVybEVuY29kZT0iVHJ1ZSIgLz4NCiAgICAgICAgPEZvcm1Qb3N0UGFyYW1ldGVyIE5hbWU9ImJyb3dzZXJ0eXBlIiBWYWx1ZT0iIiBSZWNvcmRlZFZhbHVlPSIiIENvcnJlbGF0aW9uQmluZGluZz0iIiBVcmxFbmNvZGU9IlRydWUiIC8+DQogICAgICAgIDxGb3JtUG9zdFBhcmFtZXRlciBOYW1lPSJicm93c2VycHJveHlzZXR0aW5ncyIgVmFsdWU9IiIgUmVjb3JkZWRWYWx1ZT0iIiBDb3JyZWxhdGlvbkJpbmRpbmc9IiIgVXJsRW5jb2RlPSJUcnVlIiAvPg0KICAgICAgICA8Rm9ybVBvc3RQYXJhbWV0ZXIgTmFtZT0iY2hlY2siIFZhbHVlPSJ5ZXMiIFJlY29yZGVkVmFsdWU9InllcyIgQ29ycmVsYXRpb25CaW5kaW5nPSIiIFVybEVuY29kZT0iVHJ1ZSIgLz4NCiAgICAgIDwvRm9ybVBvc3RIdHRwQm9keT4NCiAgICA8L1JlcXVlc3Q+DQogICAgPFJlcXVlc3QgTWV0aG9kPSJHRVQiIEd1aWQ9IjhiYTZlZTc3LTVjZmUtNDYxZi1iMmUxLTNiOTEzN2EzNGNmOSIgVmVyc2lvbj0iMS4xIiBVcmw9Imh0dHBzOi8vdXJhLWFhLml0LXNvbHV0aW9ucy5hdG9zLm5ldC9kYW5hL2hvbWUvaW5kZXguY2dpIiBUaGlua1RpbWU9IjciIFRpbWVvdXQ9IjMwMCIgUGFyc2VEZXBlbmRlbnRSZXF1ZXN0cz0iVHJ1ZSIgRm9sbG93UmVkaXJlY3RzPSJUcnVlIiBSZWNvcmRSZXN1bHQ9IlRydWUiIENhY2hlPSJGYWxzZSIgUmVzcG9uc2VUaW1lR29hbD0iMCIgRW5jb2Rpbmc9InV0Zi04IiBFeHBlY3RlZEh0dHBTdGF0dXNDb2RlPSIwIiBFeHBlY3RlZFJlc3BvbnNlVXJsPSIiIFJlcG9ydGluZ05hbWU9IiIgSWdub3JlSHR0cFN0YXR1c0NvZGU9IkZhbHNlIiAvPg0KICAgIDxSZXF1ZXN0IE1ldGhvZD0iR0VUIiBHdWlkPSJmZjQzY2ZmYS1hOGVkLTQ2NDktODY3Mi0wYzdjMTg5ZjgxYWMiIFZlcnNpb249IjEuMSIgVXJsPSJodHRwczovL3VyYS1hYS5pdC1zb2x1dGlvbnMuYXRvcy5uZXQvZGFuYS9uYy9uY3J1bi5jZ2kiIFRoaW5rVGltZT0iMjIiIFRpbWVvdXQ9IjMwMCIgUGFyc2VEZXBlbmRlbnRSZXF1ZXN0cz0iVHJ1ZSIgRm9sbG93UmVkaXJlY3RzPSJUcnVlIiBSZWNvcmRSZXN1bHQ9IlRydWUiIENhY2hlPSJGYWxzZSIgUmVzcG9uc2VUaW1lR29hbD0iMCIgRW5jb2Rpbmc9InV0Zi04IiBFeHBlY3RlZEh0dHBTdGF0dXNDb2RlPSIwIiBFeHBlY3RlZFJlc3BvbnNlVXJsPSIiIFJlcG9ydGluZ05hbWU9IiIgSWdub3JlSHR0cFN0YXR1c0NvZGU9IkZhbHNlIj4NCiAgICAgIDxRdWVyeVN0cmluZ1BhcmFtZXRlcnM+DQogICAgICAgIDxRdWVyeVN0cmluZ1BhcmFtZXRlciBOYW1lPSJsYXVuY2hfbmMiIFZhbHVlPSIxIiBSZWNvcmRlZFZhbHVlPSIxIiBDb3JyZWxhdGlvbkJpbmRpbmc9IiIgVXJsRW5jb2RlPSJGYWxzZSIgVXNlVG9Hcm91cFJlc3VsdHM9IkZhbHNlIiAvPg0KICAgICAgICA8UXVlcnlTdHJpbmdQYXJhbWV0ZXIgTmFtZT0icHNhbGFwcCIgVmFsdWU9Im5jIiBSZWNvcmRlZFZhbHVlPSJuYyIgQ29ycmVsYXRpb25CaW5kaW5nPSIiIFVybEVuY29kZT0iRmFsc2UiIFVzZVRvR3JvdXBSZXN1bHRzPSJGYWxzZSIgLz4NCiAgICAgIDwvUXVlcnlTdHJpbmdQYXJhbWV0ZXJzPg0KICAgIDwvUmVxdWVzdD4NCiAgICA8UmVxdWVzdCBNZXRob2Q9IkdFVCIgR3VpZD0iYjVjYjUxNGMtYzc2MS00ZGZjLWFiYjQtM2ZjMDFhYTVhNDYzIiBWZXJzaW9uPSIxLjEiIFVybD0iaHR0cHM6Ly91cmEtYWEuaXQtc29sdXRpb25zLmF0b3MubmV0L2RhbmEtbmEvYXV0aC9yZC5jZ2kiIFRoaW5rVGltZT0iMCIgVGltZW91dD0iMzAwIiBQYXJzZURlcGVuZGVudFJlcXVlc3RzPSJUcnVlIiBGb2xsb3dSZWRpcmVjdHM9IlRydWUiIFJlY29yZFJlc3VsdD0iVHJ1ZSIgQ2FjaGU9IkZhbHNlIiBSZXNwb25zZVRpbWVHb2FsPSIwIiBFbmNvZGluZz0idXRmLTgiIEV4cGVjdGVkSHR0cFN0YXR1c0NvZGU9IjAiIEV4cGVjdGVkUmVzcG9uc2VVcmw9Imh0dHBzOi8vdXJhLWFhLml0LXNvbHV0aW9ucy5hdG9zLm5ldC9kYW5hL2hvbWUvaW5kZXguY2dpIiBSZXBvcnRpbmdOYW1lPSIiIElnbm9yZUh0dHBTdGF0dXNDb2RlPSJGYWxzZSI+DQogICAgICA8Rm9ybVBvc3RIdHRwQm9keT4NCiAgICAgICAgPEZvcm1Qb3N0UGFyYW1ldGVyIE5hbWU9IkRTUFNBTFBSRUYiIFZhbHVlPSI3cTJEV3h6bkRBQUJBQUFBMENTVlFWTUl4emZ3azREMHBOZHkyZ0x4TkhRZGUyZXIvUG54aDl3ZDdFbz0iIFJlY29yZGVkVmFsdWU9IjdxMkRXeHpuREFBQkFBQUEwQ1NWUVZNSXh6ZndrNEQwcE5keTJnTHhOSFFkZTJlci9QbnhoOXdkN0VvPSIgQ29ycmVsYXRpb25CaW5kaW5nPSIiIFVybEVuY29kZT0iVHJ1ZSIgLz4NCiAgICAgICAgPEZvcm1Qb3N0UGFyYW1ldGVyIE5hbWU9IkRTU2lnbkluVVJMIiBWYWx1ZT0iL3VyYS1zc28iIFJlY29yZGVkVmFsdWU9Ii91cmEtc3NvIiBDb3JyZWxhdGlvbkJpbmRpbmc9IiIgVXJsRW5jb2RlPSJUcnVlIiAvPg0KICAgICAgICA8Rm9ybVBvc3RQYXJhbWV0ZXIgTmFtZT0iRFNGaXJzdEFjY2VzcyIgVmFsdWU9IjE1MzUzNTYzOTciIFJlY29yZGVkVmFsdWU9IjE1MzUzNTYzOTciIENvcnJlbGF0aW9uQmluZGluZz0iIiBVcmxFbmNvZGU9IlRydWUiIC8+DQogICAgICAgIDxGb3JtUG9zdFBhcmFtZXRlciBOYW1lPSJEU1NJR05JTiIgVmFsdWU9InVybF8xNCIgUmVjb3JkZWRWYWx1ZT0idXJsXzE0IiBDb3JyZWxhdGlvbkJpbmRpbmc9IiIgVXJsRW5jb2RlPSJUcnVlIiAvPg0KICAgICAgICA8Rm9ybVBvc3RQYXJhbWV0ZXIgTmFtZT0iRFNMYXN0QWNjZXNzIiBWYWx1ZT0iMTUzNTM1NjQxMCIgUmVjb3JkZWRWYWx1ZT0iMTUzNTM1NjQxMCIgQ29ycmVsYXRpb25CaW5kaW5nPSIiIFVybEVuY29kZT0iVHJ1ZSIgLz4NCiAgICAgICAgPEZvcm1Qb3N0UGFyYW1ldGVyIE5hbWU9IkRTSUQiIFZhbHVlPSI5OTQ5YWRiZjQ5MjVhZDRiZDQ4ZTExMGE0YTY4OTljZCIgUmVjb3JkZWRWYWx1ZT0iOTk0OWFkYmY0OTI1YWQ0YmQ0OGUxMTBhNGE2ODk5Y2QiIENvcnJlbGF0aW9uQmluZGluZz0iIiBVcmxFbmNvZGU9IlRydWUiIC8+DQogICAgICAgIDxGb3JtUG9zdFBhcmFtZXRlciBOYW1lPSJGSURNX0xvY2FsZSIgVmFsdWU9ImVuX1VTIiBSZWNvcmRlZFZhbHVlPSJlbl9VUyIgQ29ycmVsYXRpb25CaW5kaW5nPSIiIFVybEVuY29kZT0iVHJ1ZSIgLz4NCiAgICAgIDwvRm9ybVBvc3RIdHRwQm9keT4NCiAgICA8L1JlcXVlc3Q+DQogICAgPFJlcXVlc3QgTWV0aG9kPSJHRVQiIEd1aWQ9IjRhZWI1NGYzLWFjYjctNDAxMy04ZjZkLTI1NDYwYmY2MmVjMCIgVmVyc2lvbj0iMS4xIiBVcmw9Imh0dHBzOi8vd3d3Lm1zbi5jb20vc3BhcnRhbi9pZW50cCIgVGhpbmtUaW1lPSIxIiBUaW1lb3V0PSIzMDAiIFBhcnNlRGVwZW5kZW50UmVxdWVzdHM9IlRydWUiIEZvbGxvd1JlZGlyZWN0cz0iVHJ1ZSIgUmVjb3JkUmVzdWx0PSJUcnVlIiBDYWNoZT0iRmFsc2UiIFJlc3BvbnNlVGltZUdvYWw9IjAiIEVuY29kaW5nPSJ1dGYtOCIgRXhwZWN0ZWRIdHRwU3RhdHVzQ29kZT0iMCIgRXhwZWN0ZWRSZXNwb25zZVVybD0iIiBSZXBvcnRpbmdOYW1lPSIiIElnbm9yZUh0dHBTdGF0dXNDb2RlPSJGYWxzZSI+DQogICAgICA8RGVwZW5kZW50UmVxdWVzdHM+DQogICAgICAgIDxSZXF1ZXN0IE1ldGhvZD0iR0VUIiBHdWlkPSI0NmQ4MDc2OC0yZjRiLTRhMzItOTczOS0zM2VmODkyODFkZGMiIFZlcnNpb249IjEuMSIgVXJsPSJodHRwczovL3N0YXRpYy1zcGFydGFuLWVhcy1zLW1zbi1jb20uYWthbWFpemVkLm5ldC9zYy80OC9hN2I2MWQud29mZiIgVGhpbmtUaW1lPSIwIiBUaW1lb3V0PSIzMDAiIFBhcnNlRGVwZW5kZW50UmVxdWVzdHM9IlRydWUiIEZvbGxvd1JlZGlyZWN0cz0iVHJ1ZSIgUmVjb3JkUmVzdWx0PSJUcnVlIiBDYWNoZT0iRmFsc2UiIFJlc3BvbnNlVGltZUdvYWw9IjAiIEVuY29kaW5nPSJ1dGYtOCIgRXhwZWN0ZWRIdHRwU3RhdHVzQ29kZT0iMCIgRXhwZWN0ZWRSZXNwb25zZVVybD0iIiBSZXBvcnRpbmdOYW1lPSIiIElnbm9yZUh0dHBTdGF0dXNDb2RlPSJGYWxzZSI+DQogICAgICAgICAgPEhlYWRlcnM+DQogICAgICAgICAgICA8SGVhZGVyIE5hbWU9IlJlZmVyZXIiIFZhbHVlPSJodHRwczovL3d3dy5tc24uY29tL3NwYXJ0YW4vaWVudHA/bG9jYWxlPWVuLUlOJmFtcDttYXJrZXQ9SU4mYW1wO2VuYWJsZXJlZ3VsYXRvcnlwc209MCZhbXA7TlRMb2dvPTEmYW1wO0lzRlJFPTAiIC8+DQogICAgICAgICAgPC9IZWFkZXJzPg0KICAgICAgICA8L1JlcXVlc3Q+DQogICAgICAgIDxSZXF1ZXN0IE1ldGhvZD0iR0VUIiBHdWlkPSI5M2U1NzJhOC05NThiLTQ3Y2EtYjBjOC0wZTAzNWMyMmZhMTgiIFZlcnNpb249IjEuMSIgVXJsPSJodHRwczovL3N0YXRpYy1zcGFydGFuLWVhcy1zLW1zbi1jb20uYWthbWFpemVkLm5ldC9zYy85Mi9kNjc1YzQud29mZiIgVGhpbmtUaW1lPSIwIiBUaW1lb3V0PSIzMDAiIFBhcnNlRGVwZW5kZW50UmVxdWVzdHM9IlRydWUiIEZvbGxvd1JlZGlyZWN0cz0iVHJ1ZSIgUmVjb3JkUmVzdWx0PSJUcnVlIiBDYWNoZT0iRmFsc2UiIFJlc3BvbnNlVGltZUdvYWw9IjAiIEVuY29kaW5nPSJ1dGYtOCIgRXhwZWN0ZWRIdHRwU3RhdHVzQ29kZT0iMCIgRXhwZWN0ZWRSZXNwb25zZVVybD0iIiBSZXBvcnRpbmdOYW1lPSIiIElnbm9yZUh0dHBTdGF0dXNDb2RlPSJGYWxzZSI+DQogICAgICAgICAgPEhlYWRlcnM+DQogICAgICAgICAgICA8SGVhZGVyIE5hbWU9IlJlZmVyZXIiIFZhbHVlPSJodHRwczovL3d3dy5tc24uY29tL3NwYXJ0YW4vaWVudHA/bG9jYWxlPWVuLUlOJmFtcDttYXJrZXQ9SU4mYW1wO2VuYWJsZXJlZ3VsYXRvcnlwc209MCZhbXA7TlRMb2dvPTEmYW1wO0lzRlJFPTAiIC8+DQogICAgICAgICAgPC9IZWFkZXJzPg0KICAgICAgICA8L1JlcXVlc3Q+DQogICAgICAgIDxSZXF1ZXN0IE1ldGhvZD0iR0VUIiBHdWlkPSI3MmI0ZDg3Yy03YWM3LTQxZDgtYmQ0Yy01YzUzYmIyYzA2YTMiIFZlcnNpb249IjEuMSIgVXJsPSJodHRwczovL3d3dy5tc24uY29tL3NwYXJ0YW4vZW4tc2cvaWVudHBhamF4IiBUaGlua1RpbWU9IjAiIFRpbWVvdXQ9IjMwMCIgUGFyc2VEZXBlbmRlbnRSZXF1ZXN0cz0iVHJ1ZSIgRm9sbG93UmVkaXJlY3RzPSJUcnVlIiBSZWNvcmRSZXN1bHQ9IlRydWUiIENhY2hlPSJGYWxzZSIgUmVzcG9uc2VUaW1lR29hbD0iMCIgRW5jb2Rpbmc9InV0Zi04IiBFeHBlY3RlZEh0dHBTdGF0dXNDb2RlPSIwIiBFeHBlY3RlZFJlc3BvbnNlVXJsPSIiIFJlcG9ydGluZ05hbWU9IiIgSWdub3JlSHR0cFN0YXR1c0NvZGU9IkZhbHNlIj4NCiAgICAgICAgICA8SGVhZGVycz4NCiAgICAgICAgICAgIDxIZWFkZXIgTmFtZT0iQ29udGVudC1UeXBlIiBWYWx1ZT0iaHRtbCIgLz4NCiAgICAgICAgICAgIDxIZWFkZXIgTmFtZT0iUmVmZXJlciIgVmFsdWU9Imh0dHBzOi8vd3d3Lm1zbi5jb20vc3BhcnRhbi9pZW50cD9sb2NhbGU9ZW4tSU4mYW1wO21hcmtldD1JTiZhbXA7ZW5hYmxlcmVndWxhdG9yeXBzbT0wJmFtcDtOVExvZ289MSZhbXA7SXNGUkU9MCIgLz4NCiAgICAgICAgICA8L0hlYWRlcnM+DQogICAgICAgICAgPENvcnJlbGF0aW9uRXh0cmFjdGlvblJ1bGVzPg0KICAgICAgICAgICAgPEV4dHJhY3Rpb25SdWxlIENsYXNzbmFtZT0iTWljcm9zb2Z0LlZpc3VhbFN0dWRpby5UZXN0VG9vbHMuV2ViVGVzdGluZy5SdWxlcy5FeHRyYWN0VGV4dCwgTWljcm9zb2Z0LlZpc3VhbFN0dWRpby5RdWFsaXR5VG9vbHMuV2ViVGVzdEZyYW1ld29yaywgVmVyc2lvbj0xMC4wLjAuMCwgQ3VsdHVyZT1uZXV0cmFsLCBQdWJsaWNLZXlUb2tlbj1iMDNmNWY3ZjExZDUwYTNhIiBWYXJpYWJsZU5hbWU9IlF1ZXJ5U3RyaW5nUGFyYW0yNS5mZGhlYWQiIERpc3BsYXlOYW1lPSIiIERlc2NyaXB0aW9uPSIiPg0KICAgICAgICAgICAgICA8UnVsZVBhcmFtZXRlcnM+DQogICAgICAgICAgICAgICAgPFJ1bGVQYXJhbWV0ZXIgTmFtZT0iU3RhcnRzV2l0aCIgVmFsdWU9IiZhbXA7YW1wO2ZkaGVhZD0iIC8+DQogICAgICAgICAgICAgICAgPFJ1bGVQYXJhbWV0ZXIgTmFtZT0iRW5kc1dpdGgiIFZhbHVlPSImYW1wOyIgLz4NCiAgICAgICAgICAgICAgICA8UnVsZVBhcmFtZXRlciBOYW1lPSJJbmRleCIgVmFsdWU9IjAiIC8+DQogICAgICAgICAgICAgICAgPFJ1bGVQYXJhbWV0ZXIgTmFtZT0iSWdub3JlQ2FzZSIgVmFsdWU9IkZhbHNlIiAvPg0KICAgICAgICAgICAgICAgIDxSdWxlUGFyYW1ldGVyIE5hbWU9IlVzZVJlZ3VsYXJFeHByZXNzaW9uIiBWYWx1ZT0iRmFsc2UiIC8+DQogICAgICAgICAgICAgICAgPFJ1bGVQYXJhbWV0ZXIgTmFtZT0iSHRtbERlY29kZSIgVmFsdWU9IlRydWUiIC8+DQogICAgICAgICAgICAgICAgPFJ1bGVQYXJhbWV0ZXIgTmFtZT0iUmVxdWlyZWQiIFZhbHVlPSJGYWxzZSIgLz4NCiAgICAgICAgICAgICAgPC9SdWxlUGFyYW1ldGVycz4NCiAgICAgICAgICAgIDwvRXh0cmFjdGlvblJ1bGU+DQogICAgICAgICAgICA8RXh0cmFjdGlvblJ1bGUgQ2xhc3NuYW1lPSJNaWNyb3NvZnQuVmlzdWFsU3R1ZGlvLlRlc3RUb29scy5XZWJUZXN0aW5nLlJ1bGVzLkV4dHJhY3RUZXh0LCBNaWNyb3NvZnQuVmlzdWFsU3R1ZGlvLlF1YWxpdHlUb29scy5XZWJUZXN0RnJhbWV3b3JrLCBWZXJzaW9uPTEwLjAuMC4wLCBDdWx0dXJlPW5ldXRyYWwsIFB1YmxpY0tleVRva2VuPWIwM2Y1ZjdmMTFkNTBhM2EiIFZhcmlhYmxlTmFtZT0iUXVlcnlTdHJpbmdQYXJhbTI2LmNzb3BkIiBEaXNwbGF5TmFtZT0iIiBEZXNjcmlwdGlvbj0iIj4NCiAgICAgICAgICAgICAgPFJ1bGVQYXJhbWV0ZXJzPg0KICAgICAgICAgICAgICAgIDxSdWxlUGFyYW1ldGVyIE5hbWU9IlN0YXJ0c1dpdGgiIFZhbHVlPSImYW1wO2FtcDtjc29wZD0iIC8+DQogICAgICAgICAgICAgICAgPFJ1bGVQYXJhbWV0ZXIgTmFtZT0iRW5kc1dpdGgiIFZhbHVlPSImYW1wOyIgLz4NCiAgICAgICAgICAgICAgICA8UnVsZVBhcmFtZXRlciBOYW1lPSJJbmRleCIgVmFsdWU9IjAiIC8+DQogICAgICAgICAgICAgICAgPFJ1bGVQYXJhbWV0ZXIgTmFtZT0iSWdub3JlQ2FzZSIgVmFsdWU9IkZhbHNlIiAvPg0KICAgICAgICAgICAgICAgIDxSdWxlUGFyYW1ldGVyIE5hbWU9IlVzZVJlZ3VsYXJFeHByZXNzaW9uIiBWYWx1ZT0iRmFsc2UiIC8+DQogICAgICAgICAgICAgICAgPFJ1bGVQYXJhbWV0ZXIgTmFtZT0iSHRtbERlY29kZSIgVmFsdWU9IlRydWUiIC8+DQogICAgICAgICAgICAgICAgPFJ1bGVQYXJhbWV0ZXIgTmFtZT0iUmVxdWlyZWQiIFZhbHVlPSJGYWxzZSIgLz4NCiAgICAgICAgICAgICAgPC9SdWxlUGFyYW1ldGVycz4NCiAgICAgICAgICAgIDwvRXh0cmFjdGlvblJ1bGU+DQogICAgICAgICAgICA8RXh0cmFjdGlvblJ1bGUgQ2xhc3NuYW1lPSJNaWNyb3NvZnQuVmlzdWFsU3R1ZGlvLlRlc3RUb29scy5XZWJUZXN0aW5nLlJ1bGVzLkV4dHJhY3RUZXh0LCBNaWNyb3NvZnQuVmlzdWFsU3R1ZGlvLlF1YWxpdHlUb29scy5XZWJUZXN0RnJhbWV3b3JrLCBWZXJzaW9uPTEwLjAuMC4wLCBDdWx0dXJlPW5ldXRyYWwsIFB1YmxpY0tleVRva2VuPWIwM2Y1ZjdmMTFkNTBhM2EiIFZhcmlhYmxlTmFtZT0iUXVlcnlTdHJpbmdQYXJhbTI3LmNzb3BkYiIgRGlzcGxheU5hbWU9IiIgRGVzY3JpcHRpb249IiI+DQogICAgICAgICAgICAgIDxSdWxlUGFyYW1ldGVycz4NCiAgICAgICAgICAgICAgICA8UnVsZVBhcmFtZXRlciBOYW1lPSJTdGFydHNXaXRoIiBWYWx1ZT0iJmFtcDthbXA7Y3NvcGRiPSIgLz4NCiAgICAgICAgICAgICAgICA8UnVsZVBhcmFtZXRlciBOYW1lPSJFbmRzV2l0aCIgVmFsdWU9IiZxdW90OyIgLz4NCiAgICAgICAgICAgICAgICA8UnVsZVBhcmFtZXRlciBOYW1lPSJJbmRleCIgVmFsdWU9IjAiIC8+DQogICAgICAgICAgICAgICAgPFJ1bGVQYXJhbWV0ZXIgTmFtZT0iSWdub3JlQ2FzZSIgVmFsdWU9IkZhbHNlIiAvPg0KICAgICAgICAgICAgICAgIDxSdWxlUGFyYW1ldGVyIE5hbWU9IlVzZVJlZ3VsYXJFeHByZXNzaW9uIiBWYWx1ZT0iRmFsc2UiIC8+DQogICAgICAgICAgICAgICAgPFJ1bGVQYXJhbWV0ZXIgTmFtZT0iSHRtbERlY29kZSIgVmFsdWU9IlRydWUiIC8+DQogICAgICAgICAgICAgICAgPFJ1bGVQYXJhbWV0ZXIgTmFtZT0iUmVxdWlyZWQiIFZhbHVlPSJGYWxzZSIgLz4NCiAgICAgICAgICAgICAgPC9SdWxlUGFyYW1ldGVycz4NCiAgICAgICAgICAgIDwvRXh0cmFjdGlvblJ1bGU+DQogICAgICAgICAgICA8RXh0cmFjdGlvblJ1bGUgQ2xhc3NuYW1lPSJNaWNyb3NvZnQuVmlzdWFsU3R1ZGlvLlRlc3RUb29scy5XZWJUZXN0aW5nLlJ1bGVzLkV4dHJhY3RUZXh0LCBNaWNyb3NvZnQuVmlzdWFsU3R1ZGlvLlF1YWxpdHlUb29scy5XZWJUZXN0RnJhbWV3b3JrLCBWZXJzaW9uPTEwLjAuMC4wLCBDdWx0dXJlPW5ldXRyYWwsIFB1YmxpY0tleVRva2VuPWIwM2Y1ZjdmMTFkNTBhM2EiIFZhcmlhYmxlTmFtZT0iUXVlcnlTdHJpbmdQYXJhbTM1LmZkaGVhZCIgRGlzcGxheU5hbWU9IiIgRGVzY3JpcHRpb249IiI+DQogICAgICAgICAgICAgIDxSdWxlUGFyYW1ldGVycz4NCiAgICAgICAgICAgICAgICA8UnVsZVBhcmFtZXRlciBOYW1lPSJTdGFydHNXaXRoIiBWYWx1ZT0iJmFtcDthbXA7ZmRoZWFkPSIgLz4NCiAgICAgICAgICAgICAgICA8UnVsZVBhcmFtZXRlciBOYW1lPSJFbmRzV2l0aCIgVmFsdWU9IiZhbXA7IiAvPg0KICAgICAgICAgICAgICAgIDxSdWxlUGFyYW1ldGVyIE5hbWU9IkluZGV4IiBWYWx1ZT0iMCIgLz4NCiAgICAgICAgICAgICAgICA8UnVsZVBhcmFtZXRlciBOYW1lPSJJZ25vcmVDYXNlIiBWYWx1ZT0iRmFsc2UiIC8+DQogICAgICAgICAgICAgICAgPFJ1bGVQYXJhbWV0ZXIgTmFtZT0iVXNlUmVndWxhckV4cHJlc3Npb24iIFZhbHVlPSJGYWxzZSIgLz4NCiAgICAgICAgICAgICAgICA8UnVsZVBhcmFtZXRlciBOYW1lPSJIdG1sRGVjb2RlIiBWYWx1ZT0iVHJ1ZSIgLz4NCiAgICAgICAgICAgICAgICA8UnVsZVBhcmFtZXRlciBOYW1lPSJSZXF1aXJlZCIgVmFsdWU9IkZhbHNlIiAvPg0KICAgICAgICAgICAgICA8L1J1bGVQYXJhbWV0ZXJzPg0KICAgICAgICAgICAgPC9FeHRyYWN0aW9uUnVsZT4NCiAgICAgICAgICAgIDxFeHRyYWN0aW9uUnVsZSBDbGFzc25hbWU9Ik1pY3Jvc29mdC5WaXN1YWxTdHVkaW8uVGVzdFRvb2xzLldlYlRlc3RpbmcuUnVsZXMuRXh0cmFjdFRleHQsIE1pY3Jvc29mdC5WaXN1YWxTdHVkaW8uUXVhbGl0eVRvb2xzLldlYlRlc3RGcmFtZXdvcmssIFZlcnNpb249MTAuMC4wLjAsIEN1bHR1cmU9bmV1dHJhbCwgUHVibGljS2V5VG9rZW49YjAzZjVmN2YxMWQ1MGEzYSIgVmFyaWFibGVOYW1lPSJRdWVyeVN0cmluZ1BhcmFtMzYuY3NvcGQiIERpc3BsYXlOYW1lPSIiIERlc2NyaXB0aW9uPSIiPg0KICAgICAgICAgICAgICA8UnVsZVBhcmFtZXRlcnM+DQogICAgICAgICAgICAgICAgPFJ1bGVQYXJhbWV0ZXIgTmFtZT0iU3RhcnRzV2l0aCIgVmFsdWU9IiZhbXA7YW1wO2Nzb3BkPSIgLz4NCiAgICAgICAgICAgICAgICA8UnVsZVBhcmFtZXRlciBOYW1lPSJFbmRzV2l0aCIgVmFsdWU9IiZhbXA7IiAvPg0KICAgICAgICAgICAgICAgIDxSdWxlUGFyYW1ldGVyIE5hbWU9IkluZGV4IiBWYWx1ZT0iMCIgLz4NCiAgICAgICAgICAgICAgICA8UnVsZVBhcmFtZXRlciBOYW1lPSJJZ25vcmVDYXNlIiBWYWx1ZT0iRmFsc2UiIC8+DQogICAgICAgICAgICAgICAgPFJ1bGVQYXJhbWV0ZXIgTmFtZT0iVXNlUmVndWxhckV4cHJlc3Npb24iIFZhbHVlPSJGYWxzZSIgLz4NCiAgICAgICAgICAgICAgICA8UnVsZVBhcmFtZXRlciBOYW1lPSJIdG1sRGVjb2RlIiBWYWx1ZT0iVHJ1ZSIgLz4NCiAgICAgICAgICAgICAgICA8UnVsZVBhcmFtZXRlciBOYW1lPSJSZXF1aXJlZCIgVmFsdWU9IkZhbHNlIiAvPg0KICAgICAgICAgICAgICA8L1J1bGVQYXJhbWV0ZXJzPg0KICAgICAgICAgICAgPC9FeHRyYWN0aW9uUnVsZT4NCiAgICAgICAgICAgIDxFeHRyYWN0aW9uUnVsZSBDbGFzc25hbWU9Ik1pY3Jvc29mdC5WaXN1YWxTdHVkaW8uVGVzdFRvb2xzLldlYlRlc3RpbmcuUnVsZXMuRXh0cmFjdFRleHQsIE1pY3Jvc29mdC5WaXN1YWxTdHVkaW8uUXVhbGl0eVRvb2xzLldlYlRlc3RGcmFtZXdvcmssIFZlcnNpb249MTAuMC4wLjAsIEN1bHR1cmU9bmV1dHJhbCwgUHVibGljS2V5VG9rZW49YjAzZjVmN2YxMWQ1MGEzYSIgVmFyaWFibGVOYW1lPSJRdWVyeVN0cmluZ1BhcmFtMzcuY3NvcGRiIiBEaXNwbGF5TmFtZT0iIiBEZXNjcmlwdGlvbj0iIj4NCiAgICAgICAgICAgICAgPFJ1bGVQYXJhbWV0ZXJzPg0KICAgICAgICAgICAgICAgIDxSdWxlUGFyYW1ldGVyIE5hbWU9IlN0YXJ0c1dpdGgiIFZhbHVlPSImYW1wO2FtcDtjc29wZGI9IiAvPg0KICAgICAgICAgICAgICAgIDxSdWxlUGFyYW1ldGVyIE5hbWU9IkVuZHNXaXRoIiBWYWx1ZT0iJnF1b3Q7IiAvPg0KICAgICAgICAgICAgICAgIDxSdWxlUGFyYW1ldGVyIE5hbWU9IkluZGV4IiBWYWx1ZT0iMCIgLz4NCiAgICAgICAgICAgICAgICA8UnVsZVBhcmFtZXRlciBOYW1lPSJJZ25vcmVDYXNlIiBWYWx1ZT0iRmFsc2UiIC8+DQogICAgICAgICAgICAgICAgPFJ1bGVQYXJhbWV0ZXIgTmFtZT0iVXNlUmVndWxhckV4cHJlc3Npb24iIFZhbHVlPSJGYWxzZSIgLz4NCiAgICAgICAgICAgICAgICA8UnVsZVBhcmFtZXRlciBOYW1lPSJIdG1sRGVjb2RlIiBWYWx1ZT0iVHJ1ZSIgLz4NCiAgICAgICAgICAgICAgICA8UnVsZVBhcmFtZXRlciBOYW1lPSJSZXF1aXJlZCIgVmFsdWU9IkZhbHNlIiAvPg0KICAgICAgICAgICAgICA8L1J1bGVQYXJhbWV0ZXJzPg0KICAgICAgICAgICAgPC9FeHRyYWN0aW9uUnVsZT4NCiAgICAgICAgICAgIDxFeHRyYWN0aW9uUnVsZSBDbGFzc25hbWU9Ik1pY3Jvc29mdC5WaXN1YWxTdHVkaW8uVGVzdFRvb2xzLldlYlRlc3RpbmcuUnVsZXMuRXh0cmFjdFRleHQsIE1pY3Jvc29mdC5WaXN1YWxTdHVkaW8uUXVhbGl0eVRvb2xzLldlYlRlc3RGcmFtZXdvcmssIFZlcnNpb249MTAuMC4wLjAsIEN1bHR1cmU9bmV1dHJhbCwgUHVibGljS2V5VG9rZW49YjAzZjVmN2YxMWQ1MGEzYSIgVmFyaWFibGVOYW1lPSJRdWVyeVN0cmluZ1BhcmFtNDkuY3QiIERpc3BsYXlOYW1lPSIiIERlc2NyaXB0aW9uPSIiPg0KICAgICAgICAgICAgICA8UnVsZVBhcmFtZXRlcnM+DQogICAgICAgICAgICAgICAgPFJ1bGVQYXJhbWV0ZXIgTmFtZT0iU3RhcnRzV2l0aCIgVmFsdWU9IiZhbXA7YW1wO2N0PSIgLz4NCiAgICAgICAgICAgICAgICA8UnVsZVBhcmFtZXRlciBOYW1lPSJFbmRzV2l0aCIgVmFsdWU9IiZhbXA7IiAvPg0KICAgICAgICAgICAgICAgIDxSdWxlUGFyYW1ldGVyIE5hbWU9IkluZGV4IiBWYWx1ZT0iMCIgLz4NCiAgICAgICAgICAgICAgICA8UnVsZVBhcmFtZXRlciBOYW1lPSJJZ25vcmVDYXNlIiBWYWx1ZT0iRmFsc2UiIC8+DQogICAgICAgICAgICAgICAgPFJ1bGVQYXJhbWV0ZXIgTmFtZT0iVXNlUmVndWxhckV4cHJlc3Npb24iIFZhbHVlPSJGYWxzZSIgLz4NCiAgICAgICAgICAgICAgICA8UnVsZVBhcmFtZXRlciBOYW1lPSJIdG1sRGVjb2RlIiBWYWx1ZT0iVHJ1ZSIgLz4NCiAgICAgICAgICAgICAgICA8UnVsZVBhcmFtZXRlciBOYW1lPSJSZXF1aXJlZCIgVmFsdWU9IkZhbHNlIiAvPg0KICAgICAgICAgICAgICA8L1J1bGVQYXJhbWV0ZXJzPg0KICAgICAgICAgICAgPC9FeHRyYWN0aW9uUnVsZT4NCiAgICAgICAgICAgIDxFeHRyYWN0aW9uUnVsZSBDbGFzc25hbWU9Ik1pY3Jvc29mdC5WaXN1YWxTdHVkaW8uVGVzdFRvb2xzLldlYlRlc3RpbmcuUnVsZXMuRXh0cmFjdFRleHQsIE1pY3Jvc29mdC5WaXN1YWxTdHVkaW8uUXVhbGl0eVRvb2xzLldlYlRlc3RGcmFtZXdvcmssIFZlcnNpb249MTAuMC4wLjAsIEN1bHR1cmU9bmV1dHJhbCwgUHVibGljS2V5VG9rZW49YjAzZjVmN2YxMWQ1MGEzYSIgVmFyaWFibGVOYW1lPSJRdWVyeVN0cmluZ1BhcmFtNTAud3JlcGx5IiBEaXNwbGF5TmFtZT0iIiBEZXNjcmlwdGlvbj0iIj4NCiAgICAgICAgICAgICAgPFJ1bGVQYXJhbWV0ZXJzPg0KICAgICAgICAgICAgICAgIDxSdWxlUGFyYW1ldGVyIE5hbWU9IlN0YXJ0c1dpdGgiIFZhbHVlPSImYW1wO2FtcDt3cmVwbHk9IiAvPg0KICAgICAgICAgICAgICAgIDxSdWxlUGFyYW1ldGVyIE5hbWU9IkVuZHNXaXRoIiBWYWx1ZT0iJmFtcDsiIC8+DQogICAgICAgICAgICAgICAgPFJ1bGVQYXJhbWV0ZXIgTmFtZT0iSW5kZXgiIFZhbHVlPSIwIiAvPg0KICAgICAgICAgICAgICAgIDxSdWxlUGFyYW1ldGVyIE5hbWU9Iklnbm9yZUNhc2UiIFZhbHVlPSJGYWxzZSIgLz4NCiAgICAgICAgICAgICAgICA8UnVsZVBhcmFtZXRlciBOYW1lPSJVc2VSZWd1bGFyRXhwcmVzc2lvbiIgVmFsdWU9IkZhbHNlIiAvPg0KICAgICAgICAgICAgICAgIDxSdWxlUGFyYW1ldGVyIE5hbWU9Ikh0bWxEZWNvZGUiIFZhbHVlPSJUcnVlIiAvPg0KICAgICAgICAgICAgICAgIDxSdWxlUGFyYW1ldGVyIE5hbWU9IlJlcXVpcmVkIiBWYWx1ZT0iRmFsc2UiIC8+DQogICAgICAgICAgICAgIDwvUnVsZVBhcmFtZXRlcnM+DQogICAgICAgICAgICA8L0V4dHJhY3Rpb25SdWxlPg0KICAgICAgICAgICAgPEV4dHJhY3Rpb25SdWxlIENsYXNzbmFtZT0iTWljcm9zb2Z0LlZpc3VhbFN0dWRpby5UZXN0VG9vbHMuV2ViVGVzdGluZy5SdWxlcy5FeHRyYWN0VGV4dCwgTWljcm9zb2Z0LlZpc3VhbFN0dWRpby5RdWFsaXR5VG9vbHMuV2ViVGVzdEZyYW1ld29yaywgVmVyc2lvbj0xMC4wLjAuMCwgQ3VsdHVyZT1uZXV0cmFsLCBQdWJsaWNLZXlUb2tlbj1iMDNmNWY3ZjExZDUwYTNhIiBWYXJpYWJsZU5hbWU9IlF1ZXJ5U3RyaW5nUGFyYW05My5mZGhlYWQiIERpc3BsYXlOYW1lPSIiIERlc2NyaXB0aW9uPSIiPg0KICAgICAgICAgICAgICA8UnVsZVBhcmFtZXRlcnM+DQogICAgICAgICAgICAgICAgPFJ1bGVQYXJhbWV0ZXIgTmFtZT0iU3RhcnRzV2l0aCIgVmFsdWU9IiZhbXA7YW1wO2ZkaGVhZD0iIC8+DQogICAgICAgICAgICAgICAgPFJ1bGVQYXJhbWV0ZXIgTmFtZT0iRW5kc1dpdGgiIFZhbHVlPSImYW1wOyIgLz4NCiAgICAgICAgICAgICAgICA8UnVsZVBhcmFtZXRlciBOYW1lPSJJbmRleCIgVmFsdWU9IjAiIC8+DQogICAgICAgICAgICAgICAgPFJ1bGVQYXJhbWV0ZXIgTmFtZT0iSWdub3JlQ2FzZSIgVmFsdWU9IkZhbHNlIiAvPg0KICAgICAgICAgICAgICAgIDxSdWxlUGFyYW1ldGVyIE5hbWU9IlVzZVJlZ3VsYXJFeHByZXNzaW9uIiBWYWx1ZT0iRmFsc2UiIC8+DQogICAgICAgICAgICAgICAgPFJ1bGVQYXJhbWV0ZXIgTmFtZT0iSHRtbERlY29kZSIgVmFsdWU9IlRydWUiIC8+DQogICAgICAgICAgICAgICAgPFJ1bGVQYXJhbWV0ZXIgTmFtZT0iUmVxdWlyZWQiIFZhbHVlPSJGYWxzZSIgLz4NCiAgICAgICAgICAgICAgPC9SdWxlUGFyYW1ldGVycz4NCiAgICAgICAgICAgIDwvRXh0cmFjdGlvblJ1bGU+DQogICAgICAgICAgICA8RXh0cmFjdGlvblJ1bGUgQ2xhc3NuYW1lPSJNaWNyb3NvZnQuVmlzdWFsU3R1ZGlvLlRlc3RUb29scy5XZWJUZXN0aW5nLlJ1bGVzLkV4dHJhY3RUZXh0LCBNaWNyb3NvZnQuVmlzdWFsU3R1ZGlvLlF1YWxpdHlUb29scy5XZWJUZXN0RnJhbWV3b3JrLCBWZXJzaW9uPTEwLjAuMC4wLCBDdWx0dXJlPW5ldXRyYWwsIFB1YmxpY0tleVRva2VuPWIwM2Y1ZjdmMTFkNTBhM2EiIFZhcmlhYmxlTmFtZT0iUXVlcnlTdHJpbmdQYXJhbTk0LmNzb3BkIiBEaXNwbGF5TmFtZT0iIiBEZXNjcmlwdGlvbj0iIj4NCiAgICAgICAgICAgICAgPFJ1bGVQYXJhbWV0ZXJzPg0KICAgICAgICAgICAgICAgIDxSdWxlUGFyYW1ldGVyIE5hbWU9IlN0YXJ0c1dpdGgiIFZhbHVlPSImYW1wO2FtcDtjc29wZD0iIC8+DQogICAgICAgICAgICAgICAgPFJ1bGVQYXJhbWV0ZXIgTmFtZT0iRW5kc1dpdGgiIFZhbHVlPSImYW1wOyIgLz4NCiAgICAgICAgICAgICAgICA8UnVsZVBhcmFtZXRlciBOYW1lPSJJbmRleCIgVmFsdWU9IjAiIC8+DQogICAgICAgICAgICAgICAgPFJ1bGVQYXJhbWV0ZXIgTmFtZT0iSWdub3JlQ2FzZSIgVmFsdWU9IkZhbHNlIiAvPg0KICAgICAgICAgICAgICAgIDxSdWxlUGFyYW1ldGVyIE5hbWU9IlVzZVJlZ3VsYXJFeHByZXNzaW9uIiBWYWx1ZT0iRmFsc2UiIC8+DQogICAgICAgICAgICAgICAgPFJ1bGVQYXJhbWV0ZXIgTmFtZT0iSHRtbERlY29kZSIgVmFsdWU9IlRydWUiIC8+DQogICAgICAgICAgICAgICAgPFJ1bGVQYXJhbWV0ZXIgTmFtZT0iUmVxdWlyZWQiIFZhbHVlPSJGYWxzZSIgLz4NCiAgICAgICAgICAgICAgPC9SdWxlUGFyYW1ldGVycz4NCiAgICAgICAgICAgIDwvRXh0cmFjdGlvblJ1bGU+DQogICAgICAgICAgICA8RXh0cmFjdGlvblJ1bGUgQ2xhc3NuYW1lPSJNaWNyb3NvZnQuVmlzdWFsU3R1ZGlvLlRlc3RUb29scy5XZWJUZXN0aW5nLlJ1bGVzLkV4dHJhY3RUZXh0LCBNaWNyb3NvZnQuVmlzdWFsU3R1ZGlvLlF1YWxpdHlUb29scy5XZWJUZXN0RnJhbWV3b3JrLCBWZXJzaW9uPTEwLjAuMC4wLCBDdWx0dXJlPW5ldXRyYWwsIFB1YmxpY0tleVRva2VuPWIwM2Y1ZjdmMTFkNTBhM2EiIFZhcmlhYmxlTmFtZT0iUXVlcnlTdHJpbmdQYXJhbTk1LmNzb3BkYiIgRGlzcGxheU5hbWU9IiIgRGVzY3JpcHRpb249IiI+DQogICAgICAgICAgICAgIDxSdWxlUGFyYW1ldGVycz4NCiAgICAgICAgICAgICAgICA8UnVsZVBhcmFtZXRlciBOYW1lPSJTdGFydHNXaXRoIiBWYWx1ZT0iJmFtcDthbXA7Y3NvcGRiPSIgLz4NCiAgICAgICAgICAgICAgICA8UnVsZVBhcmFtZXRlciBOYW1lPSJFbmRzV2l0aCIgVmFsdWU9IiZxdW90OyIgLz4NCiAgICAgICAgICAgICAgICA8UnVsZVBhcmFtZXRlciBOYW1lPSJJbmRleCIgVmFsdWU9IjAiIC8+DQogICAgICAgICAgICAgICAgPFJ1bGVQYXJhbWV0ZXIgTmFtZT0iSWdub3JlQ2FzZSIgVmFsdWU9IkZhbHNlIiAvPg0KICAgICAgICAgICAgICAgIDxSdWxlUGFyYW1ldGVyIE5hbWU9IlVzZVJlZ3VsYXJFeHByZXNzaW9uIiBWYWx1ZT0iRmFsc2UiIC8+DQogICAgICAgICAgICAgICAgPFJ1bGVQYXJhbWV0ZXIgTmFtZT0iSHRtbERlY29kZSIgVmFsdWU9IlRydWUiIC8+DQogICAgICAgICAgICAgICAgPFJ1bGVQYXJhbWV0ZXIgTmFtZT0iUmVxdWlyZWQiIFZhbHVlPSJGYWxzZSIgLz4NCiAgICAgICAgICAgICAgPC9SdWxlUGFyYW1ldGVycz4NCiAgICAgICAgICAgIDwvRXh0cmFjdGlvblJ1bGU+DQogICAgICAgICAgPC9Db3JyZWxhdGlvbkV4dHJhY3Rpb25SdWxlcz4NCiAgICAgICAgICA8UXVlcnlTdHJpbmdQYXJhbWV0ZXJzPg0KICAgICAgICAgICAgPFF1ZXJ5U3RyaW5nUGFyYW1ldGVyIE5hbWU9Im1hcmtldCIgVmFsdWU9IklOIiBSZWNvcmRlZFZhbHVlPSJJTiIgQ29ycmVsYXRpb25CaW5kaW5nPSJ7e1F1ZXJ5U3RyaW5nUGFyYW0xLm1hcmtldH19IiBVcmxFbmNvZGU9IkZhbHNlIiBVc2VUb0dyb3VwUmVzdWx0cz0iRmFsc2UiIC8+DQogICAgICAgICAgICA8UXVlcnlTdHJpbmdQYXJhbWV0ZXIgTmFtZT0iZW5hYmxlcmVndWxhdG9yeXBzbSIgVmFsdWU9IjAiIFJlY29yZGVkVmFsdWU9IjAiIENvcnJlbGF0aW9uQmluZGluZz0ie3tRdWVyeVN0cmluZ1BhcmFtMi5lbmFibGVyZWd1bGF0b3J5cHNtfX0iIFVybEVuY29kZT0iRmFsc2UiIFVzZVRvR3JvdXBSZXN1bHRzPSJGYWxzZSIgLz4NCiAgICAgICAgICAgIDxRdWVyeVN0cmluZ1BhcmFtZXRlciBOYW1lPSJOVExvZ28iIFZhbHVlPSIxIiBSZWNvcmRlZFZhbHVlPSIxIiBDb3JyZWxhdGlvbkJpbmRpbmc9Int7UXVlcnlTdHJpbmdQYXJhbTMuTlRMb2dvfX0iIFVybEVuY29kZT0iRmFsc2UiIFVzZVRvR3JvdXBSZXN1bHRzPSJGYWxzZSIgLz4NCiAgICAgICAgICAgIDxRdWVyeVN0cmluZ1BhcmFtZXRlciBOYW1lPSJJc0ZSRSIgVmFsdWU9IjAiIFJlY29yZGVkVmFsdWU9IjAiIENvcnJlbGF0aW9uQmluZGluZz0ie3tRdWVyeVN0cmluZ1BhcmFtNC5Jc0ZSRX19IiBVcmxFbmNvZGU9IkZhbHNlIiBVc2VUb0dyb3VwUmVzdWx0cz0iRmFsc2UiIC8+DQogICAgICAgICAgICA8UXVlcnlTdHJpbmdQYXJhbWV0ZXIgTmFtZT0iYXBwc2xvY2FsZSIgVmFsdWU9ImVuLXNnIiBSZWNvcmRlZFZhbHVlPSJlbi1zZyIgQ29ycmVsYXRpb25CaW5kaW5nPSJ7e1F1ZXJ5U3RyaW5nUGFyYW01LmFwcHNsb2NhbGV9fSIgVXJsRW5jb2RlPSJGYWxzZSIgVXNlVG9Hcm91cFJlc3VsdHM9IkZhbHNlIiAvPg0KICAgICAgICAgICAgPFF1ZXJ5U3RyaW5nUGFyYW1ldGVyIE5hbWU9InRlbGVtZXRyeXN0YXJ0aW5kZXgiIFZhbHVlPSI3OCIgUmVjb3JkZWRWYWx1ZT0iNzgiIENvcnJlbGF0aW9uQmluZGluZz0iIiBVcmxFbmNvZGU9IkZhbHNlIiBVc2VUb0dyb3VwUmVzdWx0cz0iRmFsc2UiIC8+DQogICAgICAgICAgICA8UXVlcnlTdHJpbmdQYXJhbWV0ZXIgTmFtZT0idGVsZW1ldHJ5cGFyZW50aW5kZXgiIFZhbHVlPSI4IiBSZWNvcmRlZFZhbHVlPSI4IiBDb3JyZWxhdGlvbkJpbmRpbmc9IiIgVXJsRW5jb2RlPSJGYWxzZSIgVXNlVG9Hcm91cFJlc3VsdHM9IkZhbHNlIiAvPg0KICAgICAgICAgICAgPFF1ZXJ5U3RyaW5nUGFyYW1ldGVyIE5hbWU9InRlbGVtZXRyeW9yZGluYWxzdGFydGluZGV4IiBWYWx1ZT0iMTEiIFJlY29yZGVkVmFsdWU9IjExIiBDb3JyZWxhdGlvbkJpbmRpbmc9IiIgVXJsRW5jb2RlPSJGYWxzZSIgVXNlVG9Hcm91cFJlc3VsdHM9IkZhbHNlIiAvPg0KICAgICAgICAgICAgPFF1ZXJ5U3RyaW5nUGFyYW1ldGVyIE5hbWU9Im91IiBWYWx1ZT0iaHR0cHMlM0ElMkYlMkZ3d3cubXNuLmNvbSUyRnNwYXJ0YW4lMkZpZW50cCUzRmxvY2FsZSUzRGVuLUlOJTI2bWFya2V0JTNESU4lMjZlbmFibGVyZWd1bGF0b3J5cHNtJTNEMCUyNk5UTG9nbyUzRDElMjZJc0ZSRSUzRDAiIFJlY29yZGVkVmFsdWU9Imh0dHBzJTNBJTJGJTJGd3d3Lm1zbi5jb20lMkZzcGFydGFuJTJGaWVudHAlM0Zsb2NhbGUlM0Rlbi1JTiUyNm1hcmtldCUzRElOJTI2ZW5hYmxlcmVndWxhdG9yeXBzbSUzRDAlMjZOVExvZ28lM0QxJTI2SXNGUkUlM0QwIiBDb3JyZWxhdGlvbkJpbmRpbmc9IiIgVXJsRW5jb2RlPSJGYWxzZSIgVXNlVG9Hcm91cFJlc3VsdHM9IkZhbHNlIiAvPg0KICAgICAgICAgIDwvUXVlcnlTdHJpbmdQYXJhbWV0ZXJzPg0KICAgICAgICA8L1JlcXVlc3Q+DQogICAgICAgIDxSZXF1ZXN0IE1ldGhvZD0iR0VUIiBHdWlkPSI4MDlhOGQ0Zi1iY2U2LTQwODktYTljNi01OGQ5NzU0MDI0ZTAiIFZlcnNpb249IjEuMSIgVXJsPSJodHRwczovL3N0YXRpYy1zcGFydGFuLWVhcy1zLW1zbi1jb20uYWthbWFpemVkLm5ldC9zcGFydGFuL2VuLXNnL19zYy9jc3MvNzM4YjkyNmItNTQ0MGI1NGUvZGlyZWN0aW9uPWx0ci5sb2NhbGVzPWVuLXNnLnRoZW1lcz1zdGFydC5kcGk9cmVzb2x1dGlvbjF4Lzk4LWZiNDgxYS02OGRkYjJhYi80Yi1hNmZiMWYtZGJjNjIyMGEvYzMtZDZhZWY5LTNlMTYxOGEwL2Q3LTJiMjU0MC1hZjBjNDdiOC9mZC1mOTUzMDAtNjFiZDY0ZmEvODAtMzdjMjVlLTY4ZGRiMmFiLzM0LTU1YTA0ZC1iYzRlZjc3NS83ZS0zNTgyYzktNTQyYTVjYjEvMWQtYjNmODYxLTFmNDIwZDE5L2UzLTEwZDQwNi02OGRkYjJhYi8zNy0xOTE5M2YtZDUzNmUzMzEvNmItMDU1MGM4LTQ4ZjAxYzQiIFRoaW5rVGltZT0iMCIgVGltZW91dD0iMzAwIiBQYXJzZURlcGVuZGVudFJlcXVlc3RzPSJUcnVlIiBGb2xsb3dSZWRpcmVjdHM9IlRydWUiIFJlY29yZFJlc3VsdD0iVHJ1ZSIgQ2FjaGU9IkZhbHNlIiBSZXNwb25zZVRpbWVHb2FsPSIwIiBFbmNvZGluZz0idXRmLTgiIEV4cGVjdGVkSHR0cFN0YXR1c0NvZGU9IjAiIEV4cGVjdGVkUmVzcG9uc2VVcmw9IiIgUmVwb3J0aW5nTmFtZT0iIiBJZ25vcmVIdHRwU3RhdHVzQ29kZT0iRmFsc2UiPg0KICAgICAgICAgIDxIZWFkZXJzPg0KICAgICAgICAgICAgPEhlYWRlciBOYW1lPSJSZWZlcmVyIiBWYWx1ZT0iaHR0cHM6Ly93d3cubXNuLmNvbS9zcGFydGFuL2llbnRwP2xvY2FsZT1lbi1JTiZhbXA7bWFya2V0PUlOJmFtcDtlbmFibGVyZWd1bGF0b3J5cHNtPTAmYW1wO05UTG9nbz0xJmFtcDtJc0ZSRT0wIiAvPg0KICAgICAgICAgIDwvSGVhZGVycz4NCiAgICAgICAgICA8UXVlcnlTdHJpbmdQYXJhbWV0ZXJzPg0KICAgICAgICAgICAgPFF1ZXJ5U3RyaW5nUGFyYW1ldGVyIE5hbWU9InZlciIgVmFsdWU9IjIwMTgwODIyXzExNDMwMTI2IiBSZWNvcmRlZFZhbHVlPSIyMDE4MDgyMl8xMTQzMDEyNiIgQ29ycmVsYXRpb25CaW5kaW5nPSJ7e1F1ZXJ5U3RyaW5nUGFyYW0xOC52ZXJ9fSIgVXJsRW5jb2RlPSJGYWxzZSIgVXNlVG9Hcm91cFJlc3VsdHM9IkZhbHNlIiAvPg0KICAgICAgICAgICAgPFF1ZXJ5U3RyaW5nUGFyYW1ldGVyIE5hbWU9ImZkaGVhZCIgVmFsdWU9Im11aWRmbHQxM2NmLG11aWRmbHQyNThjZixtdWlkZmx0MzE1Y2YsYmluZ21zbmNvbWJpbmVkMWNmLHBuZWVkZ2UxY2Ysc3RhcnRocDNjZixwbGF0YWd5aHAzY2YsYXVkZXhocDNjZixhcnRnbHk0Y2YsYXJ0Z2x5NWNmIiBSZWNvcmRlZFZhbHVlPSJtdWlkZmx0MTNjZixtdWlkZmx0MjU4Y2YsbXVpZGZsdDMxNWNmLGJpbmdtc25jb21iaW5lZDFjZixwbmVlZGdlMWNmLHN0YXJ0aHAzY2YscGxhdGFneWhwM2NmLGF1ZGV4aHAzY2YsYXJ0Z2x5NGNmLGFydGdseTVjZiIgQ29ycmVsYXRpb25CaW5kaW5nPSJ7e1F1ZXJ5U3RyaW5nUGFyYW0yNS5mZGhlYWR9fSIgVXJsRW5jb2RlPSJGYWxzZSIgVXNlVG9Hcm91cFJlc3VsdHM9IkZhbHNlIiAvPg0KICAgICAgICAgICAgPFF1ZXJ5U3RyaW5nUGFyYW1ldGVyIE5hbWU9ImNzb3BkIiBWYWx1ZT0iMjAxODA4MTMxNzA0MTYiIFJlY29yZGVkVmFsdWU9IjIwMTgwODEzMTcwNDE2IiBDb3JyZWxhdGlvbkJpbmRpbmc9Int7UXVlcnlTdHJpbmdQYXJhbTI2LmNzb3BkfX0iIFVybEVuY29kZT0iRmFsc2UiIFVzZVRvR3JvdXBSZXN1bHRzPSJGYWxzZSIgLz4NCiAgICAgICAgICAgIDxRdWVyeVN0cmluZ1BhcmFtZXRlciBOYW1lPSJjc29wZGIiIFZhbHVlPSIyMDE4MDgyMzA2MzAwNiIgUmVjb3JkZWRWYWx1ZT0iMjAxODA4MjMwNjMwMDYiIENvcnJlbGF0aW9uQmluZGluZz0ie3tRdWVyeVN0cmluZ1BhcmFtMjcuY3NvcGRifX0iIFVybEVuY29kZT0iRmFsc2UiIFVzZVRvR3JvdXBSZXN1bHRzPSJGYWxzZSIgLz4NCiAgICAgICAgICA8L1F1ZXJ5U3RyaW5nUGFyYW1ldGVycz4NCiAgICAgICAgPC9SZXF1ZXN0Pg0KICAgICAgICA8UmVxdWVzdCBNZXRob2Q9IkdFVCIgR3VpZD0iOGFmZjk0MzktMGRmNS00NzNkLWJkMTAtMDFkZTI2ZDZlMjUwIiBWZXJzaW9uPSIxLjEiIFVybD0iaHR0cHM6Ly9zdGF0aWMtc3BhcnRhbi1lYXMtcy1tc24tY29tLmFrYW1haXplZC5uZXQvc3BhcnRhbi9lbi1zZy9fc2MvanMvNzM4YjkyNmItOWEzOGQ5MzkvZGlyZWN0aW9uPWx0ci5sb2NhbGVzPWVuLXNnLnRoZW1lcz1zdGFydC5kcGk9cmVzb2x1dGlvbjF4L2RmLTJiZDYxNi02OGRkYjJhYi82Ny0zNDY1YzQtNjhkZGIyYWIvM2ItNmNmMGJlLTYyMzFjYzlmL2Q4LTIxMjA3MC1hODljNDlmMi9hYS0zZWYxZTAtNjhkZGIyYWIvYzEtZjE2YWU2LTY4ZGRiMmFiLzdiLWE1ODRjNi02MzBkMmExMS9hYi0yMDRjMDgtNjhkZGIyYWIvOGYtNWVkNmE5LTY4ZGRiMmFiLzlmLTFmMTg3OC01NTk5ZGFiZCIgVGhpbmtUaW1lPSIxIiBUaW1lb3V0PSIzMDAiIFBhcnNlRGVwZW5kZW50UmVxdWVzdHM9IlRydWUiIEZvbGxvd1JlZGlyZWN0cz0iVHJ1ZSIgUmVjb3JkUmVzdWx0PSJUcnVlIiBDYWNoZT0iRmFsc2UiIFJlc3BvbnNlVGltZUdvYWw9IjAiIEVuY29kaW5nPSJ1dGYtOCIgRXhwZWN0ZWRIdHRwU3RhdHVzQ29kZT0iMCIgRXhwZWN0ZWRSZXNwb25zZVVybD0iIiBSZXBvcnRpbmdOYW1lPSIiIElnbm9yZUh0dHBTdGF0dXNDb2RlPSJGYWxzZSI+DQogICAgICAgICAgPEhlYWRlcnM+DQogICAgICAgICAgICA8SGVhZGVyIE5hbWU9IlJlZmVyZXIiIFZhbHVlPSJodHRwczovL3d3dy5tc24uY29tL3NwYXJ0YW4vaWVudHA/bG9jYWxlPWVuLUlOJmFtcDttYXJrZXQ9SU4mYW1wO2VuYWJsZXJlZ3VsYXRvcnlwc209MCZhbXA7TlRMb2dvPTEmYW1wO0lzRlJFPTAiIC8+DQogICAgICAgICAgPC9IZWFkZXJzPg0KICAgICAgICAgIDxRdWVyeVN0cmluZ1BhcmFtZXRlcnM+DQogICAgICAgICAgICA8UXVlcnlTdHJpbmdQYXJhbWV0ZXIgTmFtZT0idmVyIiBWYWx1ZT0iMjAxODA4MjJfMTE0MzAxMjYiIFJlY29yZGVkVmFsdWU9IjIwMTgwODIyXzExNDMwMTI2IiBDb3JyZWxhdGlvbkJpbmRpbmc9Int7UXVlcnlTdHJpbmdQYXJhbTI4LnZlcn19IiBVcmxFbmNvZGU9IkZhbHNlIiBVc2VUb0dyb3VwUmVzdWx0cz0iRmFsc2UiIC8+DQogICAgICAgICAgICA8UXVlcnlTdHJpbmdQYXJhbWV0ZXIgTmFtZT0iZmRoZWFkIiBWYWx1ZT0ibXVpZGZsdDEzY2YsbXVpZGZsdDI1OGNmLG11aWRmbHQzMTVjZixiaW5nbXNuY29tYmluZWQxY2YscG5lZWRnZTFjZixzdGFydGhwM2NmLHBsYXRhZ3locDNjZixhdWRleGhwM2NmLGFydGdseTRjZixhcnRnbHk1Y2YiIFJlY29yZGVkVmFsdWU9Im11aWRmbHQxM2NmLG11aWRmbHQyNThjZixtdWlkZmx0MzE1Y2YsYmluZ21zbmNvbWJpbmVkMWNmLHBuZWVkZ2UxY2Ysc3RhcnRocDNjZixwbGF0YWd5aHAzY2YsYXVkZXhocDNjZixhcnRnbHk0Y2YsYXJ0Z2x5NWNmIiBDb3JyZWxhdGlvbkJpbmRpbmc9Int7UXVlcnlTdHJpbmdQYXJhbTM1LmZkaGVhZH19IiBVcmxFbmNvZGU9IkZhbHNlIiBVc2VUb0dyb3VwUmVzdWx0cz0iRmFsc2UiIC8+DQogICAgICAgICAgICA8UXVlcnlTdHJpbmdQYXJhbWV0ZXIgTmFtZT0iY3NvcGQiIFZhbHVlPSIyMDE4MDgxMzE3MDQxNiIgUmVjb3JkZWRWYWx1ZT0iMjAxODA4MTMxNzA0MTYiIENvcnJlbGF0aW9uQmluZGluZz0ie3tRdWVyeVN0cmluZ1BhcmFtMzYuY3NvcGR9fSIgVXJsRW5jb2RlPSJGYWxzZSIgVXNlVG9Hcm91cFJlc3VsdHM9IkZhbHNlIiAvPg0KICAgICAgICAgICAgPFF1ZXJ5U3RyaW5nUGFyYW1ldGVyIE5hbWU9ImNzb3BkYiIgVmFsdWU9IjIwMTgwODIzMDYzMDA2IiBSZWNvcmRlZFZhbHVlPSIyMDE4MDgyMzA2MzAwNiIgQ29ycmVsYXRpb25CaW5kaW5nPSJ7e1F1ZXJ5U3RyaW5nUGFyYW0zNy5jc29wZGJ9fSIgVXJsRW5jb2RlPSJGYWxzZSIgVXNlVG9Hcm91cFJlc3VsdHM9IkZhbHNlIiAvPg0KICAgICAgICAgIDwvUXVlcnlTdHJpbmdQYXJhbWV0ZXJzPg0KICAgICAgICA8L1JlcXVlc3Q+DQogICAgICAgIDxSZXF1ZXN0IE1ldGhvZD0iR0VUIiBHdWlkPSI5MmNkNGRmOC05ZmI2LTRmMmEtYTBlYi1lN2M4NmFjZTEyMTUiIFZlcnNpb249IjEuMSIgVXJsPSJodHRwOi8vYXBpLmJpbmcuY29tL3FzbWwuYXNweCIgVGhpbmtUaW1lPSIwIiBUaW1lb3V0PSIzMDAiIFBhcnNlRGVwZW5kZW50UmVxdWVzdHM9IlRydWUiIEZvbGxvd1JlZGlyZWN0cz0iVHJ1ZSIgUmVjb3JkUmVzdWx0PSJUcnVlIiBDYWNoZT0iRmFsc2UiIFJlc3BvbnNlVGltZUdvYWw9IjAiIEVuY29kaW5nPSJ1dGYtOCIgRXhwZWN0ZWRIdHRwU3RhdHVzQ29kZT0iMCIgRXhwZWN0ZWRSZXNwb25zZVVybD0iaHR0cHM6Ly9hcGkuYmluZy5jb20vcXNtbC5hc3B4P3F1ZXJ5PWEmYW1wO21heHdpZHRoPTMyNzY1JmFtcDtyb3doZWlnaHQ9MjAmYW1wO3NlY3Rpb25IZWlnaHQ9MTYwJmFtcDtGT1JNPUlFTlNEMiZhbXA7bWFya2V0PWVuLUFVIiBSZXBvcnRpbmdOYW1lPSIiIElnbm9yZUh0dHBTdGF0dXNDb2RlPSJGYWxzZSI+DQogICAgICAgICAgPFF1ZXJ5U3RyaW5nUGFyYW1ldGVycz4NCiAgICAgICAgICAgIDxRdWVyeVN0cmluZ1BhcmFtZXRlciBOYW1lPSJxdWVyeSIgVmFsdWU9ImEiIFJlY29yZGVkVmFsdWU9ImEiIENvcnJlbGF0aW9uQmluZGluZz0iIiBVcmxFbmNvZGU9IkZhbHNlIiBVc2VUb0dyb3VwUmVzdWx0cz0iRmFsc2UiIC8+DQogICAgICAgICAgICA8UXVlcnlTdHJpbmdQYXJhbWV0ZXIgTmFtZT0ibWF4d2lkdGgiIFZhbHVlPSIzMjc2NSIgUmVjb3JkZWRWYWx1ZT0iMzI3NjUiIENvcnJlbGF0aW9uQmluZGluZz0iIiBVcmxFbmNvZGU9IkZhbHNlIiBVc2VUb0dyb3VwUmVzdWx0cz0iRmFsc2UiIC8+DQogICAgICAgICAgICA8UXVlcnlTdHJpbmdQYXJhbWV0ZXIgTmFtZT0icm93aGVpZ2h0IiBWYWx1ZT0iMjAiIFJlY29yZGVkVmFsdWU9IjIwIiBDb3JyZWxhdGlvbkJpbmRpbmc9IiIgVXJsRW5jb2RlPSJGYWxzZSIgVXNlVG9Hcm91cFJlc3VsdHM9IkZhbHNlIiAvPg0KICAgICAgICAgICAgPFF1ZXJ5U3RyaW5nUGFyYW1ldGVyIE5hbWU9InNlY3Rpb25IZWlnaHQiIFZhbHVlPSIxNjAiIFJlY29yZGVkVmFsdWU9IjE2MCIgQ29ycmVsYXRpb25CaW5kaW5nPSIiIFVybEVuY29kZT0iRmFsc2UiIFVzZVRvR3JvdXBSZXN1bHRzPSJGYWxzZSIgLz4NCiAgICAgICAgICAgIDxRdWVyeVN0cmluZ1BhcmFtZXRlciBOYW1lPSJGT1JNIiBWYWx1ZT0iSUVOU0QyIiBSZWNvcmRlZFZhbHVlPSJJRU5TRDIiIENvcnJlbGF0aW9uQmluZGluZz0iIiBVcmxFbmNvZGU9IkZhbHNlIiBVc2VUb0dyb3VwUmVzdWx0cz0iRmFsc2UiIC8+DQogICAgICAgICAgICA8UXVlcnlTdHJpbmdQYXJhbWV0ZXIgTmFtZT0ibWFya2V0IiBWYWx1ZT0iZW4tQVUiIFJlY29yZGVkVmFsdWU9ImVuLUFVIiBDb3JyZWxhdGlvbkJpbmRpbmc9IiIgVXJsRW5jb2RlPSJGYWxzZSIgVXNlVG9Hcm91cFJlc3VsdHM9IkZhbHNlIiAvPg0KICAgICAgICAgIDwvUXVlcnlTdHJpbmdQYXJhbWV0ZXJzPg0KICAgICAgICA8L1JlcXVlc3Q+DQogICAgICAgIDxSZXF1ZXN0IE1ldGhvZD0iR0VUIiBHdWlkPSI5OGRkY2VmZS00NWE1LTRiMjQtOGE4Mi0wMTFmOGZkOTU2MDYiIFZlcnNpb249IjEuMSIgVXJsPSJodHRwczovL3d3dy5iaW5nLmNvbS9wcm9maWxlL2hpc3RvcnkvZGF0YSIgVGhpbmtUaW1lPSIwIiBUaW1lb3V0PSIzMDAiIFBhcnNlRGVwZW5kZW50UmVxdWVzdHM9IlRydWUiIEZvbGxvd1JlZGlyZWN0cz0iVHJ1ZSIgUmVjb3JkUmVzdWx0PSJUcnVlIiBDYWNoZT0iRmFsc2UiIFJlc3BvbnNlVGltZUdvYWw9IjAiIEVuY29kaW5nPSJ1dGYtOCIgRXhwZWN0ZWRIdHRwU3RhdHVzQ29kZT0iMCIgRXhwZWN0ZWRSZXNwb25zZVVybD0iIiBSZXBvcnRpbmdOYW1lPSIiIElnbm9yZUh0dHBTdGF0dXNDb2RlPSJGYWxzZSI+DQogICAgICAgICAgPEhlYWRlcnM+DQogICAgICAgICAgICA8SGVhZGVyIE5hbWU9IkFjY2VwdCIgVmFsdWU9InRleHQvcGxhaW4sICovKjsgcT0wLjAxIiAvPg0KICAgICAgICAgICAgPEhlYWRlciBOYW1lPSJSZWZlcmVyIiBWYWx1ZT0iaHR0cHM6Ly93d3cubXNuLmNvbS9zcGFydGFuL2llbnRwP2xvY2FsZT1lbi1JTiZhbXA7bWFya2V0PUlOJmFtcDtlbmFibGVyZWd1bGF0b3J5cHNtPTAmYW1wO05UTG9nbz0xJmFtcDtJc0ZSRT0wIiAvPg0KICAgICAgICAgIDwvSGVhZGVycz4NCiAgICAgICAgICA8UXVlcnlTdHJpbmdQYXJhbWV0ZXJzPg0KICAgICAgICAgICAgPFF1ZXJ5U3RyaW5nUGFyYW1ldGVyIE5hbWU9Il8iIFZhbHVlPSIxNTM1MzU2NDY5ODYzIiBSZWNvcmRlZFZhbHVlPSIxNTM1MzU2NDY5ODYzIiBDb3JyZWxhdGlvbkJpbmRpbmc9IiIgVXJsRW5jb2RlPSJGYWxzZSIgVXNlVG9Hcm91cFJlc3VsdHM9IkZhbHNlIiAvPg0KICAgICAgICAgIDwvUXVlcnlTdHJpbmdQYXJhbWV0ZXJzPg0KICAgICAgICA8L1JlcXVlc3Q+DQogICAgICA8L0RlcGVuZGVudFJlcXVlc3RzPg0KICAgICAgPEV4dHJhY3Rpb25SdWxlcz4NCiAgICAgICAgPEV4dHJhY3Rpb25SdWxlIENsYXNzbmFtZT0iTWljcm9zb2Z0LlZpc3VhbFN0dWRpby5UZXN0VG9vbHMuV2ViVGVzdGluZy5SdWxlcy5FeHRyYWN0SGlkZGVuRmllbGRzLCBNaWNyb3NvZnQuVmlzdWFsU3R1ZGlvLlF1YWxpdHlUb29scy5XZWJUZXN0RnJhbWV3b3JrLCBWZXJzaW9uPTEwLjAuMC4wLCBDdWx0dXJlPW5ldXRyYWwsIFB1YmxpY0tleVRva2VuPWIwM2Y1ZjdmMTFkNTBhM2EiIFZhcmlhYmxlTmFtZT0iMSIgRGlzcGxheU5hbWU9IkV4dHJhY3QgSGlkZGVuIEZpZWxkcyIgRGVzY3JpcHRpb249IkV4dHJhY3QgYWxsIGhpZGRlbiBmaWVsZHMgZnJvbSB0aGUgcmVzcG9uc2UgYW5kIHBsYWNlIHRoZW0gaW50byB0aGUgdGVzdCBjb250ZXh0LiI+DQogICAgICAgICAgPFJ1bGVQYXJhbWV0ZXJzPg0KICAgICAgICAgICAgPFJ1bGVQYXJhbWV0ZXIgTmFtZT0iUmVxdWlyZWQiIFZhbHVlPSJUcnVlIiAvPg0KICAgICAgICAgICAgPFJ1bGVQYXJhbWV0ZXIgTmFtZT0iSHRtbERlY29kZSIgVmFsdWU9IlRydWUiIC8+DQogICAgICAgICAgPC9SdWxlUGFyYW1ldGVycz4NCiAgICAgICAgPC9FeHRyYWN0aW9uUnVsZT4NCiAgICAgIDwvRXh0cmFjdGlvblJ1bGVzPg0KICAgICAgPENvcnJlbGF0aW9uRXh0cmFjdGlvblJ1bGVzPg0KICAgICAgICA8RXh0cmFjdGlvblJ1bGUgQ2xhc3NuYW1lPSJNaWNyb3NvZnQuVmlzdWFsU3R1ZGlvLlRlc3RUb29scy5XZWJUZXN0aW5nLlJ1bGVzLkV4dHJhY3RUZXh0LCBNaWNyb3NvZnQuVmlzdWFsU3R1ZGlvLlF1YWxpdHlUb29scy5XZWJUZXN0RnJhbWV3b3JrLCBWZXJzaW9uPTEwLjAuMC4wLCBDdWx0dXJlPW5ldXRyYWwsIFB1YmxpY0tleVRva2VuPWIwM2Y1ZjdmMTFkNTBhM2EiIFZhcmlhYmxlTmFtZT0iUXVlcnlTdHJpbmdQYXJhbTEubWFya2V0IiBEaXNwbGF5TmFtZT0iIiBEZXNjcmlwdGlvbj0iIj4NCiAgICAgICAgICA8UnVsZVBhcmFtZXRlcnM+DQogICAgICAgICAgICA8UnVsZVBhcmFtZXRlciBOYW1lPSJTdGFydHNXaXRoIiBWYWx1ZT0iP21hcmtldD0iIC8+DQogICAgICAgICAgICA8UnVsZVBhcmFtZXRlciBOYW1lPSJFbmRzV2l0aCIgVmFsdWU9IiZhbXA7IiAvPg0KICAgICAgICAgICAgPFJ1bGVQYXJhbWV0ZXIgTmFtZT0iSW5kZXgiIFZhbHVlPSIwIiAvPg0KICAgICAgICAgICAgPFJ1bGVQYXJhbWV0ZXIgTmFtZT0iSWdub3JlQ2FzZSIgVmFsdWU9IkZhbHNlIiAvPg0KICAgICAgICAgICAgPFJ1bGVQYXJhbWV0ZXIgTmFtZT0iVXNlUmVndWxhckV4cHJlc3Npb24iIFZhbHVlPSJGYWxzZSIgLz4NCiAgICAgICAgICAgIDxSdWxlUGFyYW1ldGVyIE5hbWU9Ikh0bWxEZWNvZGUiIFZhbHVlPSJUcnVlIiAvPg0KICAgICAgICAgICAgPFJ1bGVQYXJhbWV0ZXIgTmFtZT0iUmVxdWlyZWQiIFZhbHVlPSJGYWxzZSIgLz4NCiAgICAgICAgICA8L1J1bGVQYXJhbWV0ZXJzPg0KICAgICAgICA8L0V4dHJhY3Rpb25SdWxlPg0KICAgICAgICA8RXh0cmFjdGlvblJ1bGUgQ2xhc3NuYW1lPSJNaWNyb3NvZnQuVmlzdWFsU3R1ZGlvLlRlc3RUb29scy5XZWJUZXN0aW5nLlJ1bGVzLkV4dHJhY3RUZXh0LCBNaWNyb3NvZnQuVmlzdWFsU3R1ZGlvLlF1YWxpdHlUb29scy5XZWJUZXN0RnJhbWV3b3JrLCBWZXJzaW9uPTEwLjAuMC4wLCBDdWx0dXJlPW5ldXRyYWwsIFB1YmxpY0tleVRva2VuPWIwM2Y1ZjdmMTFkNTBhM2EiIFZhcmlhYmxlTmFtZT0iUXVlcnlTdHJpbmdQYXJhbTIuZW5hYmxlcmVndWxhdG9yeXBzbSIgRGlzcGxheU5hbWU9IiIgRGVzY3JpcHRpb249IiI+DQogICAgICAgICAgPFJ1bGVQYXJhbWV0ZXJzPg0KICAgICAgICAgICAgPFJ1bGVQYXJhbWV0ZXIgTmFtZT0iU3RhcnRzV2l0aCIgVmFsdWU9IiZhbXA7YW1wO2VuYWJsZXJlZ3VsYXRvcnlwc209IiAvPg0KICAgICAgICAgICAgPFJ1bGVQYXJhbWV0ZXIgTmFtZT0iRW5kc1dpdGgiIFZhbHVlPSImYW1wOyIgLz4NCiAgICAgICAgICAgIDxSdWxlUGFyYW1ldGVyIE5hbWU9IkluZGV4IiBWYWx1ZT0iMCIgLz4NCiAgICAgICAgICAgIDxSdWxlUGFyYW1ldGVyIE5hbWU9Iklnbm9yZUNhc2UiIFZhbHVlPSJGYWxzZSIgLz4NCiAgICAgICAgICAgIDxSdWxlUGFyYW1ldGVyIE5hbWU9IlVzZVJlZ3VsYXJFeHByZXNzaW9uIiBWYWx1ZT0iRmFsc2UiIC8+DQogICAgICAgICAgICA8UnVsZVBhcmFtZXRlciBOYW1lPSJIdG1sRGVjb2RlIiBWYWx1ZT0iVHJ1ZSIgLz4NCiAgICAgICAgICAgIDxSdWxlUGFyYW1ldGVyIE5hbWU9IlJlcXVpcmVkIiBWYWx1ZT0iRmFsc2UiIC8+DQogICAgICAgICAgPC9SdWxlUGFyYW1ldGVycz4NCiAgICAgICAgPC9FeHRyYWN0aW9uUnVsZT4NCiAgICAgICAgPEV4dHJhY3Rpb25SdWxlIENsYXNzbmFtZT0iTWljcm9zb2Z0LlZpc3VhbFN0dWRpby5UZXN0VG9vbHMuV2ViVGVzdGluZy5SdWxlcy5FeHRyYWN0VGV4dCwgTWljcm9zb2Z0LlZpc3VhbFN0dWRpby5RdWFsaXR5VG9vbHMuV2ViVGVzdEZyYW1ld29yaywgVmVyc2lvbj0xMC4wLjAuMCwgQ3VsdHVyZT1uZXV0cmFsLCBQdWJsaWNLZXlUb2tlbj1iMDNmNWY3ZjExZDUwYTNhIiBWYXJpYWJsZU5hbWU9IlF1ZXJ5U3RyaW5nUGFyYW0zLk5UTG9nbyIgRGlzcGxheU5hbWU9IiIgRGVzY3JpcHRpb249IiI+DQogICAgICAgICAgPFJ1bGVQYXJhbWV0ZXJzPg0KICAgICAgICAgICAgPFJ1bGVQYXJhbWV0ZXIgTmFtZT0iU3RhcnRzV2l0aCIgVmFsdWU9IiZhbXA7YW1wO05UTG9nbz0iIC8+DQogICAgICAgICAgICA8UnVsZVBhcmFtZXRlciBOYW1lPSJFbmRzV2l0aCIgVmFsdWU9IiZhbXA7IiAvPg0KICAgICAgICAgICAgPFJ1bGVQYXJhbWV0ZXIgTmFtZT0iSW5kZXgiIFZhbHVlPSIwIiAvPg0KICAgICAgICAgICAgPFJ1bGVQYXJhbWV0ZXIgTmFtZT0iSWdub3JlQ2FzZSIgVmFsdWU9IkZhbHNlIiAvPg0KICAgICAgICAgICAgPFJ1bGVQYXJhbWV0ZXIgTmFtZT0iVXNlUmVndWxhckV4cHJlc3Npb24iIFZhbHVlPSJGYWxzZSIgLz4NCiAgICAgICAgICAgIDxSdWxlUGFyYW1ldGVyIE5hbWU9Ikh0bWxEZWNvZGUiIFZhbHVlPSJUcnVlIiAvPg0KICAgICAgICAgICAgPFJ1bGVQYXJhbWV0ZXIgTmFtZT0iUmVxdWlyZWQiIFZhbHVlPSJGYWxzZSIgLz4NCiAgICAgICAgICA8L1J1bGVQYXJhbWV0ZXJzPg0KICAgICAgICA8L0V4dHJhY3Rpb25SdWxlPg0KICAgICAgICA8RXh0cmFjdGlvblJ1bGUgQ2xhc3NuYW1lPSJNaWNyb3NvZnQuVmlzdWFsU3R1ZGlvLlRlc3RUb29scy5XZWJUZXN0aW5nLlJ1bGVzLkV4dHJhY3RUZXh0LCBNaWNyb3NvZnQuVmlzdWFsU3R1ZGlvLlF1YWxpdHlUb29scy5XZWJUZXN0RnJhbWV3b3JrLCBWZXJzaW9uPTEwLjAuMC4wLCBDdWx0dXJlPW5ldXRyYWwsIFB1YmxpY0tleVRva2VuPWIwM2Y1ZjdmMTFkNTBhM2EiIFZhcmlhYmxlTmFtZT0iUXVlcnlTdHJpbmdQYXJhbTQuSXNGUkUiIERpc3BsYXlOYW1lPSIiIERlc2NyaXB0aW9uPSIiPg0KICAgICAgICAgIDxSdWxlUGFyYW1ldGVycz4NCiAgICAgICAgICAgIDxSdWxlUGFyYW1ldGVyIE5hbWU9IlN0YXJ0c1dpdGgiIFZhbHVlPSImYW1wO2FtcDtJc0ZSRT0iIC8+DQogICAgICAgICAgICA8UnVsZVBhcmFtZXRlciBOYW1lPSJFbmRzV2l0aCIgVmFsdWU9IiZhbXA7IiAvPg0KICAgICAgICAgICAgPFJ1bGVQYXJhbWV0ZXIgTmFtZT0iSW5kZXgiIFZhbHVlPSIwIiAvPg0KICAgICAgICAgICAgPFJ1bGVQYXJhbWV0ZXIgTmFtZT0iSWdub3JlQ2FzZSIgVmFsdWU9IkZhbHNlIiAvPg0KICAgICAgICAgICAgPFJ1bGVQYXJhbWV0ZXIgTmFtZT0iVXNlUmVndWxhckV4cHJlc3Npb24iIFZhbHVlPSJGYWxzZSIgLz4NCiAgICAgICAgICAgIDxSdWxlUGFyYW1ldGVyIE5hbWU9Ikh0bWxEZWNvZGUiIFZhbHVlPSJUcnVlIiAvPg0KICAgICAgICAgICAgPFJ1bGVQYXJhbWV0ZXIgTmFtZT0iUmVxdWlyZWQiIFZhbHVlPSJGYWxzZSIgLz4NCiAgICAgICAgICA8L1J1bGVQYXJhbWV0ZXJzPg0KICAgICAgICA8L0V4dHJhY3Rpb25SdWxlPg0KICAgICAgICA8RXh0cmFjdGlvblJ1bGUgQ2xhc3NuYW1lPSJNaWNyb3NvZnQuVmlzdWFsU3R1ZGlvLlRlc3RUb29scy5XZWJUZXN0aW5nLlJ1bGVzLkV4dHJhY3RUZXh0LCBNaWNyb3NvZnQuVmlzdWFsU3R1ZGlvLlF1YWxpdHlUb29scy5XZWJUZXN0RnJhbWV3b3JrLCBWZXJzaW9uPTEwLjAuMC4wLCBDdWx0dXJlPW5ldXRyYWwsIFB1YmxpY0tleVRva2VuPWIwM2Y1ZjdmMTFkNTBhM2EiIFZhcmlhYmxlTmFtZT0iUXVlcnlTdHJpbmdQYXJhbTUuYXBwc2xvY2FsZSIgRGlzcGxheU5hbWU9IiIgRGVzY3JpcHRpb249IiI+DQogICAgICAgICAgPFJ1bGVQYXJhbWV0ZXJzPg0KICAgICAgICAgICAgPFJ1bGVQYXJhbWV0ZXIgTmFtZT0iU3RhcnRzV2l0aCIgVmFsdWU9IiZhbXA7YW1wO2FwcHNsb2NhbGU9IiAvPg0KICAgICAgICAgICAgPFJ1bGVQYXJhbWV0ZXIgTmFtZT0iRW5kc1dpdGgiIFZhbHVlPSImcXVvdDsiIC8+DQogICAgICAgICAgICA8UnVsZVBhcmFtZXRlciBOYW1lPSJJbmRleCIgVmFsdWU9IjAiIC8+DQogICAgICAgICAgICA8UnVsZVBhcmFtZXRlciBOYW1lPSJJZ25vcmVDYXNlIiBWYWx1ZT0iRmFsc2UiIC8+DQogICAgICAgICAgICA8UnVsZVBhcmFtZXRlciBOYW1lPSJVc2VSZWd1bGFyRXhwcmVzc2lvbiIgVmFsdWU9IkZhbHNlIiAvPg0KICAgICAgICAgICAgPFJ1bGVQYXJhbWV0ZXIgTmFtZT0iSHRtbERlY29kZSIgVmFsdWU9IlRydWUiIC8+DQogICAgICAgICAgICA8UnVsZVBhcmFtZXRlciBOYW1lPSJSZXF1aXJlZCIgVmFsdWU9IkZhbHNlIiAvPg0KICAgICAgICAgIDwvUnVsZVBhcmFtZXRlcnM+DQogICAgICAgIDwvRXh0cmFjdGlvblJ1bGU+DQogICAgICAgIDxFeHRyYWN0aW9uUnVsZSBDbGFzc25hbWU9Ik1pY3Jvc29mdC5WaXN1YWxTdHVkaW8uVGVzdFRvb2xzLldlYlRlc3RpbmcuUnVsZXMuRXh0cmFjdFRleHQsIE1pY3Jvc29mdC5WaXN1YWxTdHVkaW8uUXVhbGl0eVRvb2xzLldlYlRlc3RGcmFtZXdvcmssIFZlcnNpb249MTAuMC4wLjAsIEN1bHR1cmU9bmV1dHJhbCwgUHVibGljS2V5VG9rZW49YjAzZjVmN2YxMWQ1MGEzYSIgVmFyaWFibGVOYW1lPSJRdWVyeVN0cmluZ1BhcmFtMTgudmVyIiBEaXNwbGF5TmFtZT0iIiBEZXNjcmlwdGlvbj0iIj4NCiAgICAgICAgICA8UnVsZVBhcmFtZXRlcnM+DQogICAgICAgICAgICA8UnVsZVBhcmFtZXRlciBOYW1lPSJTdGFydHNXaXRoIiBWYWx1ZT0iP3Zlcj0iIC8+DQogICAgICAgICAgICA8UnVsZVBhcmFtZXRlciBOYW1lPSJFbmRzV2l0aCIgVmFsdWU9IiZxdW90OyIgLz4NCiAgICAgICAgICAgIDxSdWxlUGFyYW1ldGVyIE5hbWU9IkluZGV4IiBWYWx1ZT0iMCIgLz4NCiAgICAgICAgICAgIDxSdWxlUGFyYW1ldGVyIE5hbWU9Iklnbm9yZUNhc2UiIFZhbHVlPSJGYWxzZSIgLz4NCiAgICAgICAgICAgIDxSdWxlUGFyYW1ldGVyIE5hbWU9IlVzZVJlZ3VsYXJFeHByZXNzaW9uIiBWYWx1ZT0iRmFsc2UiIC8+DQogICAgICAgICAgICA8UnVsZVBhcmFtZXRlciBOYW1lPSJIdG1sRGVjb2RlIiBWYWx1ZT0iVHJ1ZSIgLz4NCiAgICAgICAgICAgIDxSdWxlUGFyYW1ldGVyIE5hbWU9IlJlcXVpcmVkIiBWYWx1ZT0iRmFsc2UiIC8+DQogICAgICAgICAgPC9SdWxlUGFyYW1ldGVycz4NCiAgICAgICAgPC9FeHRyYWN0aW9uUnVsZT4NCiAgICAgICAgPEV4dHJhY3Rpb25SdWxlIENsYXNzbmFtZT0iTWljcm9zb2Z0LlZpc3VhbFN0dWRpby5UZXN0VG9vbHMuV2ViVGVzdGluZy5SdWxlcy5FeHRyYWN0VGV4dCwgTWljcm9zb2Z0LlZpc3VhbFN0dWRpby5RdWFsaXR5VG9vbHMuV2ViVGVzdEZyYW1ld29yaywgVmVyc2lvbj0xMC4wLjAuMCwgQ3VsdHVyZT1uZXV0cmFsLCBQdWJsaWNLZXlUb2tlbj1iMDNmNWY3ZjExZDUwYTNhIiBWYXJpYWJsZU5hbWU9IlF1ZXJ5U3RyaW5nUGFyYW0yOC52ZXIiIERpc3BsYXlOYW1lPSIiIERlc2NyaXB0aW9uPSIiPg0KICAgICAgICAgIDxSdWxlUGFyYW1ldGVycz4NCiAgICAgICAgICAgIDxSdWxlUGFyYW1ldGVyIE5hbWU9IlN0YXJ0c1dpdGgiIFZhbHVlPSI/dmVyPSIgLz4NCiAgICAgICAgICAgIDxSdWxlUGFyYW1ldGVyIE5hbWU9IkVuZHNXaXRoIiBWYWx1ZT0iJnF1b3Q7IiAvPg0KICAgICAgICAgICAgPFJ1bGVQYXJhbWV0ZXIgTmFtZT0iSW5kZXgiIFZhbHVlPSIwIiAvPg0KICAgICAgICAgICAgPFJ1bGVQYXJhbWV0ZXIgTmFtZT0iSWdub3JlQ2FzZSIgVmFsdWU9IkZhbHNlIiAvPg0KICAgICAgICAgICAgPFJ1bGVQYXJhbWV0ZXIgTmFtZT0iVXNlUmVndWxhckV4cHJlc3Npb24iIFZhbHVlPSJGYWxzZSIgLz4NCiAgICAgICAgICAgIDxSdWxlUGFyYW1ldGVyIE5hbWU9Ikh0bWxEZWNvZGUiIFZhbHVlPSJUcnVlIiAvPg0KICAgICAgICAgICAgPFJ1bGVQYXJhbWV0ZXIgTmFtZT0iUmVxdWlyZWQiIFZhbHVlPSJGYWxzZSIgLz4NCiAgICAgICAgICA8L1J1bGVQYXJhbWV0ZXJzPg0KICAgICAgICA8L0V4dHJhY3Rpb25SdWxlPg0KICAgICAgICA8RXh0cmFjdGlvblJ1bGUgQ2xhc3NuYW1lPSJNaWNyb3NvZnQuVmlzdWFsU3R1ZGlvLlRlc3RUb29scy5XZWJUZXN0aW5nLlJ1bGVzLkV4dHJhY3RUZXh0LCBNaWNyb3NvZnQuVmlzdWFsU3R1ZGlvLlF1YWxpdHlUb29scy5XZWJUZXN0RnJhbWV3b3JrLCBWZXJzaW9uPTEwLjAuMC4wLCBDdWx0dXJlPW5ldXRyYWwsIFB1YmxpY0tleVRva2VuPWIwM2Y1ZjdmMTFkNTBhM2EiIFZhcmlhYmxlTmFtZT0iUXVlcnlTdHJpbmdQYXJhbTM4LndhIiBEaXNwbGF5TmFtZT0iIiBEZXNjcmlwdGlvbj0iIj4NCiAgICAgICAgICA8UnVsZVBhcmFtZXRlcnM+DQogICAgICAgICAgICA8UnVsZVBhcmFtZXRlciBOYW1lPSJTdGFydHNXaXRoIiBWYWx1ZT0iP3dhPSIgLz4NCiAgICAgICAgICAgIDxSdWxlUGFyYW1ldGVyIE5hbWU9IkVuZHNXaXRoIiBWYWx1ZT0iJmFtcDsiIC8+DQogICAgICAgICAgICA8UnVsZVBhcmFtZXRlciBOYW1lPSJJbmRleCIgVmFsdWU9IjAiIC8+DQogICAgICAgICAgICA8UnVsZVBhcmFtZXRlciBOYW1lPSJJZ25vcmVDYXNlIiBWYWx1ZT0iRmFsc2UiIC8+DQogICAgICAgICAgICA8UnVsZVBhcmFtZXRlciBOYW1lPSJVc2VSZWd1bGFyRXhwcmVzc2lvbiIgVmFsdWU9IkZhbHNlIiAvPg0KICAgICAgICAgICAgPFJ1bGVQYXJhbWV0ZXIgTmFtZT0iSHRtbERlY29kZSIgVmFsdWU9IlRydWUiIC8+DQogICAgICAgICAgICA8UnVsZVBhcmFtZXRlciBOYW1lPSJSZXF1aXJlZCIgVmFsdWU9IkZhbHNlIiAvPg0KICAgICAgICAgIDwvUnVsZVBhcmFtZXRlcnM+DQogICAgICAgIDwvRXh0cmFjdGlvblJ1bGU+DQogICAgICAgIDxFeHRyYWN0aW9uUnVsZSBDbGFzc25hbWU9Ik1pY3Jvc29mdC5WaXN1YWxTdHVkaW8uVGVzdFRvb2xzLldlYlRlc3RpbmcuUnVsZXMuRXh0cmFjdFRleHQsIE1pY3Jvc29mdC5WaXN1YWxTdHVkaW8uUXVhbGl0eVRvb2xzLldlYlRlc3RGcmFtZXdvcmssIFZlcnNpb249MTAuMC4wLjAsIEN1bHR1cmU9bmV1dHJhbCwgUHVibGljS2V5VG9rZW49YjAzZjVmN2YxMWQ1MGEzYSIgVmFyaWFibGVOYW1lPSJRdWVyeVN0cmluZ1BhcmFtMzkucnBzbnYiIERpc3BsYXlOYW1lPSIiIERlc2NyaXB0aW9uPSIiPg0KICAgICAgICAgIDxSdWxlUGFyYW1ldGVycz4NCiAgICAgICAgICAgIDxSdWxlUGFyYW1ldGVyIE5hbWU9IlN0YXJ0c1dpdGgiIFZhbHVlPSImYW1wO2FtcDtycHNudj0iIC8+DQogICAgICAgICAgICA8UnVsZVBhcmFtZXRlciBOYW1lPSJFbmRzV2l0aCIgVmFsdWU9IiZhbXA7IiAvPg0KICAgICAgICAgICAgPFJ1bGVQYXJhbWV0ZXIgTmFtZT0iSW5kZXgiIFZhbHVlPSIwIiAvPg0KICAgICAgICAgICAgPFJ1bGVQYXJhbWV0ZXIgTmFtZT0iSWdub3JlQ2FzZSIgVmFsdWU9IkZhbHNlIiAvPg0KICAgICAgICAgICAgPFJ1bGVQYXJhbWV0ZXIgTmFtZT0iVXNlUmVndWxhckV4cHJlc3Npb24iIFZhbHVlPSJGYWxzZSIgLz4NCiAgICAgICAgICAgIDxSdWxlUGFyYW1ldGVyIE5hbWU9Ikh0bWxEZWNvZGUiIFZhbHVlPSJUcnVlIiAvPg0KICAgICAgICAgICAgPFJ1bGVQYXJhbWV0ZXIgTmFtZT0iUmVxdWlyZWQiIFZhbHVlPSJGYWxzZSIgLz4NCiAgICAgICAgICA8L1J1bGVQYXJhbWV0ZXJzPg0KICAgICAgICA8L0V4dHJhY3Rpb25SdWxlPg0KICAgICAgICA8RXh0cmFjdGlvblJ1bGUgQ2xhc3NuYW1lPSJNaWNyb3NvZnQuVmlzdWFsU3R1ZGlvLlRlc3RUb29scy5XZWJUZXN0aW5nLlJ1bGVzLkV4dHJhY3RUZXh0LCBNaWNyb3NvZnQuVmlzdWFsU3R1ZGlvLlF1YWxpdHlUb29scy5XZWJUZXN0RnJhbWV3b3JrLCBWZXJzaW9uPTEwLjAuMC4wLCBDdWx0dXJlPW5ldXRyYWwsIFB1YmxpY0tleVRva2VuPWIwM2Y1ZjdmMTFkNTBhM2EiIFZhcmlhYmxlTmFtZT0iUXVlcnlTdHJpbmdQYXJhbTQwLmNoZWNrZGEiIERpc3BsYXlOYW1lPSIiIERlc2NyaXB0aW9uPSIiPg0KICAgICAgICAgIDxSdWxlUGFyYW1ldGVycz4NCiAgICAgICAgICAgIDxSdWxlUGFyYW1ldGVyIE5hbWU9IlN0YXJ0c1dpdGgiIFZhbHVlPSImYW1wO2FtcDtjaGVja2RhPSIgLz4NCiAgICAgICAgICAgIDxSdWxlUGFyYW1ldGVyIE5hbWU9IkVuZHNXaXRoIiBWYWx1ZT0iJmFtcDsiIC8+DQogICAgICAgICAgICA8UnVsZVBhcmFtZXRlciBOYW1lPSJJbmRleCIgVmFsdWU9IjAiIC8+DQogICAgICAgICAgICA8UnVsZVBhcmFtZXRlciBOYW1lPSJJZ25vcmVDYXNlIiBWYWx1ZT0iRmFsc2UiIC8+DQogICAgICAgICAgICA8UnVsZVBhcmFtZXRlciBOYW1lPSJVc2VSZWd1bGFyRXhwcmVzc2lvbiIgVmFsdWU9IkZhbHNlIiAvPg0KICAgICAgICAgICAgPFJ1bGVQYXJhbWV0ZXIgTmFtZT0iSHRtbERlY29kZSIgVmFsdWU9IlRydWUiIC8+DQogICAgICAgICAgICA8UnVsZVBhcmFtZXRlciBOYW1lPSJSZXF1aXJlZCIgVmFsdWU9IkZhbHNlIiAvPg0KICAgICAgICAgIDwvUnVsZVBhcmFtZXRlcnM+DQogICAgICAgIDwvRXh0cmFjdGlvblJ1bGU+DQogICAgICAgIDxFeHRyYWN0aW9uUnVsZSBDbGFzc25hbWU9Ik1pY3Jvc29mdC5WaXN1YWxTdHVkaW8uVGVzdFRvb2xzLldlYlRlc3RpbmcuUnVsZXMuRXh0cmFjdFRleHQsIE1pY3Jvc29mdC5WaXN1YWxTdHVkaW8uUXVhbGl0eVRvb2xzLldlYlRlc3RGcmFtZXdvcmssIFZlcnNpb249MTAuMC4wLjAsIEN1bHR1cmU9bmV1dHJhbCwgUHVibGljS2V5VG9rZW49YjAzZjVmN2YxMWQ1MGEzYSIgVmFyaWFibGVOYW1lPSJRdWVyeVN0cmluZ1BhcmFtNDIucnZlciIgRGlzcGxheU5hbWU9IiIgRGVzY3JpcHRpb249IiI+DQogICAgICAgICAgPFJ1bGVQYXJhbWV0ZXJzPg0KICAgICAgICAgICAgPFJ1bGVQYXJhbWV0ZXIgTmFtZT0iU3RhcnRzV2l0aCIgVmFsdWU9IiZhbXA7YW1wO3J2ZXI9IiAvPg0KICAgICAgICAgICAgPFJ1bGVQYXJhbWV0ZXIgTmFtZT0iRW5kc1dpdGgiIFZhbHVlPSImYW1wOyIgLz4NCiAgICAgICAgICAgIDxSdWxlUGFyYW1ldGVyIE5hbWU9IkluZGV4IiBWYWx1ZT0iMCIgLz4NCiAgICAgICAgICAgIDxSdWxlUGFyYW1ldGVyIE5hbWU9Iklnbm9yZUNhc2UiIFZhbHVlPSJGYWxzZSIgLz4NCiAgICAgICAgICAgIDxSdWxlUGFyYW1ldGVyIE5hbWU9IlVzZVJlZ3VsYXJFeHByZXNzaW9uIiBWYWx1ZT0iRmFsc2UiIC8+DQogICAgICAgICAgICA8UnVsZVBhcmFtZXRlciBOYW1lPSJIdG1sRGVjb2RlIiBWYWx1ZT0iVHJ1ZSIgLz4NCiAgICAgICAgICAgIDxSdWxlUGFyYW1ldGVyIE5hbWU9IlJlcXVpcmVkIiBWYWx1ZT0iRmFsc2UiIC8+DQogICAgICAgICAgPC9SdWxlUGFyYW1ldGVycz4NCiAgICAgICAgPC9FeHRyYWN0aW9uUnVsZT4NCiAgICAgICAgPEV4dHJhY3Rpb25SdWxlIENsYXNzbmFtZT0iTWljcm9zb2Z0LlZpc3VhbFN0dWRpby5UZXN0VG9vbHMuV2ViVGVzdGluZy5SdWxlcy5FeHRyYWN0VGV4dCwgTWljcm9zb2Z0LlZpc3VhbFN0dWRpby5RdWFsaXR5VG9vbHMuV2ViVGVzdEZyYW1ld29yaywgVmVyc2lvbj0xMC4wLjAuMCwgQ3VsdHVyZT1uZXV0cmFsLCBQdWJsaWNLZXlUb2tlbj1iMDNmNWY3ZjExZDUwYTNhIiBWYXJpYWJsZU5hbWU9IlF1ZXJ5U3RyaW5nUGFyYW00My53cCIgRGlzcGxheU5hbWU9IiIgRGVzY3JpcHRpb249IiI+DQogICAgICAgICAgPFJ1bGVQYXJhbWV0ZXJzPg0KICAgICAgICAgICAgPFJ1bGVQYXJhbWV0ZXIgTmFtZT0iU3RhcnRzV2l0aCIgVmFsdWU9IiZhbXA7YW1wO3dwPSIgLz4NCiAgICAgICAgICAgIDxSdWxlUGFyYW1ldGVyIE5hbWU9IkVuZHNXaXRoIiBWYWx1ZT0iJmFtcDsiIC8+DQogICAgICAgICAgICA8UnVsZVBhcmFtZXRlciBOYW1lPSJJbmRleCIgVmFsdWU9IjEiIC8+DQogICAgICAgICAgICA8UnVsZVBhcmFtZXRlciBOYW1lPSJJZ25vcmVDYXNlIiBWYWx1ZT0iRmFsc2UiIC8+DQogICAgICAgICAgICA8UnVsZVBhcmFtZXRlciBOYW1lPSJVc2VSZWd1bGFyRXhwcmVzc2lvbiIgVmFsdWU9IkZhbHNlIiAvPg0KICAgICAgICAgICAgPFJ1bGVQYXJhbWV0ZXIgTmFtZT0iSHRtbERlY29kZSIgVmFsdWU9IlRydWUiIC8+DQogICAgICAgICAgICA8UnVsZVBhcmFtZXRlciBOYW1lPSJSZXF1aXJlZCIgVmFsdWU9IkZhbHNlIiAvPg0KICAgICAgICAgIDwvUnVsZVBhcmFtZXRlcnM+DQogICAgICAgIDwvRXh0cmFjdGlvblJ1bGU+DQogICAgICAgIDxFeHRyYWN0aW9uUnVsZSBDbGFzc25hbWU9Ik1pY3Jvc29mdC5WaXN1YWxTdHVkaW8uVGVzdFRvb2xzLldlYlRlc3RpbmcuUnVsZXMuRXh0cmFjdFRleHQsIE1pY3Jvc29mdC5WaXN1YWxTdHVkaW8uUXVhbGl0eVRvb2xzLldlYlRlc3RGcmFtZXdvcmssIFZlcnNpb249MTAuMC4wLjAsIEN1bHR1cmU9bmV1dHJhbCwgUHVibGljS2V5VG9rZW49YjAzZjVmN2YxMWQ1MGEzYSIgVmFyaWFibGVOYW1lPSJRdWVyeVN0cmluZ1BhcmFtNDUubGMiIERpc3BsYXlOYW1lPSIiIERlc2NyaXB0aW9uPSIiPg0KICAgICAgICAgIDxSdWxlUGFyYW1ldGVycz4NCiAgICAgICAgICAgIDxSdWxlUGFyYW1ldGVyIE5hbWU9IlN0YXJ0c1dpdGgiIFZhbHVlPSImYW1wO2FtcDtsYz0iIC8+DQogICAgICAgICAgICA8UnVsZVBhcmFtZXRlciBOYW1lPSJFbmRzV2l0aCIgVmFsdWU9IiZhbXA7IiAvPg0KICAgICAgICAgICAgPFJ1bGVQYXJhbWV0ZXIgTmFtZT0iSW5kZXgiIFZhbHVlPSIwIiAvPg0KICAgICAgICAgICAgPFJ1bGVQYXJhbWV0ZXIgTmFtZT0iSWdub3JlQ2FzZSIgVmFsdWU9IkZhbHNlIiAvPg0KICAgICAgICAgICAgPFJ1bGVQYXJhbWV0ZXIgTmFtZT0iVXNlUmVndWxhckV4cHJlc3Npb24iIFZhbHVlPSJGYWxzZSIgLz4NCiAgICAgICAgICAgIDxSdWxlUGFyYW1ldGVyIE5hbWU9Ikh0bWxEZWNvZGUiIFZhbHVlPSJUcnVlIiAvPg0KICAgICAgICAgICAgPFJ1bGVQYXJhbWV0ZXIgTmFtZT0iUmVxdWlyZWQiIFZhbHVlPSJGYWxzZSIgLz4NCiAgICAgICAgICA8L1J1bGVQYXJhbWV0ZXJzPg0KICAgICAgICA8L0V4dHJhY3Rpb25SdWxlPg0KICAgICAgICA8RXh0cmFjdGlvblJ1bGUgQ2xhc3NuYW1lPSJNaWNyb3NvZnQuVmlzdWFsU3R1ZGlvLlRlc3RUb29scy5XZWJUZXN0aW5nLlJ1bGVzLkV4dHJhY3RUZXh0LCBNaWNyb3NvZnQuVmlzdWFsU3R1ZGlvLlF1YWxpdHlUb29scy5XZWJUZXN0RnJhbWV3b3JrLCBWZXJzaW9uPTEwLjAuMC4wLCBDdWx0dXJlPW5ldXRyYWwsIFB1YmxpY0tleVRva2VuPWIwM2Y1ZjdmMTFkNTBhM2EiIFZhcmlhYmxlTmFtZT0iUXVlcnlTdHJpbmdQYXJhbTQ2LmlkIiBEaXNwbGF5TmFtZT0iIiBEZXNjcmlwdGlvbj0iIj4NCiAgICAgICAgICA8UnVsZVBhcmFtZXRlcnM+DQogICAgICAgICAgICA8UnVsZVBhcmFtZXRlciBOYW1lPSJTdGFydHNXaXRoIiBWYWx1ZT0iJmFtcDthbXA7aWQ9IiAvPg0KICAgICAgICAgICAgPFJ1bGVQYXJhbWV0ZXIgTmFtZT0iRW5kc1dpdGgiIFZhbHVlPSImYW1wOyIgLz4NCiAgICAgICAgICAgIDxSdWxlUGFyYW1ldGVyIE5hbWU9IkluZGV4IiBWYWx1ZT0iMCIgLz4NCiAgICAgICAgICAgIDxSdWxlUGFyYW1ldGVyIE5hbWU9Iklnbm9yZUNhc2UiIFZhbHVlPSJGYWxzZSIgLz4NCiAgICAgICAgICAgIDxSdWxlUGFyYW1ldGVyIE5hbWU9IlVzZVJlZ3VsYXJFeHByZXNzaW9uIiBWYWx1ZT0iRmFsc2UiIC8+DQogICAgICAgICAgICA8UnVsZVBhcmFtZXRlciBOYW1lPSJIdG1sRGVjb2RlIiBWYWx1ZT0iVHJ1ZSIgLz4NCiAgICAgICAgICAgIDxSdWxlUGFyYW1ldGVyIE5hbWU9IlJlcXVpcmVkIiBWYWx1ZT0iRmFsc2UiIC8+DQogICAgICAgICAgPC9SdWxlUGFyYW1ldGVycz4NCiAgICAgICAgPC9FeHRyYWN0aW9uUnVsZT4NCiAgICAgICAgPEV4dHJhY3Rpb25SdWxlIENsYXNzbmFtZT0iTWljcm9zb2Z0LlZpc3VhbFN0dWRpby5UZXN0VG9vbHMuV2ViVGVzdGluZy5SdWxlcy5FeHRyYWN0VGV4dCwgTWljcm9zb2Z0LlZpc3VhbFN0dWRpby5RdWFsaXR5VG9vbHMuV2ViVGVzdEZyYW1ld29yaywgVmVyc2lvbj0xMC4wLjAuMCwgQ3VsdHVyZT1uZXV0cmFsLCBQdWJsaWNLZXlUb2tlbj1iMDNmNWY3ZjExZDUwYTNhIiBWYXJpYWJsZU5hbWU9IlF1ZXJ5U3RyaW5nUGFyYW03NS5sb2NhbGUiIERpc3BsYXlOYW1lPSIiIERlc2NyaXB0aW9uPSIiPg0KICAgICAgICAgIDxSdWxlUGFyYW1ldGVycz4NCiAgICAgICAgICAgIDxSdWxlUGFyYW1ldGVyIE5hbWU9IlN0YXJ0c1dpdGgiIFZhbHVlPSI/bG9jYWxlPSIgLz4NCiAgICAgICAgICAgIDxSdWxlUGFyYW1ldGVyIE5hbWU9IkVuZHNXaXRoIiBWYWx1ZT0iJmFtcDsiIC8+DQogICAgICAgICAgICA8UnVsZVBhcmFtZXRlciBOYW1lPSJJbmRleCIgVmFsdWU9IjAiIC8+DQogICAgICAgICAgICA8UnVsZVBhcmFtZXRlciBOYW1lPSJJZ25vcmVDYXNlIiBWYWx1ZT0iRmFsc2UiIC8+DQogICAgICAgICAgICA8UnVsZVBhcmFtZXRlciBOYW1lPSJVc2VSZWd1bGFyRXhwcmVzc2lvbiIgVmFsdWU9IkZhbHNlIiAvPg0KICAgICAgICAgICAgPFJ1bGVQYXJhbWV0ZXIgTmFtZT0iSHRtbERlY29kZSIgVmFsdWU9IlRydWUiIC8+DQogICAgICAgICAgICA8UnVsZVBhcmFtZXRlciBOYW1lPSJSZXF1aXJlZCIgVmFsdWU9IkZhbHNlIiAvPg0KICAgICAgICAgIDwvUnVsZVBhcmFtZXRlcnM+DQogICAgICAgIDwvRXh0cmFjdGlvblJ1bGU+DQogICAgICAgIDxFeHRyYWN0aW9uUnVsZSBDbGFzc25hbWU9Ik1pY3Jvc29mdC5WaXN1YWxTdHVkaW8uVGVzdFRvb2xzLldlYlRlc3RpbmcuUnVsZXMuRXh0cmFjdFRleHQsIE1pY3Jvc29mdC5WaXN1YWxTdHVkaW8uUXVhbGl0eVRvb2xzLldlYlRlc3RGcmFtZXdvcmssIFZlcnNpb249MTAuMC4wLjAsIEN1bHR1cmU9bmV1dHJhbCwgUHVibGljS2V5VG9rZW49YjAzZjVmN2YxMWQ1MGEzYSIgVmFyaWFibGVOYW1lPSJRdWVyeVN0cmluZ1BhcmFtNzYubWFya2V0IiBEaXNwbGF5TmFtZT0iIiBEZXNjcmlwdGlvbj0iIj4NCiAgICAgICAgICA8UnVsZVBhcmFtZXRlcnM+DQogICAgICAgICAgICA8UnVsZVBhcmFtZXRlciBOYW1lPSJTdGFydHNXaXRoIiBWYWx1ZT0iJmFtcDthbXA7bWFya2V0PSIgLz4NCiAgICAgICAgICAgIDxSdWxlUGFyYW1ldGVyIE5hbWU9IkVuZHNXaXRoIiBWYWx1ZT0iJmFtcDsiIC8+DQogICAgICAgICAgICA8UnVsZVBhcmFtZXRlciBOYW1lPSJJbmRleCIgVmFsdWU9IjAiIC8+DQogICAgICAgICAgICA8UnVsZVBhcmFtZXRlciBOYW1lPSJJZ25vcmVDYXNlIiBWYWx1ZT0iRmFsc2UiIC8+DQogICAgICAgICAgICA8UnVsZVBhcmFtZXRlciBOYW1lPSJVc2VSZWd1bGFyRXhwcmVzc2lvbiIgVmFsdWU9IkZhbHNlIiAvPg0KICAgICAgICAgICAgPFJ1bGVQYXJhbWV0ZXIgTmFtZT0iSHRtbERlY29kZSIgVmFsdWU9IlRydWUiIC8+DQogICAgICAgICAgICA8UnVsZVBhcmFtZXRlciBOYW1lPSJSZXF1aXJlZCIgVmFsdWU9IkZhbHNlIiAvPg0KICAgICAgICAgIDwvUnVsZVBhcmFtZXRlcnM+DQogICAgICAgIDwvRXh0cmFjdGlvblJ1bGU+DQogICAgICAgIDxFeHRyYWN0aW9uUnVsZSBDbGFzc25hbWU9Ik1pY3Jvc29mdC5WaXN1YWxTdHVkaW8uVGVzdFRvb2xzLldlYlRlc3RpbmcuUnVsZXMuRXh0cmFjdFRleHQsIE1pY3Jvc29mdC5WaXN1YWxTdHVkaW8uUXVhbGl0eVRvb2xzLldlYlRlc3RGcmFtZXdvcmssIFZlcnNpb249MTAuMC4wLjAsIEN1bHR1cmU9bmV1dHJhbCwgUHVibGljS2V5VG9rZW49YjAzZjVmN2YxMWQ1MGEzYSIgVmFyaWFibGVOYW1lPSJRdWVyeVN0cmluZ1BhcmFtNzcuZW5hYmxlcmVndWxhdG9yeXBzbSIgRGlzcGxheU5hbWU9IiIgRGVzY3JpcHRpb249IiI+DQogICAgICAgICAgPFJ1bGVQYXJhbWV0ZXJzPg0KICAgICAgICAgICAgPFJ1bGVQYXJhbWV0ZXIgTmFtZT0iU3RhcnRzV2l0aCIgVmFsdWU9IiZhbXA7YW1wO2VuYWJsZXJlZ3VsYXRvcnlwc209IiAvPg0KICAgICAgICAgICAgPFJ1bGVQYXJhbWV0ZXIgTmFtZT0iRW5kc1dpdGgiIFZhbHVlPSImYW1wOyIgLz4NCiAgICAgICAgICAgIDxSdWxlUGFyYW1ldGVyIE5hbWU9IkluZGV4IiBWYWx1ZT0iMCIgLz4NCiAgICAgICAgICAgIDxSdWxlUGFyYW1ldGVyIE5hbWU9Iklnbm9yZUNhc2UiIFZhbHVlPSJGYWxzZSIgLz4NCiAgICAgICAgICAgIDxSdWxlUGFyYW1ldGVyIE5hbWU9IlVzZVJlZ3VsYXJFeHByZXNzaW9uIiBWYWx1ZT0iRmFsc2UiIC8+DQogICAgICAgICAgICA8UnVsZVBhcmFtZXRlciBOYW1lPSJIdG1sRGVjb2RlIiBWYWx1ZT0iVHJ1ZSIgLz4NCiAgICAgICAgICAgIDxSdWxlUGFyYW1ldGVyIE5hbWU9IlJlcXVpcmVkIiBWYWx1ZT0iRmFsc2UiIC8+DQogICAgICAgICAgPC9SdWxlUGFyYW1ldGVycz4NCiAgICAgICAgPC9FeHRyYWN0aW9uUnVsZT4NCiAgICAgICAgPEV4dHJhY3Rpb25SdWxlIENsYXNzbmFtZT0iTWljcm9zb2Z0LlZpc3VhbFN0dWRpby5UZXN0VG9vbHMuV2ViVGVzdGluZy5SdWxlcy5FeHRyYWN0VGV4dCwgTWljcm9zb2Z0LlZpc3VhbFN0dWRpby5RdWFsaXR5VG9vbHMuV2ViVGVzdEZyYW1ld29yaywgVmVyc2lvbj0xMC4wLjAuMCwgQ3VsdHVyZT1uZXV0cmFsLCBQdWJsaWNLZXlUb2tlbj1iMDNmNWY3ZjExZDUwYTNhIiBWYXJpYWJsZU5hbWU9IlF1ZXJ5U3RyaW5nUGFyYW03OC5udGxvZ28iIERpc3BsYXlOYW1lPSIiIERlc2NyaXB0aW9uPSIiPg0KICAgICAgICAgIDxSdWxlUGFyYW1ldGVycz4NCiAgICAgICAgICAgIDxSdWxlUGFyYW1ldGVyIE5hbWU9IlN0YXJ0c1dpdGgiIFZhbHVlPSImYW1wO2FtcDtudGxvZ289IiAvPg0KICAgICAgICAgICAgPFJ1bGVQYXJhbWV0ZXIgTmFtZT0iRW5kc1dpdGgiIFZhbHVlPSImYW1wOyIgLz4NCiAgICAgICAgICAgIDxSdWxlUGFyYW1ldGVyIE5hbWU9IkluZGV4IiBWYWx1ZT0iMCIgLz4NCiAgICAgICAgICAgIDxSdWxlUGFyYW1ldGVyIE5hbWU9Iklnbm9yZUNhc2UiIFZhbHVlPSJGYWxzZSIgLz4NCiAgICAgICAgICAgIDxSdWxlUGFyYW1ldGVyIE5hbWU9IlVzZVJlZ3VsYXJFeHByZXNzaW9uIiBWYWx1ZT0iRmFsc2UiIC8+DQogICAgICAgICAgICA8UnVsZVBhcmFtZXRlciBOYW1lPSJIdG1sRGVjb2RlIiBWYWx1ZT0iVHJ1ZSIgLz4NCiAgICAgICAgICAgIDxSdWxlUGFyYW1ldGVyIE5hbWU9IlJlcXVpcmVkIiBWYWx1ZT0iRmFsc2UiIC8+DQogICAgICAgICAgPC9SdWxlUGFyYW1ldGVycz4NCiAgICAgICAgPC9FeHRyYWN0aW9uUnVsZT4NCiAgICAgICAgPEV4dHJhY3Rpb25SdWxlIENsYXNzbmFtZT0iTWljcm9zb2Z0LlZpc3VhbFN0dWRpby5UZXN0VG9vbHMuV2ViVGVzdGluZy5SdWxlcy5FeHRyYWN0VGV4dCwgTWljcm9zb2Z0LlZpc3VhbFN0dWRpby5RdWFsaXR5VG9vbHMuV2ViVGVzdEZyYW1ld29yaywgVmVyc2lvbj0xMC4wLjAuMCwgQ3VsdHVyZT1uZXV0cmFsLCBQdWJsaWNLZXlUb2tlbj1iMDNmNWY3ZjExZDUwYTNhIiBWYXJpYWJsZU5hbWU9IlF1ZXJ5U3RyaW5nUGFyYW03OS5pc2ZyZSIgRGlzcGxheU5hbWU9IiIgRGVzY3JpcHRpb249IiI+DQogICAgICAgICAgPFJ1bGVQYXJhbWV0ZXJzPg0KICAgICAgICAgICAgPFJ1bGVQYXJhbWV0ZXIgTmFtZT0iU3RhcnRzV2l0aCIgVmFsdWU9IiZhbXA7YW1wO2lzZnJlPSIgLz4NCiAgICAgICAgICAgIDxSdWxlUGFyYW1ldGVyIE5hbWU9IkVuZHNXaXRoIiBWYWx1ZT0iJnF1b3Q7IiAvPg0KICAgICAgICAgICAgPFJ1bGVQYXJhbWV0ZXIgTmFtZT0iSW5kZXgiIFZhbHVlPSIwIiAvPg0KICAgICAgICAgICAgPFJ1bGVQYXJhbWV0ZXIgTmFtZT0iSWdub3JlQ2FzZSIgVmFsdWU9IkZhbHNlIiAvPg0KICAgICAgICAgICAgPFJ1bGVQYXJhbWV0ZXIgTmFtZT0iVXNlUmVndWxhckV4cHJlc3Npb24iIFZhbHVlPSJGYWxzZSIgLz4NCiAgICAgICAgICAgIDxSdWxlUGFyYW1ldGVyIE5hbWU9Ikh0bWxEZWNvZGUiIFZhbHVlPSJUcnVlIiAvPg0KICAgICAgICAgICAgPFJ1bGVQYXJhbWV0ZXIgTmFtZT0iUmVxdWlyZWQiIFZhbHVlPSJGYWxzZSIgLz4NCiAgICAgICAgICA8L1J1bGVQYXJhbWV0ZXJzPg0KICAgICAgICA8L0V4dHJhY3Rpb25SdWxlPg0KICAgICAgICA8RXh0cmFjdGlvblJ1bGUgQ2xhc3NuYW1lPSJNaWNyb3NvZnQuVmlzdWFsU3R1ZGlvLlRlc3RUb29scy5XZWJUZXN0aW5nLlJ1bGVzLkV4dHJhY3RUZXh0LCBNaWNyb3NvZnQuVmlzdWFsU3R1ZGlvLlF1YWxpdHlUb29scy5XZWJUZXN0RnJhbWV3b3JrLCBWZXJzaW9uPTEwLjAuMC4wLCBDdWx0dXJlPW5ldXRyYWwsIFB1YmxpY0tleVRva2VuPWIwM2Y1ZjdmMTFkNTBhM2EiIFZhcmlhYmxlTmFtZT0iUXVlcnlTdHJpbmdQYXJhbTgwLnZlciIgRGlzcGxheU5hbWU9IiIgRGVzY3JpcHRpb249IiI+DQogICAgICAgICAgPFJ1bGVQYXJhbWV0ZXJzPg0KICAgICAgICAgICAgPFJ1bGVQYXJhbWV0ZXIgTmFtZT0iU3RhcnRzV2l0aCIgVmFsdWU9Ij92ZXI9IiAvPg0KICAgICAgICAgICAgPFJ1bGVQYXJhbWV0ZXIgTmFtZT0iRW5kc1dpdGgiIFZhbHVlPSImcXVvdDsiIC8+DQogICAgICAgICAgICA8UnVsZVBhcmFtZXRlciBOYW1lPSJJbmRleCIgVmFsdWU9IjAiIC8+DQogICAgICAgICAgICA8UnVsZVBhcmFtZXRlciBOYW1lPSJJZ25vcmVDYXNlIiBWYWx1ZT0iRmFsc2UiIC8+DQogICAgICAgICAgICA8UnVsZVBhcmFtZXRlciBOYW1lPSJVc2VSZWd1bGFyRXhwcmVzc2lvbiIgVmFsdWU9IkZhbHNlIiAvPg0KICAgICAgICAgICAgPFJ1bGVQYXJhbWV0ZXIgTmFtZT0iSHRtbERlY29kZSIgVmFsdWU9IlRydWUiIC8+DQogICAgICAgICAgICA8UnVsZVBhcmFtZXRlciBOYW1lPSJSZXF1aXJlZCIgVmFsdWU9IkZhbHNlIiAvPg0KICAgICAgICAgIDwvUnVsZVBhcmFtZXRlcnM+DQogICAgICAgIDwvRXh0cmFjdGlvblJ1bGU+DQogICAgICAgIDxFeHRyYWN0aW9uUnVsZSBDbGFzc25hbWU9Ik1pY3Jvc29mdC5WaXN1YWxTdHVkaW8uVGVzdFRvb2xzLldlYlRlc3RpbmcuUnVsZXMuRXh0cmFjdFRleHQsIE1pY3Jvc29mdC5WaXN1YWxTdHVkaW8uUXVhbGl0eVRvb2xzLldlYlRlc3RGcmFtZXdvcmssIFZlcnNpb249MTAuMC4wLjAsIEN1bHR1cmU9bmV1dHJhbCwgUHVibGljS2V5VG9rZW49YjAzZjVmN2YxMWQ1MGEzYSIgVmFyaWFibGVOYW1lPSJRdWVyeVN0cmluZ1BhcmFtMTA5Lm1hcmtldCIgRGlzcGxheU5hbWU9IiIgRGVzY3JpcHRpb249IiI+DQogICAgICAgICAgPFJ1bGVQYXJhbWV0ZXJzPg0KICAgICAgICAgICAgPFJ1bGVQYXJhbWV0ZXIgTmFtZT0iU3RhcnRzV2l0aCIgVmFsdWU9Ij9tYXJrZXQ9IiAvPg0KICAgICAgICAgICAgPFJ1bGVQYXJhbWV0ZXIgTmFtZT0iRW5kc1dpdGgiIFZhbHVlPSImYW1wOyIgLz4NCiAgICAgICAgICAgIDxSdWxlUGFyYW1ldGVyIE5hbWU9IkluZGV4IiBWYWx1ZT0iMCIgLz4NCiAgICAgICAgICAgIDxSdWxlUGFyYW1ldGVyIE5hbWU9Iklnbm9yZUNhc2UiIFZhbHVlPSJGYWxzZSIgLz4NCiAgICAgICAgICAgIDxSdWxlUGFyYW1ldGVyIE5hbWU9IlVzZVJlZ3VsYXJFeHByZXNzaW9uIiBWYWx1ZT0iRmFsc2UiIC8+DQogICAgICAgICAgICA8UnVsZVBhcmFtZXRlciBOYW1lPSJIdG1sRGVjb2RlIiBWYWx1ZT0iVHJ1ZSIgLz4NCiAgICAgICAgICAgIDxSdWxlUGFyYW1ldGVyIE5hbWU9IlJlcXVpcmVkIiBWYWx1ZT0iRmFsc2UiIC8+DQogICAgICAgICAgPC9SdWxlUGFyYW1ldGVycz4NCiAgICAgICAgPC9FeHRyYWN0aW9uUnVsZT4NCiAgICAgICAgPEV4dHJhY3Rpb25SdWxlIENsYXNzbmFtZT0iTWljcm9zb2Z0LlZpc3VhbFN0dWRpby5UZXN0VG9vbHMuV2ViVGVzdGluZy5SdWxlcy5FeHRyYWN0VGV4dCwgTWljcm9zb2Z0LlZpc3VhbFN0dWRpby5RdWFsaXR5VG9vbHMuV2ViVGVzdEZyYW1ld29yaywgVmVyc2lvbj0xMC4wLjAuMCwgQ3VsdHVyZT1uZXV0cmFsLCBQdWJsaWNLZXlUb2tlbj1iMDNmNWY3ZjExZDUwYTNhIiBWYXJpYWJsZU5hbWU9IlF1ZXJ5U3RyaW5nUGFyYW0xMTAuZW5hYmxlcmVndWxhdG9yeXBzbSIgRGlzcGxheU5hbWU9IiIgRGVzY3JpcHRpb249IiI+DQogICAgICAgICAgPFJ1bGVQYXJhbWV0ZXJzPg0KICAgICAgICAgICAgPFJ1bGVQYXJhbWV0ZXIgTmFtZT0iU3RhcnRzV2l0aCIgVmFsdWU9IiZhbXA7YW1wO2VuYWJsZXJlZ3VsYXRvcnlwc209IiAvPg0KICAgICAgICAgICAgPFJ1bGVQYXJhbWV0ZXIgTmFtZT0iRW5kc1dpdGgiIFZhbHVlPSImYW1wOyIgLz4NCiAgICAgICAgICAgIDxSdWxlUGFyYW1ldGVyIE5hbWU9IkluZGV4IiBWYWx1ZT0iMCIgLz4NCiAgICAgICAgICAgIDxSdWxlUGFyYW1ldGVyIE5hbWU9Iklnbm9yZUNhc2UiIFZhbHVlPSJGYWxzZSIgLz4NCiAgICAgICAgICAgIDxSdWxlUGFyYW1ldGVyIE5hbWU9IlVzZVJlZ3VsYXJFeHByZXNzaW9uIiBWYWx1ZT0iRmFsc2UiIC8+DQogICAgICAgICAgICA8UnVsZVBhcmFtZXRlciBOYW1lPSJIdG1sRGVjb2RlIiBWYWx1ZT0iVHJ1ZSIgLz4NCiAgICAgICAgICAgIDxSdWxlUGFyYW1ldGVyIE5hbWU9IlJlcXVpcmVkIiBWYWx1ZT0iRmFsc2UiIC8+DQogICAgICAgICAgPC9SdWxlUGFyYW1ldGVycz4NCiAgICAgICAgPC9FeHRyYWN0aW9uUnVsZT4NCiAgICAgICAgPEV4dHJhY3Rpb25SdWxlIENsYXNzbmFtZT0iTWljcm9zb2Z0LlZpc3VhbFN0dWRpby5UZXN0VG9vbHMuV2ViVGVzdGluZy5SdWxlcy5FeHRyYWN0VGV4dCwgTWljcm9zb2Z0LlZpc3VhbFN0dWRpby5RdWFsaXR5VG9vbHMuV2ViVGVzdEZyYW1ld29yaywgVmVyc2lvbj0xMC4wLjAuMCwgQ3VsdHVyZT1uZXV0cmFsLCBQdWJsaWNLZXlUb2tlbj1iMDNmNWY3ZjExZDUwYTNhIiBWYXJpYWJsZU5hbWU9IlF1ZXJ5U3RyaW5nUGFyYW0xMTEuTlRMb2dvIiBEaXNwbGF5TmFtZT0iIiBEZXNjcmlwdGlvbj0iIj4NCiAgICAgICAgICA8UnVsZVBhcmFtZXRlcnM+DQogICAgICAgICAgICA8UnVsZVBhcmFtZXRlciBOYW1lPSJTdGFydHNXaXRoIiBWYWx1ZT0iJmFtcDthbXA7TlRMb2dvPSIgLz4NCiAgICAgICAgICAgIDxSdWxlUGFyYW1ldGVyIE5hbWU9IkVuZHNXaXRoIiBWYWx1ZT0iJmFtcDsiIC8+DQogICAgICAgICAgICA8UnVsZVBhcmFtZXRlciBOYW1lPSJJbmRleCIgVmFsdWU9IjAiIC8+DQogICAgICAgICAgICA8UnVsZVBhcmFtZXRlciBOYW1lPSJJZ25vcmVDYXNlIiBWYWx1ZT0iRmFsc2UiIC8+DQogICAgICAgICAgICA8UnVsZVBhcmFtZXRlciBOYW1lPSJVc2VSZWd1bGFyRXhwcmVzc2lvbiIgVmFsdWU9IkZhbHNlIiAvPg0KICAgICAgICAgICAgPFJ1bGVQYXJhbWV0ZXIgTmFtZT0iSHRtbERlY29kZSIgVmFsdWU9IlRydWUiIC8+DQogICAgICAgICAgICA8UnVsZVBhcmFtZXRlciBOYW1lPSJSZXF1aXJlZCIgVmFsdWU9IkZhbHNlIiAvPg0KICAgICAgICAgIDwvUnVsZVBhcmFtZXRlcnM+DQogICAgICAgIDwvRXh0cmFjdGlvblJ1bGU+DQogICAgICAgIDxFeHRyYWN0aW9uUnVsZSBDbGFzc25hbWU9Ik1pY3Jvc29mdC5WaXN1YWxTdHVkaW8uVGVzdFRvb2xzLldlYlRlc3RpbmcuUnVsZXMuRXh0cmFjdFRleHQsIE1pY3Jvc29mdC5WaXN1YWxTdHVkaW8uUXVhbGl0eVRvb2xzLldlYlRlc3RGcmFtZXdvcmssIFZlcnNpb249MTAuMC4wLjAsIEN1bHR1cmU9bmV1dHJhbCwgUHVibGljS2V5VG9rZW49YjAzZjVmN2YxMWQ1MGEzYSIgVmFyaWFibGVOYW1lPSJRdWVyeVN0cmluZ1BhcmFtMTEyLklzRlJFIiBEaXNwbGF5TmFtZT0iIiBEZXNjcmlwdGlvbj0iIj4NCiAgICAgICAgICA8UnVsZVBhcmFtZXRlcnM+DQogICAgICAgICAgICA8UnVsZVBhcmFtZXRlciBOYW1lPSJTdGFydHNXaXRoIiBWYWx1ZT0iJmFtcDthbXA7SXNGUkU9IiAvPg0KICAgICAgICAgICAgPFJ1bGVQYXJhbWV0ZXIgTmFtZT0iRW5kc1dpdGgiIFZhbHVlPSImYW1wOyIgLz4NCiAgICAgICAgICAgIDxSdWxlUGFyYW1ldGVyIE5hbWU9IkluZGV4IiBWYWx1ZT0iMCIgLz4NCiAgICAgICAgICAgIDxSdWxlUGFyYW1ldGVyIE5hbWU9Iklnbm9yZUNhc2UiIFZhbHVlPSJGYWxzZSIgLz4NCiAgICAgICAgICAgIDxSdWxlUGFyYW1ldGVyIE5hbWU9IlVzZVJlZ3VsYXJFeHByZXNzaW9uIiBWYWx1ZT0iRmFsc2UiIC8+DQogICAgICAgICAgICA8UnVsZVBhcmFtZXRlciBOYW1lPSJIdG1sRGVjb2RlIiBWYWx1ZT0iVHJ1ZSIgLz4NCiAgICAgICAgICAgIDxSdWxlUGFyYW1ldGVyIE5hbWU9IlJlcXVpcmVkIiBWYWx1ZT0iRmFsc2UiIC8+DQogICAgICAgICAgPC9SdWxlUGFyYW1ldGVycz4NCiAgICAgICAgPC9FeHRyYWN0aW9uUnVsZT4NCiAgICAgIDwvQ29ycmVsYXRpb25FeHRyYWN0aW9uUnVsZXM+DQogICAgICA8UXVlcnlTdHJpbmdQYXJhbWV0ZXJzPg0KICAgICAgICA8UXVlcnlTdHJpbmdQYXJhbWV0ZXIgTmFtZT0ibG9jYWxlIiBWYWx1ZT0iZW4tSU4iIFJlY29yZGVkVmFsdWU9ImVuLUlOIiBDb3JyZWxhdGlvbkJpbmRpbmc9IiIgVXJsRW5jb2RlPSJGYWxzZSIgVXNlVG9Hcm91cFJlc3VsdHM9IkZhbHNlIiAvPg0KICAgICAgICA8UXVlcnlTdHJpbmdQYXJhbWV0ZXIgTmFtZT0ibWFya2V0IiBWYWx1ZT0iSU4iIFJlY29yZGVkVmFsdWU9IklOIiBDb3JyZWxhdGlvbkJpbmRpbmc9IiIgVXJsRW5jb2RlPSJGYWxzZSIgVXNlVG9Hcm91cFJlc3VsdHM9IkZhbHNlIiAvPg0KICAgICAgICA8UXVlcnlTdHJpbmdQYXJhbWV0ZXIgTmFtZT0iZW5hYmxlcmVndWxhdG9yeXBzbSIgVmFsdWU9IjAiIFJlY29yZGVkVmFsdWU9IjAiIENvcnJlbGF0aW9uQmluZGluZz0iIiBVcmxFbmNvZGU9IkZhbHNlIiBVc2VUb0dyb3VwUmVzdWx0cz0iRmFsc2UiIC8+DQogICAgICAgIDxRdWVyeVN0cmluZ1BhcmFtZXRlciBOYW1lPSJOVExvZ28iIFZhbHVlPSIxIiBSZWNvcmRlZFZhbHVlPSIxIiBDb3JyZWxhdGlvbkJpbmRpbmc9IiIgVXJsRW5jb2RlPSJGYWxzZSIgVXNlVG9Hcm91cFJlc3VsdHM9IkZhbHNlIiAvPg0KICAgICAgICA8UXVlcnlTdHJpbmdQYXJhbWV0ZXIgTmFtZT0iSXNGUkUiIFZhbHVlPSIwIiBSZWNvcmRlZFZhbHVlPSIwIiBDb3JyZWxhdGlvbkJpbmRpbmc9IiIgVXJsRW5jb2RlPSJGYWxzZSIgVXNlVG9Hcm91cFJlc3VsdHM9IkZhbHNlIiAvPg0KICAgICAgPC9RdWVyeVN0cmluZ1BhcmFtZXRlcnM+DQogICAgPC9SZXF1ZXN0Pg0KICAgIDxSZXF1ZXN0IE1ldGhvZD0iR0VUIiBHdWlkPSI2ZDM0NWIyNy0xNTlmLTQ5MjAtOTFiMi1iYzljNDM3NjE2ODEiIFZlcnNpb249IjEuMSIgVXJsPSJodHRwczovL2xvZ2luLmxpdmUuY29tL2xvZ2luLnNyZiIgVGhpbmtUaW1lPSIwIiBUaW1lb3V0PSIzMDAiIFBhcnNlRGVwZW5kZW50UmVxdWVzdHM9IlRydWUiIEZvbGxvd1JlZGlyZWN0cz0iVHJ1ZSIgUmVjb3JkUmVzdWx0PSJUcnVlIiBDYWNoZT0iRmFsc2UiIFJlc3BvbnNlVGltZUdvYWw9IjAiIEVuY29kaW5nPSJ1dGYtOCIgRXhwZWN0ZWRIdHRwU3RhdHVzQ29kZT0iMCIgRXhwZWN0ZWRSZXNwb25zZVVybD0iaHR0cHM6Ly93d3cubXNuLmNvbS9zcGFydGFuL2VuLXNnL3NlY3VyZS9zaWxlbnRwYXNzcG9ydD9zZWN1cmU9dHJ1ZSZhbXA7bGM9MTg0NDEiIFJlcG9ydGluZ05hbWU9IiIgSWdub3JlSHR0cFN0YXR1c0NvZGU9IkZhbHNlIj4NCiAgICAgIDxEZXBlbmRlbnRSZXF1ZXN0cz4NCiAgICAgICAgPFJlcXVlc3QgTWV0aG9kPSJPUFRJT05TIiBHdWlkPSJkNDMyYTk5OS0xMjY5LTRhOTktYjljMy1hYWJiZWM1MjU3NGYiIFZlcnNpb249IjEuMSIgVXJsPSJodHRwczovL3NhbS5tc24uY29tL3Byb21vdGlvbnMvZ2V0U2Vzc2lvblJlc3VsdCIgVGhpbmtUaW1lPSIwIiBUaW1lb3V0PSIzMDAiIFBhcnNlRGVwZW5kZW50UmVxdWVzdHM9IlRydWUiIEZvbGxvd1JlZGlyZWN0cz0iVHJ1ZSIgUmVjb3JkUmVzdWx0PSJUcnVlIiBDYWNoZT0iRmFsc2UiIFJlc3BvbnNlVGltZUdvYWw9IjAiIEVuY29kaW5nPSJ1dGYtOCIgRXhwZWN0ZWRIdHRwU3RhdHVzQ29kZT0iMCIgRXhwZWN0ZWRSZXNwb25zZVVybD0iIiBSZXBvcnRpbmdOYW1lPSIiIElnbm9yZUh0dHBTdGF0dXNDb2RlPSJGYWxzZSI+DQogICAgICAgICAgPFF1ZXJ5U3RyaW5nUGFyYW1ldGVycz4NCiAgICAgICAgICAgIDxRdWVyeVN0cmluZ1BhcmFtZXRlciBOYW1lPSJsb2NhbGUiIFZhbHVlPSJlbi1zZyIgUmVjb3JkZWRWYWx1ZT0iZW4tc2ciIENvcnJlbGF0aW9uQmluZGluZz0iIiBVcmxFbmNvZGU9IkZhbHNlIiBVc2VUb0dyb3VwUmVzdWx0cz0iRmFsc2UiIC8+DQogICAgICAgICAgICA8UXVlcnlTdHJpbmdQYXJhbWV0ZXIgTmFtZT0idiIgVmFsdWU9IjIiIFJlY29yZGVkVmFsdWU9IjIiIENvcnJlbGF0aW9uQmluZGluZz0iIiBVcmxFbmNvZGU9IkZhbHNlIiBVc2VUb0dyb3VwUmVzdWx0cz0iRmFsc2UiIC8+DQogICAgICAgICAgICA8UXVlcnlTdHJpbmdQYXJhbWV0ZXIgTmFtZT0ic2tpcHNlc3Npb25jYWxsIiBWYWx1ZT0iZmFsc2UiIFJlY29yZGVkVmFsdWU9ImZhbHNlIiBDb3JyZWxhdGlvbkJpbmRpbmc9IiIgVXJsRW5jb2RlPSJGYWxzZSIgVXNlVG9Hcm91cFJlc3VsdHM9IkZhbHNlIiAvPg0KICAgICAgICAgIDwvUXVlcnlTdHJpbmdQYXJhbWV0ZXJzPg0KICAgICAgICA8L1JlcXVlc3Q+DQogICAgICA8L0RlcGVuZGVudFJlcXVlc3RzPg0KICAgICAgPEhlYWRlcnM+DQogICAgICAgIDxIZWFkZXIgTmFtZT0iUmVmZXJlciIgVmFsdWU9Imh0dHBzOi8vd3d3Lm1zbi5jb20vc3BhcnRhbi9pZW50cD9sb2NhbGU9ZW4tSU4mYW1wO21hcmtldD1JTiZhbXA7ZW5hYmxlcmVndWxhdG9yeXBzbT0wJmFtcDtOVExvZ289MSZhbXA7SXNGUkU9MCIgLz4NCiAgICAgIDwvSGVhZGVycz4NCiAgICAgIDxRdWVyeVN0cmluZ1BhcmFtZXRlcnM+DQogICAgICAgIDxRdWVyeVN0cmluZ1BhcmFtZXRlciBOYW1lPSJ3YSIgVmFsdWU9IndzaWduaW4xLjAiIFJlY29yZGVkVmFsdWU9IndzaWduaW4xLjAiIENvcnJlbGF0aW9uQmluZGluZz0ie3tRdWVyeVN0cmluZ1BhcmFtMzgud2F9fSIgVXJsRW5jb2RlPSJGYWxzZSIgVXNlVG9Hcm91cFJlc3VsdHM9IkZhbHNlIiAvPg0KICAgICAgICA8UXVlcnlTdHJpbmdQYXJhbWV0ZXIgTmFtZT0icnBzbnYiIFZhbHVlPSIxMyIgUmVjb3JkZWRWYWx1ZT0iMTMiIENvcnJlbGF0aW9uQmluZGluZz0ie3tRdWVyeVN0cmluZ1BhcmFtMzkucnBzbnZ9fSIgVXJsRW5jb2RlPSJGYWxzZSIgVXNlVG9Hcm91cFJlc3VsdHM9IkZhbHNlIiAvPg0KICAgICAgICA8UXVlcnlTdHJpbmdQYXJhbWV0ZXIgTmFtZT0iY2hlY2tkYSIgVmFsdWU9IjEiIFJlY29yZGVkVmFsdWU9IjEiIENvcnJlbGF0aW9uQmluZGluZz0ie3tRdWVyeVN0cmluZ1BhcmFtNDAuY2hlY2tkYX19IiBVcmxFbmNvZGU9IkZhbHNlIiBVc2VUb0dyb3VwUmVzdWx0cz0iRmFsc2UiIC8+DQogICAgICAgIDxRdWVyeVN0cmluZ1BhcmFtZXRlciBOYW1lPSJjdCIgVmFsdWU9IjE1MzUzNTY0NTkiIFJlY29yZGVkVmFsdWU9IjE1MzUzNTY0NTkiIENvcnJlbGF0aW9uQmluZGluZz0ie3tRdWVyeVN0cmluZ1BhcmFtNDkuY3R9fSIgVXJsRW5jb2RlPSJGYWxzZSIgVXNlVG9Hcm91cFJlc3VsdHM9IkZhbHNlIiAvPg0KICAgICAgICA8UXVlcnlTdHJpbmdQYXJhbWV0ZXIgTmFtZT0icnZlciIgVmFsdWU9IjcuMC42NzMwLjAiIFJlY29yZGVkVmFsdWU9IjcuMC42NzMwLjAiIENvcnJlbGF0aW9uQmluZGluZz0ie3tRdWVyeVN0cmluZ1BhcmFtNDIucnZlcn19IiBVcmxFbmNvZGU9IkZhbHNlIiBVc2VUb0dyb3VwUmVzdWx0cz0iRmFsc2UiIC8+DQogICAgICAgIDxRdWVyeVN0cmluZ1BhcmFtZXRlciBOYW1lPSJ3cCIgVmFsdWU9IkxCSSIgUmVjb3JkZWRWYWx1ZT0iTEJJIiBDb3JyZWxhdGlvbkJpbmRpbmc9Int7UXVlcnlTdHJpbmdQYXJhbTQzLndwfX0iIFVybEVuY29kZT0iRmFsc2UiIFVzZVRvR3JvdXBSZXN1bHRzPSJGYWxzZSIgLz4NCiAgICAgICAgPFF1ZXJ5U3RyaW5nUGFyYW1ldGVyIE5hbWU9IndyZXBseSIgVmFsdWU9Imh0dHBzJTNhJTJmJTJmd3d3Lm1zbi5jb20lMmZzcGFydGFuJTJmZW4tc2clMmZzZWN1cmUlMmZzaWxlbnRwYXNzcG9ydCUzZnNlY3VyZSUzZHRydWUiIFJlY29yZGVkVmFsdWU9Imh0dHBzJTNhJTJmJTJmd3d3Lm1zbi5jb20lMmZzcGFydGFuJTJmZW4tc2clMmZzZWN1cmUlMmZzaWxlbnRwYXNzcG9ydCUzZnNlY3VyZSUzZHRydWUiIENvcnJlbGF0aW9uQmluZGluZz0ie3tRdWVyeVN0cmluZ1BhcmFtNTAud3JlcGx5fX0iIFVybEVuY29kZT0iRmFsc2UiIFVzZVRvR3JvdXBSZXN1bHRzPSJGYWxzZSIgLz4NCiAgICAgICAgPFF1ZXJ5U3RyaW5nUGFyYW1ldGVyIE5hbWU9ImxjIiBWYWx1ZT0iMTAzMyIgUmVjb3JkZWRWYWx1ZT0iMTAzMyIgQ29ycmVsYXRpb25CaW5kaW5nPSJ7e1F1ZXJ5U3RyaW5nUGFyYW00NS5sY319IiBVcmxFbmNvZGU9IkZhbHNlIiBVc2VUb0dyb3VwUmVzdWx0cz0iRmFsc2UiIC8+DQogICAgICAgIDxRdWVyeVN0cmluZ1BhcmFtZXRlciBOYW1lPSJpZCIgVmFsdWU9IjExODQiIFJlY29yZGVkVmFsdWU9IjExODQiIENvcnJlbGF0aW9uQmluZGluZz0ie3tRdWVyeVN0cmluZ1BhcmFtNDYuaWR9fSIgVXJsRW5jb2RlPSJGYWxzZSIgVXNlVG9Hcm91cFJlc3VsdHM9IkZhbHNlIiAvPg0KICAgICAgICA8UXVlcnlTdHJpbmdQYXJhbWV0ZXIgTmFtZT0ibWt0IiBWYWx1ZT0ie3skSElEREVOMS5ta3R9fSIgUmVjb3JkZWRWYWx1ZT0iZW4tc2ciIENvcnJlbGF0aW9uQmluZGluZz0iIiBVcmxFbmNvZGU9IkZhbHNlIiBVc2VUb0dyb3VwUmVzdWx0cz0iRmFsc2UiIC8+DQogICAgICA8L1F1ZXJ5U3RyaW5nUGFyYW1ldGVycz4NCiAgICA8L1JlcXVlc3Q+DQogICAgPFJlcXVlc3QgTWV0aG9kPSJHRVQiIEd1aWQ9IjBhNWUwM2RiLTc4MDUtNDFlOS1hZWJjLWVmNDJlYzVjNzM3OCIgVmVyc2lvbj0iMS4xIiBVcmw9Imh0dHBzOi8vd3d3Lm1zbi5jb20vc3BhcnRhbi9lbi1zZy9rZXJuZWwvYXBwY2FjaGUvY2FjaGUuYXBwY2FjaGUiIFRoaW5rVGltZT0iMCIgVGltZW91dD0iMzAwIiBQYXJzZURlcGVuZGVudFJlcXVlc3RzPSJUcnVlIiBGb2xsb3dSZWRpcmVjdHM9IlRydWUiIFJlY29yZFJlc3VsdD0iVHJ1ZSIgQ2FjaGU9IkZhbHNlIiBSZXNwb25zZVRpbWVHb2FsPSIwIiBFbmNvZGluZz0idXRmLTgiIEV4cGVjdGVkSHR0cFN0YXR1c0NvZGU9IjAiIEV4cGVjdGVkUmVzcG9uc2VVcmw9IiIgUmVwb3J0aW5nTmFtZT0iIiBJZ25vcmVIdHRwU3RhdHVzQ29kZT0iRmFsc2UiPg0KICAgICAgPEhlYWRlcnM+DQogICAgICAgIDxIZWFkZXIgTmFtZT0iUmVmZXJlciIgVmFsdWU9Imh0dHBzOi8vd3d3Lm1zbi5jb20vc3BhcnRhbi9pZW50cD9sb2NhbGU9ZW4tSU4mYW1wO21hcmtldD1JTiZhbXA7ZW5hYmxlcmVndWxhdG9yeXBzbT0wJmFtcDtOVExvZ289MSZhbXA7SXNGUkU9MCIgLz4NCiAgICAgIDwvSGVhZGVycz4NCiAgICAgIDxRdWVyeVN0cmluZ1BhcmFtZXRlcnM+DQogICAgICAgIDxRdWVyeVN0cmluZ1BhcmFtZXRlciBOYW1lPSJsb2NhbGUiIFZhbHVlPSJlbi1pbiIgUmVjb3JkZWRWYWx1ZT0iZW4taW4iIENvcnJlbGF0aW9uQmluZGluZz0ie3tRdWVyeVN0cmluZ1BhcmFtNzUubG9jYWxlfX0iIFVybEVuY29kZT0iRmFsc2UiIFVzZVRvR3JvdXBSZXN1bHRzPSJGYWxzZSIgLz4NCiAgICAgICAgPFF1ZXJ5U3RyaW5nUGFyYW1ldGVyIE5hbWU9Im1hcmtldCIgVmFsdWU9ImluIiBSZWNvcmRlZFZhbHVlPSJpbiIgQ29ycmVsYXRpb25CaW5kaW5nPSJ7e1F1ZXJ5U3RyaW5nUGFyYW03Ni5tYXJrZXR9fSIgVXJsRW5jb2RlPSJGYWxzZSIgVXNlVG9Hcm91cFJlc3VsdHM9IkZhbHNlIiAvPg0KICAgICAgICA8UXVlcnlTdHJpbmdQYXJhbWV0ZXIgTmFtZT0iZW5hYmxlcmVndWxhdG9yeXBzbSIgVmFsdWU9IjAiIFJlY29yZGVkVmFsdWU9IjAiIENvcnJlbGF0aW9uQmluZGluZz0ie3tRdWVyeVN0cmluZ1BhcmFtNzcuZW5hYmxlcmVndWxhdG9yeXBzbX19IiBVcmxFbmNvZGU9IkZhbHNlIiBVc2VUb0dyb3VwUmVzdWx0cz0iRmFsc2UiIC8+DQogICAgICAgIDxRdWVyeVN0cmluZ1BhcmFtZXRlciBOYW1lPSJudGxvZ28iIFZhbHVlPSIxIiBSZWNvcmRlZFZhbHVlPSIxIiBDb3JyZWxhdGlvbkJpbmRpbmc9Int7UXVlcnlTdHJpbmdQYXJhbTc4Lm50bG9nb319IiBVcmxFbmNvZGU9IkZhbHNlIiBVc2VUb0dyb3VwUmVzdWx0cz0iRmFsc2UiIC8+DQogICAgICAgIDxRdWVyeVN0cmluZ1BhcmFtZXRlciBOYW1lPSJpc2ZyZSIgVmFsdWU9IjAiIFJlY29yZGVkVmFsdWU9IjAiIENvcnJlbGF0aW9uQmluZGluZz0ie3tRdWVyeVN0cmluZ1BhcmFtNzkuaXNmcmV9fSIgVXJsRW5jb2RlPSJGYWxzZSIgVXNlVG9Hcm91cFJlc3VsdHM9IkZhbHNlIiAvPg0KICAgICAgPC9RdWVyeVN0cmluZ1BhcmFtZXRlcnM+DQogICAgPC9SZXF1ZXN0Pg0KICAgIDxSZXF1ZXN0IE1ldGhvZD0iR0VUIiBHdWlkPSI5NDViZDVlNC1iOTc0LTQyOGQtODE0Ny0wYjNiYWNhYjc2YTciIFZlcnNpb249IjEuMSIgVXJsPSJodHRwczovL3N0YXRpYy1zcGFydGFuLWVhcy1zLW1zbi1jb20uYWthbWFpemVkLm5ldC9zcGFydGFuL2VuLXNnL19zYy9qcy83MzhiOTI2Yi00OWFkMzliNy9kaXJlY3Rpb249bHRyLmxvY2FsZXM9ZW4tc2cudGhlbWVzPXN0YXJ0LmRwaT1yZXNvbHV0aW9uMXgvZWQtYTU0NjUxLTQyOWZmMDI2IiBUaGlua1RpbWU9IjAiIFRpbWVvdXQ9IjMwMCIgUGFyc2VEZXBlbmRlbnRSZXF1ZXN0cz0iVHJ1ZSIgRm9sbG93UmVkaXJlY3RzPSJUcnVlIiBSZWNvcmRSZXN1bHQ9IlRydWUiIENhY2hlPSJGYWxzZSIgUmVzcG9uc2VUaW1lR29hbD0iMCIgRW5jb2Rpbmc9InV0Zi04IiBFeHBlY3RlZEh0dHBTdGF0dXNDb2RlPSIwIiBFeHBlY3RlZFJlc3BvbnNlVXJsPSIiIFJlcG9ydGluZ05hbWU9IiIgSWdub3JlSHR0cFN0YXR1c0NvZGU9IkZhbHNlIj4NCiAgICAgIDxIZWFkZXJzPg0KICAgICAgICA8SGVhZGVyIE5hbWU9IlJlZmVyZXIiIFZhbHVlPSJodHRwczovL3d3dy5tc24uY29tL3NwYXJ0YW4vaWVudHA/bG9jYWxlPWVuLUlOJmFtcDttYXJrZXQ9SU4mYW1wO2VuYWJsZXJlZ3VsYXRvcnlwc209MCZhbXA7TlRMb2dvPTEmYW1wO0lzRlJFPTAiIC8+DQogICAgICA8L0hlYWRlcnM+DQogICAgICA8UXVlcnlTdHJpbmdQYXJhbWV0ZXJzPg0KICAgICAgICA8UXVlcnlTdHJpbmdQYXJhbWV0ZXIgTmFtZT0idmVyIiBWYWx1ZT0iMjAxODA4MjJfMTE0MzAxMjYiIFJlY29yZGVkVmFsdWU9IjIwMTgwODIyXzExNDMwMTI2IiBDb3JyZWxhdGlvbkJpbmRpbmc9Int7UXVlcnlTdHJpbmdQYXJhbTgwLnZlcn19IiBVcmxFbmNvZGU9IkZhbHNlIiBVc2VUb0dyb3VwUmVzdWx0cz0iRmFsc2UiIC8+DQogICAgICAgIDxRdWVyeVN0cmluZ1BhcmFtZXRlciBOYW1lPSJmZGhlYWQiIFZhbHVlPSJtdWlkZmx0MTNjZixtdWlkZmx0MjU4Y2YsbXVpZGZsdDMxNWNmLGJpbmdtc25jb21iaW5lZDFjZixwbmVlZGdlMWNmLHN0YXJ0aHAzY2YscGxhdGFneWhwM2NmLGF1ZGV4aHAzY2YsYXJ0Z2x5NGNmLGFydGdseTVjZiIgUmVjb3JkZWRWYWx1ZT0ibXVpZGZsdDEzY2YsbXVpZGZsdDI1OGNmLG11aWRmbHQzMTVjZixiaW5nbXNuY29tYmluZWQxY2YscG5lZWRnZTFjZixzdGFydGhwM2NmLHBsYXRhZ3locDNjZixhdWRleGhwM2NmLGFydGdseTRjZixhcnRnbHk1Y2YiIENvcnJlbGF0aW9uQmluZGluZz0ie3tRdWVyeVN0cmluZ1BhcmFtOTMuZmRoZWFkfX0iIFVybEVuY29kZT0iRmFsc2UiIFVzZVRvR3JvdXBSZXN1bHRzPSJGYWxzZSIgLz4NCiAgICAgICAgPFF1ZXJ5U3RyaW5nUGFyYW1ldGVyIE5hbWU9ImNzb3BkIiBWYWx1ZT0iMjAxODA4MTMxNzA0MTYiIFJlY29yZGVkVmFsdWU9IjIwMTgwODEzMTcwNDE2IiBDb3JyZWxhdGlvbkJpbmRpbmc9Int7UXVlcnlTdHJpbmdQYXJhbTk0LmNzb3BkfX0iIFVybEVuY29kZT0iRmFsc2UiIFVzZVRvR3JvdXBSZXN1bHRzPSJGYWxzZSIgLz4NCiAgICAgICAgPFF1ZXJ5U3RyaW5nUGFyYW1ldGVyIE5hbWU9ImNzb3BkYiIgVmFsdWU9IjIwMTgwODIzMDYzMDA2IiBSZWNvcmRlZFZhbHVlPSIyMDE4MDgyMzA2MzAwNiIgQ29ycmVsYXRpb25CaW5kaW5nPSJ7e1F1ZXJ5U3RyaW5nUGFyYW05NS5jc29wZGJ9fSIgVXJsRW5jb2RlPSJGYWxzZSIgVXNlVG9Hcm91cFJlc3VsdHM9IkZhbHNlIiAvPg0KICAgICAgPC9RdWVyeVN0cmluZ1BhcmFtZXRlcnM+DQogICAgPC9SZXF1ZXN0Pg0KICAgIDxSZXF1ZXN0IE1ldGhvZD0iT1BUSU9OUyIgR3VpZD0iNmFiZDI1MWMtMDU2NS00YjUxLTgyOGMtZWEzNDNhMzAwNzg2IiBWZXJzaW9uPSIxLjEiIFVybD0iaHR0cHM6Ly9vdGYubXNuLmNvbS9jLmdpZiIgVGhpbmtUaW1lPSIwIiBUaW1lb3V0PSIzMDAiIFBhcnNlRGVwZW5kZW50UmVxdWVzdHM9IlRydWUiIEZvbGxvd1JlZGlyZWN0cz0iVHJ1ZSIgUmVjb3JkUmVzdWx0PSJUcnVlIiBDYWNoZT0iRmFsc2UiIFJlc3BvbnNlVGltZUdvYWw9IjAiIEVuY29kaW5nPSJ1dGYtOCIgRXhwZWN0ZWRIdHRwU3RhdHVzQ29kZT0iMCIgRXhwZWN0ZWRSZXNwb25zZVVybD0iIiBSZXBvcnRpbmdOYW1lPSIiIElnbm9yZUh0dHBTdGF0dXNDb2RlPSJGYWxzZSI+DQogICAgICA8UXVlcnlTdHJpbmdQYXJhbWV0ZXJzPg0KICAgICAgICA8UXVlcnlTdHJpbmdQYXJhbWV0ZXIgTmFtZT0iIiBWYWx1ZT0iIiBSZWNvcmRlZFZhbHVlPSIiIENvcnJlbGF0aW9uQmluZGluZz0iIiBVcmxFbmNvZGU9IkZhbHNlIiBVc2VUb0dyb3VwUmVzdWx0cz0iRmFsc2UiIC8+DQogICAgICA8L1F1ZXJ5U3RyaW5nUGFyYW1ldGVycz4NCiAgICA8L1JlcXVlc3Q+DQogICAgPFJlcXVlc3QgTWV0aG9kPSJPUFRJT05TIiBHdWlkPSJlNWQ5YjA3NC1jNzg2LTQ2MTUtOGU4OS1jNzViNzNlMTY3MGEiIFZlcnNpb249IjEuMSIgVXJsPSJodHRwczovL290Zi5tc24uY29tL2MuZ2lmIiBUaGlua1RpbWU9IjAiIFRpbWVvdXQ9IjMwMCIgUGFyc2VEZXBlbmRlbnRSZXF1ZXN0cz0iVHJ1ZSIgRm9sbG93UmVkaXJlY3RzPSJUcnVlIiBSZWNvcmRSZXN1bHQ9IlRydWUiIENhY2hlPSJGYWxzZSIgUmVzcG9uc2VUaW1lR29hbD0iMCIgRW5jb2Rpbmc9InV0Zi04IiBFeHBlY3RlZEh0dHBTdGF0dXNDb2RlPSIwIiBFeHBlY3RlZFJlc3BvbnNlVXJsPSIiIFJlcG9ydGluZ05hbWU9IiIgSWdub3JlSHR0cFN0YXR1c0NvZGU9IkZhbHNlIj4NCiAgICAgIDxRdWVyeVN0cmluZ1BhcmFtZXRlcnM+DQogICAgICAgIDxRdWVyeVN0cmluZ1BhcmFtZXRlciBOYW1lPSIiIFZhbHVlPSIiIFJlY29yZGVkVmFsdWU9IiIgQ29ycmVsYXRpb25CaW5kaW5nPSIiIFVybEVuY29kZT0iRmFsc2UiIFVzZVRvR3JvdXBSZXN1bHRzPSJGYWxzZSIgLz4NCiAgICAgIDwvUXVlcnlTdHJpbmdQYXJhbWV0ZXJzPg0KICAgIDwvUmVxdWVzdD4NCiAgICA8UmVxdWVzdCBNZXRob2Q9Ik9QVElPTlMiIEd1aWQ9ImI4YWI4MTU5LTlhN2YtNDlhYS1iYmEyLTc5Yzc5Mjk2N2RmNiIgVmVyc2lvbj0iMS4xIiBVcmw9Imh0dHBzOi8vb3RmLm1zbi5jb20vYy5naWYiIFRoaW5rVGltZT0iMCIgVGltZW91dD0iMzAwIiBQYXJzZURlcGVuZGVudFJlcXVlc3RzPSJUcnVlIiBGb2xsb3dSZWRpcmVjdHM9IlRydWUiIFJlY29yZFJlc3VsdD0iVHJ1ZSIgQ2FjaGU9IkZhbHNlIiBSZXNwb25zZVRpbWVHb2FsPSIwIiBFbmNvZGluZz0idXRmLTgiIEV4cGVjdGVkSHR0cFN0YXR1c0NvZGU9IjAiIEV4cGVjdGVkUmVzcG9uc2VVcmw9IiIgUmVwb3J0aW5nTmFtZT0iIiBJZ25vcmVIdHRwU3RhdHVzQ29kZT0iRmFsc2UiPg0KICAgICAgPFF1ZXJ5U3RyaW5nUGFyYW1ldGVycz4NCiAgICAgICAgPFF1ZXJ5U3RyaW5nUGFyYW1ldGVyIE5hbWU9IiIgVmFsdWU9IiIgUmVjb3JkZWRWYWx1ZT0iIiBDb3JyZWxhdGlvbkJpbmRpbmc9IiIgVXJsRW5jb2RlPSJGYWxzZSIgVXNlVG9Hcm91cFJlc3VsdHM9IkZhbHNlIiAvPg0KICAgICAgPC9RdWVyeVN0cmluZ1BhcmFtZXRlcnM+DQogICAgPC9SZXF1ZXN0Pg0KICAgIDxSZXF1ZXN0IE1ldGhvZD0iT1BUSU9OUyIgR3VpZD0iNmI5NzA0NmEtNjI4Yi00YzQzLWE3YTgtZDdkMTJmMTM0MGIzIiBWZXJzaW9uPSIxLjEiIFVybD0iaHR0cHM6Ly9vdGYubXNuLmNvbS9jLmdpZiIgVGhpbmtUaW1lPSIwIiBUaW1lb3V0PSIzMDAiIFBhcnNlRGVwZW5kZW50UmVxdWVzdHM9IlRydWUiIEZvbGxvd1JlZGlyZWN0cz0iVHJ1ZSIgUmVjb3JkUmVzdWx0PSJUcnVlIiBDYWNoZT0iRmFsc2UiIFJlc3BvbnNlVGltZUdvYWw9IjAiIEVuY29kaW5nPSJ1dGYtOCIgRXhwZWN0ZWRIdHRwU3RhdHVzQ29kZT0iMCIgRXhwZWN0ZWRSZXNwb25zZVVybD0iIiBSZXBvcnRpbmdOYW1lPSIiIElnbm9yZUh0dHBTdGF0dXNDb2RlPSJGYWxzZSI+DQogICAgICA8UXVlcnlTdHJpbmdQYXJhbWV0ZXJzPg0KICAgICAgICA8UXVlcnlTdHJpbmdQYXJhbWV0ZXIgTmFtZT0iIiBWYWx1ZT0iIiBSZWNvcmRlZFZhbHVlPSIiIENvcnJlbGF0aW9uQmluZGluZz0iIiBVcmxFbmNvZGU9IkZhbHNlIiBVc2VUb0dyb3VwUmVzdWx0cz0iRmFsc2UiIC8+DQogICAgICA8L1F1ZXJ5U3RyaW5nUGFyYW1ldGVycz4NCiAgICA8L1JlcXVlc3Q+DQogICAgPFJlcXVlc3QgTWV0aG9kPSJHRVQiIEd1aWQ9IjdhYjZkMTFlLTJjNmEtNDgzNC04YWEzLTQ3Y2U3MTI0OTYzMCIgVmVyc2lvbj0iMS4xIiBVcmw9Imh0dHBzOi8vd3d3Lm1zbi5jb20vc3BhcnRhbi9pZW50cCIgVGhpbmtUaW1lPSIwIiBUaW1lb3V0PSIzMDAiIFBhcnNlRGVwZW5kZW50UmVxdWVzdHM9IlRydWUiIEZvbGxvd1JlZGlyZWN0cz0iVHJ1ZSIgUmVjb3JkUmVzdWx0PSJUcnVlIiBDYWNoZT0iRmFsc2UiIFJlc3BvbnNlVGltZUdvYWw9IjAiIEVuY29kaW5nPSJ1dGYtOCIgRXhwZWN0ZWRIdHRwU3RhdHVzQ29kZT0iMCIgRXhwZWN0ZWRSZXNwb25zZVVybD0iIiBSZXBvcnRpbmdOYW1lPSIiIElnbm9yZUh0dHBTdGF0dXNDb2RlPSJGYWxzZSI+DQogICAgICA8SGVhZGVycz4NCiAgICAgICAgPEhlYWRlciBOYW1lPSJSZWZlcmVyIiBWYWx1ZT0iaHR0cHM6Ly93d3cubXNuLmNvbS9zcGFydGFuL2llbnRwP2xvY2FsZT1lbi1JTiZhbXA7bWFya2V0PUlOJmFtcDtlbmFibGVyZWd1bGF0b3J5cHNtPTAmYW1wO05UTG9nbz0xJmFtcDtJc0ZSRT0wIiAvPg0KICAgICAgPC9IZWFkZXJzPg0KICAgICAgPENvcnJlbGF0aW9uRXh0cmFjdGlvblJ1bGVzPg0KICAgICAgICA8RXh0cmFjdGlvblJ1bGUgQ2xhc3NuYW1lPSJNaWNyb3NvZnQuVmlzdWFsU3R1ZGlvLlRlc3RUb29scy5XZWJUZXN0aW5nLlJ1bGVzLkV4dHJhY3RUZXh0LCBNaWNyb3NvZnQuVmlzdWFsU3R1ZGlvLlF1YWxpdHlUb29scy5XZWJUZXN0RnJhbWV3b3JrLCBWZXJzaW9uPTEwLjAuMC4wLCBDdWx0dXJlPW5ldXRyYWwsIFB1YmxpY0tleVRva2VuPWIwM2Y1ZjdmMTFkNTBhM2EiIFZhcmlhYmxlTmFtZT0iUXVlcnlTdHJpbmdQYXJhbTExOC5sb2NhbGUiIERpc3BsYXlOYW1lPSIiIERlc2NyaXB0aW9uPSIiPg0KICAgICAgICAgIDxSdWxlUGFyYW1ldGVycz4NCiAgICAgICAgICAgIDxSdWxlUGFyYW1ldGVyIE5hbWU9IlN0YXJ0c1dpdGgiIFZhbHVlPSI/bG9jYWxlPSIgLz4NCiAgICAgICAgICAgIDxSdWxlUGFyYW1ldGVyIE5hbWU9IkVuZHNXaXRoIiBWYWx1ZT0iJmFtcDsiIC8+DQogICAgICAgICAgICA8UnVsZVBhcmFtZXRlciBOYW1lPSJJbmRleCIgVmFsdWU9IjAiIC8+DQogICAgICAgICAgICA8UnVsZVBhcmFtZXRlciBOYW1lPSJJZ25vcmVDYXNlIiBWYWx1ZT0iRmFsc2UiIC8+DQogICAgICAgICAgICA8UnVsZVBhcmFtZXRlciBOYW1lPSJVc2VSZWd1bGFyRXhwcmVzc2lvbiIgVmFsdWU9IkZhbHNlIiAvPg0KICAgICAgICAgICAgPFJ1bGVQYXJhbWV0ZXIgTmFtZT0iSHRtbERlY29kZSIgVmFsdWU9IlRydWUiIC8+DQogICAgICAgICAgICA8UnVsZVBhcmFtZXRlciBOYW1lPSJSZXF1aXJlZCIgVmFsdWU9IkZhbHNlIiAvPg0KICAgICAgICAgIDwvUnVsZVBhcmFtZXRlcnM+DQogICAgICAgIDwvRXh0cmFjdGlvblJ1bGU+DQogICAgICAgIDxFeHRyYWN0aW9uUnVsZSBDbGFzc25hbWU9Ik1pY3Jvc29mdC5WaXN1YWxTdHVkaW8uVGVzdFRvb2xzLldlYlRlc3RpbmcuUnVsZXMuRXh0cmFjdFRleHQsIE1pY3Jvc29mdC5WaXN1YWxTdHVkaW8uUXVhbGl0eVRvb2xzLldlYlRlc3RGcmFtZXdvcmssIFZlcnNpb249MTAuMC4wLjAsIEN1bHR1cmU9bmV1dHJhbCwgUHVibGljS2V5VG9rZW49YjAzZjVmN2YxMWQ1MGEzYSIgVmFyaWFibGVOYW1lPSJRdWVyeVN0cmluZ1BhcmFtMTE5Lm1hcmtldCIgRGlzcGxheU5hbWU9IiIgRGVzY3JpcHRpb249IiI+DQogICAgICAgICAgPFJ1bGVQYXJhbWV0ZXJzPg0KICAgICAgICAgICAgPFJ1bGVQYXJhbWV0ZXIgTmFtZT0iU3RhcnRzV2l0aCIgVmFsdWU9IiZhbXA7YW1wO21hcmtldD0iIC8+DQogICAgICAgICAgICA8UnVsZVBhcmFtZXRlciBOYW1lPSJFbmRzV2l0aCIgVmFsdWU9IiZhbXA7IiAvPg0KICAgICAgICAgICAgPFJ1bGVQYXJhbWV0ZXIgTmFtZT0iSW5kZXgiIFZhbHVlPSIwIiAvPg0KICAgICAgICAgICAgPFJ1bGVQYXJhbWV0ZXIgTmFtZT0iSWdub3JlQ2FzZSIgVmFsdWU9IkZhbHNlIiAvPg0KICAgICAgICAgICAgPFJ1bGVQYXJhbWV0ZXIgTmFtZT0iVXNlUmVndWxhckV4cHJlc3Npb24iIFZhbHVlPSJGYWxzZSIgLz4NCiAgICAgICAgICAgIDxSdWxlUGFyYW1ldGVyIE5hbWU9Ikh0bWxEZWNvZGUiIFZhbHVlPSJUcnVlIiAvPg0KICAgICAgICAgICAgPFJ1bGVQYXJhbWV0ZXIgTmFtZT0iUmVxdWlyZWQiIFZhbHVlPSJGYWxzZSIgLz4NCiAgICAgICAgICA8L1J1bGVQYXJhbWV0ZXJzPg0KICAgICAgICA8L0V4dHJhY3Rpb25SdWxlPg0KICAgICAgICA8RXh0cmFjdGlvblJ1bGUgQ2xhc3NuYW1lPSJNaWNyb3NvZnQuVmlzdWFsU3R1ZGlvLlRlc3RUb29scy5XZWJUZXN0aW5nLlJ1bGVzLkV4dHJhY3RUZXh0LCBNaWNyb3NvZnQuVmlzdWFsU3R1ZGlvLlF1YWxpdHlUb29scy5XZWJUZXN0RnJhbWV3b3JrLCBWZXJzaW9uPTEwLjAuMC4wLCBDdWx0dXJlPW5ldXRyYWwsIFB1YmxpY0tleVRva2VuPWIwM2Y1ZjdmMTFkNTBhM2EiIFZhcmlhYmxlTmFtZT0iUXVlcnlTdHJpbmdQYXJhbTEyMC5lbmFibGVyZWd1bGF0b3J5cHNtIiBEaXNwbGF5TmFtZT0iIiBEZXNjcmlwdGlvbj0iIj4NCiAgICAgICAgICA8UnVsZVBhcmFtZXRlcnM+DQogICAgICAgICAgICA8UnVsZVBhcmFtZXRlciBOYW1lPSJTdGFydHNXaXRoIiBWYWx1ZT0iJmFtcDthbXA7ZW5hYmxlcmVndWxhdG9yeXBzbT0iIC8+DQogICAgICAgICAgICA8UnVsZVBhcmFtZXRlciBOYW1lPSJFbmRzV2l0aCIgVmFsdWU9IiZhbXA7IiAvPg0KICAgICAgICAgICAgPFJ1bGVQYXJhbWV0ZXIgTmFtZT0iSW5kZXgiIFZhbHVlPSIwIiAvPg0KICAgICAgICAgICAgPFJ1bGVQYXJhbWV0ZXIgTmFtZT0iSWdub3JlQ2FzZSIgVmFsdWU9IkZhbHNlIiAvPg0KICAgICAgICAgICAgPFJ1bGVQYXJhbWV0ZXIgTmFtZT0iVXNlUmVndWxhckV4cHJlc3Npb24iIFZhbHVlPSJGYWxzZSIgLz4NCiAgICAgICAgICAgIDxSdWxlUGFyYW1ldGVyIE5hbWU9Ikh0bWxEZWNvZGUiIFZhbHVlPSJUcnVlIiAvPg0KICAgICAgICAgICAgPFJ1bGVQYXJhbWV0ZXIgTmFtZT0iUmVxdWlyZWQiIFZhbHVlPSJGYWxzZSIgLz4NCiAgICAgICAgICA8L1J1bGVQYXJhbWV0ZXJzPg0KICAgICAgICA8L0V4dHJhY3Rpb25SdWxlPg0KICAgICAgICA8RXh0cmFjdGlvblJ1bGUgQ2xhc3NuYW1lPSJNaWNyb3NvZnQuVmlzdWFsU3R1ZGlvLlRlc3RUb29scy5XZWJUZXN0aW5nLlJ1bGVzLkV4dHJhY3RUZXh0LCBNaWNyb3NvZnQuVmlzdWFsU3R1ZGlvLlF1YWxpdHlUb29scy5XZWJUZXN0RnJhbWV3b3JrLCBWZXJzaW9uPTEwLjAuMC4wLCBDdWx0dXJlPW5ldXRyYWwsIFB1YmxpY0tleVRva2VuPWIwM2Y1ZjdmMTFkNTBhM2EiIFZhcmlhYmxlTmFtZT0iUXVlcnlTdHJpbmdQYXJhbTEyMS5udGxvZ28iIERpc3BsYXlOYW1lPSIiIERlc2NyaXB0aW9uPSIiPg0KICAgICAgICAgIDxSdWxlUGFyYW1ldGVycz4NCiAgICAgICAgICAgIDxSdWxlUGFyYW1ldGVyIE5hbWU9IlN0YXJ0c1dpdGgiIFZhbHVlPSImYW1wO2FtcDtudGxvZ289IiAvPg0KICAgICAgICAgICAgPFJ1bGVQYXJhbWV0ZXIgTmFtZT0iRW5kc1dpdGgiIFZhbHVlPSImYW1wOyIgLz4NCiAgICAgICAgICAgIDxSdWxlUGFyYW1ldGVyIE5hbWU9IkluZGV4IiBWYWx1ZT0iMCIgLz4NCiAgICAgICAgICAgIDxSdWxlUGFyYW1ldGVyIE5hbWU9Iklnbm9yZUNhc2UiIFZhbHVlPSJGYWxzZSIgLz4NCiAgICAgICAgICAgIDxSdWxlUGFyYW1ldGVyIE5hbWU9IlVzZVJlZ3VsYXJFeHByZXNzaW9uIiBWYWx1ZT0iRmFsc2UiIC8+DQogICAgICAgICAgICA8UnVsZVBhcmFtZXRlciBOYW1lPSJIdG1sRGVjb2RlIiBWYWx1ZT0iVHJ1ZSIgLz4NCiAgICAgICAgICAgIDxSdWxlUGFyYW1ldGVyIE5hbWU9IlJlcXVpcmVkIiBWYWx1ZT0iRmFsc2UiIC8+DQogICAgICAgICAgPC9SdWxlUGFyYW1ldGVycz4NCiAgICAgICAgPC9FeHRyYWN0aW9uUnVsZT4NCiAgICAgICAgPEV4dHJhY3Rpb25SdWxlIENsYXNzbmFtZT0iTWljcm9zb2Z0LlZpc3VhbFN0dWRpby5UZXN0VG9vbHMuV2ViVGVzdGluZy5SdWxlcy5FeHRyYWN0VGV4dCwgTWljcm9zb2Z0LlZpc3VhbFN0dWRpby5RdWFsaXR5VG9vbHMuV2ViVGVzdEZyYW1ld29yaywgVmVyc2lvbj0xMC4wLjAuMCwgQ3VsdHVyZT1uZXV0cmFsLCBQdWJsaWNLZXlUb2tlbj1iMDNmNWY3ZjExZDUwYTNhIiBWYXJpYWJsZU5hbWU9IlF1ZXJ5U3RyaW5nUGFyYW0xMjIuaXNmcmUiIERpc3BsYXlOYW1lPSIiIERlc2NyaXB0aW9uPSIiPg0KICAgICAgICAgIDxSdWxlUGFyYW1ldGVycz4NCiAgICAgICAgICAgIDxSdWxlUGFyYW1ldGVyIE5hbWU9IlN0YXJ0c1dpdGgiIFZhbHVlPSImYW1wO2FtcDtpc2ZyZT0iIC8+DQogICAgICAgICAgICA8UnVsZVBhcmFtZXRlciBOYW1lPSJFbmRzV2l0aCIgVmFsdWU9IiZxdW90OyIgLz4NCiAgICAgICAgICAgIDxSdWxlUGFyYW1ldGVyIE5hbWU9IkluZGV4IiBWYWx1ZT0iMCIgLz4NCiAgICAgICAgICAgIDxSdWxlUGFyYW1ldGVyIE5hbWU9Iklnbm9yZUNhc2UiIFZhbHVlPSJGYWxzZSIgLz4NCiAgICAgICAgICAgIDxSdWxlUGFyYW1ldGVyIE5hbWU9IlVzZVJlZ3VsYXJFeHByZXNzaW9uIiBWYWx1ZT0iRmFsc2UiIC8+DQogICAgICAgICAgICA8UnVsZVBhcmFtZXRlciBOYW1lPSJIdG1sRGVjb2RlIiBWYWx1ZT0iVHJ1ZSIgLz4NCiAgICAgICAgICAgIDxSdWxlUGFyYW1ldGVyIE5hbWU9IlJlcXVpcmVkIiBWYWx1ZT0iRmFsc2UiIC8+DQogICAgICAgICAgPC9SdWxlUGFyYW1ldGVycz4NCiAgICAgICAgPC9FeHRyYWN0aW9uUnVsZT4NCiAgICAgIDwvQ29ycmVsYXRpb25FeHRyYWN0aW9uUnVsZXM+DQogICAgICA8UXVlcnlTdHJpbmdQYXJhbWV0ZXJzPg0KICAgICAgICA8UXVlcnlTdHJpbmdQYXJhbWV0ZXIgTmFtZT0ibG9jYWxlIiBWYWx1ZT0iZW4tSU4iIFJlY29yZGVkVmFsdWU9ImVuLUlOIiBDb3JyZWxhdGlvbkJpbmRpbmc9IiIgVXJsRW5jb2RlPSJGYWxzZSIgVXNlVG9Hcm91cFJlc3VsdHM9IkZhbHNlIiAvPg0KICAgICAgICA8UXVlcnlTdHJpbmdQYXJhbWV0ZXIgTmFtZT0ibWFya2V0IiBWYWx1ZT0iSU4iIFJlY29yZGVkVmFsdWU9IklOIiBDb3JyZWxhdGlvbkJpbmRpbmc9Int7UXVlcnlTdHJpbmdQYXJhbTEwOS5tYXJrZXR9fSIgVXJsRW5jb2RlPSJGYWxzZSIgVXNlVG9Hcm91cFJlc3VsdHM9IkZhbHNlIiAvPg0KICAgICAgICA8UXVlcnlTdHJpbmdQYXJhbWV0ZXIgTmFtZT0iZW5hYmxlcmVndWxhdG9yeXBzbSIgVmFsdWU9IjAiIFJlY29yZGVkVmFsdWU9IjAiIENvcnJlbGF0aW9uQmluZGluZz0ie3tRdWVyeVN0cmluZ1BhcmFtMTEwLmVuYWJsZXJlZ3VsYXRvcnlwc219fSIgVXJsRW5jb2RlPSJGYWxzZSIgVXNlVG9Hcm91cFJlc3VsdHM9IkZhbHNlIiAvPg0KICAgICAgICA8UXVlcnlTdHJpbmdQYXJhbWV0ZXIgTmFtZT0iTlRMb2dvIiBWYWx1ZT0iMSIgUmVjb3JkZWRWYWx1ZT0iMSIgQ29ycmVsYXRpb25CaW5kaW5nPSJ7e1F1ZXJ5U3RyaW5nUGFyYW0xMTEuTlRMb2dvfX0iIFVybEVuY29kZT0iRmFsc2UiIFVzZVRvR3JvdXBSZXN1bHRzPSJGYWxzZSIgLz4NCiAgICAgICAgPFF1ZXJ5U3RyaW5nUGFyYW1ldGVyIE5hbWU9IklzRlJFIiBWYWx1ZT0iMCIgUmVjb3JkZWRWYWx1ZT0iMCIgQ29ycmVsYXRpb25CaW5kaW5nPSJ7e1F1ZXJ5U3RyaW5nUGFyYW0xMTIuSXNGUkV9fSIgVXJsRW5jb2RlPSJGYWxzZSIgVXNlVG9Hcm91cFJlc3VsdHM9IkZhbHNlIiAvPg0KICAgICAgPC9RdWVyeVN0cmluZ1BhcmFtZXRlcnM+DQogICAgPC9SZXF1ZXN0Pg0KICAgIDxSZXF1ZXN0IE1ldGhvZD0iUE9TVCIgR3VpZD0iOThjZDQ3N2QtNWM1YS00ODM3LTg5NzYtMDU0MjdkNTcyN2M2IiBWZXJzaW9uPSIxLjEiIFVybD0iaHR0cHM6Ly9vdGYubXNuLmNvbS9jLmdpZiIgVGhpbmtUaW1lPSIwIiBUaW1lb3V0PSIzMDAiIFBhcnNlRGVwZW5kZW50UmVxdWVzdHM9IlRydWUiIEZvbGxvd1JlZGlyZWN0cz0iVHJ1ZSIgUmVjb3JkUmVzdWx0PSJUcnVlIiBDYWNoZT0iRmFsc2UiIFJlc3BvbnNlVGltZUdvYWw9IjAiIEVuY29kaW5nPSJ1dGYtOCIgRXhwZWN0ZWRIdHRwU3RhdHVzQ29kZT0iMCIgRXhwZWN0ZWRSZXNwb25zZVVybD0iIiBSZXBvcnRpbmdOYW1lPSIiIElnbm9yZUh0dHBTdGF0dXNDb2RlPSJGYWxzZSI+DQogICAgICA8SGVhZGVycz4NCiAgICAgICAgPEhlYWRlciBOYW1lPSJSZWZlcmVyIiBWYWx1ZT0iaHR0cHM6Ly93d3cubXNuLmNvbS9zcGFydGFuL2llbnRwP2xvY2FsZT1lbi1JTiZhbXA7bWFya2V0PUlOJmFtcDtlbmFibGVyZWd1bGF0b3J5cHNtPTAmYW1wO05UTG9nbz0xJmFtcDtJc0ZSRT0wIiAvPg0KICAgICAgPC9IZWFkZXJzPg0KICAgICAgPFF1ZXJ5U3RyaW5nUGFyYW1ldGVycz4NCiAgICAgICAgPFF1ZXJ5U3RyaW5nUGFyYW1ldGVyIE5hbWU9IiIgVmFsdWU9IiIgUmVjb3JkZWRWYWx1ZT0iIiBDb3JyZWxhdGlvbkJpbmRpbmc9IiIgVXJsRW5jb2RlPSJGYWxzZSIgVXNlVG9Hcm91cFJlc3VsdHM9IkZhbHNlIiAvPg0KICAgICAgPC9RdWVyeVN0cmluZ1BhcmFtZXRlcnM+DQogICAgICA8U3RyaW5nSHR0cEJvZHkgQ29udGVudFR5cGU9ImFwcGxpY2F0aW9uL2pzb247IGNoYXJzZXQ9dXRmLTgiIEluc2VydEJ5dGVPcmRlck1hcms9IkZhbHNlIj5Xd0I3QUNJQVpRQjJBSFFBSWdBNkFDSUFhUUJ0QUhBQWNnQmZBSFVBY0FCa0FHRUFkQUJsQUNJQUxBQWlBSElBYVFCa0FDSUFPZ0FpQURFQU9BQXlBRFFBTmdBeUFEQUFZd0F6QURjQU1BQXlBRFFBT0FBMEFEQUFPUUJrQURjQVpRQTJBRGtBTWdCbUFETUFOZ0ExQUdNQU53QmxBR1FBTVFBaUFDd0FJZ0JrQUdrQUlnQTZBQ0lBTVFBM0FDSUFMQUFpQUdNQWJBQnBBR1FBSWdBNkFDSUFNUUEzQUVJQVF3QXlBREFBTUFBNEFFVUFOUUF4QUVFQU5nQXlBREFBTmdBeUFEWUFNQUF4QURJQVF3QTFBREFBUlFBMEFEa0FNUUEyQURNQU5BQTNBQ0lBTEFBaUFHa0Fjd0J6QUhNQWJ3QWlBRG9BTUFBc0FDSUFjQUJuQUM0QWNBQWlBRG9BSWdCcEFHVUFaUUI0QUhRQUlnQXNBQ0lBY0FCbkFDNEFkQUFpQURvQUlnQnVBSFFBY0FBaUFDd0FJZ0J3QUdjQUxnQnVBQ0lBT2dBaUFHUUFaUUJtQUdFQWRRQnNBSFFBSWdBc0FDSUFjQUJuQUM0QVl3QWlBRG9BTVFBeEFDd0FJZ0J0QUdVQVl3Qm9BQ0lBT2dBaUFHd0Fid0JoQUdRQUlnQXNBQ0lBZHdCcEFHNEFhQUIwQUNJQU9nQTNBRElBT0FBc0FDSUFaQUJ2QUdNQWFBQjBBQ0lBT2dBekFEUUFNd0F3QUN3QUlnQnpBR01BY2dCdkFHd0FiQUJQQUdZQVpnQWlBRG9BTUFBc0FDSUFkd0JpQUdnQUlnQTZBREFBTEFBaUFHVUFNUUFpQURvQWV3QWlBR1VBSWdBNkFGc0Fld0FpQUdrQUlnQTZBREVBTEFBaUFHNEFJZ0E2QUNJQWFBQmxBR0VBWkFCbEFISUFJZ0FzQUNJQWVRQWlBRG9BTmdCOUFDd0Fld0FpQUdrQUlnQTZBRElBTEFBaUFIQUFJZ0E2QURFQUxBQWlBRzRBSWdBNkFDSUFhQUJsQUdFQVpBQmxBSElBY3dCbEFHRUFjZ0JqQUdnQUlnQXNBQ0lBZVFBaUFEb0FPUUFzQUNJQWJ3QWlBRG9BTVFCOUFDd0Fld0FpQUdrQUlnQTZBRE1BTEFBaUFIQUFJZ0E2QURJQUxBQWlBRzRBSWdBNkFDSUFjd0JsQUdFQWNnQmpBR2dBYVFCdUFIQUFkUUIwQUNJQUxBQWlBSGtBSWdBNkFEa0FMQUFpQUc4QUlnQTZBREVBZlFBc0FIc0FJZ0JwQUNJQU9nQTBBQ3dBSWdCd0FDSUFPZ0F5QUN3QUlnQnVBQ0lBT2dBaUFITUFaUUJoQUhJQVl3Qm9BRjhBZHdCbEFHSUFjd0JsQUdFQWNnQmpBR2dBSWdBc0FDSUFlUUFpQURvQU9RQXNBQ0lBYndBaUFEb0FNZ0I5QUN3QWV3QWlBR2tBSWdBNkFEWUFMQUFpQUhBQUlnQTZBREVBTEFBaUFHNEFJZ0E2QUNJQWFBQmxBR0VBWkFCbEFISUFMUUJ6QUdrQVp3QnVBR2tBYmdBaUFDd0FJZ0IwQUNJQU9nQWlBSE1BYVFCbkFHNEFhUUJ1QUNJQUxBQWlBRzhBSWdBNkFESUFmUUFzQUhzQUlnQnBBQ0lBT2dBM0FDd0FJZ0J3QUNJQU9nQTJBQ3dBSWdCdUFDSUFPZ0FpQUZNQWFRQm5BRzRBU1FCdUFFNEFZUUIyQUdrQVp3QmhBSFFBYVFCdkFHNEFJZ0FzQUNJQWVRQWlBRG9BTVFBMEFDd0FJZ0J2QUNJQU9nQXhBSDBBTEFCN0FDSUFhUUFpQURvQU9BQXNBQ0lBYmdBaUFEb0FJZ0J0QUdFQWFRQnVBQ0lBTEFBaUFIa0FJZ0E2QURZQWZRQXNBSHNBSWdCcEFDSUFPZ0E1QUN3QUlnQndBQ0lBT2dBNEFDd0FJZ0J1QUNJQU9nQWlBSFFBYndCd0FITUFhUUIwQUdVQWN3QWlBQ3dBSWdCNUFDSUFPZ0E0QUN3QUlnQnZBQ0lBT2dBeEFIMEFMQUI3QUNJQWFRQWlBRG9BTVFBd0FDd0FJZ0J3QUNJQU9nQTVBQ3dBSWdCdUFDSUFPZ0FpQUhNQVpRQmpBSFFBYVFCdkFHNEFYd0JvQUdVQVlRQmtBR1VBY2dBaUFDd0FJZ0I1QUNJQU9nQTRBQ3dBSWdCdkFDSUFPZ0F4QUgwQUxBQjdBQ0lBYVFBaUFEb0FNUUF4QUN3QUlnQndBQ0lBT2dBeEFEQUFMQUFpQUc0QUlnQTZBQ0lBY3dCb0FHOEFkd0JmQUdNQWRRQnpBSFFBYndCdEFHa0FlZ0JsQUNJQUxBQWlBSGtBSWdBNkFERUFOQUFzQUNJQWJ3QWlBRG9BTVFCOUFDd0Fld0FpQUdrQUlnQTZBREVBTWdBc0FDSUFjQUFpQURvQU9RQXNBQ0lBYmdBaUFEb0FJZ0JqQUhVQWNnQmhBSFFBWlFCa0FGOEFkQUJ2QUhBQWN3QnBBSFFBWlFCZkFIUUFhUUJzQUdVQUlnQXNBQ0lBZVFBaUFEb0FPQUFzQUNJQWJ3QWlBRG9BTWdCOUFDd0Fld0FpQUdrQUlnQTZBREVBTXdBc0FDSUFjQUFpQURvQU1RQXlBQ3dBSWdCdUFDSUFPZ0FpQUdNQWRRQnlBR0VBZEFCbEFHUUFYd0IwQUc4QWNBQnpBR2tBZEFCbEFGOEFkUUJ5QUd3QUlnQXNBQ0lBZVFBaUFEb0FNUUEwQUN3QUlnQnZBQ0lBT2dBeEFIMEFMQUI3QUNJQWFRQWlBRG9BTVFBMEFDd0FJZ0J3QUNJQU9nQXhBRElBTEFBaUFHNEFJZ0E2QUNJQVl3QjFBSElBWVFCMEFHVUFaQUJmQUhRQWJ3QndBSE1BYVFCMEFHVUFYd0J5QUdVQWJRQnZBSFlBWlFBaUFDd0FJZ0I1QUNJQU9nQXhBREVBTEFBaUFHOEFJZ0E2QURJQWZRQXNBSHNBSWdCcEFDSUFPZ0F4QURVQUxBQWlBSEFBSWdBNkFERUFNZ0FzQUNJQWJnQWlBRG9BSWdCMEFHOEFjQUJ6QUdrQWRBQmxBRjhBWVFCa0FHUUFJZ0FzQUNJQWVRQWlBRG9BTVFBeEFDd0FJZ0J2QUNJQU9nQXpBSDBBTEFCN0FDSUFhUUFpQURvQU1RQTJBQ3dBSWdCd0FDSUFPZ0E1QUN3QUlnQnVBQ0lBT2dBaUFHTUFkUUJ5QUdFQWRBQmxBR1FBWHdCMEFHOEFjQUJ6QUdrQWRBQmxBRjhBZEFCcEFHd0FaUUFpQUN3QUlnQjVBQ0lBT2dBNEFDd0FJZ0J2QUNJQU9nQXpBSDBBTEFCN0FDSUFhUUFpQURvQU1RQTNBQ3dBSWdCd0FDSUFPZ0F4QURZQUxBQWlBRzRBSWdBNkFDSUFZd0IxQUhJQVlRQjBBR1VBWkFCZkFIUUFid0J3QUhNQWFRQjBBR1VBWHdCMUFISUFiQUFpQUN3QUlnQjVBQ0lBT2dBeEFEUUFMQUFpQUc4QUlnQTZBREVBZlFBc0FIc0FJZ0JwQUNJQU9nQXhBRGdBTEFBaUFIQUFJZ0E2QURFQU5nQXNBQ0lBYmdBaUFEb0FJZ0JqQUhVQWNnQmhBSFFBWlFCa0FGOEFkQUJ2QUhBQWN3QnBBSFFBWlFCZkFISUFaUUJ0QUc4QWRnQmxBQ0lBTEFBaUFIa0FJZ0E2QURFQU1RQXNBQ0lBYndBaUFEb0FNZ0I5QUN3QWV3QWlBR2tBSWdBNkFERUFPUUFzQUNJQWNBQWlBRG9BTVFBMkFDd0FJZ0J1QUNJQU9nQWlBSFFBYndCd0FITUFhUUIwQUdVQVh3QmhBR1FBWkFBaUFDd0FJZ0I1QUNJQU9nQXhBREVBTEFBaUFHOEFJZ0E2QURNQWZRQXNBSHNBSWdCcEFDSUFPZ0F5QURBQUxBQWlBSEFBSWdBNkFEa0FMQUFpQUc0QUlnQTZBQ0lBWXdCMUFISUFZUUIwQUdVQVpBQmZBSFFBYndCd0FITUFhUUIwQUdVQVh3QjBBR2tBYkFCbEFDSUFMQUFpQUhrQUlnQTZBRGdBTEFBaUFHOEFJZ0E2QURRQWZRQXNBSHNBSWdCcEFDSUFPZ0F5QURFQUxBQWlBSEFBSWdBNkFESUFNQUFzQUNJQWJnQWlBRG9BSWdCakFIVUFjZ0JoQUhRQVpRQmtBRjhBZEFCdkFIQUFjd0JwQUhRQVpRQmZBSFVBY2dCc0FDSUFMQUFpQUhrQUlnQTZBREVBTkFBc0FDSUFid0FpQURvQU1RQjlBQ3dBZXdBaUFHa0FJZ0E2QURJQU1nQXNBQ0lBY0FBaUFEb0FNZ0F3QUN3QUlnQnVBQ0lBT2dBaUFHTUFkUUJ5QUdFQWRBQmxBR1FBWHdCMEFHOEFjQUJ6QUdrQWRBQmxBRjhBY2dCbEFHMEFid0IyQUdVQUlnQXNBQ0lBZVFBaUFEb0FNUUF4QUN3QUlnQnZBQ0lBT2dBeUFIMEFMQUI3QUNJQWFRQWlBRG9BTWdBekFDd0FJZ0J3QUNJQU9nQXlBREFBTEFBaUFHNEFJZ0E2QUNJQWRBQnZBSEFBY3dCcEFIUUFaUUJmQUdFQVpBQmtBQ0lBTEFBaUFIa0FJZ0E2QURFQU1RQXNBQ0lBYndBaUFEb0FNd0I5QUN3QWV3QWlBR2tBSWdBNkFESUFOQUFzQUNJQWNBQWlBRG9BT1FBc0FDSUFiZ0FpQURvQUlnQmpBSFVBY2dCaEFIUUFaUUJrQUY4QWRBQnZBSEFBY3dCcEFIUUFaUUJmQUhRQWFRQnNBR1VBSWdBc0FDSUFlUUFpQURvQU9BQXNBQ0lBYndBaUFEb0FOUUI5QUN3QWV3QWlBR2tBSWdBNkFESUFOUUFzQUNJQWNBQWlBRG9BTWdBMEFDd0FJZ0J1QUNJQU9nQWlBR01BZFFCeUFHRUFkQUJsQUdRQVh3QjBBRzhBY0FCekFHa0FkQUJsQUY4QWRRQnlBR3dBSWdBc0FDSUFlUUFpQURvQU1RQTBBQ3dBSWdCdkFDSUFPZ0F4QUgwQUxBQjdBQ0lBYVFBaUFEb0FNZ0EyQUN3QUlnQndBQ0lBT2dBeUFEUUFMQUFpQUc0QUlnQTZBQ0lBWXdCMUFISUFZUUIwQUdVQVpBQmZBSFFBYndCd0FITUFhUUIwQUdVQVh3QnlBR1VBYlFCdkFIWUFaUUFpQUN3QUlnQjVBQ0lBT2dBeEFERUFMQUFpQUc4QUlnQTZBRElBZlFBc0FIc0FJZ0JwQUNJQU9nQXlBRGNBTEFBaUFIQUFJZ0E2QURJQU5BQXNBQ0lBYmdBaUFEb0FJZ0IwQUc4QWNBQnpBR2tBZEFCbEFGOEFZUUJrQUdRQUlnQXNBQ0lBZVFBaUFEb0FNUUF4QUN3QUlnQnZBQ0lBT2dBekFIMEFMQUI3QUNJQWFRQWlBRG9BTWdBNEFDd0FJZ0J3QUNJQU9nQTVBQ3dBSWdCdUFDSUFPZ0FpQUdNQWRRQnlBR0VBZEFCbEFHUUFYd0IwQUc4QWNBQnpBR2tBZEFCbEFGOEFkQUJwQUd3QVpRQWlBQ3dBSWdCNUFDSUFPZ0E0QUN3QUlnQnZBQ0lBT2dBMkFDd0FJZ0JzQUNJQU9nQWlBRTBBYVFCakFISUFid0J6QUc4QVpnQjBBQzRBUWdCcEFHNEFad0JPQUdVQWR3QnpBRjhBT0FCM0FHVUFhd0I1QUdJQU13QmtBRGdBWWdCaUFIY0FaUUFoQUVFQWNBQndBR1VBZUFCT0FHVUFkd0J6QUNJQWZRQXNBSHNBSWdCcEFDSUFPZ0F5QURrQUxBQWlBSEFBSWdBNkFESUFPQUFzQUNJQWJnQWlBRG9BSWdCakFIVUFjZ0JoQUhRQVpRQmtBRjhBZEFCdkFIQUFjd0JwQUhRQVpRQmZBSFVBY2dCc0FDSUFMQUFpQUhrQUlnQTZBREVBTkFBc0FDSUFid0FpQURvQU1RQXNBQ0lBYkFBaUFEb0FJZ0JOQUdrQVl3QnlBRzhBY3dCdkFHWUFkQUF1QUVJQWFRQnVBR2NBVGdCbEFIY0Fjd0JmQURnQWR3QmxBR3NBZVFCaUFETUFaQUE0QUdJQVlnQjNBR1VBSVFCQkFIQUFjQUJsQUhnQVRnQmxBSGNBY3dBaUFIMEFMQUI3QUNJQWFRQWlBRG9BTXdBd0FDd0FJZ0J3QUNJQU9nQXlBRGdBTEFBaUFHNEFJZ0E2QUNJQVl3QjFBSElBWVFCMEFHVUFaQUJmQUhRQWJ3QndBSE1BYVFCMEFHVUFYd0J5QUdVQWJRQnZBSFlBWlFBaUFDd0FJZ0I1QUNJQU9nQXhBREVBTEFBaUFHOEFJZ0E2QURJQUxBQWlBR3dBSWdBNkFDSUFUUUJwQUdNQWNnQnZBSE1BYndCbUFIUUFMZ0JDQUdrQWJnQm5BRTRBWlFCM0FITUFYd0E0QUhjQVpRQnJBSGtBWWdBekFHUUFPQUJpQUdJQWR3QmxBQ0VBUVFCd0FIQUFaUUI0QUU0QVpRQjNBSE1BSWdCOUFDd0Fld0FpQUdrQUlnQTZBRE1BTVFBc0FDSUFjQUFpQURvQU1nQTRBQ3dBSWdCdUFDSUFPZ0FpQUhRQWJ3QndBSE1BYVFCMEFHVUFYd0JoQUdRQVpBQWlBQ3dBSWdCNUFDSUFPZ0F4QURFQUxBQWlBRzhBSWdBNkFETUFmUUFzQUhzQUlnQnBBQ0lBT2dBekFESUFMQUFpQUhBQUlnQTZBRGtBTEFBaUFHNEFJZ0E2QUNJQVl3QjFBSElBWVFCMEFHVUFaQUJmQUhRQWJ3QndBSE1BYVFCMEFHVUFYd0IwQUdrQWJBQmxBQ0lBTEFBaUFIa0FJZ0E2QURnQUxBQWlBRzhBSWdBNkFEY0FmUUFzQUhzQUlnQnBBQ0lBT2dBekFETUFMQUFpQUhBQUlnQTZBRE1BTWdBc0FDSUFiZ0FpQURvQUlnQmpBSFVBY2dCaEFIUUFaUUJrQUY4QWRBQnZBSEFBY3dCcEFIUUFaUUJmQUhVQWNnQnNBQ0lBTEFBaUFIa0FJZ0E2QURFQU5BQXNBQ0lBYndBaUFEb0FNUUI5QUN3QWV3QWlBR2tBSWdBNkFETUFOQUFzQUNJQWNBQWlBRG9BTXdBeUFDd0FJZ0J1QUNJQU9nQWlBR01BZFFCeUFHRUFkQUJsQUdRQVh3QjBBRzhBY0FCekFHa0FkQUJsQUY4QWNnQmxBRzBBYndCMkFHVUFJZ0FzQUNJQWVRQWlBRG9BTVFBeEFDd0FJZ0J2QUNJQU9nQXlBSDBBTEFCN0FDSUFhUUFpQURvQU13QTFBQ3dBSWdCd0FDSUFPZ0F6QURJQUxBQWlBRzRBSWdBNkFDSUFkQUJ2QUhBQWN3QnBBSFFBWlFCZkFHRUFaQUJrQUNJQUxBQWlBSGtBSWdBNkFERUFNUUFzQUNJQWJ3QWlBRG9BTXdCOUFDd0Fld0FpQUdrQUlnQTZBRE1BTmdBc0FDSUFjQUFpQURvQU9RQXNBQ0lBYmdBaUFEb0FJZ0IwQUc4QWNBQnpBR2tBZEFCbEFGOEFkQUJwQUd3QVpRQWlBQ3dBSWdCNUFDSUFPZ0E0QUN3QUlnQnZBQ0lBT2dBNEFIMEFMQUI3QUNJQWFRQWlBRG9BTXdBNUFDd0FJZ0J3QUNJQU9nQXpBRFlBTEFBaUFHNEFJZ0E2QUNJQWRBQnZBSEFBY3dCcEFIUUFaUUJmQUdFQVpBQmtBQ0lBTEFBaUFIa0FJZ0E2QURFQU1RQXNBQ0lBYndBaUFEb0FNd0I5QUN3QWV3QWlBR2tBSWdBNkFEUUFNQUFzQUNJQWNBQWlBRG9BT1FBc0FDSUFiZ0FpQURvQUlnQjBBRzhBY0FCekFHa0FkQUJsQUY4QWRBQnBBR3dBWlFBaUFDd0FJZ0I1QUNJQU9nQTRBQ3dBSWdCdkFDSUFPZ0E1QUgwQUxBQjdBQ0lBYVFBaUFEb0FOQUF6QUN3QUlnQndBQ0lBT2dBMEFEQUFMQUFpQUc0QUlnQTZBQ0lBZEFCdkFIQUFjd0JwQUhRQVpRQmZBR0VBWkFCa0FDSUFMQUFpQUhrQUlnQTZBREVBTVFBc0FDSUFid0FpQURvQU13QjlBQ3dBZXdBaUFHa0FJZ0E2QURRQU5BQXNBQ0lBY0FBaUFEb0FPUUFzQUNJQWJnQWlBRG9BSWdCMEFHOEFjQUJ6QUdrQWRBQmxBRjhBWVFCa0FHUUFYd0JrQUdrQVlRQnNBRzhBWndBaUFDd0FJZ0I1QUNJQU9nQTRBQ3dBSWdCdkFDSUFPZ0F4QURBQWZRQXNBSHNBSWdCcEFDSUFPZ0EwQURVQUxBQWlBSEFBSWdBNkFEUUFOQUFzQUNJQWJnQWlBRG9BSWdCMUFITUFaUUJ5QUY4QWFRQnVBSEFBZFFCMEFDSUFMQUFpQUhrQUlnQTZBREVBTWdBc0FDSUFid0FpQURvQU1RQjlBQ3dBZXdBaUFHa0FJZ0E2QURRQU5nQXNBQ0lBY0FBaUFEb0FOQUEwQUN3QUlnQnVBQ0lBT2dBaUFIUUFid0J3QUhNQWFRQjBBR1VBWHdCaEFHUUFaQUJmQUdRQWFRQmhBR3dBYndCbkFGOEFjd0JoQUhZQVpRQWlBQ3dBSWdCNUFDSUFPZ0F4QURFQUxBQWlBRzhBSWdBNkFESUFmUUFzQUhzQUlnQnBBQ0lBT2dBMEFEY0FMQUFpQUhBQUlnQTZBRFFBTkFBc0FDSUFiZ0FpQURvQUlnQjBBRzhBY0FCekFHa0FkQUJsQUY4QVlRQmtBR1FBWHdCa0FHa0FZUUJzQUc4QVp3QmZBR01BYkFCdkFITUFaUUFpQUN3QUlnQjVBQ0lBT2dBeEFERUFMQUFpQUc4QUlnQTZBRE1BZlFBc0FIc0FJZ0JwQUNJQU9nQTJBRGdBTEFBaUFIQUFJZ0E2QURnQUxBQWlBRzRBSWdBNkFDSUFZd0J2QUdFQVl3Qm9BRzBBWVFCeUFHc0FYd0J0QUc4QVpBQjFBR3dBWlFBaUFDd0FJZ0I1QUNJQU9nQTRBQ3dBSWdCdkFDSUFPZ0ExQUgwQUxBQjdBQ0lBYVFBaUFEb0FOZ0E1QUN3QUlnQndBQ0lBT2dBMkFEZ0FMQUFpQUc0QUlnQTZBQ0lBWXdCdkFHRUFZd0JvQUcwQVlRQnlBR3NBWHdCakFHd0Fid0J6QUdVQUlnQXNBQ0lBZVFBaUFEb0FNUUF4QUN3QUlnQnZBQ0lBT2dBeEFIMEFMQUI3QUNJQWFRQWlBRG9BTndBNUFDd0FJZ0J3QUNJQU9nQTRBQ3dBSWdCdUFDSUFPZ0FpQUhNQVpRQmpBSFFBYVFCdkFHNEFYd0JvQUdVQVlRQmtBR1VBY2dBaUFDd0FJZ0I1QUNJQU9nQTJBQ3dBSWdCdkFDSUFPZ0F4QURFQWZRQXNBSHNBSWdCcEFDSUFPZ0E0QURBQUxBQWlBSEFBSWdBNkFEY0FPUUFzQUNJQWJnQWlBRG9BSWdCdkFHNEFaUUJ5QUdrQWRnQmxBSElBTGdCdEFIa0FaZ0JsQUdVQVpBQWlBQ3dBSWdCMEFDSUFPZ0FpQUc4QWJnQmxBSElBYVFCMkFHVUFjZ0F1QUcwQWVRQm1BR1VBWlFCa0FDSUFMQUFpQUc4QUlnQTZBREVBZlFBc0FIc0FJZ0JwQUNJQU9nQTRBREVBTEFBaUFIQUFJZ0E2QURnQUxBQWlBRzRBSWdBNkFDSUFhUUJ1QUdZQWJ3QndBR0VBYmdCbEFDSUFMQUFpQUhRQUlnQTZBQ0lBYndCdUFHVUFjZ0JwQUhZQVpRQnlBQzRBYVFCdUFHWUFid0J3QUdFQWJnQmxBQzRBYlFCdkFHUUFkUUJzQUdVQUlnQXNBQ0lBYndBaUFEb0FNUUF5QUgwQUxBQjdBQ0lBYVFBaUFEb0FPQUF5QUN3QUlnQndBQ0lBT2dBNEFERUFMQUFpQUc0QUlnQTZBQ0lBY3dCcEFHNEFad0JzQUdVQUlnQXNBQ0lBZVFBaUFEb0FNUUF6QUN3QUlnQnZBQ0lBT2dBeEFIMEFMQUI3QUNJQWFRQWlBRG9BT0FBekFDd0FJZ0J3QUNJQU9nQTRBRElBTEFBaUFHNEFJZ0E2QUNJQWN3QnBBRzRBWndCc0FHVUFJZ0FzQUNJQWVRQWlBRG9BTVFBekFDd0FJZ0JzQUNJQU9nQWlBRUlBUWdCTkFIVUFhZ0JTQUZBQUlnQXNBQ0lBYUFBaUFEb0FNQUFzQUNJQWRnQWlBRG9BSWdCdUFHVUFkd0J6QUNJQUxBQWlBR01BSWdBNkFDSUFiZ0JsQUhjQWN3QnpBR2tBYmdCbkFHRUFjQUJ2QUhJQVpRQWlBQ3dBSWdCdkFDSUFPZ0F4QUgwQUxBQjdBQ0lBYVFBaUFEb0FPQUEwQUN3QUlnQndBQ0lBT2dBNEFERUFMQUFpQUc0QUlnQTZBQ0lBY3dCcEFHNEFad0JzQUdVQUlnQXNBQ0lBZVFBaUFEb0FNUUF6QUN3QUlnQnZBQ0lBT2dBeUFIMEFMQUI3QUNJQWFRQWlBRG9BT0FBMUFDd0FJZ0J3QUNJQU9nQTRBRFFBTEFBaUFHNEFJZ0E2QUNJQWN3QnBBRzRBWndCc0FHVUFJZ0FzQUNJQWVRQWlBRG9BTVFBekFDd0FJZ0JzQUNJQU9nQWlBRUlBUWdCTkFIVUFjQUEyQURFQUlnQXNBQ0lBYUFBaUFEb0FNQUFzQUNJQWRnQWlBRG9BSWdCdUFHVUFkd0J6QUNJQUxBQWlBR01BSWdBNkFDSUFiZ0JsQUhjQWN3QnVBR0VBZEFCcEFHOEFiZ0JoQUd3QUlnQXNBQ0lBYndBaUFEb0FNUUI5QUN3QWV3QWlBR2tBSWdBNkFERUFNQUF4QUN3QUlnQndBQ0lBT2dBNEFERUFMQUFpQUc0QUlnQTZBQ0lBY3dCcEFHNEFad0JzQUdVQUlnQXNBQ0lBZVFBaUFEb0FNUUF6QUN3QUlnQnZBQ0lBT2dBNUFIMEFMQUI3QUNJQWFRQWlBRG9BTVFBd0FESUFMQUFpQUhBQUlnQTZBREVBTUFBeEFDd0FJZ0J1QUNJQU9nQWlBSE1BYVFCdUFHY0FiQUJsQUNJQUxBQWlBSGtBSWdBNkFERUFNd0FzQUNJQWJBQWlBRG9BSWdCQ0FFSUFUUUIxQUhVQWJBQkpBQ0lBTEFBaUFHZ0FJZ0E2QURBQUxBQWlBSFlBSWdBNkFDSUFaUUJ1QUhRQVpRQnlBSFFBWVFCcEFHNEFiUUJsQUc0QWRBQWlBQ3dBSWdCakFDSUFPZ0FpQUdNQVpRQnNBR1VBWWdCeUFHa0FkQUI1QUNJQUxBQWlBRzhBSWdBNkFERUFmUUFzQUhzQUlnQnVBQ0lBT2dBaUFIQUFjZ0JsQUhZQWFRQnZBSFVBY3dCVEFHd0FhUUJrQUdVQVFRQnlBSElBYndCM0FDSUFMQUFpQUhrQUlnQTZBREVBTWdBc0FDSUFhUUFpQURvQU1RQTBBRElBTEFBaUFHOEFJZ0E2QURJQUxBQWlBSEFBSWdBNkFDSUFPQUF4QUNJQWZRQXNBSHNBSWdCdUFDSUFPZ0FpQUc0QVpRQjRBSFFBVXdCc0FHa0FaQUJsQUVFQWNnQnlBRzhBZHdBaUFDd0FJZ0I1QUNJQU9nQXhBRElBTEFBaUFHa0FJZ0E2QURFQU5BQXpBQ3dBSWdCdkFDSUFPZ0F6QUN3QUlnQndBQ0lBT2dBaUFEZ0FNUUFpQUgwQUxBQjdBQ0lBYVFBaUFEb0FNUUF3QURNQUxBQWlBSEFBSWdBNkFEZ0FMQUFpQUc0QUlnQTZBQ0lBY2dCcEFIWUFaUUJ5QUY4QVl3QnZBRzRBZEFCbEFHNEFkQUFpQUN3QUlnQjVBQ0lBT2dBNEFDd0FJZ0J2QUNJQU9nQXhBRE1BZlFBc0FIc0FJZ0JwQUNJQU9nQXhBREFBTkFBc0FDSUFjQUFpQURvQU1RQXdBRE1BTEFBaUFHNEFJZ0E2QUNJQVVnQnBBSFlBWlFCeUFFTUFZUUJ5QUdRQVVBQm9BRzhBZEFCdkFFd0FZUUJ5QUdjQVpRQWlBQ3dBSWdCNUFDSUFPZ0F4QURNQUxBQWlBR3dBSWdBNkFDSUFRZ0JDQUUwQWRRQmlBRXNBUlFBaUFDd0FJZ0JvQUNJQU9nQXdBQ3dBSWdCMkFDSUFPZ0FpQUd3QWFRQm1BR1VBY3dCMEFIa0FiQUJsQUNJQUxBQWlBR01BSWdBNkFDSUFiQUJwQUdZQVpRQnpBSFFBZVFCc0FHVUFhQUJsQUdFQWJBQjBBR2dBSWdBc0FDSUFid0FpQURvQU1RQjlBQ3dBZXdBaUFHa0FJZ0E2QURFQU1BQTFBQ3dBSWdCd0FDSUFPZ0F4QURBQU5BQXNBQ0lBYmdBaUFEb0FJZ0JyQUdrQVl3QnJBR1VBY2dBaUFDd0FJZ0I1QUNJQU9nQXhBRFFBTEFBaUFHOEFJZ0E2QURFQWZRQXNBSHNBSWdCcEFDSUFPZ0F4QURNQU9BQXNBQ0lBY0FBaUFEb0FPQUFzQUNJQWJnQWlBRG9BSWdCbUFHd0Fid0JoQUhRQWFRQnVBR2NBWmdCbEFHVUFaQUJpQUdFQVl3QnJBQ0lBTEFBaUFIa0FJZ0E2QURFQU1RQXNBQ0lBYndBaUFEb0FNUUEwQUgwQVhRQjlBQ3dBSWdCMEFHMEFjQUJzQUNJQU9nQWlBRWtBVUFBNkFFNEFid0J1QUdVQU93QlNBRllBT2dCT0FHOEFiZ0JsQURzQWFRQnVBR1lBYndCd0FHRUFiZ0JsQURvQU1BQTdBR01BWVFCMEFEb0FNQUE3QUVVQVVBQTZBREFBT3dCREFFa0FPZ0F4QURzQWN3QndBR0VBY2dCMEFHRUFiZ0JGQUhnQWRBQmxBSElBYmdCaEFHd0FRd0J2QUc0QWRBQmxBRzRBZEFCTkFHOEFaQUIxQUd3QVpRQTZBREVBSWdBc0FDSUFiUUJyQUhRQUlnQTZBQ0lBWlFCdUFDMEFjd0JuQUNJQUxBQWlBR1lBYkFCcEFHY0FhQUIwQUdrQVpBQWlBRG9BSWdCdEFIVUFhUUJrQUdZQWJBQjBBREVBTXdCakFHWUFMQUJ0QUhVQWFRQmtBR1lBYkFCMEFESUFOUUE0QUdNQVpnQXNBRzBBZFFCcEFHUUFaZ0JzQUhRQU13QXhBRFVBWXdCbUFDd0FZZ0JwQUc0QVp3QnRBSE1BYmdCakFHOEFiUUJpQUdrQWJnQmxBR1FBTVFCakFHWUFMQUJ3QUc0QVpRQmxBR1FBWndCbEFERUFZd0JtQUN3QWN3QjBBR0VBY2dCMEFHZ0FjQUF6QUdNQVpnQXNBSEFBYkFCaEFIUUFZUUJuQUhrQWFBQndBRE1BWXdCbUFDd0FZUUIxQUdRQVpRQjRBR2dBY0FBekFHTUFaZ0FzQUdFQWNnQjBBR2NBYkFCNUFEUUFZd0JtQUN3QVlRQnlBSFFBWndCc0FIa0FOUUJqQUdZQUlnQXNBQ0lBYVFCa0FIZ0FJZ0E2QURRQWZRQmRBQT09PC9TdHJpbmdIdHRwQm9keT4NCiAgICA8L1JlcXVlc3Q+DQogICAgPFJlcXVlc3QgTWV0aG9kPSJQT1NUIiBHdWlkPSIzZjk0Y2I2Yy01OGZmLTQ3YTctOTg0YS03OGM1ODZlNWI3ODUiIFZlcnNpb249IjEuMSIgVXJsPSJodHRwczovL290Zi5tc24uY29tL2MuZ2lmIiBUaGlua1RpbWU9IjAiIFRpbWVvdXQ9IjMwMCIgUGFyc2VEZXBlbmRlbnRSZXF1ZXN0cz0iVHJ1ZSIgRm9sbG93UmVkaXJlY3RzPSJUcnVlIiBSZWNvcmRSZXN1bHQ9IlRydWUiIENhY2hlPSJGYWxzZSIgUmVzcG9uc2VUaW1lR29hbD0iMCIgRW5jb2Rpbmc9InV0Zi04IiBFeHBlY3RlZEh0dHBTdGF0dXNDb2RlPSIwIiBFeHBlY3RlZFJlc3BvbnNlVXJsPSIiIFJlcG9ydGluZ05hbWU9IiIgSWdub3JlSHR0cFN0YXR1c0NvZGU9IkZhbHNlIj4NCiAgICAgIDxIZWFkZXJzPg0KICAgICAgICA8SGVhZGVyIE5hbWU9IlJlZmVyZXIiIFZhbHVlPSJodHRwczovL3d3dy5tc24uY29tL3NwYXJ0YW4vaWVudHA/bG9jYWxlPWVuLUlOJmFtcDttYXJrZXQ9SU4mYW1wO2VuYWJsZXJlZ3VsYXRvcnlwc209MCZhbXA7TlRMb2dvPTEmYW1wO0lzRlJFPTAiIC8+DQogICAgICA8L0hlYWRlcnM+DQogICAgICA8UXVlcnlTdHJpbmdQYXJhbWV0ZXJzPg0KICAgICAgICA8UXVlcnlTdHJpbmdQYXJhbWV0ZXIgTmFtZT0iIiBWYWx1ZT0iIiBSZWNvcmRlZFZhbHVlPSIiIENvcnJlbGF0aW9uQmluZGluZz0iIiBVcmxFbmNvZGU9IkZhbHNlIiBVc2VUb0dyb3VwUmVzdWx0cz0iRmFsc2UiIC8+DQogICAgICA8L1F1ZXJ5U3RyaW5nUGFyYW1ldGVycz4NCiAgICAgIDxTdHJpbmdIdHRwQm9keSBDb250ZW50VHlwZT0iYXBwbGljYXRpb24vanNvbjsgY2hhcnNldD11dGYtOCIgSW5zZXJ0Qnl0ZU9yZGVyTWFyaz0iRmFsc2UiPld3QjdBQ0lBWlFCMkFIUUFJZ0E2QUNJQWFRQnRBSEFBY2dCZkFIVUFjQUJrQUdFQWRBQmxBQ0lBTEFBaUFISUFhUUJrQUNJQU9nQWlBREVBT0FBeUFEUUFOZ0F5QURBQVl3QXpBRGNBTUFBeUFEUUFPQUEwQURBQU9RQmtBRGNBWlFBMkFEa0FNZ0JtQURNQU5nQTFBR01BTndCbEFHUUFNUUFpQUN3QUlnQmtBR2tBSWdBNkFDSUFNUUEzQUNJQUxBQWlBR01BYkFCcEFHUUFJZ0E2QUNJQU1RQTNBRUlBUXdBeUFEQUFNQUE0QUVVQU5RQXhBRUVBTmdBeUFEQUFOZ0F5QURZQU1BQXhBRElBUXdBMUFEQUFSUUEwQURrQU1RQTJBRE1BTkFBM0FDSUFMQUFpQUdrQWN3QnpBSE1BYndBaUFEb0FNQUFzQUNJQWNBQm5BQzRBY0FBaUFEb0FJZ0JwQUdVQVpRQjRBSFFBSWdBc0FDSUFjQUJuQUM0QWRBQWlBRG9BSWdCdUFIUUFjQUFpQUN3QUlnQndBR2NBTGdCdUFDSUFPZ0FpQUdRQVpRQm1BR0VBZFFCc0FIUUFJZ0FzQUNJQWNBQm5BQzRBWXdBaUFEb0FNUUF4QUN3QUlnQnRBR1VBWXdCb0FDSUFPZ0FpQUhBQVlRQnlBSFFBYVFCaEFHd0FJZ0FzQUNJQWR3QnBBRzRBYUFCMEFDSUFPZ0EzQURJQU9BQXNBQ0lBWkFCdkFHTUFhQUIwQUNJQU9nQXpBRFFBTXdBd0FDd0FJZ0J6QUdNQWNnQnZBR3dBYkFCUEFHWUFaZ0FpQURvQU1BQXNBQ0lBZHdCaUFHZ0FJZ0E2QURBQUxBQWlBR1VBTVFBaUFEb0Fld0FpQUdVQUlnQTZBRnNBZXdBaUFHNEFJZ0E2QUNJQWNBQnlBR1VBZGdCcEFHOEFkUUJ6QUZNQWJBQnBBR1FBWlFCQkFISUFjZ0J2QUhjQUlnQXNBQ0lBZVFBaUFEb0FNUUF5QUN3QUlnQnBBQ0lBT2dBeEFEUUFNZ0FzQUNJQWJ3QWlBRG9BTWdBc0FDSUFjQUFpQURvQUlnQTRBREVBSWdCOUFGMEFmUUFzQUNJQWRBQnRBSEFBYkFBaUFEb0FJZ0JKQUZBQU9nQk9BRzhBYmdCbEFEc0FVZ0JXQURvQVRnQnZBRzRBWlFBN0FHa0FiZ0JtQUc4QWNBQmhBRzRBWlFBNkFEQUFPd0JqQUdFQWRBQTZBREFBT3dCRkFGQUFPZ0F3QURzQVF3QkpBRG9BTVFBN0FITUFjQUJoQUhJQWRBQmhBRzRBUlFCNEFIUUFaUUJ5QUc0QVlRQnNBRU1BYndCdUFIUUFaUUJ1QUhRQVRRQnZBR1FBZFFCc0FHVUFPZ0F4QUNJQUxBQWlBRzBBYXdCMEFDSUFPZ0FpQUdVQWJnQXRBSE1BWndBaUFDd0FJZ0JtQUd3QWFRQm5BR2dBZEFCcEFHUUFJZ0E2QUNJQWJRQjFBR2tBWkFCbUFHd0FkQUF4QURNQVl3Qm1BQ3dBYlFCMUFHa0FaQUJtQUd3QWRBQXlBRFVBT0FCakFHWUFMQUJ0QUhVQWFRQmtBR1lBYkFCMEFETUFNUUExQUdNQVpnQXNBR0lBYVFCdUFHY0FiUUJ6QUc0QVl3QnZBRzBBWWdCcEFHNEFaUUJrQURFQVl3Qm1BQ3dBY0FCdUFHVUFaUUJrQUdjQVpRQXhBR01BWmdBc0FITUFkQUJoQUhJQWRBQm9BSEFBTXdCakFHWUFMQUJ3QUd3QVlRQjBBR0VBWndCNUFHZ0FjQUF6QUdNQVpnQXNBR0VBZFFCa0FHVUFlQUJvQUhBQU13QmpBR1lBTEFCaEFISUFkQUJuQUd3QWVRQTBBR01BWmdBc0FHRUFjZ0IwQUdjQWJBQjVBRFVBWXdCbUFDSUFMQUFpQUdrQVpBQjRBQ0lBT2dBeUFIMEFYUUE9PC9TdHJpbmdIdHRwQm9keT4NCiAgICA8L1JlcXVlc3Q+DQogICAgPFJlcXVlc3QgTWV0aG9kPSJQT1NUIiBHdWlkPSI4MDVjYTVmZC1kMzVmLTQ4NTMtYWE4Ni1lYjc4NDRlZGRhNTEiIFZlcnNpb249IjEuMSIgVXJsPSJodHRwczovL290Zi5tc24uY29tL2MuZ2lmIiBUaGlua1RpbWU9IjAiIFRpbWVvdXQ9IjMwMCIgUGFyc2VEZXBlbmRlbnRSZXF1ZXN0cz0iVHJ1ZSIgRm9sbG93UmVkaXJlY3RzPSJUcnVlIiBSZWNvcmRSZXN1bHQ9IlRydWUiIENhY2hlPSJGYWxzZSIgUmVzcG9uc2VUaW1lR29hbD0iMCIgRW5jb2Rpbmc9InV0Zi04IiBFeHBlY3RlZEh0dHBTdGF0dXNDb2RlPSIwIiBFeHBlY3RlZFJlc3BvbnNlVXJsPSIiIFJlcG9ydGluZ05hbWU9IiIgSWdub3JlSHR0cFN0YXR1c0NvZGU9IkZhbHNlIj4NCiAgICAgIDxIZWFkZXJzPg0KICAgICAgICA8SGVhZGVyIE5hbWU9IlJlZmVyZXIiIFZhbHVlPSJodHRwczovL3d3dy5tc24uY29tL3NwYXJ0YW4vaWVudHA/bG9jYWxlPWVuLUlOJmFtcDttYXJrZXQ9SU4mYW1wO2VuYWJsZXJlZ3VsYXRvcnlwc209MCZhbXA7TlRMb2dvPTEmYW1wO0lzRlJFPTAiIC8+DQogICAgICA8L0hlYWRlcnM+DQogICAgICA8UXVlcnlTdHJpbmdQYXJhbWV0ZXJzPg0KICAgICAgICA8UXVlcnlTdHJpbmdQYXJhbWV0ZXIgTmFtZT0iIiBWYWx1ZT0iIiBSZWNvcmRlZFZhbHVlPSIiIENvcnJlbGF0aW9uQmluZGluZz0iIiBVcmxFbmNvZGU9IkZhbHNlIiBVc2VUb0dyb3VwUmVzdWx0cz0iRmFsc2UiIC8+DQogICAgICA8L1F1ZXJ5U3RyaW5nUGFyYW1ldGVycz4NCiAgICAgIDxTdHJpbmdIdHRwQm9keSBDb250ZW50VHlwZT0iYXBwbGljYXRpb24vanNvbjsgY2hhcnNldD11dGYtOCIgSW5zZXJ0Qnl0ZU9yZGVyTWFyaz0iRmFsc2UiPld3QjdBQ0lBWlFCMkFIUUFJZ0E2QUNJQWJBQnZBR0VBWkFCZkFIUUFhUUJ0QUdVQUlnQXNBQ0lBY2dCcEFHUUFJZ0E2QUNJQU1RQTRBRElBTkFBMkFESUFNQUJqQURNQU53QXdBRElBTkFBNEFEUUFNQUE1QUdRQU53QmxBRFlBT1FBeUFHWUFNd0EyQURVQVl3QTNBR1VBWkFBeEFDSUFMQUFpQUdRQWFRQWlBRG9BSWdBeEFEY0FJZ0FzQUNJQVl3QnNBR2tBWkFBaUFEb0FJZ0F4QURjQVFnQkRBRElBTUFBd0FEZ0FSUUExQURFQVFRQTJBRElBTUFBMkFESUFOZ0F3QURFQU1nQkRBRFVBTUFCRkFEUUFPUUF4QURZQU13QTBBRGNBSWdBc0FDSUFhUUJ6QUhNQWN3QnZBQ0lBT2dBd0FDd0FJZ0J3QUdjQUxnQndBQ0lBT2dBaUFHa0FaUUJsQUhnQWRBQWlBQ3dBSWdCd0FHY0FMZ0IwQUNJQU9nQWlBRzRBZEFCd0FDSUFMQUFpQUhBQVp3QXVBRzRBSWdBNkFDSUFaQUJsQUdZQVlRQjFBR3dBZEFBaUFDd0FJZ0J3QUdjQUxnQmpBQ0lBT2dBeEFERUFMQUFpQUcwQVlRQnlBR3NBWlFCeUFITUFJZ0E2QUhzQUlnQlVBRlFBVkFCVEFDSUFPZ0E1QURjQU1nQXpBQ3dBSWdCVUFGUUFRUUJHQUVFQWJnQnBBRzBBWVFCMEFHa0Fid0J1QUNJQU9nQXhBRFlBTVFBMkFETUFMQUFpQUZRQVZBQkJBRVlBSWdBNkFERUFPUUF3QURVQU5BQXNBQ0lBVkFCVUFFRUFSZ0JKQUcwQVp3QnpBQ0lBT2dBeEFEa0FPUUE0QURNQUxBQWlBRlFBVkFCQkFFWUFRUUJ1QUdRQVNRQnRBR2NBY3dBaUFEb0FNUUE1QURrQU9BQXpBQ3dBSWdCVUFGUUFRUUJHQUUwQVlRQjRBQ0lBT2dBeEFEa0FPUUE0QURNQUxBQWlBRlFBUmdCUUFGSUFJZ0E2QURFQU9RQTVBRGdBTXdBc0FDSUFWQUJVQUVFQVJnQkpBRzBBWndCSkFHNEFaZ0J2QUhBQVlRQnVBR1VBSWdBNkFESUFNQUF3QURBQU5RQjlBQ3dBSWdCcEFHUUFlQUFpQURvQU5RQjlBRjBBPC9TdHJpbmdIdHRwQm9keT4NCiAgICA8L1JlcXVlc3Q+DQogICAgPFJlcXVlc3QgTWV0aG9kPSJQT1NUIiBHdWlkPSI0YzI3OTViMC00OGQ1LTQ1OTItOTIxMi03ZjZjZGEwYWYyMmQiIFZlcnNpb249IjEuMSIgVXJsPSJodHRwczovL290Zi5tc24uY29tL2MuZ2lmIiBUaGlua1RpbWU9IjAiIFRpbWVvdXQ9IjMwMCIgUGFyc2VEZXBlbmRlbnRSZXF1ZXN0cz0iVHJ1ZSIgRm9sbG93UmVkaXJlY3RzPSJUcnVlIiBSZWNvcmRSZXN1bHQ9IlRydWUiIENhY2hlPSJGYWxzZSIgUmVzcG9uc2VUaW1lR29hbD0iMCIgRW5jb2Rpbmc9InV0Zi04IiBFeHBlY3RlZEh0dHBTdGF0dXNDb2RlPSIwIiBFeHBlY3RlZFJlc3BvbnNlVXJsPSIiIFJlcG9ydGluZ05hbWU9IiIgSWdub3JlSHR0cFN0YXR1c0NvZGU9IkZhbHNlIj4NCiAgICAgIDxIZWFkZXJzPg0KICAgICAgICA8SGVhZGVyIE5hbWU9IlJlZmVyZXIiIFZhbHVlPSJodHRwczovL3d3dy5tc24uY29tL3NwYXJ0YW4vaWVudHA/bG9jYWxlPWVuLUlOJmFtcDttYXJrZXQ9SU4mYW1wO2VuYWJsZXJlZ3VsYXRvcnlwc209MCZhbXA7TlRMb2dvPTEmYW1wO0lzRlJFPTAiIC8+DQogICAgICA8L0hlYWRlcnM+DQogICAgICA8UXVlcnlTdHJpbmdQYXJhbWV0ZXJzPg0KICAgICAgICA8UXVlcnlTdHJpbmdQYXJhbWV0ZXIgTmFtZT0iIiBWYWx1ZT0iIiBSZWNvcmRlZFZhbHVlPSIiIENvcnJlbGF0aW9uQmluZGluZz0iIiBVcmxFbmNvZGU9IkZhbHNlIiBVc2VUb0dyb3VwUmVzdWx0cz0iRmFsc2UiIC8+DQogICAgICA8L1F1ZXJ5U3RyaW5nUGFyYW1ldGVycz4NCiAgICAgIDxTdHJpbmdIdHRwQm9keSBDb250ZW50VHlwZT0iYXBwbGljYXRpb24vanNvbjsgY2hhcnNldD11dGYtOCIgSW5zZXJ0Qnl0ZU9yZGVyTWFyaz0iRmFsc2UiPld3QjdBQ0lBWlFCMkFIUUFJZ0E2QUNJQWFRQnRBSEFBY2dCZkFIVUFjQUJrQUdFQWRBQmxBQ0lBTEFBaUFISUFhUUJrQUNJQU9nQWlBREVBT0FBeUFEUUFOZ0F5QURBQVl3QXpBRGNBTUFBeUFEUUFPQUEwQURBQU9RQmtBRGNBWlFBMkFEa0FNZ0JtQURNQU5nQTFBR01BTndCbEFHUUFNUUFpQUN3QUlnQmtBR2tBSWdBNkFDSUFNUUEzQUNJQUxBQWlBR01BYkFCcEFHUUFJZ0E2QUNJQU1RQTNBRUlBUXdBeUFEQUFNQUE0QUVVQU5RQXhBRUVBTmdBeUFEQUFOZ0F5QURZQU1BQXhBRElBUXdBMUFEQUFSUUEwQURrQU1RQTJBRE1BTkFBM0FDSUFMQUFpQUdrQWN3QnpBSE1BYndBaUFEb0FNQUFzQUNJQWNBQm5BQzRBY0FBaUFEb0FJZ0JwQUdVQVpRQjRBSFFBSWdBc0FDSUFjQUJuQUM0QWRBQWlBRG9BSWdCdUFIUUFjQUFpQUN3QUlnQndBR2NBTGdCdUFDSUFPZ0FpQUdRQVpRQm1BR0VBZFFCc0FIUUFJZ0FzQUNJQWNBQm5BQzRBWXdBaUFEb0FNUUF4QUN3QUlnQnRBR1VBWXdCb0FDSUFPZ0FpQUhBQVlRQnlBSFFBYVFCaEFHd0FJZ0FzQUNJQWR3QnBBRzRBYUFCMEFDSUFPZ0EzQURJQU9BQXNBQ0lBWkFCdkFHTUFhQUIwQUNJQU9nQXpBRFFBTXdBd0FDd0FJZ0J6QUdNQWNnQnZBR3dBYkFCUEFHWUFaZ0FpQURvQU1BQXNBQ0lBZHdCaUFHZ0FJZ0E2QURBQUxBQWlBR1VBTVFBaUFEb0Fld0FpQUdVQUlnQTZBRnNBZXdBaUFHNEFJZ0E2QUNJQWJnQmxBSGdBZEFCVEFHd0FhUUJrQUdVQVFRQnlBSElBYndCM0FDSUFMQUFpQUhrQUlnQTZBREVBTWdBc0FDSUFhUUFpQURvQU1RQTBBRE1BTEFBaUFHOEFJZ0E2QURNQUxBQWlBSEFBSWdBNkFDSUFPQUF4QUNJQWZRQmRBSDBBTEFBaUFIUUFiUUJ3QUd3QUlnQTZBQ0lBU1FCUUFEb0FUZ0J2QUc0QVpRQTdBRklBVmdBNkFFNEFid0J1QUdVQU93QnBBRzRBWmdCdkFIQUFZUUJ1QUdVQU9nQXdBRHNBWXdCaEFIUUFPZ0F3QURzQVJRQlFBRG9BTUFBN0FFTUFTUUE2QURFQU93QnpBSEFBWVFCeUFIUUFZUUJ1QUVVQWVBQjBBR1VBY2dCdUFHRUFiQUJEQUc4QWJnQjBBR1VBYmdCMEFFMEFid0JrQUhVQWJBQmxBRG9BTVFBaUFDd0FJZ0J0QUdzQWRBQWlBRG9BSWdCbEFHNEFMUUJ6QUdjQUlnQXNBQ0lBWmdCc0FHa0Fad0JvQUhRQWFRQmtBQ0lBT2dBaUFHMEFkUUJwQUdRQVpnQnNBSFFBTVFBekFHTUFaZ0FzQUcwQWRRQnBBR1FBWmdCc0FIUUFNZ0ExQURnQVl3Qm1BQ3dBYlFCMUFHa0FaQUJtQUd3QWRBQXpBREVBTlFCakFHWUFMQUJpQUdrQWJnQm5BRzBBY3dCdUFHTUFid0J0QUdJQWFRQnVBR1VBWkFBeEFHTUFaZ0FzQUhBQWJnQmxBR1VBWkFCbkFHVUFNUUJqQUdZQUxBQnpBSFFBWVFCeUFIUUFhQUJ3QURNQVl3Qm1BQ3dBY0FCc0FHRUFkQUJoQUdjQWVRQm9BSEFBTXdCakFHWUFMQUJoQUhVQVpBQmxBSGdBYUFCd0FETUFZd0JtQUN3QVlRQnlBSFFBWndCc0FIa0FOQUJqQUdZQUxBQmhBSElBZEFCbkFHd0FlUUExQUdNQVpnQWlBQ3dBSWdCcEFHUUFlQUFpQURvQU13QjlBRjBBPC9TdHJpbmdIdHRwQm9keT4NCiAgICA8L1JlcXVlc3Q+DQogICAgPFJlcXVlc3QgTWV0aG9kPSJHRVQiIEd1aWQ9IjMxNmZlMGIwLTUwNDQtNGQ2ZC05YjM4LTc4NTAwY2FhYTM1YSIgVmVyc2lvbj0iMS4xIiBVcmw9Imh0dHBzOi8vd3d3Lm1zbi5jb20vc3BhcnRhbi9lbi1zZy9rZXJuZWwvYXBwY2FjaGUvY2FjaGUuYXBwY2FjaGUiIFRoaW5rVGltZT0iMiIgVGltZW91dD0iMzAwIiBQYXJzZURlcGVuZGVudFJlcXVlc3RzPSJUcnVlIiBGb2xsb3dSZWRpcmVjdHM9IlRydWUiIFJlY29yZFJlc3VsdD0iVHJ1ZSIgQ2FjaGU9IkZhbHNlIiBSZXNwb25zZVRpbWVHb2FsPSIwIiBFbmNvZGluZz0idXRmLTgiIEV4cGVjdGVkSHR0cFN0YXR1c0NvZGU9IjAiIEV4cGVjdGVkUmVzcG9uc2VVcmw9IiIgUmVwb3J0aW5nTmFtZT0iIiBJZ25vcmVIdHRwU3RhdHVzQ29kZT0iRmFsc2UiPg0KICAgICAgPEhlYWRlcnM+DQogICAgICAgIDxIZWFkZXIgTmFtZT0iUmVmZXJlciIgVmFsdWU9Imh0dHBzOi8vd3d3Lm1zbi5jb20vc3BhcnRhbi9pZW50cD9sb2NhbGU9ZW4tSU4mYW1wO21hcmtldD1JTiZhbXA7ZW5hYmxlcmVndWxhdG9yeXBzbT0wJmFtcDtOVExvZ289MSZhbXA7SXNGUkU9MCIgLz4NCiAgICAgIDwvSGVhZGVycz4NCiAgICAgIDxRdWVyeVN0cmluZ1BhcmFtZXRlcnM+DQogICAgICAgIDxRdWVyeVN0cmluZ1BhcmFtZXRlciBOYW1lPSJsb2NhbGUiIFZhbHVlPSJlbi1pbiIgUmVjb3JkZWRWYWx1ZT0iZW4taW4iIENvcnJlbGF0aW9uQmluZGluZz0ie3tRdWVyeVN0cmluZ1BhcmFtMTE4LmxvY2FsZX19IiBVcmxFbmNvZGU9IkZhbHNlIiBVc2VUb0dyb3VwUmVzdWx0cz0iRmFsc2UiIC8+DQogICAgICAgIDxRdWVyeVN0cmluZ1BhcmFtZXRlciBOYW1lPSJtYXJrZXQiIFZhbHVlPSJpbiIgUmVjb3JkZWRWYWx1ZT0iaW4iIENvcnJlbGF0aW9uQmluZGluZz0ie3tRdWVyeVN0cmluZ1BhcmFtMTE5Lm1hcmtldH19IiBVcmxFbmNvZGU9IkZhbHNlIiBVc2VUb0dyb3VwUmVzdWx0cz0iRmFsc2UiIC8+DQogICAgICAgIDxRdWVyeVN0cmluZ1BhcmFtZXRlciBOYW1lPSJlbmFibGVyZWd1bGF0b3J5cHNtIiBWYWx1ZT0iMCIgUmVjb3JkZWRWYWx1ZT0iMCIgQ29ycmVsYXRpb25CaW5kaW5nPSJ7e1F1ZXJ5U3RyaW5nUGFyYW0xMjAuZW5hYmxlcmVndWxhdG9yeXBzbX19IiBVcmxFbmNvZGU9IkZhbHNlIiBVc2VUb0dyb3VwUmVzdWx0cz0iRmFsc2UiIC8+DQogICAgICAgIDxRdWVyeVN0cmluZ1BhcmFtZXRlciBOYW1lPSJudGxvZ28iIFZhbHVlPSIxIiBSZWNvcmRlZFZhbHVlPSIxIiBDb3JyZWxhdGlvbkJpbmRpbmc9Int7UXVlcnlTdHJpbmdQYXJhbTEyMS5udGxvZ299fSIgVXJsRW5jb2RlPSJGYWxzZSIgVXNlVG9Hcm91cFJlc3VsdHM9IkZhbHNlIiAvPg0KICAgICAgICA8UXVlcnlTdHJpbmdQYXJhbWV0ZXIgTmFtZT0iaXNmcmUiIFZhbHVlPSIwIiBSZWNvcmRlZFZhbHVlPSIwIiBDb3JyZWxhdGlvbkJpbmRpbmc9Int7UXVlcnlTdHJpbmdQYXJhbTEyMi5pc2ZyZX19IiBVcmxFbmNvZGU9IkZhbHNlIiBVc2VUb0dyb3VwUmVzdWx0cz0iRmFsc2UiIC8+DQogICAgICA8L1F1ZXJ5U3RyaW5nUGFyYW1ldGVycz4NCiAgICA8L1JlcXVlc3Q+DQogICAgPFJlcXVlc3QgTWV0aG9kPSJQT1NUIiBHdWlkPSJmMzA3ODRiZi1hZTY5LTRlMTItYWQzYi04MGUxNGE1ZjZhODgiIFZlcnNpb249IjEuMSIgVXJsPSJodHRwczovL290Zi5tc24uY29tL2MuZ2lmIiBUaGlua1RpbWU9IjQyIiBUaW1lb3V0PSIzMDAiIFBhcnNlRGVwZW5kZW50UmVxdWVzdHM9IlRydWUiIEZvbGxvd1JlZGlyZWN0cz0iVHJ1ZSIgUmVjb3JkUmVzdWx0PSJUcnVlIiBDYWNoZT0iRmFsc2UiIFJlc3BvbnNlVGltZUdvYWw9IjAiIEVuY29kaW5nPSJ1dGYtOCIgRXhwZWN0ZWRIdHRwU3RhdHVzQ29kZT0iMCIgRXhwZWN0ZWRSZXNwb25zZVVybD0iIiBSZXBvcnRpbmdOYW1lPSIiIElnbm9yZUh0dHBTdGF0dXNDb2RlPSJGYWxzZSI+DQogICAgICA8SGVhZGVycz4NCiAgICAgICAgPEhlYWRlciBOYW1lPSJSZWZlcmVyIiBWYWx1ZT0iaHR0cHM6Ly93d3cubXNuLmNvbS9zcGFydGFuL2llbnRwP2xvY2FsZT1lbi1JTiZhbXA7bWFya2V0PUlOJmFtcDtlbmFibGVyZWd1bGF0b3J5cHNtPTAmYW1wO05UTG9nbz0xJmFtcDtJc0ZSRT0wIiAvPg0KICAgICAgPC9IZWFkZXJzPg0KICAgICAgPFF1ZXJ5U3RyaW5nUGFyYW1ldGVycz4NCiAgICAgICAgPFF1ZXJ5U3RyaW5nUGFyYW1ldGVyIE5hbWU9IiIgVmFsdWU9IiIgUmVjb3JkZWRWYWx1ZT0iIiBDb3JyZWxhdGlvbkJpbmRpbmc9IiIgVXJsRW5jb2RlPSJGYWxzZSIgVXNlVG9Hcm91cFJlc3VsdHM9IkZhbHNlIiAvPg0KICAgICAgPC9RdWVyeVN0cmluZ1BhcmFtZXRlcnM+DQogICAgICA8U3RyaW5nSHR0cEJvZHkgQ29udGVudFR5cGU9ImFwcGxpY2F0aW9uL2pzb247IGNoYXJzZXQ9dXRmLTgiIEluc2VydEJ5dGVPcmRlck1hcms9IkZhbHNlIj5Xd0I3QUNJQVpRQjJBSFFBSWdBNkFDSUFhUUJ0QUhBQWNnQmZBSFVBY0FCa0FHRUFkQUJsQUNJQUxBQWlBSElBYVFCa0FDSUFPZ0FpQURFQU9BQXlBRFFBTmdBeUFEQUFZd0F6QURjQU1BQXlBRFFBT0FBMEFEQUFPUUJrQURjQVpRQTJBRGtBTWdCbUFETUFOZ0ExQUdNQU53QmxBR1FBTVFBaUFDd0FJZ0JrQUdrQUlnQTZBQ0lBTVFBM0FDSUFMQUFpQUdNQWJBQnBBR1FBSWdBNkFDSUFNUUEzQUVJQVF3QXlBREFBTUFBNEFFVUFOUUF4QUVFQU5nQXlBREFBTmdBeUFEWUFNQUF4QURJQVF3QTFBREFBUlFBMEFEa0FNUUEyQURNQU5BQTNBQ0lBTEFBaUFHa0Fjd0J6QUhNQWJ3QWlBRG9BTUFBc0FDSUFjQUJuQUM0QWNBQWlBRG9BSWdCcEFHVUFaUUI0QUhRQUlnQXNBQ0lBY0FCbkFDNEFkQUFpQURvQUlnQnVBSFFBY0FBaUFDd0FJZ0J3QUdjQUxnQnVBQ0lBT2dBaUFHUUFaUUJtQUdFQWRRQnNBSFFBSWdBc0FDSUFjQUJuQUM0QVl3QWlBRG9BTVFBeEFDd0FJZ0J0QUdVQVl3Qm9BQ0lBT2dBaUFHRUFkUUIwQUc4QUlnQXNBQ0lBZHdCcEFHNEFhQUIwQUNJQU9nQTNBRElBT0FBc0FDSUFaQUJ2QUdNQWFBQjBBQ0lBT2dBekFEUUFNd0F3QUN3QUlnQnpBR01BY2dCdkFHd0FiQUJQQUdZQVpnQWlBRG9BTUFBc0FDSUFkd0JpQUdnQUlnQTZBREFBTEFBaUFHVUFNUUFpQURvQWV3QWlBR1VBSWdBNkFGc0Fld0FpQUdrQUlnQTZBRGdBTkFBc0FDSUFjQUFpQURvQU9BQXhBQ3dBSWdCdUFDSUFPZ0FpQUhNQWFRQnVBR2NBYkFCbEFDSUFMQUFpQUhrQUlnQTZBREVBTXdBc0FDSUFid0FpQURvQU1nQjlBQ3dBZXdBaUFHa0FJZ0E2QURnQU5RQXNBQ0lBY0FBaUFEb0FPQUEwQUN3QUlnQnVBQ0lBT2dBaUFITUFhUUJ1QUdjQWJBQmxBQ0lBTEFBaUFIa0FJZ0E2QURFQU13QXNBQ0lBYkFBaUFEb0FJZ0JDQUVJQVRRQjFBSEFBTmdBeEFDSUFMQUFpQUdnQUlnQTZBREFBTEFBaUFIWUFJZ0E2QUNJQWJnQmxBSGNBY3dBaUFDd0FJZ0JqQUNJQU9nQWlBRzRBWlFCM0FITUFiZ0JoQUhRQWFRQnZBRzRBWVFCc0FDSUFMQUFpQUc4QUlnQTZBREVBZlFCZEFIMEFMQUFpQUhRQWJRQndBR3dBSWdBNkFDSUFTUUJRQURvQVRnQnZBRzRBWlFBN0FGSUFWZ0E2QUU0QWJ3QnVBR1VBT3dCcEFHNEFaZ0J2QUhBQVlRQnVBR1VBT2dBd0FEc0FZd0JoQUhRQU9nQXdBRHNBUlFCUUFEb0FNQUE3QUVNQVNRQTZBREVBT3dCekFIQUFZUUJ5QUhRQVlRQnVBRVVBZUFCMEFHVUFjZ0J1QUdFQWJBQkRBRzhBYmdCMEFHVUFiZ0IwQUUwQWJ3QmtBSFVBYkFCbEFEb0FNUUFpQUN3QUlnQnRBR3NBZEFBaUFEb0FJZ0JsQUc0QUxRQnpBR2NBSWdBc0FDSUFaZ0JzQUdrQVp3Qm9BSFFBYVFCa0FDSUFPZ0FpQUcwQWRRQnBBR1FBWmdCc0FIUUFNUUF6QUdNQVpnQXNBRzBBZFFCcEFHUUFaZ0JzQUhRQU1nQTFBRGdBWXdCbUFDd0FiUUIxQUdrQVpBQm1BR3dBZEFBekFERUFOUUJqQUdZQUxBQmlBR2tBYmdCbkFHMEFjd0J1QUdNQWJ3QnRBR0lBYVFCdUFHVUFaQUF4QUdNQVpnQXNBSEFBYmdCbEFHVUFaQUJuQUdVQU1RQmpBR1lBTEFCekFIUUFZUUJ5QUhRQWFBQndBRE1BWXdCbUFDd0FjQUJzQUdFQWRBQmhBR2NBZVFCb0FIQUFNd0JqQUdZQUxBQmhBSFVBWkFCbEFIZ0FhQUJ3QURNQVl3Qm1BQ3dBWVFCeUFIUUFad0JzQUhrQU5BQmpBR1lBTEFCaEFISUFkQUJuQUd3QWVRQTFBR01BWmdBaUFDd0FJZ0JwQUdRQWVBQWlBRG9BTmdCOUFGMEE8L1N0cmluZ0h0dHBCb2R5Pg0KICAgIDwvUmVxdWVzdD4NCiAgICA8UmVxdWVzdCBNZXRob2Q9IkdFVCIgR3VpZD0iOWZlZmMwMTEtZmFkMy00ZjkzLWIxY2ItNWExZjhjZmVmMWQyIiBWZXJzaW9uPSIxLjEiIFVybD0iaHR0cHM6Ly9maWRtLmFjY2Vzcy5pdC1zb2x1dGlvbnMuYXRvcy5uZXQvYXV0aC9Mb2dpbiIgVGhpbmtUaW1lPSI0IiBUaW1lb3V0PSIzMDAiIFBhcnNlRGVwZW5kZW50UmVxdWVzdHM9IlRydWUiIEZvbGxvd1JlZGlyZWN0cz0iVHJ1ZSIgUmVjb3JkUmVzdWx0PSJUcnVlIiBDYWNoZT0iRmFsc2UiIFJlc3BvbnNlVGltZUdvYWw9IjAiIEVuY29kaW5nPSJ1dGYtOCIgRXhwZWN0ZWRIdHRwU3RhdHVzQ29kZT0iMCIgRXhwZWN0ZWRSZXNwb25zZVVybD0iIiBSZXBvcnRpbmdOYW1lPSIiIElnbm9yZUh0dHBTdGF0dXNDb2RlPSJGYWxzZSI+DQogICAgICA8UXVlcnlTdHJpbmdQYXJhbWV0ZXJzPg0KICAgICAgICA8UXVlcnlTdHJpbmdQYXJhbWV0ZXIgTmFtZT0iR0FTRiIgVmFsdWU9IkNFUlRJRklDQVRFIiBSZWNvcmRlZFZhbHVlPSJDRVJUSUZJQ0FURSIgQ29ycmVsYXRpb25CaW5kaW5nPSIiIFVybEVuY29kZT0iRmFsc2UiIFVzZVRvR3JvdXBSZXN1bHRzPSJGYWxzZSIgLz4NCiAgICAgICAgPFF1ZXJ5U3RyaW5nUGFyYW1ldGVyIE5hbWU9IkdBUkVBU09OQ09ERSIgVmFsdWU9Ii0xIiBSZWNvcmRlZFZhbHVlPSItMSIgQ29ycmVsYXRpb25CaW5kaW5nPSIiIFVybEVuY29kZT0iRmFsc2UiIFVzZVRvR3JvdXBSZXN1bHRzPSJGYWxzZSIgLz4NCiAgICAgICAgPFF1ZXJ5U3RyaW5nUGFyYW1ldGVyIE5hbWU9IkdBUkVTT1VSQ0VJRCIgVmFsdWU9ImdhXmRlZmF1bHReZ2xvYmFsXnJlc291cmNlIiBSZWNvcmRlZFZhbHVlPSJnYV5kZWZhdWx0Xmdsb2JhbF5yZXNvdXJjZSIgQ29ycmVsYXRpb25CaW5kaW5nPSIiIFVybEVuY29kZT0iRmFsc2UiIFVzZVRvR3JvdXBSZXN1bHRzPSJGYWxzZSIgLz4NCiAgICAgICAgPFF1ZXJ5U3RyaW5nUGFyYW1ldGVyIE5hbWU9IkdBVVJJIiBWYWx1ZT0iaHR0cHM6Ly9maWRtLmFjY2Vzcy5pdCUyRHNvbHV0aW9ucy5hdG9zLm5ldC9HZXRBY2Nlc3MvUG1kYSUzRk1EVVJJJTNEYUhSMGNITTZMeTloWkcxcGJtZGhkR1V0WlcxbFlTNXpZV0ZqYjI0dWJtVjBMME5wZEhKcGVDOVlaVzVCY0hBdllYVjBhQzlzYjJkcGJpNWhjM0I0JTI2U0QlM0Quc2FhY29uLm5ldCUyNkdBUkVTT1VSQ0VJRCUzREFkbWluZ2F0ZUVtZWFTYWFjb25OZXQyJTI2QVBQSUQlM0RBZG1pbmdhdGVFbWVhU2FhY29uTmV0MiIgUmVjb3JkZWRWYWx1ZT0iaHR0cHM6Ly9maWRtLmFjY2Vzcy5pdCUyRHNvbHV0aW9ucy5hdG9zLm5ldC9HZXRBY2Nlc3MvUG1kYSUzRk1EVVJJJTNEYUhSMGNITTZMeTloWkcxcGJtZGhkR1V0WlcxbFlTNXpZV0ZqYjI0dWJtVjBMME5wZEhKcGVDOVlaVzVCY0hBdllYVjBhQzlzYjJkcGJpNWhjM0I0JTI2U0QlM0Quc2FhY29uLm5ldCUyNkdBUkVTT1VSQ0VJRCUzREFkbWluZ2F0ZUVtZWFTYWFjb25OZXQyJTI2QVBQSUQlM0RBZG1pbmdhdGVFbWVhU2FhY29uTmV0MiIgQ29ycmVsYXRpb25CaW5kaW5nPSIiIFVybEVuY29kZT0iRmFsc2UiIFVzZVRvR3JvdXBSZXN1bHRzPSJGYWxzZSIgLz4NCiAgICAgIDwvUXVlcnlTdHJpbmdQYXJhbWV0ZXJzPg0KICAgIDwvUmVxdWVzdD4NCiAgICA8UmVxdWVzdCBNZXRob2Q9IkdFVCIgR3VpZD0iYmZjOTM5YzEtMTNlNC00ZjUyLWE0OWQtMWMwNjFjZjUzNjNkIiBWZXJzaW9uPSIxLjEiIFVybD0iaHR0cHM6Ly9maWRtLmFjY2Vzcy5pdC1zb2x1dGlvbnMuYXRvcy5uZXQvYXV0aC9Mb2dpbiIgVGhpbmtUaW1lPSIwIiBUaW1lb3V0PSIzMDAiIFBhcnNlRGVwZW5kZW50UmVxdWVzdHM9IlRydWUiIEZvbGxvd1JlZGlyZWN0cz0iVHJ1ZSIgUmVjb3JkUmVzdWx0PSJUcnVlIiBDYWNoZT0iRmFsc2UiIFJlc3BvbnNlVGltZUdvYWw9IjAiIEVuY29kaW5nPSJ1dGYtOCIgRXhwZWN0ZWRIdHRwU3RhdHVzQ29kZT0iMCIgRXhwZWN0ZWRSZXNwb25zZVVybD0iaHR0cHM6Ly9maWRtLmFjY2Vzcy5pdC1zb2x1dGlvbnMuYXRvcy5uZXQvR2V0QWNjZXNzL1BtZGE/TURVUkk9YUhSMGNITTZMeTloWkcxcGJtZGhkR1V0WlcxbFlTNXpZV0ZqYjI0dWJtVjBMME5wZEhKcGVDOVlaVzVCY0hBdllYVjBhQzlzYjJkcGJpNWhjM0I0JmFtcDtTRD0uc2FhY29uLm5ldCZhbXA7R0FSRVNPVVJDRUlEPUFkbWluZ2F0ZUVtZWFTYWFjb25OZXQyJmFtcDtBUFBJRD1BZG1pbmdhdGVFbWVhU2FhY29uTmV0MiIgUmVwb3J0aW5nTmFtZT0iIiBJZ25vcmVIdHRwU3RhdHVzQ29kZT0iRmFsc2UiPg0KICAgICAgPEZvcm1Qb3N0SHR0cEJvZHk+DQogICAgICAgIDxGb3JtUG9zdFBhcmFtZXRlciBOYW1lPSJBVVRITUVUSE9EIiBWYWx1ZT0iQ0VSVElGSUNBVEUiIFJlY29yZGVkVmFsdWU9IkNFUlRJRklDQVRFIiBDb3JyZWxhdGlvbkJpbmRpbmc9IiIgVXJsRW5jb2RlPSJUcnVlIiAvPg0KICAgICAgICA8Rm9ybVBvc3RQYXJhbWV0ZXIgTmFtZT0iVGVtcGxhdGUiIFZhbHVlPSJBdG9zUGtpT25seSIgUmVjb3JkZWRWYWx1ZT0iQXRvc1BraU9ubHkiIENvcnJlbGF0aW9uQmluZGluZz0iIiBVcmxFbmNvZGU9IlRydWUiIC8+DQogICAgICAgIDxGb3JtUG9zdFBhcmFtZXRlciBOYW1lPSJIaWRkZW5VUkkiIFZhbHVlPSJodHRwczovL2ZpZG0uYWNjZXNzLml0JTJEc29sdXRpb25zLmF0b3MubmV0L0dldEFjY2Vzcy9QbWRhJTNGTURVUkklM0RhSFIwY0hNNkx5OWhaRzFwYm1kaGRHVXRaVzFsWVM1ellXRmpiMjR1Ym1WMEwwTnBkSEpwZUM5WVpXNUJjSEF2WVhWMGFDOXNiMmRwYmk1aGMzQjQlMjZTRCUzRC5zYWFjb24ubmV0JTI2R0FSRVNPVVJDRUlEJTNEQWRtaW5nYXRlRW1lYVNhYWNvbk5ldDIlMjZBUFBJRCUzREFkbWluZ2F0ZUVtZWFTYWFjb25OZXQyIiBSZWNvcmRlZFZhbHVlPSJodHRwczovL2ZpZG0uYWNjZXNzLml0JTJEc29sdXRpb25zLmF0b3MubmV0L0dldEFjY2Vzcy9QbWRhJTNGTURVUkklM0RhSFIwY0hNNkx5OWhaRzFwYm1kaGRHVXRaVzFsWVM1ellXRmpiMjR1Ym1WMEwwTnBkSEpwZUM5WVpXNUJjSEF2WVhWMGFDOXNiMmRwYmk1aGMzQjQlMjZTRCUzRC5zYWFjb24ubmV0JTI2R0FSRVNPVVJDRUlEJTNEQWRtaW5nYXRlRW1lYVNhYWNvbk5ldDIlMjZBUFBJRCUzREFkbWluZ2F0ZUVtZWFTYWFjb25OZXQyIiBDb3JyZWxhdGlvbkJpbmRpbmc9IiIgVXJsRW5jb2RlPSJUcnVlIiAvPg0KICAgICAgICA8Rm9ybVBvc3RQYXJhbWV0ZXIgTmFtZT0iR0FSRVNPVVJDRUlEIiBWYWx1ZT0iZ2FeZGVmYXVsdF5nbG9iYWxecmVzb3VyY2UiIFJlY29yZGVkVmFsdWU9ImdhXmRlZmF1bHReZ2xvYmFsXnJlc291cmNlIiBDb3JyZWxhdGlvbkJpbmRpbmc9IiIgVXJsRW5jb2RlPSJUcnVlIiAvPg0KICAgICAgICA8Rm9ybVBvc3RQYXJhbWV0ZXIgTmFtZT0iR0FTRiIgVmFsdWU9IkNFUlRJRklDQVRFIiBSZWNvcmRlZFZhbHVlPSJDRVJUSUZJQ0FURSIgQ29ycmVsYXRpb25CaW5kaW5nPSIiIFVybEVuY29kZT0iVHJ1ZSIgLz4NCiAgICAgICAgPEZvcm1Qb3N0UGFyYW1ldGVyIE5hbWU9InBhZ2VHZW5UaW1lIiBWYWx1ZT0iMTUzNTM1NjQ4MDI1MyIgUmVjb3JkZWRWYWx1ZT0iMTUzNTM1NjQ4MDI1MyIgQ29ycmVsYXRpb25CaW5kaW5nPSIiIFVybEVuY29kZT0iVHJ1ZSIgLz4NCiAgICAgICAgPEZvcm1Qb3N0UGFyYW1ldGVyIE5hbWU9IkxPQ0FMRSIgVmFsdWU9ImVuX1VTIiBSZWNvcmRlZFZhbHVlPSJlbl9VUyIgQ29ycmVsYXRpb25CaW5kaW5nPSIiIFVybEVuY29kZT0iVHJ1ZSIgLz4NCiAgICAgICAgPEZvcm1Qb3N0UGFyYW1ldGVyIE5hbWU9IlBLSV9MT0dJTiIgVmFsdWU9IkxvZ2luIiBSZWNvcmRlZFZhbHVlPSJMb2dpbiIgQ29ycmVsYXRpb25CaW5kaW5nPSIiIFVybEVuY29kZT0iVHJ1ZSIgLz4NCiAgICAgICAgPEZvcm1Qb3N0UGFyYW1ldGVyIE5hbWU9IkNTUkZUb2tlbiIgVmFsdWU9IiRDU1JGVG9rZW4iIFJlY29yZGVkVmFsdWU9IiRDU1JGVG9rZW4iIENvcnJlbGF0aW9uQmluZGluZz0iIiBVcmxFbmNvZGU9IlRydWUiIC8+DQogICAgICAgIDxGb3JtUG9zdFBhcmFtZXRlciBOYW1lPSJDU1JGRm9ybVRva2VuIiBWYWx1ZT0iZDhlMjYyOTdlNTQ5ZjVkMmNmNTI4MzRkMDRlODI2MDZlZjQ2MzdmNTcxNjc1YjU5IiBSZWNvcmRlZFZhbHVlPSJkOGUyNjI5N2U1NDlmNWQyY2Y1MjgzNGQwNGU4MjYwNmVmNDYzN2Y1NzE2NzViNTkiIENvcnJlbGF0aW9uQmluZGluZz0iIiBVcmxFbmNvZGU9IlRydWUiIC8+DQogICAgICA8L0Zvcm1Qb3N0SHR0cEJvZHk+DQogICAgPC9SZXF1ZXN0Pg0KICAgIDxSZXF1ZXN0IE1ldGhvZD0iR0VUIiBHdWlkPSI3OGZmZTU4OS03ZWFjLTQ2MmUtYTlkZC1iNDMwM2Q0ZjFhODEiIFZlcnNpb249IjEuMSIgVXJsPSJodHRwczovL2NwLWZpZG0uc2FhY29uLm5ldC9HZXRBY2Nlc3MvU21kYSIgVGhpbmtUaW1lPSIwIiBUaW1lb3V0PSIzMDAiIFBhcnNlRGVwZW5kZW50UmVxdWVzdHM9IlRydWUiIEZvbGxvd1JlZGlyZWN0cz0iVHJ1ZSIgUmVjb3JkUmVzdWx0PSJUcnVlIiBDYWNoZT0iRmFsc2UiIFJlc3BvbnNlVGltZUdvYWw9IjAiIEVuY29kaW5nPSJXaW5kb3dzLTEyNTIiIEV4cGVjdGVkSHR0cFN0YXR1c0NvZGU9IjAiIEV4cGVjdGVkUmVzcG9uc2VVcmw9Imh0dHBzOi8vYWRtaW5nYXRlLWVtZWEuc2FhY29uLm5ldC9DaXRyaXgvWGVuQXBwL2F1dGgvc2lsZW50RGV0ZWN0aW9uLmFzcHgiIFJlcG9ydGluZ05hbWU9IiIgSWdub3JlSHR0cFN0YXR1c0NvZGU9IkZhbHNlIj4NCiAgICAgIDxRdWVyeVN0cmluZ1BhcmFtZXRlcnM+DQogICAgICAgIDxRdWVyeVN0cmluZ1BhcmFtZXRlciBOYW1lPSJNRFVSSSIgVmFsdWU9ImFIUjBjSE02THk5aFpHMXBibWRoZEdVdFpXMWxZUzV6WVdGamIyNHVibVYwTDBOcGRISnBlQzlZWlc1QmNIQXZZWFYwYUM5c2IyZHBiaTVoYzNCNCIgUmVjb3JkZWRWYWx1ZT0iYUhSMGNITTZMeTloWkcxcGJtZGhkR1V0WlcxbFlTNXpZV0ZqYjI0dWJtVjBMME5wZEhKcGVDOVlaVzVCY0hBdllYVjBhQzlzYjJkcGJpNWhjM0I0IiBDb3JyZWxhdGlvbkJpbmRpbmc9IiIgVXJsRW5jb2RlPSJGYWxzZSIgVXNlVG9Hcm91cFJlc3VsdHM9IkZhbHNlIiAvPg0KICAgICAgPC9RdWVyeVN0cmluZ1BhcmFtZXRlcnM+DQogICAgICA8Rm9ybVBvc3RIdHRwQm9keT4NCiAgICAgICAgPEZvcm1Qb3N0UGFyYW1ldGVyIE5hbWU9IkZJRE1fQVVUSF9TRVNTSU9OX0lEIiBWYWx1ZT0iU01TX2RlZnRodzk5MGNod2ViXzEwYzViNzo6NGIyMzhlYzAxMTIzNThmNTNhZTRhZGMzODA0MThlYmUiIFJlY29yZGVkVmFsdWU9IlNNU19kZWZ0aHc5OTBjaHdlYl8xMGM1Yjc6OjRiMjM4ZWMwMTEyMzU4ZjUzYWU0YWRjMzgwNDE4ZWJlIiBDb3JyZWxhdGlvbkJpbmRpbmc9IiIgVXJsRW5jb2RlPSJUcnVlIiAvPg0KICAgICAgICA8Rm9ybVBvc3RQYXJhbWV0ZXIgTmFtZT0iQ1NSRkZvcm1Ub2tlbiIgVmFsdWU9IjRlOTVmNzBkNDIxMDY3OGRiNTQ4YmYxNzYxMDhjMzA4ODMxODAyY2ZjMTAwMjgwYSIgUmVjb3JkZWRWYWx1ZT0iNGU5NWY3MGQ0MjEwNjc4ZGI1NDhiZjE3NjEwOGMzMDg4MzE4MDJjZmMxMDAyODBhIiBDb3JyZWxhdGlvbkJpbmRpbmc9IiIgVXJsRW5jb2RlPSJUcnVlIiAvPg0KICAgICAgPC9Gb3JtUG9zdEh0dHBCb2R5Pg0KICAgIDwvUmVxdWVzdD4NCiAgICA8UmVxdWVzdCBNZXRob2Q9IkdFVCIgR3VpZD0iYTk1YWI3YjEtMzQwZC00ODk1LTgwZmMtODc0OGQwYjFjYWI0IiBWZXJzaW9uPSIxLjEiIFVybD0iaHR0cHM6Ly9hZG1pbmdhdGUtZW1lYS5zYWFjb24ubmV0L0NpdHJpeC9YZW5BcHAvYXV0aC9zaWxlbnREZXRlY3Rpb24uYXNweCIgVGhpbmtUaW1lPSIzIiBUaW1lb3V0PSIzMDAiIFBhcnNlRGVwZW5kZW50UmVxdWVzdHM9IlRydWUiIEZvbGxvd1JlZGlyZWN0cz0iVHJ1ZSIgUmVjb3JkUmVzdWx0PSJUcnVlIiBDYWNoZT0iRmFsc2UiIFJlc3BvbnNlVGltZUdvYWw9IjAiIEVuY29kaW5nPSJ1dGYtOCIgRXhwZWN0ZWRIdHRwU3RhdHVzQ29kZT0iMCIgRXhwZWN0ZWRSZXNwb25zZVVybD0iIiBSZXBvcnRpbmdOYW1lPSIiIElnbm9yZUh0dHBTdGF0dXNDb2RlPSJGYWxzZSIgLz4NCiAgICA8UmVxdWVzdCBNZXRob2Q9IkdFVCIgR3VpZD0iNjM5YTRiYjItYmMwOS00YWVmLWI1YjMtMThlZWIyZDMxOTBkIiBWZXJzaW9uPSIxLjEiIFVybD0iaHR0cHM6Ly9hZG1pbmdhdGUtZW1lYS5zYWFjb24ubmV0L0NpdHJpeC9YZW5BcHAvYXV0aC9jbGllbnREZXRlY3Rpb25PdXRwdXRzLmFzcHgiIFRoaW5rVGltZT0iMiIgVGltZW91dD0iMzAwIiBQYXJzZURlcGVuZGVudFJlcXVlc3RzPSJUcnVlIiBGb2xsb3dSZWRpcmVjdHM9IlRydWUiIFJlY29yZFJlc3VsdD0iVHJ1ZSIgQ2FjaGU9IkZhbHNlIiBSZXNwb25zZVRpbWVHb2FsPSIwIiBFbmNvZGluZz0idXRmLTgiIEV4cGVjdGVkSHR0cFN0YXR1c0NvZGU9IjAiIEV4cGVjdGVkUmVzcG9uc2VVcmw9Imh0dHBzOi8vYWRtaW5nYXRlLWVtZWEuc2FhY29uLm5ldC9DaXRyaXgvWGVuQXBwL2F1dGgvc2lsZW50RGV0ZWN0aW9uLmFzcHgiIFJlcG9ydGluZ05hbWU9IiIgSWdub3JlSHR0cFN0YXR1c0NvZGU9IkZhbHNlIj4NCiAgICAgIDxGb3JtUG9zdEh0dHBCb2R5Pg0KICAgICAgICA8Rm9ybVBvc3RQYXJhbWV0ZXIgTmFtZT0iU0VTU0lPTl9UT0tFTiIgVmFsdWU9IjU5ODFCRTZFQUJBNEYyNjAzRjgzNTc2QkVCRUVGQjM2IiBSZWNvcmRlZFZhbHVlPSI1OTgxQkU2RUFCQTRGMjYwM0Y4MzU3NkJFQkVFRkIzNiIgQ29ycmVsYXRpb25CaW5kaW5nPSIiIFVybEVuY29kZT0iVHJ1ZSIgLz4NCiAgICAgICAgPEZvcm1Qb3N0UGFyYW1ldGVyIE5hbWU9IlJlbW90ZUNsaWVudCIgVmFsdWU9IkljYS1Mb2NhbD1BdXRvIiBSZWNvcmRlZFZhbHVlPSJJY2EtTG9jYWw9QXV0byIgQ29ycmVsYXRpb25CaW5kaW5nPSIiIFVybEVuY29kZT0iVHJ1ZSIgLz4NCiAgICAgICAgPEZvcm1Qb3N0UGFyYW1ldGVyIE5hbWU9IlN0cmVhbWluZ0NsaWVudCIgVmFsdWU9IiIgUmVjb3JkZWRWYWx1ZT0iIiBDb3JyZWxhdGlvbkJpbmRpbmc9IiIgVXJsRW5jb2RlPSJUcnVlIiAvPg0KICAgICAgICA8Rm9ybVBvc3RQYXJhbWV0ZXIgTmFtZT0iSWNvU3RhdHVzIiBWYWx1ZT0iSXNOb3RQYXNzdGhyb3VnaCIgUmVjb3JkZWRWYWx1ZT0iSXNOb3RQYXNzdGhyb3VnaCIgQ29ycmVsYXRpb25CaW5kaW5nPSIiIFVybEVuY29kZT0iVHJ1ZSIgLz4NCiAgICAgIDwvRm9ybVBvc3RIdHRwQm9keT4NCiAgICA8L1JlcXVlc3Q+DQogICAgPFJlcXVlc3QgTWV0aG9kPSJHRVQiIEd1aWQ9ImQ1ZGY2M2YwLTY3OTAtNGFkNy1hYzhjLWVlMTBhZDIxYzU4MCIgVmVyc2lvbj0iMS4xIiBVcmw9Imh0dHBzOi8vYWRtaW5nYXRlLWVtZWEuc2FhY29uLm5ldC9DaXRyaXgvWGVuQXBwL2F1dGgvbG9naW4uYXNweCIgVGhpbmtUaW1lPSIyIiBUaW1lb3V0PSIzMDAiIFBhcnNlRGVwZW5kZW50UmVxdWVzdHM9IlRydWUiIEZvbGxvd1JlZGlyZWN0cz0iVHJ1ZSIgUmVjb3JkUmVzdWx0PSJUcnVlIiBDYWNoZT0iRmFsc2UiIFJlc3BvbnNlVGltZUdvYWw9IjAiIEVuY29kaW5nPSJ1dGYtOCIgRXhwZWN0ZWRIdHRwU3RhdHVzQ29kZT0iMCIgRXhwZWN0ZWRSZXNwb25zZVVybD0iIiBSZXBvcnRpbmdOYW1lPSIiIElnbm9yZUh0dHBTdGF0dXNDb2RlPSJGYWxzZSIgLz4NCiAgICA8UmVxdWVzdCBNZXRob2Q9IkdFVCIgR3VpZD0iNzAxNGUzZWItNzMyNi00MGQ2LTk2OWItOTBmODA4NTkxYWE4IiBWZXJzaW9uPSIxLjEiIFVybD0iaHR0cHM6Ly9hZG1pbmdhdGUtZW1lYS5zYWFjb24ubmV0L0NpdHJpeC9YZW5BcHAvaHRtbC9kdW1teS5odG1sIiBUaGlua1RpbWU9IjYyIiBUaW1lb3V0PSIzMDAiIFBhcnNlRGVwZW5kZW50UmVxdWVzdHM9IlRydWUiIEZvbGxvd1JlZGlyZWN0cz0iVHJ1ZSIgUmVjb3JkUmVzdWx0PSJUcnVlIiBDYWNoZT0iRmFsc2UiIFJlc3BvbnNlVGltZUdvYWw9IjAiIEVuY29kaW5nPSJ1dGYtOCIgRXhwZWN0ZWRIdHRwU3RhdHVzQ29kZT0iMCIgRXhwZWN0ZWRSZXNwb25zZVVybD0iIiBSZXBvcnRpbmdOYW1lPSIiIElnbm9yZUh0dHBTdGF0dXNDb2RlPSJGYWxzZSIgLz4NCiAgICA8UmVxdWVzdCBNZXRob2Q9IkdFVCIgR3VpZD0iMWU0ZTFhOWMtM2I2Ni00MGQ3LWE3YmUtZDMzOTA0NTcwNjA2IiBWZXJzaW9uPSIxLjEiIFVybD0iaHR0cHM6Ly9hZG1pbmdhdGUtZW1lYS5zYWFjb24ubmV0L0NpdHJpeC9YZW5BcHAvYXV0aC9sb2dpbi5hc3B4IiBUaGlua1RpbWU9IjEyIiBUaW1lb3V0PSIzMDAiIFBhcnNlRGVwZW5kZW50UmVxdWVzdHM9IlRydWUiIEZvbGxvd1JlZGlyZWN0cz0iVHJ1ZSIgUmVjb3JkUmVzdWx0PSJUcnVlIiBDYWNoZT0iRmFsc2UiIFJlc3BvbnNlVGltZUdvYWw9IjAiIEVuY29kaW5nPSJ1dGYtOCIgRXhwZWN0ZWRIdHRwU3RhdHVzQ29kZT0iMCIgRXhwZWN0ZWRSZXNwb25zZVVybD0iaHR0cHM6Ly9hZG1pbmdhdGUtZW1lYS5zYWFjb24ubmV0L0NpdHJpeC9YZW5BcHAvc2l0ZS9kZWZhdWx0LmFzcHgiIFJlcG9ydGluZ05hbWU9IiIgSWdub3JlSHR0cFN0YXR1c0NvZGU9IkZhbHNlIj4NCiAgICAgIDxGb3JtUG9zdEh0dHBCb2R5Pg0KICAgICAgICA8Rm9ybVBvc3RQYXJhbWV0ZXIgTmFtZT0iU0VTU0lPTl9UT0tFTiIgVmFsdWU9IjU5ODFCRTZFQUJBNEYyNjAzRjgzNTc2QkVCRUVGQjM2IiBSZWNvcmRlZFZhbHVlPSI1OTgxQkU2RUFCQTRGMjYwM0Y4MzU3NkJFQkVFRkIzNiIgQ29ycmVsYXRpb25CaW5kaW5nPSIiIFVybEVuY29kZT0iVHJ1ZSIgLz4NCiAgICAgICAgPEZvcm1Qb3N0UGFyYW1ldGVyIE5hbWU9IkxvZ2luVHlwZSIgVmFsdWU9IkV4cGxpY2l0IiBSZWNvcmRlZFZhbHVlPSJFeHBsaWNpdCIgQ29ycmVsYXRpb25CaW5kaW5nPSIiIFVybEVuY29kZT0iVHJ1ZSIgLz4NCiAgICAgICAgPEZvcm1Qb3N0UGFyYW1ldGVyIE5hbWU9InVzZXIiIFZhbHVlPSJhNjQ3MjQ1IiBSZWNvcmRlZFZhbHVlPSJhNjQ3MjQ1IiBDb3JyZWxhdGlvbkJpbmRpbmc9IiIgVXJsRW5jb2RlPSJUcnVlIiAvPg0KICAgICAgICA8Rm9ybVBvc3RQYXJhbWV0ZXIgTmFtZT0icGFzc3dvcmQiIFZhbHVlPSJEZWNlbWJlckAyNTAzMjAwMyIgUmVjb3JkZWRWYWx1ZT0iRGVjZW1iZXJAMjUwMzIwMDMiIENvcnJlbGF0aW9uQmluZGluZz0iIiBVcmxFbmNvZGU9IlRydWUiIC8+DQogICAgICAgIDxGb3JtUG9zdFBhcmFtZXRlciBOYW1lPSJkb21haW4iIFZhbHVlPSJzYWFjb24iIFJlY29yZGVkVmFsdWU9InNhYWNvbiIgQ29ycmVsYXRpb25CaW5kaW5nPSIiIFVybEVuY29kZT0iVHJ1ZSIgLz4NCiAgICAgIDwvRm9ybVBvc3RIdHRwQm9keT4NCiAgICA8L1JlcXVlc3Q+DQogICAgPFJlcXVlc3QgTWV0aG9kPSJHRVQiIEd1aWQ9IjM2MDEwOTFiLWMxYTctNDBjZS1iYTFmLWM2ZjZmMzYzMzg2YyIgVmVyc2lvbj0iMS4xIiBVcmw9Imh0dHBzOi8vYWRtaW5nYXRlLWVtZWEuc2FhY29uLm5ldC9DaXRyaXgvWGVuQXBwL2h0bWwvZHVtbXkuaHRtbCIgVGhpbmtUaW1lPSIxMyIgVGltZW91dD0iMzAwIiBQYXJzZURlcGVuZGVudFJlcXVlc3RzPSJUcnVlIiBGb2xsb3dSZWRpcmVjdHM9IlRydWUiIFJlY29yZFJlc3VsdD0iVHJ1ZSIgQ2FjaGU9IkZhbHNlIiBSZXNwb25zZVRpbWVHb2FsPSIwIiBFbmNvZGluZz0idXRmLTgiIEV4cGVjdGVkSHR0cFN0YXR1c0NvZGU9IjAiIEV4cGVjdGVkUmVzcG9uc2VVcmw9IiIgUmVwb3J0aW5nTmFtZT0iIiBJZ25vcmVIdHRwU3RhdHVzQ29kZT0iRmFsc2UiIC8+DQogICAgPFJlcXVlc3QgTWV0aG9kPSJHRVQiIEd1aWQ9IjViZmY4YmFlLWUyMzYtNDI1Yi1iNDlhLTEyYjM2MmE5NDUwYiIgVmVyc2lvbj0iMS4xIiBVcmw9Imh0dHBzOi8vYWRtaW5nYXRlLWVtZWEuc2FhY29uLm5ldC9DaXRyaXgvWGVuQXBwL3NpdGUvbGF1bmNoZXIuYXNweCIgVGhpbmtUaW1lPSIwIiBUaW1lb3V0PSIzMDAiIFBhcnNlRGVwZW5kZW50UmVxdWVzdHM9IlRydWUiIEZvbGxvd1JlZGlyZWN0cz0iVHJ1ZSIgUmVjb3JkUmVzdWx0PSJUcnVlIiBDYWNoZT0iRmFsc2UiIFJlc3BvbnNlVGltZUdvYWw9IjAiIEVuY29kaW5nPSJ1dGYtOCIgRXhwZWN0ZWRIdHRwU3RhdHVzQ29kZT0iMCIgRXhwZWN0ZWRSZXNwb25zZVVybD0iIiBSZXBvcnRpbmdOYW1lPSIiIElnbm9yZUh0dHBTdGF0dXNDb2RlPSJGYWxzZSI+DQogICAgICA8UXVlcnlTdHJpbmdQYXJhbWV0ZXJzPg0KICAgICAgICA8UXVlcnlTdHJpbmdQYXJhbWV0ZXIgTmFtZT0iQ1RYX0FwcGxpY2F0aW9uIiBWYWx1ZT0iQ2l0cml4Lk1QUy5BcHAuQWRtaW5nYXRlU2FhY29uVjIuQk1XJTIwRXVyb3BlJTIwRmFybSUyMG1hbmFnZWQlMjBieSUyMGN1c3RvbWVyX0RFIiBSZWNvcmRlZFZhbHVlPSJDaXRyaXguTVBTLkFwcC5BZG1pbmdhdGVTYWFjb25WMi5CTVclMjBFdXJvcGUlMjBGYXJtJTIwbWFuYWdlZCUyMGJ5JTIwY3VzdG9tZXJfREUiIENvcnJlbGF0aW9uQmluZGluZz0iIiBVcmxFbmNvZGU9IkZhbHNlIiBVc2VUb0dyb3VwUmVzdWx0cz0iRmFsc2UiIC8+DQogICAgICAgIDxRdWVyeVN0cmluZ1BhcmFtZXRlciBOYW1lPSJDVFhfVG9rZW4iIFZhbHVlPSI1OTgxQkU2RUFCQTRGMjYwM0Y4MzU3NkJFQkVFRkIzNiIgUmVjb3JkZWRWYWx1ZT0iNTk4MUJFNkVBQkE0RjI2MDNGODM1NzZCRUJFRUZCMzYiIENvcnJlbGF0aW9uQmluZGluZz0iIiBVcmxFbmNvZGU9IkZhbHNlIiBVc2VUb0dyb3VwUmVzdWx0cz0iRmFsc2UiIC8+DQogICAgICAgIDxRdWVyeVN0cmluZ1BhcmFtZXRlciBOYW1lPSJMYXVuY2hJZCIgVmFsdWU9IjE1MzUzNTY2MTY3MzAiIFJlY29yZGVkVmFsdWU9IjE1MzUzNTY2MTY3MzAiIENvcnJlbGF0aW9uQmluZGluZz0iIiBVcmxFbmNvZGU9IkZhbHNlIiBVc2VUb0dyb3VwUmVzdWx0cz0iRmFsc2UiIC8+DQogICAgICA8L1F1ZXJ5U3RyaW5nUGFyYW1ldGVycz4NCiAgICA8L1JlcXVlc3Q+DQogICAgPFJlcXVlc3QgTWV0aG9kPSJHRVQiIEd1aWQ9ImY2ODA1Mzg2LTExZWUtNDY3Ny04YjEwLWMzMTAxZTQwZWY1ZSIgVmVyc2lvbj0iMS4xIiBVcmw9Imh0dHBzOi8vYWRtaW5nYXRlLWVtZWEuc2FhY29uLm5ldC9DaXRyaXgvWGVuQXBwL3NpdGUvYXBwZW1iZWQuYXNweCIgVGhpbmtUaW1lPSIwIiBUaW1lb3V0PSIzMDAiIFBhcnNlRGVwZW5kZW50UmVxdWVzdHM9IlRydWUiIEZvbGxvd1JlZGlyZWN0cz0iVHJ1ZSIgUmVjb3JkUmVzdWx0PSJUcnVlIiBDYWNoZT0iRmFsc2UiIFJlc3BvbnNlVGltZUdvYWw9IjAiIEVuY29kaW5nPSJ1dGYtOCIgRXhwZWN0ZWRIdHRwU3RhdHVzQ29kZT0iMCIgRXhwZWN0ZWRSZXNwb25zZVVybD0iIiBSZXBvcnRpbmdOYW1lPSIiIElnbm9yZUh0dHBTdGF0dXNDb2RlPSJGYWxzZSI+DQogICAgICA8UXVlcnlTdHJpbmdQYXJhbWV0ZXJzPg0KICAgICAgICA8UXVlcnlTdHJpbmdQYXJhbWV0ZXIgTmFtZT0iQ1RYX0FwcGxpY2F0aW9uIiBWYWx1ZT0iQ2l0cml4Lk1QUy5BcHAuQWRtaW5nYXRlU2FhY29uVjIuQk1XJTIwRXVyb3BlJTIwRmFybSUyMG1hbmFnZWQlMjBieSUyMGN1c3RvbWVyX0RFIiBSZWNvcmRlZFZhbHVlPSJDaXRyaXguTVBTLkFwcC5BZG1pbmdhdGVTYWFjb25WMi5CTVclMjBFdXJvcGUlMjBGYXJtJTIwbWFuYWdlZCUyMGJ5JTIwY3VzdG9tZXJfREUiIENvcnJlbGF0aW9uQmluZGluZz0iIiBVcmxFbmNvZGU9IkZhbHNlIiBVc2VUb0dyb3VwUmVzdWx0cz0iRmFsc2UiIC8+DQogICAgICAgIDxRdWVyeVN0cmluZ1BhcmFtZXRlciBOYW1lPSJDVFhfQXBwRnJpZW5kbHlOYW1lVVJMRU5jb2RlZCIgVmFsdWU9IkJNVyUyMEV1cm9wZSUyMEZhcm0lMjBtYW5hZ2VkJTIwYnklMjBjdXN0b21lcl9ERSIgUmVjb3JkZWRWYWx1ZT0iQk1XJTIwRXVyb3BlJTIwRmFybSUyMG1hbmFnZWQlMjBieSUyMGN1c3RvbWVyX0RFIiBDb3JyZWxhdGlvbkJpbmRpbmc9IiIgVXJsRW5jb2RlPSJGYWxzZSIgVXNlVG9Hcm91cFJlc3VsdHM9IkZhbHNlIiAvPg0KICAgICAgICA8UXVlcnlTdHJpbmdQYXJhbWV0ZXIgTmFtZT0iQ1RYX1Rva2VuIiBWYWx1ZT0iNTk4MUJFNkVBQkE0RjI2MDNGODM1NzZCRUJFRUZCMzYiIFJlY29yZGVkVmFsdWU9IjU5ODFCRTZFQUJBNEYyNjAzRjgzNTc2QkVCRUVGQjM2IiBDb3JyZWxhdGlvbkJpbmRpbmc9IiIgVXJsRW5jb2RlPSJGYWxzZSIgVXNlVG9Hcm91cFJlc3VsdHM9IkZhbHNlIiAvPg0KICAgICAgICA8UXVlcnlTdHJpbmdQYXJhbWV0ZXIgTmFtZT0iTGF1bmNoSWQiIFZhbHVlPSIxNTM1MzU2NjE2NzMwIiBSZWNvcmRlZFZhbHVlPSIxNTM1MzU2NjE2NzMwIiBDb3JyZWxhdGlvbkJpbmRpbmc9IiIgVXJsRW5jb2RlPSJGYWxzZSIgVXNlVG9Hcm91cFJlc3VsdHM9IkZhbHNlIiAvPg0KICAgICAgICA8UXVlcnlTdHJpbmdQYXJhbWV0ZXIgTmFtZT0iQ1RYX1dpbmRvd1dpZHRoIiBWYWx1ZT0iMTQzOCIgUmVjb3JkZWRWYWx1ZT0iMTQzOCIgQ29ycmVsYXRpb25CaW5kaW5nPSIiIFVybEVuY29kZT0iRmFsc2UiIFVzZVRvR3JvdXBSZXN1bHRzPSJGYWxzZSIgLz4NCiAgICAgICAgPFF1ZXJ5U3RyaW5nUGFyYW1ldGVyIE5hbWU9IkNUWF9XaW5kb3dIZWlnaHQiIFZhbHVlPSI4MDgiIFJlY29yZGVkVmFsdWU9IjgwOCIgQ29ycmVsYXRpb25CaW5kaW5nPSIiIFVybEVuY29kZT0iRmFsc2UiIFVzZVRvR3JvdXBSZXN1bHRzPSJGYWxzZSIgLz4NCiAgICAgICAgPFF1ZXJ5U3RyaW5nUGFyYW1ldGVyIE5hbWU9IlRpdGxlIiBWYWx1ZT0iQk1XJTIwRXVyb3BlJTIwRmFybSUyMG1hbmFnZWQlMjBieSUyMGN1c3RvbWVyX0RFIiBSZWNvcmRlZFZhbHVlPSJCTVclMjBFdXJvcGUlMjBGYXJtJTIwbWFuYWdlZCUyMGJ5JTIwY3VzdG9tZXJfREUiIENvcnJlbGF0aW9uQmluZGluZz0iIiBVcmxFbmNvZGU9IkZhbHNlIiBVc2VUb0dyb3VwUmVzdWx0cz0iRmFsc2UiIC8+DQogICAgICA8L1F1ZXJ5U3RyaW5nUGFyYW1ldGVycz4NCiAgICA8L1JlcXVlc3Q+DQogIDwvSXRlbXM+DQogIDxWYWxpZGF0aW9uUnVsZXM+DQogICAgPFZhbGlkYXRpb25SdWxlIENsYXNzbmFtZT0iTWljcm9zb2Z0LlZpc3VhbFN0dWRpby5UZXN0VG9vbHMuV2ViVGVzdGluZy5SdWxlcy5WYWxpZGF0ZVJlc3BvbnNlVXJsLCBNaWNyb3NvZnQuVmlzdWFsU3R1ZGlvLlF1YWxpdHlUb29scy5XZWJUZXN0RnJhbWV3b3JrLCBWZXJzaW9uPTEwLjAuMC4wLCBDdWx0dXJlPW5ldXRyYWwsIFB1YmxpY0tleVRva2VuPWIwM2Y1ZjdmMTFkNTBhM2EiIERpc3BsYXlOYW1lPSJSZXNwb25zZSBVUkwiIERlc2NyaXB0aW9uPSJWYWxpZGF0ZXMgdGhhdCB0aGUgcmVzcG9uc2UgVVJMIGFmdGVyIHJlZGlyZWN0cyBhcmUgZm9sbG93ZWQgaXMgdGhlIHNhbWUgYXMgdGhlIHJlY29yZGVkIHJlc3BvbnNlIFVSTC4gIFF1ZXJ5U3RyaW5nIHBhcmFtZXRlcnMgYXJlIGlnbm9yZWQuIiBMZXZlbD0iTG93IiBFeGVjdHVpb25PcmRlcj0iQmVmb3JlRGVwZW5kZW50cyIgLz4NCiAgICA8VmFsaWRhdGlvblJ1bGUgQ2xhc3NuYW1lPSJNaWNyb3NvZnQuVmlzdWFsU3R1ZGlvLlRlc3RUb29scy5XZWJUZXN0aW5nLlJ1bGVzLlZhbGlkYXRpb25SdWxlUmVzcG9uc2VUaW1lR29hbCwgTWljcm9zb2Z0LlZpc3VhbFN0dWRpby5RdWFsaXR5VG9vbHMuV2ViVGVzdEZyYW1ld29yaywgVmVyc2lvbj0xMC4wLjAuMCwgQ3VsdHVyZT1uZXV0cmFsLCBQdWJsaWNLZXlUb2tlbj1iMDNmNWY3ZjExZDUwYTNhIiBEaXNwbGF5TmFtZT0iUmVzcG9uc2UgVGltZSBHb2FsIiBEZXNjcmlwdGlvbj0iVmFsaWRhdGVzIHRoYXQgdGhlIHJlc3BvbnNlIHRpbWUgZm9yIHRoZSByZXF1ZXN0IGlzIGxlc3MgdGhhbiBvciBlcXVhbCB0byB0aGUgcmVzcG9uc2UgdGltZSBnb2FsIGFzIHNwZWNpZmllZCBvbiB0aGUgcmVxdWVzdC4gIFJlc3BvbnNlIHRpbWUgZ29hbHMgb2YgemVybyB3aWxsIGJlIGlnbm9yZWQuIiBMZXZlbD0iTG93IiBFeGVjdHVpb25PcmRlcj0iQWZ0ZXJEZXBlbmRlbnRzIj4NCiAgICAgIDxSdWxlUGFyYW1ldGVycz4NCiAgICAgICAgPFJ1bGVQYXJhbWV0ZXIgTmFtZT0iVG9sZXJhbmNlIiBWYWx1ZT0iMCIgLz4NCiAgICAgIDwvUnVsZVBhcmFtZXRlcnM+DQogICAgPC9WYWxpZGF0aW9uUnVsZT4NCiAgPC9WYWxpZGF0aW9uUnVsZXM+DQo8L1dlYlRlc3Q+">
      <Execution id="3342967d-fefd-45d5-a5c1-27082af2a8ab" />
    </WebTest>
  </TestDefinitions>
  <TestLists>
    <TestList name="Results Not in a List" id="8c84fa94-04c1-424b-9868-57a2d4851a1d" />
    <TestList name="All Loaded Results" id="19431567-8539-422a-85d7-44ee4e166bda" />
  </TestLists>
  <TestEntries>
    <TestEntry isTransparent="false" testId="34fe655b-1a6c-4cb3-9c79-75f19359301a" executionId="3342967d-fefd-45d5-a5c1-27082af2a8ab" testListId="8c84fa94-04c1-424b-9868-57a2d4851a1d">
      <TestEntries>
        <TestEntry isTransparent="false" testId="99896883-77ea-410d-bf59-fc8bf12a2dc6" executionId="4e9ffd3f-13a5-4b2d-8f90-3b7f330dc19c" parentExecutionId="3342967d-fefd-45d5-a5c1-27082af2a8ab" testListId="8c84fa94-04c1-424b-9868-57a2d4851a1d" />
      </TestEntries>
    </TestEntry>
  </TestEntries>
  <Results>
    <WebTestResult executionId="3342967d-fefd-45d5-a5c1-27082af2a8ab" testId="34fe655b-1a6c-4cb3-9c79-75f19359301a" testName="WebTest1" computerName="MC0ZD4KC" duration="00:00:29.9368516" startTime="2018-08-27T14:24:03.5480750+05:30" endTime="2018-08-27T14:25:04.6955725+05:30" testType="4e7599fa-5ecb-43e9-a887-cd63cf72d207" outcome="Aborted" testListId="8c84fa94-04c1-424b-9868-57a2d4851a1d" relativeResultsDirectory="3342967d-fefd-45d5-a5c1-27082af2a8ab">
      <TestSettings name="Local" id="3a9ae955-c07f-4ae5-b3aa-3975fcd6bce4">
        <Description>These are default test settings for a local test run.</Description>
        <Execution hostProcessPlatform="MSIL">
          <TestTypeSpecific>
            <WebTestRunConfiguration testTypeId="4e7599fa-5ecb-43e9-a887-cd63cf72d207">
              <Browser name="Internet Explorer 9.0" MaxConnections="6">
                <Headers>
                  <Header name="User-Agent" value="Mozilla/5.0 (compatible; MSIE 9.0; Windows NT 6.1; Trident/5.0)" />
                  <Header name="Accept" value="*/*" />
                  <Header name="Accept-Language" value="{{$IEAcceptLanguage}}" />
                  <Header name="Accept-Encoding" value="GZIP" />
                </Headers>
              </Browser>
            </WebTestRunConfiguration>
          </TestTypeSpecific>
          <AgentRule name="Execution Agents">
          </AgentRule>
        </Execution>
        <Deployment runDeploymentRoot="A647245_MC0ZD4KC 2018-08-27 14_24_00" />
        <Properties>
          <Property name="TestSettingsUIType" value="LoadTest" />
        </Properties>
      </TestSettings>
      <WebTestResultFilePath>
      </WebTestResultFilePath>
    </WebTestResult>
  </Results>
</TestRun>