<?xml version="1.0" encoding="UTF-8"?>
<TestRun id="1c130bc5-7ffa-43a9-85b6-3b98637509c8" name="A647245@MC0ZD4KC 2018-08-27 13:32:48" runUser="WW930\A647245" xmlns="http://microsoft.com/schemas/VisualStudio/TeamTest/2010">
  <TestSettings name="Local" id="3a9ae955-c07f-4ae5-b3aa-3975fcd6bce4">
    <Description>These are default test settings for a local test run.</Description>
    <Execution hostProcessPlatform="MSIL">
      <TestTypeSpecific />
      <AgentRule name="Execution Agents">
      </AgentRule>
    </Execution>
    <Deployment runDeploymentRoot="A647245_MC0ZD4KC 2018-08-27 13_32_48" />
    <Properties>
      <Property name="TestSettingsUIType" value="LoadTest" />
    </Properties>
  </TestSettings>
  <Times creation="2018-08-27T13:32:48.3148611+05:30" queuing="2018-08-27T13:32:50.5349881+05:30" start="2018-08-27T13:32:50.7990032+05:30" finish="2018-08-27T13:33:51.9345000+05:30" />
  <ResultSummary outcome="Failed">
    <Counters total="1" executed="1" error="0" failed="1" timeout="0" aborted="0" inconclusive="0" passedButRunAborted="0" notRunnable="0" notExecuted="0" disconnected="0" warning="0" passed="0" completed="0" inProgress="0" pending="0" />
  </ResultSummary>
  <TestDefinitions>
    <WebTest name="WebTest1" storage="c:\users\a647245\onedrive - atos\vsprojects\citrixautomation\code\citirixautomationusingwebtest\webtest1.webtest" id="34fe655b-1a6c-4cb3-9c79-75f19359301a" persistedWebTest="77u/PD94bWwgdmVyc2lvbj0iMS4wIiBlbmNvZGluZz0iVVRGLTgiIHN0YW5kYWxvbmU9InllcyI/Pg0KPFdlYlRlc3QgTmFtZT0iV2ViVGVzdDEiIElkPSIzNGZlNjU1Yi0xYTZjLTRjYjMtOWM3OS03NWYxOTM1OTMwMWEiIE93bmVyPSIiIFByaW9yaXR5PSIyMTQ3NDgzNjQ3IiBFbmFibGVkPSJUcnVlIiBDc3NQcm9qZWN0U3RydWN0dXJlPSIiIENzc0l0ZXJhdGlvbj0iIiBUaW1lb3V0PSIwIiBXb3JrSXRlbUlkcz0iIiB4bWxucz0iaHR0cDovL21pY3Jvc29mdC5jb20vc2NoZW1hcy9WaXN1YWxTdHVkaW8vVGVhbVRlc3QvMjAxMCIgRGVzY3JpcHRpb249IiIgQ3JlZGVudGlhbFVzZXJOYW1lPSIiIENyZWRlbnRpYWxQYXNzd29yZD0iIiBQcmVBdXRoZW50aWNhdGU9IlRydWUiIFByb3h5PSJkZWZhdWx0IiBTdG9wT25FcnJvcj0iRmFsc2UiIFJlY29yZGVkUmVzdWx0RmlsZT0iV2ViVGVzdDEuZDM2MzExYjctZTI3Ni00NDc5LTgzZTQtMjM3NzAwM2Q3MzM4LnJlYy53ZWJ0ZXN0cmVzdWx0IiBSZXN1bHRzTG9jYWxlPSIiPg0KICA8SXRlbXM+DQogICAgPFJlcXVlc3QgTWV0aG9kPSJHRVQiIEd1aWQ9IjQ5OWM2YzkyLTU5YjAtNGM3YS1hNjM3LWFkOWU5MmIyZTA5YSIgVmVyc2lvbj0iMS4xIiBVcmw9Imh0dHA6Ly91cmEuaXQtc29sdXRpb25zLmF0b3MubmV0LyIgVGhpbmtUaW1lPSI3IiBUaW1lb3V0PSIzMDAiIFBhcnNlRGVwZW5kZW50UmVxdWVzdHM9IlRydWUiIEZvbGxvd1JlZGlyZWN0cz0iVHJ1ZSIgUmVjb3JkUmVzdWx0PSJUcnVlIiBDYWNoZT0iRmFsc2UiIFJlc3BvbnNlVGltZUdvYWw9IjAiIEVuY29kaW5nPSJ1dGYtOCIgRXhwZWN0ZWRIdHRwU3RhdHVzQ29kZT0iMCIgRXhwZWN0ZWRSZXNwb25zZVVybD0iaHR0cHM6Ly91cmEuaXQtc29sdXRpb25zLmF0b3MubmV0LyIgUmVwb3J0aW5nTmFtZT0iIiBJZ25vcmVIdHRwU3RhdHVzQ29kZT0iRmFsc2UiIC8+DQogICAgPFJlcXVlc3QgTWV0aG9kPSJHRVQiIEd1aWQ9IjYwODRkNzcxLTg2YTItNDg2MS1iMzAzLWI3MzIwNTQ0ZjI4YyIgVmVyc2lvbj0iMS4xIiBVcmw9Imh0dHBzOi8vdXJhLWFhLml0LXNvbHV0aW9ucy5hdG9zLm5ldC9kYW5hLW5hL2F1dGgvdXJsXzkvd2VsY29tZS5jZ2kiIFRoaW5rVGltZT0iNCIgVGltZW91dD0iMzAwIiBQYXJzZURlcGVuZGVudFJlcXVlc3RzPSJUcnVlIiBGb2xsb3dSZWRpcmVjdHM9IlRydWUiIFJlY29yZFJlc3VsdD0iVHJ1ZSIgQ2FjaGU9IkZhbHNlIiBSZXNwb25zZVRpbWVHb2FsPSIwIiBFbmNvZGluZz0idXRmLTgiIEV4cGVjdGVkSHR0cFN0YXR1c0NvZGU9IjAiIEV4cGVjdGVkUmVzcG9uc2VVcmw9Imh0dHBzOi8vd2FjLmRhcy5teWF0b3MubmV0L3BvcnRhbC9wa2kuanNwP0RYQVRhcmdldE1ldGhvZD1HRVQmYW1wO0RYQS1hdXRobi1tZXRob2Q9TG9naW4rU2VsZWN0b3ImYW1wO0RYQVRhcmdldFVybD1odHRwJTNBJTJGJTJGd2FjLmRhcy5teWF0b3MubmV0JTJGc3NvX3VyYSUyRlNpbmdsZVNpZ25PblNlcnZpY2UlM0ZTQU1MUmVxdWVzdCUzRHJaSk5UOEpBRUliJTI1MkZTclAzZm1GYllFTXhLREdTcURTV2VQQkN4bmFBVGNwczNkbUMlMjUyRkh2YlloUXZuanp2JTI1MEFPenZQOCUyNTJCNU9HUFpWTFdlTjNkRXp2amZJMXZuWVY4U3lQMGhGWTBocVlNV1NZSThzYlNIejJlT0RISGlCJTI1MEFySTIydXRDVmNPYnRuQ0t3U2xNcWR0YldMSDMlMjUyRkNJVlhBbnY3RTFqTkhxSDFtZlc2TWVEbmlyWVY1bXBMJTI1MEFTOHJSSEZTQndyblRwc0NlSkJXQmNCYnpWS3pETWs1d2syemlDTVpCRWlIRVNSeEdZd3p4S2duaUtHcGolMjUwQXpBMHVpQzJRVGNVZ0NFZHVNSElIdzFVd2xQRkFodUdyY0xJdjBCdEZaYnY1YjZ1M2M0amwlMjUyRldxVnVka3klMjUwQVglMjUyRlVYSEZTSjVxbE4lMjUyRndpMkppNkFwNnpMdW1vNmVmYSUyNTJCVlVzZ2NBbDhhSVg4cmt3WHFheTFJdXNWVzNWZCUyNTBBcDF5SHdubEJ3MzFwN1dZeG5YUTUyUnVaaTJmNG14ZVkwWFRMeGZUZndDYiUyNTJCQmNrWnE1YWQlMjUyRkdLZTZVb1YlMjUwQUoyZFdWZnA0YXhCc1cwZ28lMjUyRk9sNTVQZFhtbjRDJTI1MEElMjZSZWxheVN0YXRlJTNEaHR0cHMlMjUzQSUyNTJGJTI1MkZ1cmEtYWEuaXQtc29sdXRpb25zLmF0b3MubmV0JTI1MkZ1cmEtc3NvIiBSZXBvcnRpbmdOYW1lPSIiIElnbm9yZUh0dHBTdGF0dXNDb2RlPSJGYWxzZSIgLz4NCiAgICA8UmVxdWVzdCBNZXRob2Q9IkdFVCIgR3VpZD0iNmZhNGEwNWItNGU0NS00MjBjLTk1NzctZmVkNjAxZjAyMjM4IiBWZXJzaW9uPSIxLjEiIFVybD0iaHR0cHM6Ly93YWMuZGFzLm15YXRvcy5uZXQvc3NvX3BraS9hdXRoZW50aWNhdGUuanNwIiBUaGlua1RpbWU9IjAiIFRpbWVvdXQ9IjMwMCIgUGFyc2VEZXBlbmRlbnRSZXF1ZXN0cz0iVHJ1ZSIgRm9sbG93UmVkaXJlY3RzPSJUcnVlIiBSZWNvcmRSZXN1bHQ9IlRydWUiIENhY2hlPSJGYWxzZSIgUmVzcG9uc2VUaW1lR29hbD0iMCIgRW5jb2Rpbmc9Imlzby04ODU5LTEiIEV4cGVjdGVkSHR0cFN0YXR1c0NvZGU9IjAiIEV4cGVjdGVkUmVzcG9uc2VVcmw9Imh0dHBzOi8vd2FjLmRhcy5teWF0b3MubmV0L215LnBvbGljeV9ub25jZT9ub25jZT1VNWd6SHBBSkVFS3FNaFZDIiBSZXBvcnRpbmdOYW1lPSIiIElnbm9yZUh0dHBTdGF0dXNDb2RlPSJGYWxzZSI+DQogICAgICA8Rm9ybVBvc3RIdHRwQm9keT4NCiAgICAgICAgPEZvcm1Qb3N0UGFyYW1ldGVyIE5hbWU9IkRYQVRhcmdldFVybCIgVmFsdWU9Imh0dHBzOi8vd2FjLmRhcy5teWF0b3MubmV0L3Nzb191cmEvU2luZ2xlU2lnbk9uU2VydmljZT9TQU1MUmVxdWVzdD1yWkpOVDhKQUVJYiUyRlNyUDNmbUZiWUVNeEtER1NxRFNXZVBCQ3huYUFUY3BzM2RtQyUyRkh2YlloUXZuanp2JTBBT3p2UDglMkI1T0dQWlZMV2VOM2RFenZqZkkxdm5ZVjhTeVAwaEZZMGhxWU1XU1lJOHNiU0h6MmVPREhIaUIlMEFySTIydXRDVmNPYnRuQ0t3U2xNcWR0YldMSDMlMkZDSVZYQW52N0Uxak5IcUgxbWZXNk1lRG5pcllWNW1wTCUwQVM4clJIRlNCd3JuVHBzQ2VKQldCY0JielZLekRNazV3azJ6aUNNWkJFaUhFU1J4R1l3enhLZ25pS0dwaiUwQXpBMHVpQzJRVGNVZ0NFZHVNSElIdzFVd2xQRkFodUdyY0xJdjBCdEZaYnY1YjZ1M2M0amwlMkZXcVZ1ZGt5JTBBWCUyRlVYSEZTSjVxbE4lMkZ3aTJKaTZBcDZ6THVtbzZlZmElMkJWVXNnY0FsOGFJWDhya3dYcWF5MUl1c1ZXM1ZkJTBBcDF5SHdubEJ3MzFwN1dZeG5YUTUyUnVaaTJmNG14ZVkwWFRMeGZUZndDYiUyQkJja1pxNWFkJTJGR0tlNlVvViUwQUoyZFdWZnA0YXhCc1cwZ28lMkZPbDU1UGRYbW40QyUwQSZhbXA7UmVsYXlTdGF0ZT1odHRwcyUzQSUyRiUyRnVyYS1hYS5pdC1zb2x1dGlvbnMuYXRvcy5uZXQlMkZ1cmEtc3NvIiBSZWNvcmRlZFZhbHVlPSJodHRwczovL3dhYy5kYXMubXlhdG9zLm5ldC9zc29fdXJhL1NpbmdsZVNpZ25PblNlcnZpY2U/U0FNTFJlcXVlc3Q9clpKTlQ4SkFFSWIlMkZTclAzZm1GYllFTXhLREdTcURTV2VQQkN4bmFBVGNwczNkbUMlMkZIdmJZaFF2bmp6diUwQU96dlA4JTJCNU9HUFpWTFdlTjNkRXp2amZJMXZuWVY4U3lQMGhGWTBocVlNV1NZSThzYlNIejJlT0RISGlCJTBBckkyMnV0Q1ZjT2J0bkNLd1NsTXFkdGJXTEgzJTJGQ0lWWEFudjdFMWpOSHFIMW1mVzZNZURuaXJZVjVtcEwlMEFTOHJSSEZTQndyblRwc0NlSkJXQmNCYnpWS3pETWs1d2syemlDTVpCRWlIRVNSeEdZd3p4S2duaUtHcGolMEF6QTB1aUMyUVRjVWdDRWR1TUhJSHcxVXdsUEZBaHVHcmNMSXYwQnRGWmJ2NWI2dTNjNGpsJTJGV3FWdWRreSUwQVglMkZVWEhGU0o1cWxOJTJGd2kySmk2QXA2ekx1bW82ZWZhJTJCVlVzZ2NBbDhhSVg4cmt3WHFheTFJdXNWVzNWZCUwQXAxeUh3bmxCdzMxcDdXWXhuWFE1MlJ1WmkyZjRteGVZMFhUTHhmVGZ3Q2IlMkJCY2tacTVhZCUyRkdLZTZVb1YlMEFKMmRXVmZwNGF4QnNXMGdvJTJGT2w1NVBkWG1uNEMlMEEmYW1wO1JlbGF5U3RhdGU9aHR0cHMlM0ElMkYlMkZ1cmEtYWEuaXQtc29sdXRpb25zLmF0b3MubmV0JTJGdXJhLXNzbyIgQ29ycmVsYXRpb25CaW5kaW5nPSIiIFVybEVuY29kZT0iVHJ1ZSIgLz4NCiAgICAgICAgPEZvcm1Qb3N0UGFyYW1ldGVyIE5hbWU9IkRYQS10YXJnZXQtcGFyYW1ldGVycyIgVmFsdWU9IiIgUmVjb3JkZWRWYWx1ZT0iIiBDb3JyZWxhdGlvbkJpbmRpbmc9IiIgVXJsRW5jb2RlPSJUcnVlIiAvPg0KICAgICAgICA8Rm9ybVBvc3RQYXJhbWV0ZXIgTmFtZT0iRFhBVGFyZ2V0TWV0aG9kIiBWYWx1ZT0iR0VUIiBSZWNvcmRlZFZhbHVlPSJHRVQiIENvcnJlbGF0aW9uQmluZGluZz0iIiBVcmxFbmNvZGU9IlRydWUiIC8+DQogICAgICA8L0Zvcm1Qb3N0SHR0cEJvZHk+DQogICAgPC9SZXF1ZXN0Pg0KICAgIDxSZXF1ZXN0IE1ldGhvZD0iR0VUIiBHdWlkPSIwYjIwYWI5ZS03ZDgxLTQ0M2QtYWVmZi01ODRhZmU4NTllZjQiIFZlcnNpb249IjEuMSIgVXJsPSJodHRwczovL3dhYy5kYXMubXlhdG9zLm5ldC9zc29fcGtpL2F1dGhlbnRpY2F0ZS5qc3AiIFRoaW5rVGltZT0iMCIgVGltZW91dD0iMzAwIiBQYXJzZURlcGVuZGVudFJlcXVlc3RzPSJUcnVlIiBGb2xsb3dSZWRpcmVjdHM9IlRydWUiIFJlY29yZFJlc3VsdD0iVHJ1ZSIgQ2FjaGU9IkZhbHNlIiBSZXNwb25zZVRpbWVHb2FsPSIwIiBFbmNvZGluZz0iV2luZG93cy0xMjUyIiBFeHBlY3RlZEh0dHBTdGF0dXNDb2RlPSIwIiBFeHBlY3RlZFJlc3BvbnNlVXJsPSIiIFJlcG9ydGluZ05hbWU9IiIgSWdub3JlSHR0cFN0YXR1c0NvZGU9IkZhbHNlIj4NCiAgICAgIDxGb3JtUG9zdEh0dHBCb2R5Pg0KICAgICAgICA8Rm9ybVBvc3RQYXJhbWV0ZXIgTmFtZT0iZHVtbXkiIFZhbHVlPSIzZDc1YWU0ODNiNDc0NDllM2U0NWQwMGY4MTM3NjI3YiIgUmVjb3JkZWRWYWx1ZT0iM2Q3NWFlNDgzYjQ3NDQ5ZTNlNDVkMDBmODEzNzYyN2IiIENvcnJlbGF0aW9uQmluZGluZz0iIiBVcmxFbmNvZGU9IlRydWUiIC8+DQogICAgICA8L0Zvcm1Qb3N0SHR0cEJvZHk+DQogICAgPC9SZXF1ZXN0Pg0KICAgIDxSZXF1ZXN0IE1ldGhvZD0iR0VUIiBHdWlkPSI5MGE3NTliMi1hMTExLTQxYjktYTU0Ny1kNDFjNmI5MjViNDAiIFZlcnNpb249IjEuMSIgVXJsPSJodHRwczovL3dhYy5kYXMubXlhdG9zLm5ldC9zc29fdXJhL1NpbmdsZVNpZ25PblNlcnZpY2UiIFRoaW5rVGltZT0iMCIgVGltZW91dD0iMzAwIiBQYXJzZURlcGVuZGVudFJlcXVlc3RzPSJUcnVlIiBGb2xsb3dSZWRpcmVjdHM9IlRydWUiIFJlY29yZFJlc3VsdD0iVHJ1ZSIgQ2FjaGU9IkZhbHNlIiBSZXNwb25zZVRpbWVHb2FsPSIwIiBFbmNvZGluZz0iaXNvLTg4NTktMSIgRXhwZWN0ZWRIdHRwU3RhdHVzQ29kZT0iMCIgRXhwZWN0ZWRSZXNwb25zZVVybD0iIiBSZXBvcnRpbmdOYW1lPSIiIElnbm9yZUh0dHBTdGF0dXNDb2RlPSJGYWxzZSI+DQogICAgICA8UXVlcnlTdHJpbmdQYXJhbWV0ZXJzPg0KICAgICAgICA8UXVlcnlTdHJpbmdQYXJhbWV0ZXIgTmFtZT0iU0FNTFJlcXVlc3QiIFZhbHVlPSJyWkpOVDhKQUVJYiUyRlNyUDNmbUZiWUVNeEtER1NxRFNXZVBCQ3huYUFUY3BzM2RtQyUyRkh2YlloUXZuanp2JTBBT3p2UDglMkI1T0dQWlZMV2VOM2RFenZqZkkxdm5ZVjhTeVAwaEZZMGhxWU1XU1lJOHNiU0h6MmVPREhIaUIlMEFySTIydXRDVmNPYnRuQ0t3U2xNcWR0YldMSDMlMkZDSVZYQW52N0Uxak5IcUgxbWZXNk1lRG5pcllWNW1wTCUwQVM4clJIRlNCd3JuVHBzQ2VKQldCY0JielZLekRNazV3azJ6aUNNWkJFaUhFU1J4R1l3enhLZ25pS0dwaiUwQXpBMHVpQzJRVGNVZ0NFZHVNSElIdzFVd2xQRkFodUdyY0xJdjBCdEZaYnY1YjZ1M2M0amwlMkZXcVZ1ZGt5JTBBWCUyRlVYSEZTSjVxbE4lMkZ3aTJKaTZBcDZ6THVtbzZlZmElMkJWVXNnY0FsOGFJWDhya3dYcWF5MUl1c1ZXM1ZkJTBBcDF5SHdubEJ3MzFwN1dZeG5YUTUyUnVaaTJmNG14ZVkwWFRMeGZUZndDYiUyQkJja1pxNWFkJTJGR0tlNlVvViUwQUoyZFdWZnA0YXhCc1cwZ28lMkZPbDU1UGRYbW40QyUwQSIgUmVjb3JkZWRWYWx1ZT0iclpKTlQ4SkFFSWIlMkZTclAzZm1GYllFTXhLREdTcURTV2VQQkN4bmFBVGNwczNkbUMlMkZIdmJZaFF2bmp6diUwQU96dlA4JTJCNU9HUFpWTFdlTjNkRXp2amZJMXZuWVY4U3lQMGhGWTBocVlNV1NZSThzYlNIejJlT0RISGlCJTBBckkyMnV0Q1ZjT2J0bkNLd1NsTXFkdGJXTEgzJTJGQ0lWWEFudjdFMWpOSHFIMW1mVzZNZURuaXJZVjVtcEwlMEFTOHJSSEZTQndyblRwc0NlSkJXQmNCYnpWS3pETWs1d2syemlDTVpCRWlIRVNSeEdZd3p4S2duaUtHcGolMEF6QTB1aUMyUVRjVWdDRWR1TUhJSHcxVXdsUEZBaHVHcmNMSXYwQnRGWmJ2NWI2dTNjNGpsJTJGV3FWdWRreSUwQVglMkZVWEhGU0o1cWxOJTJGd2kySmk2QXA2ekx1bW82ZWZhJTJCVlVzZ2NBbDhhSVg4cmt3WHFheTFJdXNWVzNWZCUwQXAxeUh3bmxCdzMxcDdXWXhuWFE1MlJ1WmkyZjRteGVZMFhUTHhmVGZ3Q2IlMkJCY2tacTVhZCUyRkdLZTZVb1YlMEFKMmRXVmZwNGF4QnNXMGdvJTJGT2w1NVBkWG1uNEMlMEEiIENvcnJlbGF0aW9uQmluZGluZz0iIiBVcmxFbmNvZGU9IkZhbHNlIiBVc2VUb0dyb3VwUmVzdWx0cz0iRmFsc2UiIC8+DQogICAgICAgIDxRdWVyeVN0cmluZ1BhcmFtZXRlciBOYW1lPSJSZWxheVN0YXRlIiBWYWx1ZT0iaHR0cHMlM0ElMkYlMkZ1cmEtYWEuaXQtc29sdXRpb25zLmF0b3MubmV0JTJGdXJhLXNzbyIgUmVjb3JkZWRWYWx1ZT0iaHR0cHMlM0ElMkYlMkZ1cmEtYWEuaXQtc29sdXRpb25zLmF0b3MubmV0JTJGdXJhLXNzbyIgQ29ycmVsYXRpb25CaW5kaW5nPSIiIFVybEVuY29kZT0iRmFsc2UiIFVzZVRvR3JvdXBSZXN1bHRzPSJGYWxzZSIgLz4NCiAgICAgIDwvUXVlcnlTdHJpbmdQYXJhbWV0ZXJzPg0KICAgICAgPEZvcm1Qb3N0SHR0cEJvZHkgLz4NCiAgICA8L1JlcXVlc3Q+DQogICAgPFJlcXVlc3QgTWV0aG9kPSJHRVQiIEd1aWQ9IjBjNDBkODIxLWUwZmEtNGY0NS04YmI5LWJjNzQ4ZjcyYmQwNyIgVmVyc2lvbj0iMS4xIiBVcmw9Imh0dHBzOi8vdXJhLWFhLml0LXNvbHV0aW9ucy5hdG9zLm5ldC9kYW5hLW5hL2F1dGgvc2FtbC1jb25zdW1lci5jZ2kiIFRoaW5rVGltZT0iMSIgVGltZW91dD0iMzAwIiBQYXJzZURlcGVuZGVudFJlcXVlc3RzPSJUcnVlIiBGb2xsb3dSZWRpcmVjdHM9IlRydWUiIFJlY29yZFJlc3VsdD0iVHJ1ZSIgQ2FjaGU9IkZhbHNlIiBSZXNwb25zZVRpbWVHb2FsPSIwIiBFbmNvZGluZz0idXRmLTgiIEV4cGVjdGVkSHR0cFN0YXR1c0NvZGU9IjAiIEV4cGVjdGVkUmVzcG9uc2VVcmw9Imh0dHBzOi8vdXJhLWFhLml0LXNvbHV0aW9ucy5hdG9zLm5ldC9kYW5hLW5hL2F1dGgvdXJsXzE0L3dlbGNvbWUuY2dpP3A9cHJlYXV0aCZhbXA7aWQ9c3RhdGVfMmU2MjhlN2FiZWFhMmZjYTFhOTkwODMzOGRmY2IwMGYmYW1wO3NpZ25pblJlYWxtSWQ9MTgiIFJlcG9ydGluZ05hbWU9IiIgSWdub3JlSHR0cFN0YXR1c0NvZGU9IkZhbHNlIj4NCiAgICAgIDxGb3JtUG9zdEh0dHBCb2R5Pg0KICAgICAgICA8Rm9ybVBvc3RQYXJhbWV0ZXIgTmFtZT0iU0FNTFJlc3BvbnNlIiBWYWx1ZT0iUEQ5NGJXd2dkbVZ5YzJsdmJqMGlNUzR3SWlCbGJtTnZaR2x1WnowaVZWUkdMVGdpUHo0OGMyRnRiREp3T2xKbGMzQnZibk5sSUhodGJHNXpPbk5oYld3eWNEMGlkWEp1T205aGMybHpPbTVoYldWek9uUmpPbE5CVFV3Nk1pNHdPbkJ5YjNSdlkyOXNJaUJFWlhOMGFXNWhkR2x2YmowaWFIUjBjSE02THk5MWNtRXRZV0V1YVhRdGMyOXNkWFJwYjI1ekxtRjBiM011Ym1WMEwyUmhibUV0Ym1FdllYVjBhQzl6WVcxc0xXTnZibk4xYldWeUxtTm5hU0lnU1VROUluVjFhV1F0TURkbVptWTBZMll0Tm1RMVppMDBZbUptTFRoak9UQXRZV0U1TUdNNE0yVmxZVE14SWlCSmJsSmxjM0J2Ym5ObFZHODlJbDh4WkRVMlpXWTJaalUwWVRrd05qUmxZVFUyTlRFME9XVXhaVE0yTURVME5DSWdTWE56ZFdWSmJuTjBZVzUwUFNJeU1ERTRMVEE0TFRJM1ZEQTNPalV5T2pNMkxqVTBObG9pSUZabGNuTnBiMjQ5SWpJdU1DSStQSE5oYld3eU9rbHpjM1ZsY2lCNGJXeHVjenB6WVcxc01qMGlkWEp1T205aGMybHpPbTVoYldWek9uUmpPbE5CVFV3Nk1pNHdPbUZ6YzJWeWRHbHZiaUkrZDJGakxtUmhjeTV0ZVdGMGIzTXVibVYwUEM5ellXMXNNanBKYzNOMVpYSStQR1J6T2xOcFoyNWhkSFZ5WlNCNGJXeHVjenBrY3owaWFIUjBjRG92TDNkM2R5NTNNeTV2Y21jdk1qQXdNQzh3T1M5NGJXeGtjMmxuSXlJK1BHUnpPbE5wWjI1bFpFbHVabTgrUEdSek9rTmhibTl1YVdOaGJHbDZZWFJwYjI1TlpYUm9iMlFnUVd4bmIzSnBkR2h0UFNKb2RIUndPaTh2ZDNkM0xuY3pMbTl5Wnk4eU1EQXhMekV3TDNodGJDMWxlR010WXpFMGJpTWlMejQ4WkhNNlUybG5ibUYwZFhKbFRXVjBhRzlrSUVGc1oyOXlhWFJvYlQwaWFIUjBjRG92TDNkM2R5NTNNeTV2Y21jdk1qQXdNQzh3T1M5NGJXeGtjMmxuSTNKellTMXphR0V4SWk4K1BHUnpPbEpsWm1WeVpXNWpaU0JWVWtrOUlpTjFkV2xrTFRBM1ptWm1OR05tTFRaa05XWXROR0ppWmkwNFl6a3dMV0ZoT1RCak9ETmxaV0V6TVNJK1BHUnpPbFJ5WVc1elptOXliWE0rUEdSek9sUnlZVzV6Wm05eWJTQkJiR2R2Y21sMGFHMDlJbWgwZEhBNkx5OTNkM2N1ZHpNdWIzSm5Mekl3TURBdk1Ea3ZlRzFzWkhOcFp5TmxiblpsYkc5d1pXUXRjMmxuYm1GMGRYSmxJaTgrUEdSek9sUnlZVzV6Wm05eWJTQkJiR2R2Y21sMGFHMDlJbWgwZEhBNkx5OTNkM2N1ZHpNdWIzSm5Mekl3TURFdk1UQXZlRzFzTFdWNFl5MWpNVFJ1SXlJdlBqd3ZaSE02VkhKaGJuTm1iM0p0Y3o0OFpITTZSR2xuWlhOMFRXVjBhRzlrSUVGc1oyOXlhWFJvYlQwaWFIUjBjRG92TDNkM2R5NTNNeTV2Y21jdk1qQXdNQzh3T1M5NGJXeGtjMmxuSTNOb1lURWlMejQ4WkhNNlJHbG5aWE4wVm1Gc2RXVStTelJvZUV0NVl6RlpUa2hMTDJZNGVrY3lPSHBqVEc4MllXNDBQVHd2WkhNNlJHbG5aWE4wVm1Gc2RXVStQQzlrY3pwU1pXWmxjbVZ1WTJVK1BDOWtjenBUYVdkdVpXUkpibVp2UGp4a2N6cFRhV2R1WVhSMWNtVldZV3gxWlQ0TkNsRm5SakozTTFNeU1VTjFXRlJ5YjNWeVlscFpkRU5PVTJ4bE5qbHpTbTQxY20wd0wyOTVVVGxZYTJoS1VFTmxaRVF2V1RkUFVUQllWRVZXTTA5bmJYcFFhRTFMYkV0R1lYRnlMM0FOQ2xCdlJtVk5XSFpFVkVaeFZrcGpTbGxHUVVwc1RYRlNkMlJxTm5GVk1GQnBNVUpHUWxZelptaDRVWFpyVWtSMWEyNDJkMWxyV1VWSVMzQnRVM04wTTBKcVNUaFBVa3hCZVZKMlRFTU5Da3A1TlVwQlZXSk1aRmhRWmxOVmRrdHpjVGRESzFWSGJsbEdZekJuVUVOQ1dtdFVXa2c1ZFU1cFIwbHRiVzVsUmxweVVXWlFRVUZZVTI1NFFteGpOekpNWXpkSmNqWnBTVXhZZDFrTkNtTXZVVlFyTTI5bk5YVjRTMlpUTmxwblYyWlJkV3hVWTBrMlZsWXJOV05LWWs0dlozVXZVbFEzVHpCUWNHVXdWbVUxZDFwa2RFSlRhall2WmxCRlZscEJkRGhQTldKME9GTkhiRFVOQ2pkVmJqRnNielF3THpGUFozWmlZM3BwY1RkekwwZG1XV2MwTld4UGQxRjVVMk5LVUVGM1BUME5Dand2WkhNNlUybG5ibUYwZFhKbFZtRnNkV1UrUEdSek9rdGxlVWx1Wm04K1BHUnpPbGcxTURsRVlYUmhQanhrY3pwWU5UQTVRMlZ5ZEdsbWFXTmhkR1UrVFVsSlJrbDZRME5DUVhWblFYZEpRa0ZuU1U1QlQyVklWekJSUVVGQlFVRlZUbUUxY0VSQlRrSm5hM0ZvYTJsSE9YY3dRa0ZSYzBaQlJFTkNkV3BGVEUxQmEwZEJNVlZGUW1oTlExWldUWGhHYWtGVlFtZE9Wa0pCYjFSRVZWWjFaRWhLTVdNelVYTkpSV3gxV1hrMGVFdEVRVzFDWjA1V1FrRnpWRWd4VG14YVUwSXpaRE5qZFZwWE5UQmpibFo2WkVNMWRWcFlVWFppUjFadVdWZDNkR1JIVm5saVdFMTRUMVJCTTBKblRsWkNRWE5VVFVOb2FrdFRRWGxOUkVWNVNVVldkV1JJU2pGak0xRnpTVVZzZFZsNU5HZE1VMEp0WWpOSloxbFlWakJoUnpsNVlWaHdiRnBEUWpGak1sVm5ZakkxYzJWVVJYVk5RM2RIUVRGVlJVRjRUV3hTVnpVd1kyNVdlbVJEUWtSYVdFb3dZVmRhY0ZreVJqQmhWemwxU1VWR01XUkhhSFpqYld3d1pWTkJkRWxGZDNoVGVrRmxSbmN3ZUU1cVFYaE5WR3Q0VGtSRk1VMTZhR0ZHZHpCNFQxUkJlRTFVYTNoT1JGRXhUWHBrWVUxR05IaERla0ZLUW1kT1ZrSkJXVlJCYTFwVFRWRTRkMFJSV1VSV1VWRklSWGRhUTFwWWNIWmliazE0UkZSQlRFSm5UbFpDUVc5VVFrVkdNR0l6VFhoRVZFRk1RbWRPVmtKQmMxUkNSVVl3WWpOTmVFbEVRV1ZDWjA1V1FrRk5WRVl6VG1oaVYzZDVUVVJGTWt4WVFubGFRelYwWlZkR01HSXpUWFZpYlZZd1RVbEpRa2xxUVU1Q1oydHhhR3RwUnpsM01FSkJVVVZHUVVGUFEwRlJPRUZOU1VsQ1EyZExRMEZSUlVGc00wUm1XVkZTUzJsUWRscFlTM1paYTBaVVZUaEROQzl1VFdOaFMwRnRPRTlsTDFsaFUxVnhaekYwWmsxalFUaG9SMjAzY3psWFFUWkZibE5yV2tZek9HdEZSa3BGVjJWMlVGaDNTM3BrVEVjeGFrNU5iazFUV0VjMVRrWjBjWEp3VTFjelRrbzNRekJRVEVGVE5GRlJRWGxzWmxCWmRuQkpTRlUwZHk5RlpWZFhPRzFUWjBGME5VODJlRlZSZUVoalluSlFVbU5KV0ZNNFdUaG9hRkZ4VlVZMk1XTnZUSFF4U2tKbGMzWkRTekpVVFZaVVNIaFlMMVJqVFZFM1ZreGhXRk5xZDJoV1pEQm1OemgzVTBwdFZqSldlR0Y1VUVGbFJWVlhaWGw2WTJGalRuUXpaVEJ4UW1weGQxSmxWWEJKU0RsNldrbHZXRWRFTUhOSGMxZE1kM2MyTlhKWFZVeEthakZYYXpFeVkzSlZPWEJoZDNwbFFqSkhZeTlDUW0xWlFsWnpiM0puYXpsdVJWQmtabGN3U21FclVsUjVjREZUYlhSdVkyTldZMmxJT0Rac0wwWnBaVTlDTjFoaVJGZHlRaXRpY2xGSlJFRlJRVUp2TkVsQ1oxUkRRMEZZTUhkRGQxbEVWbEl3VUVKQlVVUkJaMWRuVFVKTlIwRXhWV1JLVVZGTlRVRnZSME5EYzBkQlVWVkdRbmROUWsxRVRVZEJNVlZrU0hkUmMwMURiM2RMUzBGdGIwTlRSMGx0YURCa1NFRTJUSGs1YW1OdGQzVmFWelV3WTI1V2VtUkROWFZhV0ZGMllrZFdNbHBYZDNoaGVUVnFZMjEzZDFOM1dVUldVakJuUWtWUmQxRnFRVEpDWjNCbmFHdG5RbWgyY0hORFowVkdUVU5uZDBwbldVbExkMWxDUWxGVlNFRm5SVmRIYldnd1pFaEJOa3g1T1ROa00yTjFXbGMxTUdOdVZucGtRelYxV2xoUmRtTnVRbWhOUVdkSFFtMWxRa1JCUlVOQmFrSnZRbWRuY2tKblJVWkNVV05DUVZGU1kwMUdiM2RKZDFsSlMzZFpRa0pSVlVoTlFVZEhSakpvTUdSSVFUWk1lVGwyV1ROT2QweHRWblZrU0VveFl6TlJkV0p0VmpCTlJFMUhRME56UjBGUlZVWkNla0ZEYUdsa2IyUklVbmRQYVRoMldWZHNhRXh0Vm5Wa1NFb3hZek5SZFdKdFZqQk1NbmQ0WVhreGFtRkhSbkJpYWtreFRtazFhbHBZU1hkSloxbEVWbEl3VWtKQ2MzZEhXVWxZWXpKR2RHSkVTWGROVkZsMFkwaEthMHh0TVRWWldGSjJZM2sxZFZwWVVYZElkMWxFVmxJd2FrSkNaM2RHYjBGVlozRktkMlJPTWpoVmVpOVFaVGxVTTNwWUsyNVpUVmxMVkV3NGQwaFJXVVJXVWpCUFFrSlpSVVpIVURad2FVRXJNR1p0V2xWdFkyNW9Oa1p2TTFkTFpUUmtSR2ROUVd0SFFURlZaRVYzVVVOTlFVRjNSRkZaU2t0dldrbG9kbU5PUVZGRlRFSlJRVVJuWjBWQ1FVUk9MM1pIUTBKNGVIVlhlVTUyZWpSdFQzbDFVRVJaV0c5bWNYaFJWblJQWkN0TFpraGFUbXBVYkd0ak4zWjZlSGhZTTJWVWRGZEVZVzFNYTJRck5XSldUMWxCWjJkWlZqZ3Jhbll6VkhnNVJYVTJWa2t5ZENzdmR6SkRXWE5KVjFwNmJGWllObXh3WldKTFFuWkZjRzVNT1dJMFRFVk9WRUpPU25wc1FsQjFTRm96V1RoSWEwODRSakZpTkdjNVUxa3JSMjVTVEd4RGJqVjNlakkwT1dwdU1FeHBkazVSZWs5bU1WZEZWVE5CTW1sTmFGWmhiVUZCUkVkbll5czRVM2xpWVZOc00yNUtXV00xWWpjME9XZGtlWGRDUWpGaWJsRXZOVkY0SzJvMmExTkplRko0V0d0WFVGUm9XVlptY2xsVlVubG5NREJoWW10MFV5OU1URFI1Vm1Wd2RuaEplalJzVkdsR1VrdHdLMFZDYTFaU1VYbHdPWGhuWTFBeFIwUTVURmMyWWtsdGVsVklNVTgxV21GR1VqUndkQzh4ZFZwR2FsZENhWGMxU1dwVWQyVnViRE5KVDFCQ05XRlNXRlJXU3pSR2R6MDhMMlJ6T2xnMU1EbERaWEowYVdacFkyRjBaVDQ4TDJSek9sZzFNRGxFWVhSaFBqeGtjenBZTlRBNVJHRjBZVDQ4WkhNNldEVXdPVU5sY25ScFptbGpZWFJsUGsxSlNVWkVha05EUVM5aFowRjNTVUpCWjBsTlJIVnNUWGQzUVVGQlFVSlNNRE5sUmsxQk1FZERVM0ZIVTBsaU0wUlJSVUpEZDFWQlRVbEhLMDFSYzNkRFVWbEVWbEZSUjBWM1NsWlZla1ZYVFVKUlIwRXhWVVZEYUUxT1VsYzFNR051Vm5wa1EzZG5VMWMxYWt4cVJXOU5RMWxIUVRGVlJVTjRUV1pWTWxac1NVaGtNMlI1Tld4aWJsSjVaRmhPTUV4dE5XeGtRemx6V2xka2FHSkRNVEJhV0VwMFkzcEZOVTFFWTBkQk1WVkZRM2hOZDB0SFRYQkpSRWwzVFVScloxSlhOVEJqYmxaNlpFTjNaMU5YTldwTWFVRjBTVWRhZG1OcFFtaGtXRkp2WWpOS2NHVnRWbXRKU0ZaNldsTkNkbUp0ZURWTlZFbDNUVUZaUkZaUlVVUkZlV3hHWW01U2VXUllUakJKUmtwMllqTlJaMUV5Vm5sa1IyeHRZVmRPYUdSSGJIWmlhVUpDWkZoU2IySXpTbkJrU0d0blRGTkNTRTFxUVdWR2R6QjRUbFJGZDAxRVZYaFBWRVY2VGxSYVlVWjNNSHBOUkVWNVRVUlZlRTlVVVhwT1ZGcGhUVWxITmsxUmMzZERVVmxFVmxGUlIwVjNTbFpWZWtWWFRVSlJSMEV4VlVWRGFFMU9VbGMxTUdOdVZucGtRM2RuVTFjMWFreHFSVzlOUTFsSFFURlZSVU40VFdaVk1sWnNTVWhrTTJSNU5XeGlibEo1WkZoT01FeHROV3hrUXpseldsZGthR0pETVRCYVdFcDBZM3BGTlUxRVkwZEJNVlZGUTNoTmQwdEhUWEJKUkVsM1RWUkpaMUpYTlRCamJsWjZaRU4zWjFOWE5XcE1hVUYwU1VkYWRtTnBRbWhrV0ZKdllqTktjR1Z0Vm10SlNGWjZXbE5DZG1KdGVEVk5VelIzVEVGWlJGWlJVVVJGZVZaR1ltNVNlV1JZVGpCSlJVNXNZMjVTY0ZwdGJHcFpXRkp3WWpJMFoxRllWakJoUnpsNVlWaFNOVWxETUdkVVJFWk1UVWxKUWtscVFVNUNaMnR4YUd0cFJ6bDNNRUpCVVVWR1FVRlBRMEZST0VGTlNVbENRMmRMUTBGUlJVRXlhaXRYTUVVeU5Vd3dWRzR5ZW14bGJURkVkVmhMVm1neWEwWnVWWGR0Y1VGS2NVOVdNemh3WVRsMlNEUlRSV3R4YW5KUmFsVmphakIxTVhsR2RrTlNTV1JLWkhRM2FFeHhTVTlRZERWRmVXRk5MMDlLV2sxemMyNHlXSGxRTjBKMFFtVTJRMW8wUkd0S1RqZG1SVzFFU1cxcFMyMDVOVWgzZWtkWlpXazFPVkZCZGxNM2VqZFVjMjk1Y1dvd2FYQXZkMFJ2UzFablJ6azNZVlJYY0ZKNlNtbGhkRmRCTjJ4UmNtcFdObTVPTlZwSGFGUktZbWxGZWpWU05uSm5Xa1pFUzA1eVZHUkVSM1oxYjFsd1JHSjNhM0pMTmtoSmFWQlBiRW92T1RFMWRHZDRlV1E0UWk5c2R6bGlaSEJZYVZOUVlrSjBURTl5U25vMVVrSkhXRVpGWVV4d1NGQkJWSEJZWW04ck9FUllNMFppWVdVNGFUUldTR281U0hsTlp6UndNMDVHV0ZVeWQwODNSMDlHZVdzek5uUXdSa0ZUU3pkc1JGbHhhbFp6TVM5c1RWcE1kMmhIZDFOeGVrZHRTV1JVYVhaYVIzZEpSRUZSUVVKdk5FbENSRVJEUTBGUlozZEVaMWxFVmxJd1VFRlJTQzlDUVZGRVFXZEZSMDFDU1VkQk1WVmtSWGRGUWk5M1VVbE5RVmxDUVdZNFEwRlJRWGROZDFsSlMzZFpRa0pSVlVoQlVVVkZTbnBCYkUxRFRVZERRM05IUVZGVlJrSjZRVUpvYUdSdlpFaFNkMDlwT0haaU1rNTZZME0xYkdKdVVubGtXRTR3VEcwMWJHUkVRWGRDWjA1V1NGSTRSVXRVUVc1TlExZG5TVFpCYUdob09XOWtTRkozVDJrNGRsa3pTbk5NYlZaMVpFaEtNV016VVhWaWJWWXdUREpqZVZreVJYVlpNMHB6VFVSelIwRXhWV1JKUVZFd1RVUkpkMDFCV1VWV1VqQm5RVVJCYjAxRFdVZERRM05IUVZGVlJrSjNTVUpHYUhCdlpFaFNkMDlwT0haa00yUXpURzFXZFdSSVNqRmpNMUYxWW0xV01Fd3pTbmRaVkVGa1FtZE9Wa2hSTkVWR1oxRlZaM0ZLZDJST01qaFZlaTlRWlRsVU0zcFlLMjVaVFZsTFZFdzRkMGgzV1VSV1VqQnFRa0puZDBadlFWVmhia2x0WlhSQlpUY3pNMjVQTW14U01VZDVUbTQxUVZOYWNYTjNSRkZaU2t0dldrbG9kbU5PUVZGRlRFSlJRVVJuWjBWQ1FVUnVWbXB3YVVSWlkyZHpXVGxPZDBoU2EzZDVMMWxLY2sxNGNERmpibU5PTUVoNVRXY3ZkbVJOVGxrNWJtZHVRMVJSU1d4YVNYWXhPU3MwYnk4d1QyZGxiV3R1VGswdlZGZG5ja1pVUlV0R1kzaFRRa3BRYjJzeFJFUXlZa2hwTkZkcE0wOW5iREE0VkZKWlEybzVNMjFGUXpRMWJXb3ZXR1ZVU1ZKeldITm5aR1pLWjJob1kyYzROWGd5VEhrdmNrcHJRMnM1ZFZWdFNWUlRia3RoTVM5c2VUYzRSWEYyU1dGNlExQXdhMnRhT1ZsMWFuTXJjM3BIVVZaSFNFeHNZa2htVkZWeGFUVXpXVEp6UVVWdk1VZGtVblpqTms0eE56SjBhM2NyUTA1bmVFdG9hWFZqVDJock0xbDBRMEZpZG0xeGJHcEZkRzlhZFUxeWVERm5UQ3N4V1ZFeFNrZzNTR1JOZUZkQ1EwMVNUMDR4WlhoRFpIUlVhWGc1Y1hKTFoxZFNjelpRVEdsblZsZFlWVmd2YUhkcFpGRnZjMnM0VjNkQ1JEbHNkVFV4WVZnNEwzZGtVVkZIWTBoelJsaDNkRE0xZFV4amR6MDhMMlJ6T2xnMU1EbERaWEowYVdacFkyRjBaVDQ4TDJSek9sZzFNRGxFWVhSaFBqeGtjenBZTlRBNVJHRjBZVDQ4WkhNNldEVXdPVU5sY25ScFptbGpZWFJsUGsxSlNVVXZla05EUVN0bFowRjNTVUpCWjBsRlZXUk9RVkpFUVU1Q1oydHhhR3RwUnpsM01FSkJVWE5HUVVSRFFuTkVSVXhOUVd0SFFURlZSVUpvVFVOV1ZrMTRSbXBCVlVKblRsWkNRVzlVUkZWV2RXUklTakZqTTFGelNVVnNkVmw1TkhoUFZFRXpRbWRPVmtKQmMxUk5TR1F6WkhrMWJHSnVVbmxrV0U0d1RHMDFiR1JET1VSVlJrMW5ZVmhOWjJGWE5XcGlNMHAzWWpOS2FHUkhWbXRKUjBvMVNVaEtiRnB0Vm5sYVZ6VnFXbFJGWmsxQ01FZEJNVlZGUTNoTlYwdEhUWEJKUkVsM1RVUlpaMUpYTlRCamJsWjZaRU4zWjFOWE5XcE1ha1YwVFVOelIwRXhWVVZCZUUxclVsYzFNR051Vm5wa1EwSlRZakk1TUVsRlRteGpibEp3V20xc2FsbFlVbkJpTWpSblVWaFdNR0ZIT1hsaFdGSTFUVUkwV0VSVVJUQk5SR3Q1VFdwRk0wMVVVVEZPTVc5WVJGUkpNRTFFYTNsTmVrRjRUWHBGTVUweGIzZG5ZalI0UTNwQlNrSm5UbFpDUVZsVVFXeFdWRTFTV1hkR1FWbEVWbEZSUzBWM01VWmlibEo1WkZoT01FeERRa3BpYlUxMVRWTm5kMHBuV1VSV1VWRk1SWGc1VkZwWFZXZGtNMlF6VEcxV2RXUklTakZqTTFGMVltMVdNRXd5ZUd4YU1rWnpURmhTYkdOdE1YcE5WR3QzVG5kWlJGWlJVVXhGZWtGdldYbHJaMDFxUVhkUFUwSkdZbTVTZVdSWVRqQk1RMEpLWW0xTmRVbERNR2RhYlRsNVNVZEdNV1JIYUhaamJXdzJXbGRSWjJSWVRteEpSemwxWWtocmVFMXFRWGRDWjA1V1FrRk5WRXRWVm5Wa1NFb3hZek5SWjFWdE9YWmtRMEpFV2xoS01HRlhXbkJaTWtZd1lWYzVkVWxGUmpGa1IyaDJZMjFzTUdWVFFYUkpSV041VFVsSlFrbHFRVTVDWjJ0eGFHdHBSemwzTUVKQlVVVkdRVUZQUTBGUk9FRk5TVWxDUTJkTFEwRlJSVUYxYjFNeVkzUjFaVVJIZG1sdFpXdDNRV0ZrTWpacVN6UnNWVVZoZVdSd2FGUnNhSGw2THpjeVoyNXRMMk15UlVkRGNWVnVNa3hPWmpBd1ZrOUlTRXhYVkdwTWVXTnZiMUE1TkUxYU1FZHhRV2RCUWtaSWNrUklOVFZ4TDBWc1kyNUlTMDV2VEhkeFNIWlhjSEpFYkRWc09IaDRNekZrVTBacVdFRm9kRXhOZVRVMGRXa3hXVmsxUVhKSE5EQnJaazgxVFd4S2VFUjFiak4yZEZWbVZtVXJPRTlvZFhkdWJYbFBaM1JXTkd4RFdVWnFTVlJZUXprMFZuTklRMnhNVUhsWGRWRnViWEE0YXpFNFluTXdTbk5zWjNWUVRYZHpVa1o0V1hsWVpXZGFja3RvUjJaeFVYQjFVMFIwZGpJNVVWSkhWVXd6YW5kbEx6bFdUbVp1UkRjd1JubDZiV0ZoZUU5TmEzaHBaQ3R4TXpaUFZ6ZE9USGRhYVRZMlkxVmxaVE5tY2xaVWMxUk5hVFZYTTFCalJIZGhLM1ZMWWxvM1lVUTVTVEpzY2pKS1RWUmxRbGx5UjFFd1JXZFFOSFJ2TWxWWmVWTnJZMUZKUkVGUlFVSnZORWxDUkhwRFEwRlJjM2RFWjFsRVZsSXdVRUZSU0M5Q1FWRkVRV2RGUjAxQ1NVZEJNVlZrUlhkRlFpOTNVVWxOUVZsQ1FXWTRRMEZSUlhkTmQxbEpTM2RaUWtKUlZVaEJVVVZGU25wQmJFMURUVWREUTNOSFFWRlZSa0o2UVVKb2FHUnZaRWhTZDA5cE9IWmlNazU2WTBNMWJHSnVVbmxrV0U0d1RHMDFiR1JFUVhwQ1owNVdTRkk0UlV4RVFYRk5RMmxuU25GQmEyaHBTbTlrU0ZKM1QyazRkbGt6U25OTWJWWjFaRWhLTVdNelVYVmliVll3VEROS2RtSXpVbXBaVkVWMVdUTktjMDFFYzBkQk1WVmtTVUZSTUUxRVNYZE5RVmxGVmxJd1owRkVRVzlOUTFsSFEwTnpSMEZSVlVaQ2QwbENSbWh3YjJSSVVuZFBhVGgyWkROa00weHRWblZrU0VveFl6TlJkV0p0VmpCTU1FNVJWWHBCWkVKblRsWklVVFJGUm1kUlZXRnVTVzFsZEVGbE56TXpiazh5YkZJeFIzbE9ialZCVTFweGMzZElkMWxFVmxJd2FrSkNaM2RHYjBGVllVcEVhMW8yVTIxVk5FUklhRzFoYXpobVpFeFJMM1ZGZGxjd2QwUlJXVXBMYjFwSmFIWmpUa0ZSUlV4Q1VVRkVaMmRGUWtGSGEzcG5MM2R2WlcwNU9UYzFNVlkyT0ZVclpYQXhNWE00ZWtSUFJHSmFUa3RKYjJGQ2FuRkliVzVVZG1WbVVXUTVjVFJCU1U1UFUzTTVkakJtU0VKSmFqa3dOVkJsV1ZOYU5tSjBjRGRvTWpWb00weFdXVEJ6WVdjNE1tWXpRWHBqWlM5Q1VWQlZRWE5ZZURWalltRkRTMVZVZURKSmFrVmtSbWhOUWpGbmFFVllkbVZoYWtkS2NFOXJkRGd3TUhWSGJrWkZMMkZTY3poc1JtTXpZVEpyZGxveVEyeDJhRUV3WlRNMlUyeE5hMVJKYWs0d2NXTk9aR2cwTDFJd1pqVkpUMHBLU1VOMGRDOXVVRFZHTW13eFNFaEZhRlowZDBnNWN5OUlRVWh5UjJ0VmJVMVNWRTFhWWpsdU0zTnlUVTB5V0d4UldraFlUamMxUWtkd1lXUTFiM0ZZYm1GbVQzSkZObUZRWWpCQ2IwZHlXbFI1U1VGcE1GUldZVmRLTjB4MWRrMTFkV1ZUWmxkc2JsQm1lVFJtVGpWQ2FEbENjRFp5YjB0SFNHOWhiRlZQZW1WWVJXOWtiVEpvS3pGa1N6ZEZNMGxFYUVFOVBDOWtjenBZTlRBNVEyVnlkR2xtYVdOaGRHVStQQzlrY3pwWU5UQTVSR0YwWVQ0OFpITTZXRFV3T1VSaGRHRStQR1J6T2xnMU1EbERaWEowYVdacFkyRjBaVDVOU1VsRmExUkRRMEV6YldkQmQwbENRV2RKUlZKWGRGRldSRUZPUW1kcmNXaHJhVWM1ZHpCQ1FWRlZSa0ZFUTBKelJFVk1UVUZyUjBFeFZVVkNhRTFEVmxaTmVFWnFRVlZDWjA1V1FrRnZWRVJWVm5Wa1NFb3hZek5SYzBsRmJIVlplVFI0VDFSQk0wSm5UbFpDUVhOVVRVaGtNMlI1Tld4aWJsSjVaRmhPTUV4dE5XeGtRemxFVlVaTloyRllUV2RoVnpWcVlqTktkMkl6U21oa1IxWnJTVWRLTlVsSVNteGFiVlo1V2xjMWFscFVSV1pOUWpCSFFURlZSVU40VFZkTFIwMXdTVVJKZDAxRVdXZFNWelV3WTI1V2VtUkRkMmRUVnpWcVRHcEZkRTFEYzBkQk1WVkZRWGhOYTFKWE5UQmpibFo2WkVOQ1UySXlPVEJKUlU1c1kyNVNjRnB0YkdwWldGSndZakkwWjFGWVZqQmhSemw1WVZoU05VMUNORmhFVkVFeVRWUkZlVTU2U1hkTmFrMHdUV3h2V0VSVVNUSk5WRVY1VG5wSmQwNVVUVEJOYkc5M1oySkJlRU42UVVwQ1owNVdRa0ZaVkVGc1ZsUk5VbGwzUmtGWlJGWlJVVXRGZHpGR1ltNVNlV1JZVGpCTVEwSktZbTFOZFUxVWEzZE9kMWxFVmxGUlRFVjZRak5rTTJOMVdsYzFNR051Vm5wa1F6VjFXbGhSZGxFeFFsUkpSMng2U1Vkc2RWa3lPWGxqUnpsNVdWaFNiRnBEUW1sbFUwSjVXbGRhYkdOdFZuVlpNbFY0U0hwQlpFSm5UbFpDUVhOVVJtbG9ha3RUUVhsTlJFRXlTVVZXZFdSSVNqRmpNMUZ6U1VWc2RWbDVOSGhNVkVGeVFtZE9Wa0pCVFZSS1JWWjFaRWhLTVdNelVXZFZiVGwyWkVOQ1JGcFlTakJoVjFwd1dUSkdNR0ZYT1hWSlJVWXhaRWRvZG1OdGJEQmxWRU5EUVZOSmQwUlJXVXBMYjFwSmFIWmpUa0ZSUlVKQ1VVRkVaMmRGVUVGRVEwTkJVVzlEWjJkRlFrRk1ZVlowYTA1REszTmFkRXR0T1Vrek5WSk5UMVpqUmpkelRqVkZWVVp2VG5VemN5OXdiMEpxTmtVMFMxQjZNMFZGV20xTWF6QmxSM0pGWVZSellsSjNTbGRKYzAxdUwwMVpjM3BCT1hVelp6TnpLMGxKVW1VM1lrcFhTMHRtTkRSTWJFRmpWR1pHZVRCalQyeDVjRzkzUTB0V1dXaFlZbEk1YmpFd1EzWXZaMnQyU25KVU4yVlVUblZSWjBaQkwwTlpjVVZCVDNkM1Eyb3dXWHBtZGpsTGJHMWhTVFZWV0V4RlYyVklNalZFWlZjd1RWaEthaXRUUzJaR1NUQmtZMWgyTVhVMWVEWXdPVzFvUmpCWllVUlhOa3RMYW1KSWFrdFpSQ3RLV0VkSmNtSTJPR28yZUZOc2EzVnhWVmt6YTBWNlJWbzJSVFZPYmpsMWMzTXljbFoyUkd4VlkyTndObVZ1SzFFeldEQmtaMDV0UW5VeGEyMTNhRWdyTlhCUWFUazBSR3RhWm5Nd1RuYzBjR2RJUWs1eWVtbEhUSEExTDFZMksyVkdOamR5U0UxemIwbFdLekpJVG1wdWIyZFJhU3RrVUdFeVRYTkRRWGRGUVVGaFQwSnpSRU5DY2xSQlQwSm5UbFpJVVRoQ1FXWTRSVUpCVFVOQlVWbDNSSGRaUkZaU01GUkJVVWd2UWtGVmQwRjNSVUl2ZWtGeVFtZE9Wa2hTUVVWS1JFRnBaMEU0ZVUxRVFUSk5WRVY1VG5wSmQwMXFUVEJOYkhGQ1JIcEpkMDFxV1hoTlZFa3pUV3BCTVUxNlVYbFhha0ZtUW1kT1ZraFRUVVZIUkVGWFowSlNiMnRQVW01d1MxcFVaMDFsUjFweFZIZzVNSFJFS3pSVE9XSlVRV1JDWjA1V1NGRTBSVVpuVVZWaFNrUnJXalpUYlZVMFJFaG9iV0ZyT0daa1RGRXZkVVYyVnpCM1NGRlpTa3R2V2tsb2RsbzVRakJGUVVKQ1FYZEVhSE5KVm1wamRVMVViekJNYWtGRVFXZFRVVTFCTUVkRFUzRkhVMGxpTTBSUlJVSkNVVlZCUVRSSlFrRlJRMVF4UkVOM01YZE5aMHQwUkRWWksybFNSRUZWWjNGV09GcDViblI1VkhSVGVESTVRMWNyTVZKaFIxTjNUVU5RWlhsMlNWZHZibGc1ZEU4eFMzcExkSFp1TVVsVFRWa3ZXVkI1ZVZsQ2ExWkNjemxHT0ZVMGNFNHdkMEpQWlUxRWNGRTBOMUpuZUZKNmQwbHJVMDVqVldWemVVSnlTalphZFdGQlIwRlVMek5DSzFoNFJrNVRVblY2UmxaS04zbFdWR0YyTlRKV2NqSjFZVEpLTjNBNFpWSkVhbVZKVWxKRWNTOXlOekpFVVc1T1UyazJjVGR3ZVc1UU9WZFJZME5yTTFKMlMzRnpibmx5VVM4ek9TOHliak54YzJVd2QwcGpSMFV5YWxSVFZ6TnBSRloxZVdOT2MwMXROR2hJTWxvd2EyUnJjWFZOS3l0MkwyVjFOa1pUY1dSUloxQkRibGhGY1ZWTWJEaEdiVlI0VTFGbFJFNTBSMUJRUVZWUE5tNUpVR05xTWtFM09ERnhNSFJJZFhVeVozVlJUMGhZZG1kU01XMHdkbVJZWTBSaGVuWXZkMjl5TTBWc2FGWnpWQzlvTlM5WGNsRTRQQzlrY3pwWU5UQTVRMlZ5ZEdsbWFXTmhkR1UrUEM5a2N6cFlOVEE1UkdGMFlUNDhMMlJ6T2t0bGVVbHVabTgrUEM5a2N6cFRhV2R1WVhSMWNtVStQSE5oYld3eWNEcFRkR0YwZFhNK1BITmhiV3d5Y0RwVGRHRjBkWE5EYjJSbElGWmhiSFZsUFNKMWNtNDZiMkZ6YVhNNmJtRnRaWE02ZEdNNlUwRk5URG95TGpBNmMzUmhkSFZ6T2xOMVkyTmxjM01pTHo0OEwzTmhiV3d5Y0RwVGRHRjBkWE0rUEhOaGJXd3lPa0Z6YzJWeWRHbHZiaUI0Yld4dWN6cHpZVzFzTWowaWRYSnVPbTloYzJsek9tNWhiV1Z6T25Sak9sTkJUVXc2TWk0d09tRnpjMlZ5ZEdsdmJpSWdTVVE5SW5WMWFXUXRPV1EyTXpOaU5Ea3RaVEUyTkMwMFpUSXlMV0poTkdZdE9XTXpZekZpWWpReU56YzJJaUJKYzNOMVpVbHVjM1JoYm5ROUlqSXdNVGd0TURndE1qZFVNRGM2TlRJNk1EWXVOakl6V2lJZ1ZtVnljMmx2YmowaU1pNHdJajQ4YzJGdGJESTZTWE56ZFdWeVBuZGhZeTVrWVhNdWJYbGhkRzl6TG01bGREd3ZjMkZ0YkRJNlNYTnpkV1Z5UGp4a2N6cFRhV2R1WVhSMWNtVWdlRzFzYm5NNlpITTlJbWgwZEhBNkx5OTNkM2N1ZHpNdWIzSm5Mekl3TURBdk1Ea3ZlRzFzWkhOcFp5TWlQanhrY3pwVGFXZHVaV1JKYm1adlBqeGtjenBEWVc1dmJtbGpZV3hwZW1GMGFXOXVUV1YwYUc5a0lFRnNaMjl5YVhSb2JUMGlhSFIwY0RvdkwzZDNkeTUzTXk1dmNtY3ZNakF3TVM4eE1DOTRiV3d0WlhoakxXTXhORzRqSWk4K1BHUnpPbE5wWjI1aGRIVnlaVTFsZEdodlpDQkJiR2R2Y21sMGFHMDlJbWgwZEhBNkx5OTNkM2N1ZHpNdWIzSm5Mekl3TURBdk1Ea3ZlRzFzWkhOcFp5TnljMkV0YzJoaE1TSXZQanhrY3pwU1pXWmxjbVZ1WTJVZ1ZWSkpQU0lqZFhWcFpDMDVaRFl6TTJJME9TMWxNVFkwTFRSbE1qSXRZbUUwWmkwNVl6TmpNV0ppTkRJM056WWlQanhrY3pwVWNtRnVjMlp2Y20xelBqeGtjenBVY21GdWMyWnZjbTBnUVd4bmIzSnBkR2h0UFNKb2RIUndPaTh2ZDNkM0xuY3pMbTl5Wnk4eU1EQXdMekE1TDNodGJHUnphV2NqWlc1MlpXeHZjR1ZrTFhOcFoyNWhkSFZ5WlNJdlBqeGtjenBVY21GdWMyWnZjbTBnUVd4bmIzSnBkR2h0UFNKb2RIUndPaTh2ZDNkM0xuY3pMbTl5Wnk4eU1EQXhMekV3TDNodGJDMWxlR010WXpFMGJpTWlMejQ4TDJSek9sUnlZVzV6Wm05eWJYTStQR1J6T2tScFoyVnpkRTFsZEdodlpDQkJiR2R2Y21sMGFHMDlJbWgwZEhBNkx5OTNkM2N1ZHpNdWIzSm5Mekl3TURBdk1Ea3ZlRzFzWkhOcFp5TnphR0V4SWk4K1BHUnpPa1JwWjJWemRGWmhiSFZsUGt4V1NESTRUVTB5WVVOYWJHVTNkbkp1UzNGd2JsZzJZVzk0VVQwOEwyUnpPa1JwWjJWemRGWmhiSFZsUGp3dlpITTZVbVZtWlhKbGJtTmxQand2WkhNNlUybG5ibVZrU1c1bWJ6NDhaSE02VTJsbmJtRjBkWEpsVm1Gc2RXVStEUXBSZW5KaFRYVjRVbGRoTVRNemJFRjRNMmhQUW14Qk9WcEpVSEkyYjFCaFFqQTRSRVl2TUdSUFZIRnVUREpNUjB4b2RITXhhM3BMVnpsTE5XaDJSblZ2UjJsWE4xSklhSFpaZG0xeURRcHlXVWwwUmxKdlMzSXdZMUJtVkVKVmQwVlZNRmgzUlM5amFHbEdNRTAyUmpkWlR6YzJTM1pyYkZSSGVYWXZRalJoWkc1R2JYWXZaRzVGVXl0ak9UVnJUek5OY2toNE9YbHBaVTR2RFFwck9UVXlLMEZ6ZEdaeE1WWTNkRkI0VGsxTVpsbFNPWEZ0WXpGQlpXNVZjbWRyZWxscldYUkNjbTVITlRJclpHTTVOalJ2SzFaR1F6a3JORW8wYm01NWFHUkRVMWx4WWxGQllWVnpEUXBNZFhsdVIxUnBRazQ0TjB4eWVrODJiME5HT0ZWTFFucDZjVGhZT0dOMllYQndiVGhHYjIxTE5rc3ZlR05sVlZJNU5sVldXVWRNZGtsaFNtbGxjWFIwZGtndlRsbEZjSGRTUkdkckRRcFJLelkyUlM5SFFuSndhWEl2YWxsWGIzcEJiMnNySzBkbVlrbFhSR2gwYW1SRWMwd3ZRVDA5RFFvOEwyUnpPbE5wWjI1aGRIVnlaVlpoYkhWbFBqeGtjenBMWlhsSmJtWnZQanhrY3pwWU5UQTVSR0YwWVQ0OFpITTZXRFV3T1VObGNuUnBabWxqWVhSbFBrMUpTVVpKZWtORFFrRjFaMEYzU1VKQlowbE9RVTlsU0Zjd1VVRkJRVUZCVlU1aE5YQkVRVTVDWjJ0eGFHdHBSemwzTUVKQlVYTkdRVVJEUW5WcVJVeE5RV3RIUVRGVlJVSm9UVU5XVmsxNFJtcEJWVUpuVGxaQ1FXOVVSRlZXZFdSSVNqRmpNMUZ6U1VWc2RWbDVOSGhMUkVGdFFtZE9Wa0pCYzFSSU1VNXNXbE5DTTJRelkzVmFWelV3WTI1V2VtUkROWFZhV0ZGMllrZFdibGxYZDNSa1IxWjVZbGhOZUU5VVFUTkNaMDVXUWtGelZFMURhR3BMVTBGNVRVUkZlVWxGVm5Wa1NFb3hZek5SYzBsRmJIVlplVFJuVEZOQ2JXSXpTV2RaV0ZZd1lVYzVlV0ZZY0d4YVEwSXhZekpWWjJJeU5YTmxWRVYxVFVOM1IwRXhWVVZCZUUxc1VsYzFNR051Vm5wa1EwSkVXbGhLTUdGWFduQlpNa1l3WVZjNWRVbEZSakZrUjJoMlkyMXNNR1ZUUVhSSlJYZDRVM3BCWlVaM01IaE9ha0Y0VFZScmVFNUVSVEZOZW1oaFJuY3dlRTlVUVhoTlZHdDRUa1JSTVUxNlpHRk5SalI0UTNwQlNrSm5UbFpDUVZsVVFXdGFVMDFST0hkRVVWbEVWbEZSU0VWM1drTmFXSEIyWW01TmVFUlVRVXhDWjA1V1FrRnZWRUpGUmpCaU0wMTRSRlJCVEVKblRsWkNRWE5VUWtWR01HSXpUWGhKUkVGbFFtZE9Wa0pCVFZSR00wNW9ZbGQzZVUxRVJUSk1XRUo1V2tNMWRHVlhSakJpTTAxMVltMVdNRTFKU1VKSmFrRk9RbWRyY1docmFVYzVkekJDUVZGRlJrRkJUME5CVVRoQlRVbEpRa05uUzBOQlVVVkJiRE5FWmxsUlVrdHBVSFphV0V0MldXdEdWRlU0UXpRdmJrMWpZVXRCYlRoUFpTOVpZVk5WY1djeGRHWk5ZMEU0YUVkdE4zTTVWMEUyUlc1VGExcEdNemhyUlVaS1JWZGxkbEJZZDB0NlpFeEhNV3BPVFc1TlUxaEhOVTVHZEhGeWNGTlhNMDVLTjBNd1VFeEJVelJSVVVGNWJHWlFXWFp3U1VoVk5IY3ZSV1ZYVnpodFUyZEJkRFZQTm5oVlVYaElZMkp5VUZKalNWaFRPRms0YUdoUmNWVkdOakZqYjB4ME1VcENaWE4yUTBzeVZFMVdWRWg0V0M5VVkwMVJOMVpNWVZoVGFuZG9WbVF3WmpjNGQxTktiVll5Vm5oaGVWQkJaVVZWVjJWNWVtTmhZMDUwTTJVd2NVSnFjWGRTWlZWd1NVZzVlbHBKYjFoSFJEQnpSM05YVEhkM05qVnlWMVZNU21veFYyc3hNbU55VlRsd1lYZDZaVUl5UjJNdlFrSnRXVUpXYzI5eVoyczVia1ZRWkdaWE1FcGhLMUpVZVhBeFUyMTBibU5qVm1OcFNEZzJiQzlHYVdWUFFqZFlZa1JYY2tJclluSlJTVVJCVVVGQ2J6UkpRbWRVUTBOQldEQjNRM2RaUkZaU01GQkNRVkZFUVdkWFowMUNUVWRCTVZWa1NsRlJUVTFCYjBkRFEzTkhRVkZWUmtKM1RVSk5SRTFIUVRGVlpFaDNVWE5OUTI5M1MwdEJiVzlEVTBkSmJXZ3daRWhCTmt4NU9XcGpiWGQxV2xjMU1HTnVWbnBrUXpWMVdsaFJkbUpIVmpKYVYzZDRZWGsxYW1OdGQzZFRkMWxFVmxJd1owSkZVWGRSYWtFeVFtZHdaMmhyWjBKb2RuQnpRMmRGUmsxRFozZEtaMWxKUzNkWlFrSlJWVWhCWjBWWFIyMW9NR1JJUVRaTWVUa3paRE5qZFZwWE5UQmpibFo2WkVNMWRWcFlVWFpqYmtKb1RVRm5SMEp0WlVKRVFVVkRRV3BDYjBKblozSkNaMFZHUWxGalFrRlJVbU5OUm05M1NYZFpTVXQzV1VKQ1VWVklUVUZIUjBZeWFEQmtTRUUyVEhrNWRsa3pUbmRNYlZaMVpFaEtNV016VVhWaWJWWXdUVVJOUjBORGMwZEJVVlZHUW5wQlEyaHBaRzlrU0ZKM1QyazRkbGxYYkdoTWJWWjFaRWhLTVdNelVYVmliVll3VERKM2VHRjVNV3BoUjBad1ltcEpNVTVwTldwYVdFbDNTV2RaUkZaU01GSkNRbk4zUjFsSldHTXlSblJpUkVsM1RWUlpkR05JU210TWJURTFXVmhTZG1ONU5YVmFXRkYzU0hkWlJGWlNNR3BDUW1kM1JtOUJWV2R4U25ka1RqSTRWWG92VUdVNVZETjZXQ3R1V1UxWlMxUk1PSGRJVVZsRVZsSXdUMEpDV1VWR1IxQTJjR2xCS3pCbWJWcFZiV051YURaR2J6TlhTMlUwWkVSblRVRnJSMEV4VldSRmQxRkRUVUZCZDBSUldVcExiMXBKYUhaalRrRlJSVXhDVVVGRVoyZEZRa0ZFVGk5MlIwTkNlSGgxVjNsT2RubzBiVTk1ZFZCRVdWaHZabkY0VVZaMFQyUXJTMlpJV2s1cVZHeHJZemQyZW5oNFdETmxWSFJYUkdGdFRHdGtLelZpVms5WlFXZG5XVlk0SzJwMk0xUjRPVVYxTmxaSk1uUXJMM2N5UTFselNWZGFlbXhXV0Rac2NHVmlTMEoyUlhCdVREbGlORXhGVGxSQ1RrcDZiRUpRZFVoYU0xazRTR3RQT0VZeFlqUm5PVk5aSzBkdVVreHNRMjQxZDNveU5EbHFiakJNYVhaT1VYcFBaakZYUlZVelFUSnBUV2hXWVcxQlFVUkhaMk1yT0ZONVltRlRiRE51U2xsak5XSTNORGxuWkhsM1FrSXhZbTVSTHpWUmVDdHFObXRUU1hoU2VGaHJWMUJVYUZsV1puSlpWVko1WnpBd1lXSnJkRk12VEV3MGVWWmxjSFo0U1hvMGJGUnBSbEpMY0N0RlFtdFdVbEY1Y0RsNFoyTlFNVWRFT1V4WE5tSkpiWHBWU0RGUE5WcGhSbEkwY0hRdk1YVmFSbXBYUW1sM05VbHFWSGRsYm13elNVOVFRalZoVWxoVVZrczBSbmM5UEM5a2N6cFlOVEE1UTJWeWRHbG1hV05oZEdVK1BDOWtjenBZTlRBNVJHRjBZVDQ4WkhNNldEVXdPVVJoZEdFK1BHUnpPbGcxTURsRFpYSjBhV1pwWTJGMFpUNU5TVWxHUkdwRFEwRXZZV2RCZDBsQ1FXZEpUVVIxYkUxM2QwRkJRVUZDVWpBelpVWk5RVEJIUTFOeFIxTkpZak5FVVVWQ1EzZFZRVTFKUnl0TlVYTjNRMUZaUkZaUlVVZEZkMHBXVlhwRlYwMUNVVWRCTVZWRlEyaE5UbEpYTlRCamJsWjZaRU4zWjFOWE5XcE1ha1Z2VFVOWlIwRXhWVVZEZUUxbVZUSldiRWxJWkROa2VUVnNZbTVTZVdSWVRqQk1iVFZzWkVNNWMxcFhaR2hpUXpFd1dsaEtkR042UlRWTlJHTkhRVEZWUlVONFRYZExSMDF3U1VSSmQwMUVhMmRTVnpVd1kyNVdlbVJEZDJkVFZ6VnFUR2xCZEVsSFduWmphVUpvWkZoU2IySXpTbkJsYlZaclNVaFdlbHBUUW5aaWJYZzFUVlJKZDAxQldVUldVVkZFUlhsc1JtSnVVbmxrV0U0d1NVWktkbUl6VVdkUk1sWjVaRWRzYldGWFRtaGtSMngyWW1sQ1FtUllVbTlpTTBwd1pFaHJaMHhUUWtoTmFrRmxSbmN3ZUU1VVJYZE5SRlY0VDFSRmVrNVVXbUZHZHpCNlRVUkZlVTFFVlhoUFZGRjZUbFJhWVUxSlJ6Wk5VWE4zUTFGWlJGWlJVVWRGZDBwV1ZYcEZWMDFDVVVkQk1WVkZRMmhOVGxKWE5UQmpibFo2WkVOM1oxTlhOV3BNYWtWdlRVTlpSMEV4VlVWRGVFMW1WVEpXYkVsSVpETmtlVFZzWW01U2VXUllUakJNYlRWc1pFTTVjMXBYWkdoaVF6RXdXbGhLZEdONlJUVk5SR05IUVRGVlJVTjRUWGRMUjAxd1NVUkpkMDFVU1dkU1Z6VXdZMjVXZW1SRGQyZFRWelZxVEdsQmRFbEhXblpqYVVKb1pGaFNiMkl6U25CbGJWWnJTVWhXZWxwVFFuWmliWGcxVFZNMGQweEJXVVJXVVZGRVJYbFdSbUp1VW5sa1dFNHdTVVZPYkdOdVVuQmFiV3hxV1ZoU2NHSXlOR2RSV0ZZd1lVYzVlV0ZZVWpWSlF6Qm5WRVJHVEUxSlNVSkpha0ZPUW1kcmNXaHJhVWM1ZHpCQ1FWRkZSa0ZCVDBOQlVUaEJUVWxKUWtOblMwTkJVVVZCTW1vclZ6QkZNalZNTUZSdU1ucHNaVzB4UkhWWVMxWm9NbXRHYmxWM2JYRkJTbkZQVmpNNGNHRTVka2cwVTBWcmNXcHlVV3BWWTJvd2RURjVSblpEVWtsa1NtUjBOMmhNY1VsUFVIUTFSWGxoVFM5UFNscE5jM051TWxoNVVEZENkRUpsTmtOYU5FUnJTazQzWmtWdFJFbHRhVXR0T1RWSWQzcEhXV1ZwTlRsUlFYWlROM28zVkhOdmVYRnFNR2x3TDNkRWIwdFdaMGM1TjJGVVYzQlNla3BwWVhSWFFUZHNVWEpxVmpadVRqVmFSMmhVU21KcFJYbzFValp5WjFwR1JFdE9jbFJrUkVkMmRXOVpjRVJpZDJ0eVN6WklTV2xRVDJ4S0x6a3hOWFJuZUhsa09FSXZiSGM1WW1Sd1dHbFRVR0pDZEV4UGNrcDZOVkpDUjFoR1JXRk1jRWhRUVZSd1dHSnZLemhFV0ROR1ltRmxPR2swVmtocU9VaDVUV2MwY0ROT1JsaFZNbmRQTjBkUFJubHJNelowTUVaQlUwczNiRVJaY1dwV2N6RXZiRTFhVEhkb1IzZFRjWHBIYlVsa1ZHbDJXa2QzU1VSQlVVRkNielJKUWtSRVEwTkJVV2QzUkdkWlJGWlNNRkJCVVVndlFrRlJSRUZuUlVkTlFrbEhRVEZWWkVWM1JVSXZkMUZKVFVGWlFrRm1PRU5CVVVGM1RYZFpTVXQzV1VKQ1VWVklRVkZGUlVwNlFXeE5RMDFIUTBOelIwRlJWVVpDZWtGQ2FHaGtiMlJJVW5kUGFUaDJZakpPZW1ORE5XeGlibEo1WkZoT01FeHROV3hrUkVGM1FtZE9Wa2hTT0VWTFZFRnVUVU5YWjBrMlFXaG9hRGx2WkVoU2QwOXBPSFpaTTBwelRHMVdkV1JJU2pGak0xRjFZbTFXTUV3eVkzbFpNa1YxV1ROS2MwMUVjMGRCTVZWa1NVRlJNRTFFU1hkTlFWbEZWbEl3WjBGRVFXOU5RMWxIUTBOelIwRlJWVVpDZDBsQ1JtaHdiMlJJVW5kUGFUaDJaRE5rTTB4dFZuVmtTRW94WXpOUmRXSnRWakJNTTBwM1dWUkJaRUpuVGxaSVVUUkZSbWRSVldkeFNuZGtUakk0VlhvdlVHVTVWRE42V0N0dVdVMVpTMVJNT0hkSWQxbEVWbEl3YWtKQ1ozZEdiMEZWWVc1SmJXVjBRV1UzTXpOdVR6SnNVakZIZVU1dU5VRlRXbkZ6ZDBSUldVcExiMXBKYUhaalRrRlJSVXhDVVVGRVoyZEZRa0ZFYmxacWNHbEVXV05uYzFrNVRuZElVbXQzZVM5WlNuSk5lSEF4WTI1alRqQkllVTFuTDNaa1RVNVpPVzVuYmtOVVVVbHNXa2wyTVRrck5HOHZNRTluWlcxcmJrNU5MMVJYWjNKR1ZFVkxSbU40VTBKS1VHOXJNVVJFTW1KSWFUUlhhVE5QWjJ3d09GUlNXVU5xT1ROdFJVTTBOVzFxTDFobFZFbFNjMWh6WjJSbVNtZG9hR05uT0RWNE1reDVMM0pLYTBOck9YVlZiVWxVVTI1TFlURXZiSGszT0VWeGRrbGhla05RTUd0cldqbFpkV3B6SzNONlIxRldSMGhNYkdKSVpsUlZjV2sxTTFreWMwRkZiekZIWkZKMll6Wk9NVGN5ZEd0M0swTk9aM2hMYUdsMVkwOW9hek5aZEVOQlluWnRjV3hxUlhSdlduVk5jbmd4WjB3ck1WbFJNVXBJTjBoa1RYaFhRa05OVWs5T01XVjRRMlIwVkdsNE9YRnlTMmRYVW5NMlVFeHBaMVpYV0ZWWUwyaDNhV1JSYjNOck9GZDNRa1E1YkhVMU1XRllPQzkzWkZGUlIyTkljMFpZZDNRek5YVk1ZM2M5UEM5a2N6cFlOVEE1UTJWeWRHbG1hV05oZEdVK1BDOWtjenBZTlRBNVJHRjBZVDQ4WkhNNldEVXdPVVJoZEdFK1BHUnpPbGcxTURsRFpYSjBhV1pwWTJGMFpUNU5TVWxGTDNwRFEwRXJaV2RCZDBsQ1FXZEpSVlZrVGtGU1JFRk9RbWRyY1docmFVYzVkekJDUVZGelJrRkVRMEp6UkVWTVRVRnJSMEV4VlVWQ2FFMURWbFpOZUVacVFWVkNaMDVXUWtGdlZFUlZWblZrU0VveFl6TlJjMGxGYkhWWmVUUjRUMVJCTTBKblRsWkNRWE5VVFVoa00yUjVOV3hpYmxKNVpGaE9NRXh0Tld4a1F6bEVWVVpOWjJGWVRXZGhWelZxWWpOS2QySXpTbWhrUjFaclNVZEtOVWxJU214YWJWWjVXbGMxYWxwVVJXWk5RakJIUVRGVlJVTjRUVmRMUjAxd1NVUkpkMDFFV1dkU1Z6VXdZMjVXZW1SRGQyZFRWelZxVEdwRmRFMURjMGRCTVZWRlFYaE5hMUpYTlRCamJsWjZaRU5DVTJJeU9UQkpSVTVzWTI1U2NGcHRiR3BaV0ZKd1lqSTBaMUZZVmpCaFJ6bDVZVmhTTlUxQ05GaEVWRVV3VFVScmVVMXFSVE5OVkZFeFRqRnZXRVJVU1RCTlJHdDVUWHBCZUUxNlJURk5NVzkzWjJJMGVFTjZRVXBDWjA1V1FrRlpWRUZzVmxSTlVsbDNSa0ZaUkZaUlVVdEZkekZHWW01U2VXUllUakJNUTBKS1ltMU5kVTFUWjNkS1oxbEVWbEZSVEVWNE9WUmFWMVZuWkROa00weHRWblZrU0VveFl6TlJkV0p0VmpCTU1uaHNXakpHYzB4WVVteGpiVEY2VFZScmQwNTNXVVJXVVZGTVJYcEJiMWw1YTJkTmFrRjNUMU5DUm1KdVVubGtXRTR3VEVOQ1NtSnRUWFZKUXpCbldtMDVlVWxIUmpGa1IyaDJZMjFzTmxwWFVXZGtXRTVzU1VjNWRXSklhM2hOYWtGM1FtZE9Wa0pCVFZSTFZWWjFaRWhLTVdNelVXZFZiVGwyWkVOQ1JGcFlTakJoVjFwd1dUSkdNR0ZYT1hWSlJVWXhaRWRvZG1OdGJEQmxVMEYwU1VWamVVMUpTVUpKYWtGT1FtZHJjV2hyYVVjNWR6QkNRVkZGUmtGQlQwTkJVVGhCVFVsSlFrTm5TME5CVVVWQmRXOVRNbU4wZFdWRVIzWnBiV1ZyZDBGaFpESTJha3MwYkZWRllYbGtjR2hVYkdoNWVpODNNbWR1YlM5ak1rVkhRM0ZWYmpKTVRtWXdNRlpQU0VoTVYxUnFUSGxqYjI5UU9UUk5XakJIY1VGblFVSkdTSEpFU0RVMWNTOUZiR051U0V0T2IweDNjVWgyVjNCeVJHdzFiRGg0ZURNeFpGTkdhbGhCYUhSTVRYazFOSFZwTVZsWk5VRnlSelF3YTJaUE5VMXNTbmhFZFc0emRuUlZabFpsS3poUGFIVjNibTE1VDJkMFZqUnNRMWxHYWtsVVdFTTVORlp6U0VOc1RGQjVWM1ZSYm0xd09Hc3hPR0p6TUVwemJHZDFVRTEzYzFKR2VGbDVXR1ZuV25KTGFFZG1jVkZ3ZFZORWRIWXlPVkZTUjFWTU0ycDNaUzg1Vms1bWJrUTNNRVo1ZW0xaFlYaFBUV3Q0YVdRcmNUTTJUMWMzVGt4M1dtazJObU5WWldVelpuSldWSE5VVFdrMVZ6TlFZMFIzWVN0MVMySmFOMkZFT1VreWJISXlTazFVWlVKWmNrZFJNRVZuVURSMGJ6SlZXWGxUYTJOUlNVUkJVVUZDYnpSSlFrUjZRME5CVVhOM1JHZFpSRlpTTUZCQlVVZ3ZRa0ZSUkVGblJVZE5Ra2xIUVRGVlpFVjNSVUl2ZDFGSlRVRlpRa0ZtT0VOQlVVVjNUWGRaU1V0M1dVSkNVVlZJUVZGRlJVcDZRV3hOUTAxSFEwTnpSMEZSVlVaQ2VrRkNhR2hrYjJSSVVuZFBhVGgyWWpKT2VtTkROV3hpYmxKNVpGaE9NRXh0Tld4a1JFRjZRbWRPVmtoU09FVk1SRUZ4VFVOcFowcHhRV3RvYVVwdlpFaFNkMDlwT0haWk0wcHpURzFXZFdSSVNqRmpNMUYxWW0xV01Fd3pTblppTTFKcVdWUkZkVmt6U25OTlJITkhRVEZWWkVsQlVUQk5SRWwzVFVGWlJWWlNNR2RCUkVGdlRVTlpSME5EYzBkQlVWVkdRbmRKUWtab2NHOWtTRkozVDJrNGRtUXpaRE5NYlZaMVpFaEtNV016VVhWaWJWWXdUREJPVVZWNlFXUkNaMDVXU0ZFMFJVWm5VVlZoYmtsdFpYUkJaVGN6TTI1UE1teFNNVWQ1VG00MVFWTmFjWE4zU0hkWlJGWlNNR3BDUW1kM1JtOUJWV0ZLUkd0YU5sTnRWVFJFU0dodFlXczRabVJNVVM5MVJYWlhNSGRFVVZsS1MyOWFTV2gyWTA1QlVVVk1RbEZCUkdkblJVSkJSMnQ2Wnk5M2IyVnRPVGszTlRGV05qaFZLMlZ3TVRGek9IcEVUMFJpV2s1TFNXOWhRbXB4U0cxdVZIWmxabEZrT1hFMFFVbE9UMU56T1hZd1praENTV281TURWUVpWbFRXalppZEhBM2FESTFhRE5NVmxrd2MyRm5PREptTTBGNlkyVXZRbEZRVlVGeldIZzFZMkpoUTB0VlZIZ3lTV3BGWkVab1RVSXhaMmhGV0habFlXcEhTbkJQYTNRNE1EQjFSMjVHUlM5aFVuTTRiRVpqTTJFeWEzWmFNa05zZG1oQk1HVXpObE5zVFd0VVNXcE9NSEZqVG1Sb05DOVNNR1kxU1U5S1NrbERkSFF2YmxBMVJqSnNNVWhJUldoV2RIZElPWE12U0VGSWNrZHJWVzFOVWxSTldtSTViak56Y2sxTk1saHNVVnBJV0U0M05VSkhjR0ZrTlc5eFdHNWhaazl5UlRaaFVHSXdRbTlIY2xwVWVVbEJhVEJVVm1GWFNqZE1kWFpOZFhWbFUyWlhiRzVRWm5rMFprNDFRbWc1UW5BMmNtOUxSMGh2WVd4VlQzcGxXRVZ2WkcweWFDc3haRXMzUlROSlJHaEJQVHd2WkhNNldEVXdPVU5sY25ScFptbGpZWFJsUGp3dlpITTZXRFV3T1VSaGRHRStQR1J6T2xnMU1EbEVZWFJoUGp4a2N6cFlOVEE1UTJWeWRHbG1hV05oZEdVK1RVbEpSV3RVUTBOQk0yMW5RWGRKUWtGblNVVlNWM1JSVmtSQlRrSm5hM0ZvYTJsSE9YY3dRa0ZSVlVaQlJFTkNjMFJGVEUxQmEwZEJNVlZGUW1oTlExWldUWGhHYWtGVlFtZE9Wa0pCYjFSRVZWWjFaRWhLTVdNelVYTkpSV3gxV1hrMGVFOVVRVE5DWjA1V1FrRnpWRTFJWkROa2VUVnNZbTVTZVdSWVRqQk1iVFZzWkVNNVJGVkdUV2RoV0UxbllWYzFhbUl6U25kaU0wcG9aRWRXYTBsSFNqVkpTRXBzV20xV2VWcFhOV3BhVkVWbVRVSXdSMEV4VlVWRGVFMVhTMGROY0VsRVNYZE5SRmxuVWxjMU1HTnVWbnBrUTNkblUxYzFha3hxUlhSTlEzTkhRVEZWUlVGNFRXdFNWelV3WTI1V2VtUkRRbE5pTWprd1NVVk9iR051VW5CYWJXeHFXVmhTY0dJeU5HZFJXRll3WVVjNWVXRllValZOUWpSWVJGUkJNazFVUlhsT2VrbDNUV3BOTUUxc2IxaEVWRWt5VFZSRmVVNTZTWGRPVkUwd1RXeHZkMmRpUVhoRGVrRktRbWRPVmtKQldWUkJiRlpVVFZKWmQwWkJXVVJXVVZGTFJYY3hSbUp1VW5sa1dFNHdURU5DU21KdFRYVk5WR3QzVG5kWlJGWlJVVXhGZWtJelpETmpkVnBYTlRCamJsWjZaRU0xZFZwWVVYWlJNVUpVU1Vkc2VrbEhiSFZaTWpsNVkwYzVlVmxZVW14YVEwSnBaVk5DZVZwWFdteGpiVloxV1RKVmVFaDZRV1JDWjA1V1FrRnpWRVpwYUdwTFUwRjVUVVJCTWtsRlZuVmtTRW94WXpOUmMwbEZiSFZaZVRSNFRGUkJja0puVGxaQ1FVMVVTa1ZXZFdSSVNqRmpNMUZuVlcwNWRtUkRRa1JhV0Vvd1lWZGFjRmt5UmpCaFZ6bDFTVVZHTVdSSGFIWmpiV3d3WlZSRFEwRlRTWGRFVVZsS1MyOWFTV2gyWTA1QlVVVkNRbEZCUkdkblJWQkJSRU5EUVZGdlEyZG5SVUpCVEdGV2RHdE9ReXR6V25STGJUbEpNelZTVFU5V1kwWTNjMDQxUlZWR2IwNTFNM012Y0c5Q2FqWkZORXRRZWpORlJWcHRUR3N3WlVkeVJXRlVjMkpTZDBwWFNYTk5iaTlOV1hONlFUbDFNMmN6Y3l0SlNWSmxOMkpLVjB0TFpqUTBUR3hCWTFSbVJua3dZMDlzZVhCdmQwTkxWbGxvV0dKU09XNHhNRU4yTDJkcmRrcHlWRGRsVkU1MVVXZEdRUzlEV1hGRlFVOTNkME5xTUZsNlpuWTVTMnh0WVVrMVZWaE1SVmRsU0RJMVJHVlhNRTFZU21vclUwdG1Sa2t3WkdOWWRqRjFOWGcyTURsdGFFWXdXV0ZFVnpaTFMycGlTR3BMV1VRclNsaEhTWEppTmpocU5uaFRiR3QxY1ZWWk0ydEZla1ZhTmtVMVRtNDVkWE56TW5KV2RrUnNWV05qY0RabGJpdFJNMWd3WkdkT2JVSjFNV3R0ZDJoSUt6VndVR2s1TkVScldtWnpNRTUzTkhCblNFSk9jbnBwUjB4d05TOVdOaXRsUmpZM2NraE5jMjlKVmlzeVNFNXFibTluVVdrclpGQmhNazF6UTBGM1JVRkJZVTlDYzBSRFFuSlVRVTlDWjA1V1NGRTRRa0ZtT0VWQ1FVMURRVkZaZDBSM1dVUldVakJVUVZGSUwwSkJWWGRCZDBWQ0wzcEJja0puVGxaSVVrRkZTa1JCYVdkQk9IbE5SRUV5VFZSRmVVNTZTWGROYWswd1RXeHhRa1I2U1hkTmFsbDRUVlJKTTAxcVFURk5lbEY1VjJwQlprSm5UbFpJVTAxRlIwUkJWMmRDVW05clQxSnVjRXRhVkdkTlpVZGFjVlI0T1RCMFJDczBVemxpVkVGa1FtZE9Wa2hSTkVWR1oxRlZZVXBFYTFvMlUyMVZORVJJYUcxaGF6aG1aRXhSTDNWRmRsY3dkMGhSV1VwTGIxcEphSFphT1VJd1JVRkNRa0YzUkdoelNWWnFZM1ZOVkc4d1RHcEJSRUZuVTFGTlFUQkhRMU54UjFOSllqTkVVVVZDUWxGVlFVRTBTVUpCVVVOVU1VUkRkekYzVFdkTGRFUTFXU3RwVWtSQlZXZHhWamhhZVc1MGVWUjBVM2d5T1VOWEt6RlNZVWRUZDAxRFVHVjVka2xYYjI1WU9YUlBNVXQ2UzNSMmJqRkpVMDFaTDFsUWVYbFpRbXRXUW5NNVJqaFZOSEJPTUhkQ1QyVk5SSEJSTkRkU1ozaFNlbmRKYTFOT1kxVmxjM2xDY2tvMlduVmhRVWRCVkM4elFpdFllRVpPVTFKMWVrWldTamQ1VmxSaGRqVXlWbkl5ZFdFeVNqZHdPR1ZTUkdwbFNWSlNSSEV2Y2pjeVJGRnVUbE5wTm5FM2NIbHVVRGxYVVdORGF6TlNka3R4YzI1NWNsRXZNemt2TW00emNYTmxNSGRLWTBkRk1tcFVVMWN6YVVSV2RYbGpUbk5OYlRSb1NESmFNR3RrYTNGMVRTc3JkaTlsZFRaR1UzRmtVV2RRUTI1WVJYRlZUR3c0Um0xVWVGTlJaVVJPZEVkUVVFRlZUelp1U1ZCamFqSkJOemd4Y1RCMFNIVjFNbWQxVVU5SVdIWm5VakZ0TUhaa1dHTkVZWHAyTDNkdmNqTkZiR2hXYzFRdmFEVXZWM0pST0R3dlpITTZXRFV3T1VObGNuUnBabWxqWVhSbFBqd3ZaSE02V0RVd09VUmhkR0UrUEM5a2N6cExaWGxKYm1adlBqd3ZaSE02VTJsbmJtRjBkWEpsUGp4ellXMXNNanBUZFdKcVpXTjBQanh6WVcxc01qcE9ZVzFsU1VRZ1JtOXliV0YwUFNKMWNtNDZiMkZ6YVhNNmJtRnRaWE02ZEdNNlUwRk5URG94TGpFNmJtRnRaV2xrTFdadmNtMWhkRHBYYVc1a2IzZHpSRzl0WVdsdVVYVmhiR2xtYVdWa1RtRnRaU0lnVG1GdFpWRjFZV3hwWm1sbGNqMGlkMkZqTG1SaGN5NXRlV0YwYjNNdWJtVjBJajVCTmpRM01qUTFQQzl6WVcxc01qcE9ZVzFsU1VRK1BITmhiV3d5T2xOMVltcGxZM1JEYjI1bWFYSnRZWFJwYjI0Z1RXVjBhRzlrUFNKMWNtNDZiMkZ6YVhNNmJtRnRaWE02ZEdNNlUwRk5URG95TGpBNlkyMDZZbVZoY21WeUlqNDhjMkZ0YkRJNlUzVmlhbVZqZEVOdmJtWnBjbTFoZEdsdmJrUmhkR0VnU1c1U1pYTndiMjV6WlZSdlBTSmZNV1ExTm1WbU5tWTFOR0U1TURZMFpXRTFOalV4TkRsbE1XVXpOakExTkRRaUlFNXZkRTl1VDNKQlpuUmxjajBpTWpBeE9DMHdPQzB5TjFRd056bzFOem93Tmk0Mk1qTmFJaUJTWldOcGNHbGxiblE5SW1oMGRIQnpPaTh2ZFhKaExXRmhMbWwwTFhOdmJIVjBhVzl1Y3k1aGRHOXpMbTVsZEM5a1lXNWhMVzVoTDJGMWRHZ3ZjMkZ0YkMxamIyNXpkVzFsY2k1aloya2lMejQ4TDNOaGJXd3lPbE4xWW1wbFkzUkRiMjVtYVhKdFlYUnBiMjQrUEM5ellXMXNNanBUZFdKcVpXTjBQanh6WVcxc01qcERiMjVrYVhScGIyNXpJRTV2ZEVKbFptOXlaVDBpTWpBeE9DMHdPQzB5TjFRd056bzFNam93Tmk0Mk1qTmFJaUJPYjNSUGJrOXlRV1owWlhJOUlqSXdNVGd0TURndE1qZFVNRGM2TlRjNk1EWXVOakl6V2lJK1BITmhiV3d5T2tGMVpHbGxibU5sVW1WemRISnBZM1JwYjI0K1BITmhiV3d5T2tGMVpHbGxibU5sUG1oMGRIQnpPaTh2ZFhKaExXRmhMbWwwTFhOdmJIVjBhVzl1Y3k1aGRHOXpMbTVsZEM5a1lXNWhMVzVoTDJGMWRHZ3ZjMkZ0YkMxbGJtUndiMmx1ZEM1aloyay9jRDF6Y0RFOEwzTmhiV3d5T2tGMVpHbGxibU5sUGp3dmMyRnRiREk2UVhWa2FXVnVZMlZTWlhOMGNtbGpkR2x2Ymo0OEwzTmhiV3d5T2tOdmJtUnBkR2x2Ym5NK1BITmhiV3d5T2tGMWRHaHVVM1JoZEdWdFpXNTBJRUYxZEdodVNXNXpkR0Z1ZEQwaU1qQXhPQzB3T0MweU4xUXdOem8xTWpvek5TNDFNekJhSWlCVFpYTnphVzl1U1c1a1pYZzlJblYxYVdRdE9XUTJNek5pTkRrdFpURTJOQzAwWlRJeUxXSmhOR1l0T1dNell6RmlZalF5TnpjMklqNDhjMkZ0YkRJNlFYVjBhRzVEYjI1MFpYaDBQanh6WVcxc01qcEJkWFJvYmtOdmJuUmxlSFJEYkdGemMxSmxaajUxY200NmIyRnphWE02Ym1GdFpYTTZkR002VTBGTlREb3lMakE2WVdNNlkyeGhjM05sY3pwWU5UQTVQQzl6WVcxc01qcEJkWFJvYmtOdmJuUmxlSFJEYkdGemMxSmxaajQ4TDNOaGJXd3lPa0YxZEdodVEyOXVkR1Y0ZEQ0OEwzTmhiV3d5T2tGMWRHaHVVM1JoZEdWdFpXNTBQand2YzJGdGJESTZRWE56WlhKMGFXOXVQand2YzJGdGJESndPbEpsYzNCdmJuTmxQZz09IiBSZWNvcmRlZFZhbHVlPSJQRDk0Yld3Z2RtVnljMmx2YmowaU1TNHdJaUJsYm1OdlpHbHVaejBpVlZSR0xUZ2lQejQ4YzJGdGJESndPbEpsYzNCdmJuTmxJSGh0Ykc1ek9uTmhiV3d5Y0QwaWRYSnVPbTloYzJsek9tNWhiV1Z6T25Sak9sTkJUVXc2TWk0d09uQnliM1J2WTI5c0lpQkVaWE4wYVc1aGRHbHZiajBpYUhSMGNITTZMeTkxY21FdFlXRXVhWFF0YzI5c2RYUnBiMjV6TG1GMGIzTXVibVYwTDJSaGJtRXRibUV2WVhWMGFDOXpZVzFzTFdOdmJuTjFiV1Z5TG1ObmFTSWdTVVE5SW5WMWFXUXRNRGRtWm1ZMFkyWXRObVExWmkwMFltSm1MVGhqT1RBdFlXRTVNR000TTJWbFlUTXhJaUJKYmxKbGMzQnZibk5sVkc4OUlsOHhaRFUyWldZMlpqVTBZVGt3TmpSbFlUVTJOVEUwT1dVeFpUTTJNRFUwTkNJZ1NYTnpkV1ZKYm5OMFlXNTBQU0l5TURFNExUQTRMVEkzVkRBM09qVXlPak0yTGpVME5sb2lJRlpsY25OcGIyNDlJakl1TUNJK1BITmhiV3d5T2tsemMzVmxjaUI0Yld4dWN6cHpZVzFzTWowaWRYSnVPbTloYzJsek9tNWhiV1Z6T25Sak9sTkJUVXc2TWk0d09tRnpjMlZ5ZEdsdmJpSStkMkZqTG1SaGN5NXRlV0YwYjNNdWJtVjBQQzl6WVcxc01qcEpjM04xWlhJK1BHUnpPbE5wWjI1aGRIVnlaU0I0Yld4dWN6cGtjejBpYUhSMGNEb3ZMM2QzZHk1M015NXZjbWN2TWpBd01DOHdPUzk0Yld4a2MybG5JeUkrUEdSek9sTnBaMjVsWkVsdVptOCtQR1J6T2tOaGJtOXVhV05oYkdsNllYUnBiMjVOWlhSb2IyUWdRV3huYjNKcGRHaHRQU0pvZEhSd09pOHZkM2QzTG5jekxtOXlaeTh5TURBeEx6RXdMM2h0YkMxbGVHTXRZekUwYmlNaUx6NDhaSE02VTJsbmJtRjBkWEpsVFdWMGFHOWtJRUZzWjI5eWFYUm9iVDBpYUhSMGNEb3ZMM2QzZHk1M015NXZjbWN2TWpBd01DOHdPUzk0Yld4a2MybG5JM0p6WVMxemFHRXhJaTgrUEdSek9sSmxabVZ5Wlc1alpTQlZVa2s5SWlOMWRXbGtMVEEzWm1abU5HTm1MVFprTldZdE5HSmlaaTA0WXprd0xXRmhPVEJqT0RObFpXRXpNU0krUEdSek9sUnlZVzV6Wm05eWJYTStQR1J6T2xSeVlXNXpabTl5YlNCQmJHZHZjbWwwYUcwOUltaDBkSEE2THk5M2QzY3Vkek11YjNKbkx6SXdNREF2TURrdmVHMXNaSE5wWnlObGJuWmxiRzl3WldRdGMybG5ibUYwZFhKbElpOCtQR1J6T2xSeVlXNXpabTl5YlNCQmJHZHZjbWwwYUcwOUltaDBkSEE2THk5M2QzY3Vkek11YjNKbkx6SXdNREV2TVRBdmVHMXNMV1Y0WXkxak1UUnVJeUl2UGp3dlpITTZWSEpoYm5ObWIzSnRjejQ4WkhNNlJHbG5aWE4wVFdWMGFHOWtJRUZzWjI5eWFYUm9iVDBpYUhSMGNEb3ZMM2QzZHk1M015NXZjbWN2TWpBd01DOHdPUzk0Yld4a2MybG5JM05vWVRFaUx6NDhaSE02UkdsblpYTjBWbUZzZFdVK1N6Um9lRXQ1WXpGWlRraExMMlk0ZWtjeU9IcGpURzgyWVc0MFBUd3ZaSE02UkdsblpYTjBWbUZzZFdVK1BDOWtjenBTWldabGNtVnVZMlUrUEM5a2N6cFRhV2R1WldSSmJtWnZQanhrY3pwVGFXZHVZWFIxY21WV1lXeDFaVDROQ2xGblJqSjNNMU15TVVOMVdGUnliM1Z5WWxwWmRFTk9VMnhsTmpselNtNDFjbTB3TDI5NVVUbFlhMmhLVUVObFpFUXZXVGRQVVRCWVZFVldNMDluYlhwUWFFMUxiRXRHWVhGeUwzQU5DbEJ2Um1WTldIWkVWRVp4VmtwalNsbEdRVXBzVFhGU2QyUnFObkZWTUZCcE1VSkdRbFl6Wm1oNFVYWnJVa1IxYTI0MmQxbHJXVVZJUzNCdFUzTjBNMEpxU1RoUFVreEJlVkoyVEVNTkNrcDVOVXBCVldKTVpGaFFabE5WZGt0emNUZERLMVZIYmxsR1l6Qm5VRU5DV210VVdrZzVkVTVwUjBsdGJXNWxSbHB5VVdaUVFVRllVMjU0UW14ak56Sk1ZemRKY2pacFNVeFlkMWtOQ21NdlVWUXJNMjluTlhWNFMyWlRObHBuVjJaUmRXeFVZMGsyVmxZck5XTktZazR2WjNVdlVsUTNUekJRY0dVd1ZtVTFkMXBrZEVKVGFqWXZabEJGVmxwQmREaFBOV0owT0ZOSGJEVU5DamRWYmpGc2J6UXdMekZQWjNaaVkzcHBjVGR6TDBkbVdXYzBOV3hQZDFGNVUyTktVRUYzUFQwTkNqd3ZaSE02VTJsbmJtRjBkWEpsVm1Gc2RXVStQR1J6T2t0bGVVbHVabTgrUEdSek9sZzFNRGxFWVhSaFBqeGtjenBZTlRBNVEyVnlkR2xtYVdOaGRHVStUVWxKUmtsNlEwTkNRWFZuUVhkSlFrRm5TVTVCVDJWSVZ6QlJRVUZCUVVGVlRtRTFjRVJCVGtKbmEzRm9hMmxIT1hjd1FrRlJjMFpCUkVOQ2RXcEZURTFCYTBkQk1WVkZRbWhOUTFaV1RYaEdha0ZWUW1kT1ZrSkJiMVJFVlZaMVpFaEtNV016VVhOSlJXeDFXWGswZUV0RVFXMUNaMDVXUWtGelZFZ3hUbXhhVTBJelpETmpkVnBYTlRCamJsWjZaRU0xZFZwWVVYWmlSMVp1V1ZkM2RHUkhWbmxpV0UxNFQxUkJNMEpuVGxaQ1FYTlVUVU5vYWt0VFFYbE5SRVY1U1VWV2RXUklTakZqTTFGelNVVnNkVmw1TkdkTVUwSnRZak5KWjFsWVZqQmhSemw1WVZod2JGcERRakZqTWxWbllqSTFjMlZVUlhWTlEzZEhRVEZWUlVGNFRXeFNWelV3WTI1V2VtUkRRa1JhV0Vvd1lWZGFjRmt5UmpCaFZ6bDFTVVZHTVdSSGFIWmpiV3d3WlZOQmRFbEZkM2hUZWtGbFJuY3dlRTVxUVhoTlZHdDRUa1JGTVUxNmFHRkdkekI0VDFSQmVFMVVhM2hPUkZFeFRYcGtZVTFHTkhoRGVrRktRbWRPVmtKQldWUkJhMXBUVFZFNGQwUlJXVVJXVVZGSVJYZGFRMXBZY0haaWJrMTRSRlJCVEVKblRsWkNRVzlVUWtWR01HSXpUWGhFVkVGTVFtZE9Wa0pCYzFSQ1JVWXdZak5OZUVsRVFXVkNaMDVXUWtGTlZFWXpUbWhpVjNkNVRVUkZNa3hZUW5sYVF6VjBaVmRHTUdJelRYVmliVll3VFVsSlFrbHFRVTVDWjJ0eGFHdHBSemwzTUVKQlVVVkdRVUZQUTBGUk9FRk5TVWxDUTJkTFEwRlJSVUZzTTBSbVdWRlNTMmxRZGxwWVMzWlphMFpVVlRoRE5DOXVUV05oUzBGdE9FOWxMMWxoVTFWeFp6RjBaazFqUVRob1IyMDNjemxYUVRaRmJsTnJXa1l6T0d0RlJrcEZWMlYyVUZoM1MzcGtURWN4YWs1TmJrMVRXRWMxVGtaMGNYSndVMWN6VGtvM1F6QlFURUZUTkZGUlFYbHNabEJaZG5CSlNGVTBkeTlGWlZkWE9HMVRaMEYwTlU4MmVGVlJlRWhqWW5KUVVtTkpXRk00V1Rob2FGRnhWVVkyTVdOdlRIUXhTa0psYzNaRFN6SlVUVlpVU0hoWUwxUmpUVkUzVmt4aFdGTnFkMmhXWkRCbU56aDNVMHB0VmpKV2VHRjVVRUZsUlZWWFpYbDZZMkZqVG5RelpUQnhRbXB4ZDFKbFZYQkpTRGw2V2tsdldFZEVNSE5IYzFkTWQzYzJOWEpYVlV4S2FqRlhhekV5WTNKVk9YQmhkM3BsUWpKSFl5OUNRbTFaUWxaemIzSm5hemx1UlZCa1psY3dTbUVyVWxSNWNERlRiWFJ1WTJOV1kybElPRFpzTDBacFpVOUNOMWhpUkZkeVFpdGljbEZKUkVGUlFVSnZORWxDWjFSRFEwRllNSGREZDFsRVZsSXdVRUpCVVVSQloxZG5UVUpOUjBFeFZXUktVVkZOVFVGdlIwTkRjMGRCVVZWR1FuZE5RazFFVFVkQk1WVmtTSGRSYzAxRGIzZExTMEZ0YjBOVFIwbHRhREJrU0VFMlRIazVhbU50ZDNWYVZ6VXdZMjVXZW1SRE5YVmFXRkYyWWtkV01scFhkM2hoZVRWcVkyMTNkMU4zV1VSV1VqQm5Ra1ZSZDFGcVFUSkNaM0JuYUd0blFtaDJjSE5EWjBWR1RVTm5kMHBuV1VsTGQxbENRbEZWU0VGblJWZEhiV2d3WkVoQk5reDVPVE5rTTJOMVdsYzFNR051Vm5wa1F6VjFXbGhSZG1OdVFtaE5RV2RIUW0xbFFrUkJSVU5CYWtKdlFtZG5ja0puUlVaQ1VXTkNRVkZTWTAxR2IzZEpkMWxKUzNkWlFrSlJWVWhOUVVkSFJqSm9NR1JJUVRaTWVUbDJXVE5PZDB4dFZuVmtTRW94WXpOUmRXSnRWakJOUkUxSFEwTnpSMEZSVlVaQ2VrRkRhR2xrYjJSSVVuZFBhVGgyV1Zkc2FFeHRWblZrU0VveFl6TlJkV0p0VmpCTU1uZDRZWGt4YW1GSFJuQmlha2t4VG1rMWFscFlTWGRKWjFsRVZsSXdVa0pDYzNkSFdVbFlZekpHZEdKRVNYZE5WRmwwWTBoS2EweHRNVFZaV0ZKMlkzazFkVnBZVVhkSWQxbEVWbEl3YWtKQ1ozZEdiMEZWWjNGS2QyUk9NamhWZWk5UVpUbFVNM3BZSzI1WlRWbExWRXc0ZDBoUldVUldVakJQUWtKWlJVWkhVRFp3YVVFck1HWnRXbFZ0WTI1b05rWnZNMWRMWlRSa1JHZE5RV3RIUVRGVlpFVjNVVU5OUVVGM1JGRlpTa3R2V2tsb2RtTk9RVkZGVEVKUlFVUm5aMFZDUVVST0wzWkhRMEo0ZUhWWGVVNTJlalJ0VDNsMVVFUlpXRzltY1hoUlZuUlBaQ3RMWmtoYVRtcFViR3RqTjNaNmVIaFlNMlZVZEZkRVlXMU1hMlFyTldKV1QxbEJaMmRaVmpncmFuWXpWSGc1UlhVMlZra3lkQ3N2ZHpKRFdYTkpWMXA2YkZaWU5teHdaV0pMUW5aRmNHNU1PV0kwVEVWT1ZFSk9TbnBzUWxCMVNGb3pXVGhJYTA4NFJqRmlOR2M1VTFrclIyNVNUR3hEYmpWM2VqSTBPV3B1TUV4cGRrNVJlazltTVZkRlZUTkJNbWxOYUZaaGJVRkJSRWRuWXlzNFUzbGlZVk5zTTI1S1dXTTFZamMwT1dka2VYZENRakZpYmxFdk5WRjRLMm8yYTFOSmVGSjRXR3RYVUZSb1dWWm1jbGxWVW5sbk1EQmhZbXQwVXk5TVREUjVWbVZ3ZG5oSmVqUnNWR2xHVWt0d0swVkNhMVpTVVhsd09YaG5ZMUF4UjBRNVRGYzJZa2x0ZWxWSU1VODFXbUZHVWpSd2RDOHhkVnBHYWxkQ2FYYzFTV3BVZDJWdWJETkpUMUJDTldGU1dGUldTelJHZHowOEwyUnpPbGcxTURsRFpYSjBhV1pwWTJGMFpUNDhMMlJ6T2xnMU1EbEVZWFJoUGp4a2N6cFlOVEE1UkdGMFlUNDhaSE02V0RVd09VTmxjblJwWm1sallYUmxQazFKU1VaRWFrTkRRUzloWjBGM1NVSkJaMGxOUkhWc1RYZDNRVUZCUVVKU01ETmxSazFCTUVkRFUzRkhVMGxpTTBSUlJVSkRkMVZCVFVsSEswMVJjM2REVVZsRVZsRlJSMFYzU2xaVmVrVlhUVUpSUjBFeFZVVkRhRTFPVWxjMU1HTnVWbnBrUTNkblUxYzFha3hxUlc5TlExbEhRVEZWUlVONFRXWlZNbFpzU1Voa00yUjVOV3hpYmxKNVpGaE9NRXh0Tld4a1F6bHpXbGRrYUdKRE1UQmFXRXAwWTNwRk5VMUVZMGRCTVZWRlEzaE5kMHRIVFhCSlJFbDNUVVJyWjFKWE5UQmpibFo2WkVOM1oxTlhOV3BNYVVGMFNVZGFkbU5wUW1oa1dGSnZZak5LY0dWdFZtdEpTRlo2V2xOQ2RtSnRlRFZOVkVsM1RVRlpSRlpSVVVSRmVXeEdZbTVTZVdSWVRqQkpSa3AyWWpOUloxRXlWbmxrUjJ4dFlWZE9hR1JIYkhaaWFVSkNaRmhTYjJJelNuQmtTR3RuVEZOQ1NFMXFRV1ZHZHpCNFRsUkZkMDFFVlhoUFZFVjZUbFJhWVVaM01IcE5SRVY1VFVSVmVFOVVVWHBPVkZwaFRVbEhOazFSYzNkRFVWbEVWbEZSUjBWM1NsWlZla1ZYVFVKUlIwRXhWVVZEYUUxT1VsYzFNR051Vm5wa1EzZG5VMWMxYWt4cVJXOU5RMWxIUVRGVlJVTjRUV1pWTWxac1NVaGtNMlI1Tld4aWJsSjVaRmhPTUV4dE5XeGtRemx6V2xka2FHSkRNVEJhV0VwMFkzcEZOVTFFWTBkQk1WVkZRM2hOZDB0SFRYQkpSRWwzVFZSSloxSlhOVEJqYmxaNlpFTjNaMU5YTldwTWFVRjBTVWRhZG1OcFFtaGtXRkp2WWpOS2NHVnRWbXRKU0ZaNldsTkNkbUp0ZURWTlV6UjNURUZaUkZaUlVVUkZlVlpHWW01U2VXUllUakJKUlU1c1kyNVNjRnB0YkdwWldGSndZakkwWjFGWVZqQmhSemw1WVZoU05VbERNR2RVUkVaTVRVbEpRa2xxUVU1Q1oydHhhR3RwUnpsM01FSkJVVVZHUVVGUFEwRlJPRUZOU1VsQ1EyZExRMEZSUlVFeWFpdFhNRVV5TlV3d1ZHNHllbXhsYlRGRWRWaExWbWd5YTBadVZYZHRjVUZLY1U5V016aHdZVGwyU0RSVFJXdHhhbkpSYWxWamFqQjFNWGxHZGtOU1NXUktaSFEzYUV4eFNVOVFkRFZGZVdGTkwwOUtXazF6YzI0eVdIbFFOMEowUW1VMlExbzBSR3RLVGpkbVJXMUVTVzFwUzIwNU5VaDNla2RaWldrMU9WRkJkbE0zZWpkVWMyOTVjV293YVhBdmQwUnZTMVpuUnprM1lWUlhjRko2U21saGRGZEJOMnhSY21wV05tNU9OVnBIYUZSS1ltbEZlalZTTm5KbldrWkVTMDV5VkdSRVIzWjFiMWx3UkdKM2EzSkxOa2hKYVZCUGJFb3ZPVEUxZEdkNGVXUTRRaTlzZHpsaVpIQllhVk5RWWtKMFRFOXlTbm8xVWtKSFdFWkZZVXh3U0ZCQlZIQllZbThyT0VSWU0wWmlZV1U0YVRSV1NHbzVTSGxOWnpSd00wNUdXRlV5ZDA4M1IwOUdlV3N6Tm5Rd1JrRlRTemRzUkZseGFsWnpNUzlzVFZwTWQyaEhkMU54ZWtkdFNXUlVhWFphUjNkSlJFRlJRVUp2TkVsQ1JFUkRRMEZSWjNkRVoxbEVWbEl3VUVGUlNDOUNRVkZFUVdkRlIwMUNTVWRCTVZWa1JYZEZRaTkzVVVsTlFWbENRV1k0UTBGUlFYZE5kMWxKUzNkWlFrSlJWVWhCVVVWRlNucEJiRTFEVFVkRFEzTkhRVkZWUmtKNlFVSm9hR1J2WkVoU2QwOXBPSFppTWs1NlkwTTFiR0p1VW5sa1dFNHdURzAxYkdSRVFYZENaMDVXU0ZJNFJVdFVRVzVOUTFkblNUWkJhR2hvT1c5a1NGSjNUMms0ZGxrelNuTk1iVloxWkVoS01XTXpVWFZpYlZZd1RESmplVmt5UlhWWk0wcHpUVVJ6UjBFeFZXUkpRVkV3VFVSSmQwMUJXVVZXVWpCblFVUkJiMDFEV1VkRFEzTkhRVkZWUmtKM1NVSkdhSEJ2WkVoU2QwOXBPSFprTTJRelRHMVdkV1JJU2pGak0xRjFZbTFXTUV3elNuZFpWRUZrUW1kT1ZraFJORVZHWjFGVlozRktkMlJPTWpoVmVpOVFaVGxVTTNwWUsyNVpUVmxMVkV3NGQwaDNXVVJXVWpCcVFrSm5kMFp2UVZWaGJrbHRaWFJCWlRjek0yNVBNbXhTTVVkNVRtNDFRVk5hY1hOM1JGRlpTa3R2V2tsb2RtTk9RVkZGVEVKUlFVUm5aMFZDUVVSdVZtcHdhVVJaWTJkeldUbE9kMGhTYTNkNUwxbEtjazE0Y0RGamJtTk9NRWg1VFdjdmRtUk5UbGs1Ym1kdVExUlJTV3hhU1hZeE9TczBieTh3VDJkbGJXdHVUazB2VkZkbmNrWlVSVXRHWTNoVFFrcFFiMnN4UkVReVlraHBORmRwTTA5bmJEQTRWRkpaUTJvNU0yMUZRelExYldvdldHVlVTVkp6V0hOblpHWktaMmhvWTJjNE5YZ3lUSGt2Y2twclEyczVkVlZ0U1ZSVGJrdGhNUzlzZVRjNFJYRjJTV0Y2UTFBd2EydGFPVmwxYW5NcmMzcEhVVlpIU0V4c1lraG1WRlZ4YVRVeldUSnpRVVZ2TVVka1VuWmpOazR4TnpKMGEzY3JRMDVuZUV0b2FYVmpUMmhyTTFsMFEwRmlkbTF4YkdwRmRHOWFkVTF5ZURGblRDc3hXVkV4U2tnM1NHUk5lRmRDUTAxU1QwNHhaWGhEWkhSVWFYZzVjWEpMWjFkU2N6WlFUR2xuVmxkWVZWZ3ZhSGRwWkZGdmMyczRWM2RDUkRsc2RUVXhZVmc0TDNka1VWRkhZMGh6UmxoM2RETTFkVXhqZHowOEwyUnpPbGcxTURsRFpYSjBhV1pwWTJGMFpUNDhMMlJ6T2xnMU1EbEVZWFJoUGp4a2N6cFlOVEE1UkdGMFlUNDhaSE02V0RVd09VTmxjblJwWm1sallYUmxQazFKU1VVdmVrTkRRU3RsWjBGM1NVSkJaMGxGVldST1FWSkVRVTVDWjJ0eGFHdHBSemwzTUVKQlVYTkdRVVJEUW5ORVJVeE5RV3RIUVRGVlJVSm9UVU5XVmsxNFJtcEJWVUpuVGxaQ1FXOVVSRlZXZFdSSVNqRmpNMUZ6U1VWc2RWbDVOSGhQVkVFelFtZE9Wa0pCYzFSTlNHUXpaSGsxYkdKdVVubGtXRTR3VEcwMWJHUkRPVVJWUmsxbllWaE5aMkZYTldwaU0wcDNZak5LYUdSSFZtdEpSMG8xU1VoS2JGcHRWbmxhVnpWcVdsUkZaazFDTUVkQk1WVkZRM2hOVjB0SFRYQkpSRWwzVFVSWloxSlhOVEJqYmxaNlpFTjNaMU5YTldwTWFrVjBUVU56UjBFeFZVVkJlRTFyVWxjMU1HTnVWbnBrUTBKVFlqSTVNRWxGVG14amJsSndXbTFzYWxsWVVuQmlNalJuVVZoV01HRkhPWGxoV0ZJMVRVSTBXRVJVUlRCTlJHdDVUV3BGTTAxVVVURk9NVzlZUkZSSk1FMUVhM2xOZWtGNFRYcEZNVTB4YjNkbllqUjRRM3BCU2tKblRsWkNRVmxVUVd4V1ZFMVNXWGRHUVZsRVZsRlJTMFYzTVVaaWJsSjVaRmhPTUV4RFFrcGliVTExVFZObmQwcG5XVVJXVVZGTVJYZzVWRnBYVldka00yUXpURzFXZFdSSVNqRmpNMUYxWW0xV01Fd3llR3hhTWtaelRGaFNiR050TVhwTlZHdDNUbmRaUkZaUlVVeEZla0Z2V1hsclowMXFRWGRQVTBKR1ltNVNlV1JZVGpCTVEwSktZbTFOZFVsRE1HZGFiVGw1U1VkR01XUkhhSFpqYld3MldsZFJaMlJZVG14SlJ6bDFZa2hyZUUxcVFYZENaMDVXUWtGTlZFdFZWblZrU0VveFl6TlJaMVZ0T1haa1EwSkVXbGhLTUdGWFduQlpNa1l3WVZjNWRVbEZSakZrUjJoMlkyMXNNR1ZUUVhSSlJXTjVUVWxKUWtscVFVNUNaMnR4YUd0cFJ6bDNNRUpCVVVWR1FVRlBRMEZST0VGTlNVbENRMmRMUTBGUlJVRjFiMU15WTNSMVpVUkhkbWx0Wld0M1FXRmtNalpxU3pSc1ZVVmhlV1J3YUZSc2FIbDZMemN5WjI1dEwyTXlSVWREY1ZWdU1reE9aakF3Vms5SVNFeFhWR3BNZVdOdmIxQTVORTFhTUVkeFFXZEJRa1pJY2tSSU5UVnhMMFZzWTI1SVMwNXZUSGR4U0haWGNISkViRFZzT0hoNE16RmtVMFpxV0VGb2RFeE5lVFUwZFdreFdWazFRWEpITkRCclprODFUV3hLZUVSMWJqTjJkRlZtVm1Vck9FOW9kWGR1YlhsUFozUldOR3hEV1VacVNWUllRemswVm5OSVEyeE1VSGxYZFZGdWJYQTRhekU0WW5Nd1NuTnNaM1ZRVFhkelVrWjRXWGxZWldkYWNrdG9SMlp4VVhCMVUwUjBkakk1VVZKSFZVd3phbmRsTHpsV1RtWnVSRGN3Um5sNmJXRmhlRTlOYTNocFpDdHhNelpQVnpkT1RIZGFhVFkyWTFWbFpUTm1jbFpVYzFSTmFUVlhNMUJqUkhkaEszVkxZbG8zWVVRNVNUSnNjakpLVFZSbFFsbHlSMUV3UldkUU5IUnZNbFZaZVZOclkxRkpSRUZSUVVKdk5FbENSSHBEUTBGUmMzZEVaMWxFVmxJd1VFRlJTQzlDUVZGRVFXZEZSMDFDU1VkQk1WVmtSWGRGUWk5M1VVbE5RVmxDUVdZNFEwRlJSWGROZDFsSlMzZFpRa0pSVlVoQlVVVkZTbnBCYkUxRFRVZERRM05IUVZGVlJrSjZRVUpvYUdSdlpFaFNkMDlwT0haaU1rNTZZME0xYkdKdVVubGtXRTR3VEcwMWJHUkVRWHBDWjA1V1NGSTRSVXhFUVhGTlEybG5TbkZCYTJocFNtOWtTRkozVDJrNGRsa3pTbk5NYlZaMVpFaEtNV016VVhWaWJWWXdURE5LZG1JelVtcFpWRVYxV1ROS2MwMUVjMGRCTVZWa1NVRlJNRTFFU1hkTlFWbEZWbEl3WjBGRVFXOU5RMWxIUTBOelIwRlJWVVpDZDBsQ1JtaHdiMlJJVW5kUGFUaDJaRE5rTTB4dFZuVmtTRW94WXpOUmRXSnRWakJNTUU1UlZYcEJaRUpuVGxaSVVUUkZSbWRSVldGdVNXMWxkRUZsTnpNemJrOHliRkl4UjNsT2JqVkJVMXB4YzNkSWQxbEVWbEl3YWtKQ1ozZEdiMEZWWVVwRWExbzJVMjFWTkVSSWFHMWhhemhtWkV4UkwzVkZkbGN3ZDBSUldVcExiMXBKYUhaalRrRlJSVXhDVVVGRVoyZEZRa0ZIYTNwbkwzZHZaVzA1T1RjMU1WWTJPRlVyWlhBeE1YTTRla1JQUkdKYVRrdEpiMkZDYW5GSWJXNVVkbVZtVVdRNWNUUkJTVTVQVTNNNWRqQm1TRUpKYWprd05WQmxXVk5hTm1KMGNEZG9NalZvTTB4V1dUQnpZV2M0TW1ZelFYcGpaUzlDVVZCVlFYTlllRFZqWW1GRFMxVlVlREpKYWtWa1JtaE5RakZuYUVWWWRtVmhha2RLY0U5cmREZ3dNSFZIYmtaRkwyRlNjemhzUm1NellUSnJkbG95UTJ4MmFFRXdaVE0yVTJ4TmExUkphazR3Y1dOT1pHZzBMMUl3WmpWSlQwcEtTVU4wZEM5dVVEVkdNbXd4U0VoRmFGWjBkMGc1Y3k5SVFVaHlSMnRWYlUxU1ZFMWFZamx1TTNOeVRVMHlXR3hSV2toWVRqYzFRa2R3WVdRMWIzRllibUZtVDNKRk5tRlFZakJDYjBkeVdsUjVTVUZwTUZSV1lWZEtOMHgxZGsxMWRXVlRabGRzYmxCbWVUUm1UalZDYURsQ2NEWnliMHRIU0c5aGJGVlBlbVZZUlc5a2JUSm9LekZrU3pkRk0wbEVhRUU5UEM5a2N6cFlOVEE1UTJWeWRHbG1hV05oZEdVK1BDOWtjenBZTlRBNVJHRjBZVDQ4WkhNNldEVXdPVVJoZEdFK1BHUnpPbGcxTURsRFpYSjBhV1pwWTJGMFpUNU5TVWxGYTFSRFEwRXpiV2RCZDBsQ1FXZEpSVkpYZEZGV1JFRk9RbWRyY1docmFVYzVkekJDUVZGVlJrRkVRMEp6UkVWTVRVRnJSMEV4VlVWQ2FFMURWbFpOZUVacVFWVkNaMDVXUWtGdlZFUlZWblZrU0VveFl6TlJjMGxGYkhWWmVUUjRUMVJCTTBKblRsWkNRWE5VVFVoa00yUjVOV3hpYmxKNVpGaE9NRXh0Tld4a1F6bEVWVVpOWjJGWVRXZGhWelZxWWpOS2QySXpTbWhrUjFaclNVZEtOVWxJU214YWJWWjVXbGMxYWxwVVJXWk5RakJIUVRGVlJVTjRUVmRMUjAxd1NVUkpkMDFFV1dkU1Z6VXdZMjVXZW1SRGQyZFRWelZxVEdwRmRFMURjMGRCTVZWRlFYaE5hMUpYTlRCamJsWjZaRU5DVTJJeU9UQkpSVTVzWTI1U2NGcHRiR3BaV0ZKd1lqSTBaMUZZVmpCaFJ6bDVZVmhTTlUxQ05GaEVWRUV5VFZSRmVVNTZTWGROYWswd1RXeHZXRVJVU1RKTlZFVjVUbnBKZDA1VVRUQk5iRzkzWjJKQmVFTjZRVXBDWjA1V1FrRlpWRUZzVmxSTlVsbDNSa0ZaUkZaUlVVdEZkekZHWW01U2VXUllUakJNUTBKS1ltMU5kVTFVYTNkT2QxbEVWbEZSVEVWNlFqTmtNMk4xV2xjMU1HTnVWbnBrUXpWMVdsaFJkbEV4UWxSSlIyeDZTVWRzZFZreU9YbGpSemw1V1ZoU2JGcERRbWxsVTBKNVdsZGFiR050Vm5WWk1sVjRTSHBCWkVKblRsWkNRWE5VUm1sb2FrdFRRWGxOUkVFeVNVVldkV1JJU2pGak0xRnpTVVZzZFZsNU5IaE1WRUZ5UW1kT1ZrSkJUVlJLUlZaMVpFaEtNV016VVdkVmJUbDJaRU5DUkZwWVNqQmhWMXB3V1RKR01HRlhPWFZKUlVZeFpFZG9kbU50YkRCbFZFTkRRVk5KZDBSUldVcExiMXBKYUhaalRrRlJSVUpDVVVGRVoyZEZVRUZFUTBOQlVXOURaMmRGUWtGTVlWWjBhMDVESzNOYWRFdHRPVWt6TlZKTlQxWmpSamR6VGpWRlZVWnZUblV6Y3k5d2IwSnFOa1UwUzFCNk0wVkZXbTFNYXpCbFIzSkZZVlJ6WWxKM1NsZEpjMDF1TDAxWmMzcEJPWFV6WnpOekswbEpVbVUzWWtwWFMwdG1ORFJNYkVGalZHWkdlVEJqVDJ4NWNHOTNRMHRXV1doWVlsSTViakV3UTNZdloydDJTbkpVTjJWVVRuVlJaMFpCTDBOWmNVVkJUM2QzUTJvd1dYcG1kamxMYkcxaFNUVlZXRXhGVjJWSU1qVkVaVmN3VFZoS2FpdFRTMlpHU1RCa1kxaDJNWFUxZURZd09XMW9SakJaWVVSWE5rdExhbUpJYWt0WlJDdEtXRWRKY21JMk9HbzJlRk5zYTNWeFZWa3phMFY2UlZvMlJUVk9iamwxYzNNeWNsWjJSR3hWWTJOd05tVnVLMUV6V0RCa1owNXRRblV4YTIxM2FFZ3JOWEJRYVRrMFJHdGFabk13VG5jMGNHZElRazV5ZW1sSFRIQTFMMVkySzJWR05qZHlTRTF6YjBsV0t6SklUbXB1YjJkUmFTdGtVR0V5VFhORFFYZEZRVUZoVDBKelJFTkNjbFJCVDBKblRsWklVVGhDUVdZNFJVSkJUVU5CVVZsM1JIZFpSRlpTTUZSQlVVZ3ZRa0ZWZDBGM1JVSXZla0Z5UW1kT1ZraFNRVVZLUkVGcFowRTRlVTFFUVRKTlZFVjVUbnBKZDAxcVRUQk5iSEZDUkhwSmQwMXFXWGhOVkVrelRXcEJNVTE2VVhsWGFrRm1RbWRPVmtoVFRVVkhSRUZYWjBKU2IydFBVbTV3UzFwVVowMWxSMXB4VkhnNU1IUkVLelJUT1dKVVFXUkNaMDVXU0ZFMFJVWm5VVlZoU2tScldqWlRiVlUwUkVob2JXRnJPR1prVEZFdmRVVjJWekIzU0ZGWlNrdHZXa2xvZGxvNVFqQkZRVUpDUVhkRWFITkpWbXBqZFUxVWJ6Qk1ha0ZFUVdkVFVVMUJNRWREVTNGSFUwbGlNMFJSUlVKQ1VWVkJRVFJKUWtGUlExUXhSRU4zTVhkTlowdDBSRFZaSzJsU1JFRlZaM0ZXT0ZwNWJuUjVWSFJUZURJNVExY3JNVkpoUjFOM1RVTlFaWGwyU1ZkdmJsZzVkRTh4UzNwTGRIWnVNVWxUVFZrdldWQjVlVmxDYTFaQ2N6bEdPRlUwY0U0d2QwSlBaVTFFY0ZFME4xSm5lRko2ZDBsclUwNWpWV1Z6ZVVKeVNqWmFkV0ZCUjBGVUx6TkNLMWg0Ums1VFVuVjZSbFpLTjNsV1ZHRjJOVEpXY2pKMVlUSktOM0E0WlZKRWFtVkpVbEpFY1M5eU56SkVVVzVPVTJrMmNUZHdlVzVRT1ZkUlkwTnJNMUoyUzNGemJubHlVUzh6T1M4eWJqTnhjMlV3ZDBwalIwVXlhbFJUVnpOcFJGWjFlV05PYzAxdE5HaElNbG93YTJScmNYVk5LeXQyTDJWMU5rWlRjV1JSWjFCRGJsaEZjVlZNYkRoR2JWUjRVMUZsUkU1MFIxQlFRVlZQTm01SlVHTnFNa0UzT0RGeE1IUklkWFV5WjNWUlQwaFlkbWRTTVcwd2RtUllZMFJoZW5ZdmQyOXlNMFZzYUZaelZDOW9OUzlYY2xFNFBDOWtjenBZTlRBNVEyVnlkR2xtYVdOaGRHVStQQzlrY3pwWU5UQTVSR0YwWVQ0OEwyUnpPa3RsZVVsdVptOCtQQzlrY3pwVGFXZHVZWFIxY21VK1BITmhiV3d5Y0RwVGRHRjBkWE0rUEhOaGJXd3ljRHBUZEdGMGRYTkRiMlJsSUZaaGJIVmxQU0oxY200NmIyRnphWE02Ym1GdFpYTTZkR002VTBGTlREb3lMakE2YzNSaGRIVnpPbE4xWTJObGMzTWlMejQ4TDNOaGJXd3ljRHBUZEdGMGRYTStQSE5oYld3eU9rRnpjMlZ5ZEdsdmJpQjRiV3h1Y3pwellXMXNNajBpZFhKdU9tOWhjMmx6T201aGJXVnpPblJqT2xOQlRVdzZNaTR3T21GemMyVnlkR2x2YmlJZ1NVUTlJblYxYVdRdE9XUTJNek5pTkRrdFpURTJOQzAwWlRJeUxXSmhOR1l0T1dNell6RmlZalF5TnpjMklpQkpjM04xWlVsdWMzUmhiblE5SWpJd01UZ3RNRGd0TWpkVU1EYzZOVEk2TURZdU5qSXpXaUlnVm1WeWMybHZiajBpTWk0d0lqNDhjMkZ0YkRJNlNYTnpkV1Z5UG5kaFl5NWtZWE11YlhsaGRHOXpMbTVsZER3dmMyRnRiREk2U1hOemRXVnlQanhrY3pwVGFXZHVZWFIxY21VZ2VHMXNibk02WkhNOUltaDBkSEE2THk5M2QzY3Vkek11YjNKbkx6SXdNREF2TURrdmVHMXNaSE5wWnlNaVBqeGtjenBUYVdkdVpXUkpibVp2UGp4a2N6cERZVzV2Ym1sallXeHBlbUYwYVc5dVRXVjBhRzlrSUVGc1oyOXlhWFJvYlQwaWFIUjBjRG92TDNkM2R5NTNNeTV2Y21jdk1qQXdNUzh4TUM5NGJXd3RaWGhqTFdNeE5HNGpJaTgrUEdSek9sTnBaMjVoZEhWeVpVMWxkR2h2WkNCQmJHZHZjbWwwYUcwOUltaDBkSEE2THk5M2QzY3Vkek11YjNKbkx6SXdNREF2TURrdmVHMXNaSE5wWnlOeWMyRXRjMmhoTVNJdlBqeGtjenBTWldabGNtVnVZMlVnVlZKSlBTSWpkWFZwWkMwNVpEWXpNMkkwT1MxbE1UWTBMVFJsTWpJdFltRTBaaTA1WXpOak1XSmlOREkzTnpZaVBqeGtjenBVY21GdWMyWnZjbTF6UGp4a2N6cFVjbUZ1YzJadmNtMGdRV3huYjNKcGRHaHRQU0pvZEhSd09pOHZkM2QzTG5jekxtOXlaeTh5TURBd0x6QTVMM2h0YkdSemFXY2paVzUyWld4dmNHVmtMWE5wWjI1aGRIVnlaU0l2UGp4a2N6cFVjbUZ1YzJadmNtMGdRV3huYjNKcGRHaHRQU0pvZEhSd09pOHZkM2QzTG5jekxtOXlaeTh5TURBeEx6RXdMM2h0YkMxbGVHTXRZekUwYmlNaUx6NDhMMlJ6T2xSeVlXNXpabTl5YlhNK1BHUnpPa1JwWjJWemRFMWxkR2h2WkNCQmJHZHZjbWwwYUcwOUltaDBkSEE2THk5M2QzY3Vkek11YjNKbkx6SXdNREF2TURrdmVHMXNaSE5wWnlOemFHRXhJaTgrUEdSek9rUnBaMlZ6ZEZaaGJIVmxQa3hXU0RJNFRVMHlZVU5hYkdVM2RuSnVTM0Z3YmxnMllXOTRVVDA4TDJSek9rUnBaMlZ6ZEZaaGJIVmxQand2WkhNNlVtVm1aWEpsYm1ObFBqd3ZaSE02VTJsbmJtVmtTVzVtYno0OFpITTZVMmxuYm1GMGRYSmxWbUZzZFdVK0RRcFJlbkpoVFhWNFVsZGhNVE16YkVGNE0yaFBRbXhCT1ZwSlVISTJiMUJoUWpBNFJFWXZNR1JQVkhGdVRESk1SMHhvZEhNeGEzcExWemxMTldoMlJuVnZSMmxYTjFKSWFIWlpkbTF5RFFweVdVbDBSbEp2UzNJd1kxQm1WRUpWZDBWVk1GaDNSUzlqYUdsR01FMDJSamRaVHpjMlMzWnJiRlJIZVhZdlFqUmhaRzVHYlhZdlpHNUZVeXRqT1RWclR6Tk5ja2g0T1hscFpVNHZEUXByT1RVeUswRnpkR1p4TVZZM2RGQjRUazFNWmxsU09YRnRZekZCWlc1VmNtZHJlbGxyV1hSQ2NtNUhOVElyWkdNNU5qUnZLMVpHUXprck5FbzBibTU1YUdSRFUxbHhZbEZCWVZWekRRcE1kWGx1UjFScFFrNDROMHh5ZWs4MmIwTkdPRlZMUW5wNmNUaFlPR04yWVhCd2JUaEdiMjFMTmtzdmVHTmxWVkk1TmxWV1dVZE1ka2xoU21sbGNYUjBka2d2VGxsRmNIZFNSR2RyRFFwUkt6WTJSUzlIUW5Kd2FYSXZhbGxYYjNwQmIyc3JLMGRtWWtsWFJHaDBhbVJFYzB3dlFUMDlEUW84TDJSek9sTnBaMjVoZEhWeVpWWmhiSFZsUGp4a2N6cExaWGxKYm1adlBqeGtjenBZTlRBNVJHRjBZVDQ4WkhNNldEVXdPVU5sY25ScFptbGpZWFJsUGsxSlNVWkpla05EUWtGMVowRjNTVUpCWjBsT1FVOWxTRmN3VVVGQlFVRkJWVTVoTlhCRVFVNUNaMnR4YUd0cFJ6bDNNRUpCVVhOR1FVUkRRblZxUlV4TlFXdEhRVEZWUlVKb1RVTldWazE0Um1wQlZVSm5UbFpDUVc5VVJGVldkV1JJU2pGak0xRnpTVVZzZFZsNU5IaExSRUZ0UW1kT1ZrSkJjMVJJTVU1c1dsTkNNMlF6WTNWYVZ6VXdZMjVXZW1SRE5YVmFXRkYyWWtkV2JsbFhkM1JrUjFaNVlsaE5lRTlVUVROQ1owNVdRa0Z6VkUxRGFHcExVMEY1VFVSRmVVbEZWblZrU0VveFl6TlJjMGxGYkhWWmVUUm5URk5DYldJelNXZFpXRll3WVVjNWVXRlljR3hhUTBJeFl6SlZaMkl5TlhObFZFVjFUVU4zUjBFeFZVVkJlRTFzVWxjMU1HTnVWbnBrUTBKRVdsaEtNR0ZYV25CWk1rWXdZVmM1ZFVsRlJqRmtSMmgyWTIxc01HVlRRWFJKUlhkNFUzcEJaVVozTUhoT2FrRjRUVlJyZUU1RVJURk5lbWhoUm5jd2VFOVVRWGhOVkd0NFRrUlJNVTE2WkdGTlJqUjRRM3BCU2tKblRsWkNRVmxVUVd0YVUwMVJPSGRFVVZsRVZsRlJTRVYzV2tOYVdIQjJZbTVOZUVSVVFVeENaMDVXUWtGdlZFSkZSakJpTTAxNFJGUkJURUpuVGxaQ1FYTlVRa1ZHTUdJelRYaEpSRUZsUW1kT1ZrSkJUVlJHTTA1b1lsZDNlVTFFUlRKTVdFSjVXa00xZEdWWFJqQmlNMDExWW0xV01FMUpTVUpKYWtGT1FtZHJjV2hyYVVjNWR6QkNRVkZGUmtGQlQwTkJVVGhCVFVsSlFrTm5TME5CVVVWQmJETkVabGxSVWt0cFVIWmFXRXQyV1d0R1ZGVTRRelF2YmsxallVdEJiVGhQWlM5WllWTlZjV2N4ZEdaTlkwRTRhRWR0TjNNNVYwRTJSVzVUYTFwR016aHJSVVpLUlZkbGRsQllkMHQ2WkV4SE1XcE9UVzVOVTFoSE5VNUdkSEZ5Y0ZOWE0wNUtOME13VUV4QlV6UlJVVUY1YkdaUVdYWndTVWhWTkhjdlJXVlhWemh0VTJkQmREVlBObmhWVVhoSVkySnlVRkpqU1ZoVE9GazRhR2hSY1ZWR05qRmpiMHgwTVVwQ1pYTjJRMHN5VkUxV1ZFaDRXQzlVWTAxUk4xWk1ZVmhUYW5kb1ZtUXdaamM0ZDFOS2JWWXlWbmhoZVZCQlpVVlZWMlY1ZW1OaFkwNTBNMlV3Y1VKcWNYZFNaVlZ3U1VnNWVscEpiMWhIUkRCelIzTlhUSGQzTmpWeVYxVk1TbW94VjJzeE1tTnlWVGx3WVhkNlpVSXlSMk12UWtKdFdVSldjMjl5WjJzNWJrVlFaR1pYTUVwaEsxSlVlWEF4VTIxMGJtTmpWbU5wU0RnMmJDOUdhV1ZQUWpkWVlrUlhja0lyWW5KUlNVUkJVVUZDYnpSSlFtZFVRME5CV0RCM1EzZFpSRlpTTUZCQ1FWRkVRV2RYWjAxQ1RVZEJNVlZrU2xGUlRVMUJiMGREUTNOSFFWRlZSa0ozVFVKTlJFMUhRVEZWWkVoM1VYTk5RMjkzUzB0QmJXOURVMGRKYldnd1pFaEJOa3g1T1dwamJYZDFXbGMxTUdOdVZucGtRelYxV2xoUmRtSkhWakphVjNkNFlYazFhbU50ZDNkVGQxbEVWbEl3WjBKRlVYZFJha0V5UW1kd1oyaHJaMEpvZG5CelEyZEZSazFEWjNkS1oxbEpTM2RaUWtKUlZVaEJaMFZYUjIxb01HUklRVFpNZVRrelpETmpkVnBYTlRCamJsWjZaRU0xZFZwWVVYWmpia0pvVFVGblIwSnRaVUpFUVVWRFFXcENiMEpuWjNKQ1owVkdRbEZqUWtGUlVtTk5SbTkzU1hkWlNVdDNXVUpDVVZWSVRVRkhSMFl5YURCa1NFRTJUSGs1ZGxrelRuZE1iVloxWkVoS01XTXpVWFZpYlZZd1RVUk5SME5EYzBkQlVWVkdRbnBCUTJocFpHOWtTRkozVDJrNGRsbFhiR2hNYlZaMVpFaEtNV016VVhWaWJWWXdUREozZUdGNU1XcGhSMFp3WW1wSk1VNXBOV3BhV0VsM1NXZFpSRlpTTUZKQ1FuTjNSMWxKV0dNeVJuUmlSRWwzVFZSWmRHTklTbXRNYlRFMVdWaFNkbU41TlhWYVdGRjNTSGRaUkZaU01HcENRbWQzUm05QlZXZHhTbmRrVGpJNFZYb3ZVR1U1VkRONldDdHVXVTFaUzFSTU9IZElVVmxFVmxJd1QwSkNXVVZHUjFBMmNHbEJLekJtYlZwVmJXTnVhRFpHYnpOWFMyVTBaRVJuVFVGclIwRXhWV1JGZDFGRFRVRkJkMFJSV1VwTGIxcEphSFpqVGtGUlJVeENVVUZFWjJkRlFrRkVUaTkyUjBOQ2VIaDFWM2xPZG5vMGJVOTVkVkJFV1ZodlpuRjRVVlowVDJRclMyWklXazVxVkd4cll6ZDJlbmg0V0RObFZIUlhSR0Z0VEd0a0t6VmlWazlaUVdkbldWWTRLMnAyTTFSNE9VVjFObFpKTW5RckwzY3lRMWx6U1ZkYWVteFdXRFpzY0dWaVMwSjJSWEJ1VERsaU5FeEZUbFJDVGtwNmJFSlFkVWhhTTFrNFNHdFBPRVl4WWpSbk9WTlpLMGR1VWt4c1EyNDFkM295TkRscWJqQk1hWFpPVVhwUFpqRlhSVlV6UVRKcFRXaFdZVzFCUVVSSFoyTXJPRk41WW1GVGJETnVTbGxqTldJM05EbG5aSGwzUWtJeFltNVJMelZSZUN0cU5tdFRTWGhTZUZoclYxQlVhRmxXWm5KWlZWSjVaekF3WVdKcmRGTXZURXcwZVZabGNIWjRTWG8wYkZScFJsSkxjQ3RGUW10V1VsRjVjRGw0WjJOUU1VZEVPVXhYTm1KSmJYcFZTREZQTlZwaFJsSTBjSFF2TVhWYVJtcFhRbWwzTlVscVZIZGxibXd6U1U5UVFqVmhVbGhVVmtzMFJuYzlQQzlrY3pwWU5UQTVRMlZ5ZEdsbWFXTmhkR1UrUEM5a2N6cFlOVEE1UkdGMFlUNDhaSE02V0RVd09VUmhkR0UrUEdSek9sZzFNRGxEWlhKMGFXWnBZMkYwWlQ1TlNVbEdSR3BEUTBFdllXZEJkMGxDUVdkSlRVUjFiRTEzZDBGQlFVRkNVakF6WlVaTlFUQkhRMU54UjFOSllqTkVVVVZDUTNkVlFVMUpSeXROVVhOM1ExRlpSRlpSVVVkRmQwcFdWWHBGVjAxQ1VVZEJNVlZGUTJoTlRsSlhOVEJqYmxaNlpFTjNaMU5YTldwTWFrVnZUVU5aUjBFeFZVVkRlRTFtVlRKV2JFbElaRE5rZVRWc1ltNVNlV1JZVGpCTWJUVnNaRU01YzFwWFpHaGlRekV3V2xoS2RHTjZSVFZOUkdOSFFURlZSVU40VFhkTFIwMXdTVVJKZDAxRWEyZFNWelV3WTI1V2VtUkRkMmRUVnpWcVRHbEJkRWxIV25aamFVSm9aRmhTYjJJelNuQmxiVlpyU1VoV2VscFRRblppYlhnMVRWUkpkMDFCV1VSV1VWRkVSWGxzUm1KdVVubGtXRTR3U1VaS2RtSXpVV2RSTWxaNVpFZHNiV0ZYVG1oa1IyeDJZbWxDUW1SWVVtOWlNMHB3WkVocloweFRRa2hOYWtGbFJuY3dlRTVVUlhkTlJGVjRUMVJGZWs1VVdtRkdkekI2VFVSRmVVMUVWWGhQVkZGNlRsUmFZVTFKUnpaTlVYTjNRMUZaUkZaUlVVZEZkMHBXVlhwRlYwMUNVVWRCTVZWRlEyaE5UbEpYTlRCamJsWjZaRU4zWjFOWE5XcE1ha1Z2VFVOWlIwRXhWVVZEZUUxbVZUSldiRWxJWkROa2VUVnNZbTVTZVdSWVRqQk1iVFZzWkVNNWMxcFhaR2hpUXpFd1dsaEtkR042UlRWTlJHTkhRVEZWUlVONFRYZExSMDF3U1VSSmQwMVVTV2RTVnpVd1kyNVdlbVJEZDJkVFZ6VnFUR2xCZEVsSFduWmphVUpvWkZoU2IySXpTbkJsYlZaclNVaFdlbHBUUW5aaWJYZzFUVk0wZDB4QldVUldVVkZFUlhsV1JtSnVVbmxrV0U0d1NVVk9iR051VW5CYWJXeHFXVmhTY0dJeU5HZFJXRll3WVVjNWVXRllValZKUXpCblZFUkdURTFKU1VKSmFrRk9RbWRyY1docmFVYzVkekJDUVZGRlJrRkJUME5CVVRoQlRVbEpRa05uUzBOQlVVVkJNbW9yVnpCRk1qVk1NRlJ1TW5wc1pXMHhSSFZZUzFab01tdEdibFYzYlhGQlNuRlBWak00Y0dFNWRrZzBVMFZyY1dweVVXcFZZMm93ZFRGNVJuWkRVa2xrU21SME4yaE1jVWxQVUhRMVJYbGhUUzlQU2xwTmMzTnVNbGg1VURkQ2RFSmxOa05hTkVSclNrNDNaa1Z0UkVsdGFVdHRPVFZJZDNwSFdXVnBOVGxSUVhaVE4zbzNWSE52ZVhGcU1HbHdMM2RFYjB0V1owYzVOMkZVVjNCU2VrcHBZWFJYUVRkc1VYSnFWalp1VGpWYVIyaFVTbUpwUlhvMVVqWnlaMXBHUkV0T2NsUmtSRWQyZFc5WmNFUmlkMnR5U3paSVNXbFFUMnhLTHpreE5YUm5lSGxrT0VJdmJIYzVZbVJ3V0dsVFVHSkNkRXhQY2twNk5WSkNSMWhHUldGTWNFaFFRVlJ3V0dKdkt6aEVXRE5HWW1GbE9HazBWa2hxT1VoNVRXYzBjRE5PUmxoVk1uZFBOMGRQUm5sck16WjBNRVpCVTBzM2JFUlpjV3BXY3pFdmJFMWFUSGRvUjNkVGNYcEhiVWxrVkdsMldrZDNTVVJCVVVGQ2J6UkpRa1JFUTBOQlVXZDNSR2RaUkZaU01GQkJVVWd2UWtGUlJFRm5SVWROUWtsSFFURlZaRVYzUlVJdmQxRkpUVUZaUWtGbU9FTkJVVUYzVFhkWlNVdDNXVUpDVVZWSVFWRkZSVXA2UVd4TlEwMUhRME56UjBGUlZVWkNla0ZDYUdoa2IyUklVbmRQYVRoMllqSk9lbU5ETld4aWJsSjVaRmhPTUV4dE5XeGtSRUYzUW1kT1ZraFNPRVZMVkVGdVRVTlhaMGsyUVdob2FEbHZaRWhTZDA5cE9IWlpNMHB6VEcxV2RXUklTakZqTTFGMVltMVdNRXd5WTNsWk1rVjFXVE5LYzAxRWMwZEJNVlZrU1VGUk1FMUVTWGROUVZsRlZsSXdaMEZFUVc5TlExbEhRME56UjBGUlZVWkNkMGxDUm1od2IyUklVbmRQYVRoMlpETmtNMHh0Vm5Wa1NFb3hZek5SZFdKdFZqQk1NMHAzV1ZSQlpFSm5UbFpJVVRSRlJtZFJWV2R4U25ka1RqSTRWWG92VUdVNVZETjZXQ3R1V1UxWlMxUk1PSGRJZDFsRVZsSXdha0pDWjNkR2IwRlZZVzVKYldWMFFXVTNNek51VHpKc1VqRkhlVTV1TlVGVFduRnpkMFJSV1VwTGIxcEphSFpqVGtGUlJVeENVVUZFWjJkRlFrRkVibFpxY0dsRVdXTm5jMWs1VG5kSVVtdDNlUzlaU25KTmVIQXhZMjVqVGpCSWVVMW5MM1prVFU1Wk9XNW5ia05VVVVsc1drbDJNVGtyTkc4dk1FOW5aVzFyYms1TkwxUlhaM0pHVkVWTFJtTjRVMEpLVUc5ck1VUkVNbUpJYVRSWGFUTlBaMnd3T0ZSU1dVTnFPVE50UlVNME5XMXFMMWhsVkVsU2MxaHpaMlJtU21kb2FHTm5PRFY0TWt4NUwzSkthME5yT1hWVmJVbFVVMjVMWVRFdmJIazNPRVZ4ZGtsaGVrTlFNR3RyV2psWmRXcHpLM042UjFGV1IwaE1iR0pJWmxSVmNXazFNMWt5YzBGRmJ6RkhaRkoyWXpaT01UY3lkR3QzSzBOT1ozaExhR2wxWTA5b2F6TlpkRU5CWW5adGNXeHFSWFJ2V25WTmNuZ3haMHdyTVZsUk1VcElOMGhrVFhoWFFrTk5VazlPTVdWNFEyUjBWR2w0T1hGeVMyZFhVbk0yVUV4cFoxWlhXRlZZTDJoM2FXUlJiM05yT0ZkM1FrUTViSFUxTVdGWU9DOTNaRkZSUjJOSWMwWllkM1F6TlhWTVkzYzlQQzlrY3pwWU5UQTVRMlZ5ZEdsbWFXTmhkR1UrUEM5a2N6cFlOVEE1UkdGMFlUNDhaSE02V0RVd09VUmhkR0UrUEdSek9sZzFNRGxEWlhKMGFXWnBZMkYwWlQ1TlNVbEZMM3BEUTBFclpXZEJkMGxDUVdkSlJWVmtUa0ZTUkVGT1FtZHJjV2hyYVVjNWR6QkNRVkZ6UmtGRVEwSnpSRVZNVFVGclIwRXhWVVZDYUUxRFZsWk5lRVpxUVZWQ1owNVdRa0Z2VkVSVlZuVmtTRW94WXpOUmMwbEZiSFZaZVRSNFQxUkJNMEpuVGxaQ1FYTlVUVWhrTTJSNU5XeGlibEo1WkZoT01FeHROV3hrUXpsRVZVWk5aMkZZVFdkaFZ6VnFZak5LZDJJelNtaGtSMVpyU1VkS05VbElTbXhhYlZaNVdsYzFhbHBVUldaTlFqQkhRVEZWUlVONFRWZExSMDF3U1VSSmQwMUVXV2RTVnpVd1kyNVdlbVJEZDJkVFZ6VnFUR3BGZEUxRGMwZEJNVlZGUVhoTmExSlhOVEJqYmxaNlpFTkNVMkl5T1RCSlJVNXNZMjVTY0ZwdGJHcFpXRkp3WWpJMFoxRllWakJoUnpsNVlWaFNOVTFDTkZoRVZFVXdUVVJyZVUxcVJUTk5WRkV4VGpGdldFUlVTVEJOUkd0NVRYcEJlRTE2UlRGTk1XOTNaMkkwZUVONlFVcENaMDVXUWtGWlZFRnNWbFJOVWxsM1JrRlpSRlpSVVV0RmR6RkdZbTVTZVdSWVRqQk1RMEpLWW0xTmRVMVRaM2RLWjFsRVZsRlJURVY0T1ZSYVYxVm5aRE5rTTB4dFZuVmtTRW94WXpOUmRXSnRWakJNTW5oc1dqSkdjMHhZVW14amJURjZUVlJyZDA1M1dVUldVVkZNUlhwQmIxbDVhMmROYWtGM1QxTkNSbUp1VW5sa1dFNHdURU5DU21KdFRYVkpRekJuV20wNWVVbEhSakZrUjJoMlkyMXNObHBYVVdka1dFNXNTVWM1ZFdKSWEzaE5ha0YzUW1kT1ZrSkJUVlJMVlZaMVpFaEtNV016VVdkVmJUbDJaRU5DUkZwWVNqQmhWMXB3V1RKR01HRlhPWFZKUlVZeFpFZG9kbU50YkRCbFUwRjBTVVZqZVUxSlNVSkpha0ZPUW1kcmNXaHJhVWM1ZHpCQ1FWRkZSa0ZCVDBOQlVUaEJUVWxKUWtOblMwTkJVVVZCZFc5VE1tTjBkV1ZFUjNacGJXVnJkMEZoWkRJMmFrczBiRlZGWVhsa2NHaFViR2g1ZWk4M01tZHViUzlqTWtWSFEzRlZiakpNVG1Zd01GWlBTRWhNVjFScVRIbGpiMjlRT1RSTldqQkhjVUZuUVVKR1NISkVTRFUxY1M5RmJHTnVTRXRPYjB4M2NVaDJWM0J5Ukd3MWJEaDRlRE14WkZOR2FsaEJhSFJNVFhrMU5IVnBNVmxaTlVGeVJ6UXdhMlpQTlUxc1NuaEVkVzR6ZG5SVlpsWmxLemhQYUhWM2JtMTVUMmQwVmpSc1ExbEdha2xVV0VNNU5GWnpTRU5zVEZCNVYzVlJibTF3T0dzeE9HSnpNRXB6YkdkMVVFMTNjMUpHZUZsNVdHVm5XbkpMYUVkbWNWRndkVk5FZEhZeU9WRlNSMVZNTTJwM1pTODVWazVtYmtRM01FWjVlbTFoWVhoUFRXdDRhV1FyY1RNMlQxYzNUa3gzV21rMk5tTlZaV1V6Wm5KV1ZITlVUV2sxVnpOUVkwUjNZU3QxUzJKYU4yRkVPVWt5YkhJeVNrMVVaVUpaY2tkUk1FVm5VRFIwYnpKVldYbFRhMk5SU1VSQlVVRkNielJKUWtSNlEwTkJVWE4zUkdkWlJGWlNNRkJCVVVndlFrRlJSRUZuUlVkTlFrbEhRVEZWWkVWM1JVSXZkMUZKVFVGWlFrRm1PRU5CVVVWM1RYZFpTVXQzV1VKQ1VWVklRVkZGUlVwNlFXeE5RMDFIUTBOelIwRlJWVVpDZWtGQ2FHaGtiMlJJVW5kUGFUaDJZakpPZW1ORE5XeGlibEo1WkZoT01FeHROV3hrUkVGNlFtZE9Wa2hTT0VWTVJFRnhUVU5wWjBweFFXdG9hVXB2WkVoU2QwOXBPSFpaTTBwelRHMVdkV1JJU2pGak0xRjFZbTFXTUV3elNuWmlNMUpxV1ZSRmRWa3pTbk5OUkhOSFFURlZaRWxCVVRCTlJFbDNUVUZaUlZaU01HZEJSRUZ2VFVOWlIwTkRjMGRCVVZWR1FuZEpRa1pvY0c5a1NGSjNUMms0ZG1RelpETk1iVloxWkVoS01XTXpVWFZpYlZZd1REQk9VVlY2UVdSQ1owNVdTRkUwUlVablVWVmhia2x0WlhSQlpUY3pNMjVQTW14U01VZDVUbTQxUVZOYWNYTjNTSGRaUkZaU01HcENRbWQzUm05QlZXRktSR3RhTmxOdFZUUkVTR2h0WVdzNFptUk1VUzkxUlhaWE1IZEVVVmxLUzI5YVNXaDJZMDVCVVVWTVFsRkJSR2RuUlVKQlIydDZaeTkzYjJWdE9UazNOVEZXTmpoVksyVndNVEZ6T0hwRVQwUmlXazVMU1c5aFFtcHhTRzF1VkhabFpsRmtPWEUwUVVsT1QxTnpPWFl3WmtoQ1NXbzVNRFZRWlZsVFdqWmlkSEEzYURJMWFETk1WbGt3YzJGbk9ESm1NMEY2WTJVdlFsRlFWVUZ6V0hnMVkySmhRMHRWVkhneVNXcEZaRVpvVFVJeFoyaEZXSFpsWVdwSFNuQlBhM1E0TURCMVIyNUdSUzloVW5NNGJFWmpNMkV5YTNaYU1rTnNkbWhCTUdVek5sTnNUV3RVU1dwT01IRmpUbVJvTkM5U01HWTFTVTlLU2tsRGRIUXZibEExUmpKc01VaElSV2hXZEhkSU9YTXZTRUZJY2tkclZXMU5VbFJOV21JNWJqTnpjazFOTWxoc1VWcElXRTQzTlVKSGNHRmtOVzl4V0c1aFprOXlSVFpoVUdJd1FtOUhjbHBVZVVsQmFUQlVWbUZYU2pkTWRYWk5kWFZsVTJaWGJHNVFabmswWms0MVFtZzVRbkEyY205TFIwaHZZV3hWVDNwbFdFVnZaRzB5YUNzeFpFczNSVE5KUkdoQlBUd3ZaSE02V0RVd09VTmxjblJwWm1sallYUmxQand2WkhNNldEVXdPVVJoZEdFK1BHUnpPbGcxTURsRVlYUmhQanhrY3pwWU5UQTVRMlZ5ZEdsbWFXTmhkR1UrVFVsSlJXdFVRME5CTTIxblFYZEpRa0ZuU1VWU1YzUlJWa1JCVGtKbmEzRm9hMmxIT1hjd1FrRlJWVVpCUkVOQ2MwUkZURTFCYTBkQk1WVkZRbWhOUTFaV1RYaEdha0ZWUW1kT1ZrSkJiMVJFVlZaMVpFaEtNV016VVhOSlJXeDFXWGswZUU5VVFUTkNaMDVXUWtGelZFMUlaRE5rZVRWc1ltNVNlV1JZVGpCTWJUVnNaRU01UkZWR1RXZGhXRTFuWVZjMWFtSXpTbmRpTTBwb1pFZFdhMGxIU2pWSlNFcHNXbTFXZVZwWE5XcGFWRVZtVFVJd1IwRXhWVVZEZUUxWFMwZE5jRWxFU1hkTlJGbG5VbGMxTUdOdVZucGtRM2RuVTFjMWFreHFSWFJOUTNOSFFURlZSVUY0VFd0U1Z6VXdZMjVXZW1SRFFsTmlNamt3U1VWT2JHTnVVbkJhYld4cVdWaFNjR0l5TkdkUldGWXdZVWM1ZVdGWVVqVk5RalJZUkZSQk1rMVVSWGxPZWtsM1RXcE5NRTFzYjFoRVZFa3lUVlJGZVU1NlNYZE9WRTB3VFd4dmQyZGlRWGhEZWtGS1FtZE9Wa0pCV1ZSQmJGWlVUVkpaZDBaQldVUldVVkZMUlhjeFJtSnVVbmxrV0U0d1RFTkNTbUp0VFhWTlZHdDNUbmRaUkZaUlVVeEZla0l6WkROamRWcFhOVEJqYmxaNlpFTTFkVnBZVVhaUk1VSlVTVWRzZWtsSGJIVlpNamw1WTBjNWVWbFlVbXhhUTBKcFpWTkNlVnBYV214amJWWjFXVEpWZUVoNlFXUkNaMDVXUWtGelZFWnBhR3BMVTBGNVRVUkJNa2xGVm5Wa1NFb3hZek5SYzBsRmJIVlplVFI0VEZSQmNrSm5UbFpDUVUxVVNrVldkV1JJU2pGak0xRm5WVzA1ZG1SRFFrUmFXRW93WVZkYWNGa3lSakJoVnpsMVNVVkdNV1JIYUhaamJXd3daVlJEUTBGVFNYZEVVVmxLUzI5YVNXaDJZMDVCVVVWQ1FsRkJSR2RuUlZCQlJFTkRRVkZ2UTJkblJVSkJUR0ZXZEd0T1F5dHpXblJMYlRsSk16VlNUVTlXWTBZM2MwNDFSVlZHYjA1MU0zTXZjRzlDYWpaRk5FdFFlak5GUlZwdFRHc3daVWR5UldGVWMySlNkMHBYU1hOTmJpOU5XWE42UVRsMU0yY3pjeXRKU1ZKbE4ySktWMHRMWmpRMFRHeEJZMVJtUm5rd1kwOXNlWEJ2ZDBOTFZsbG9XR0pTT1c0eE1FTjJMMmRyZGtweVZEZGxWRTUxVVdkR1FTOURXWEZGUVU5M2QwTnFNRmw2Wm5ZNVMyeHRZVWsxVlZoTVJWZGxTREkxUkdWWE1FMVlTbW9yVTB0bVJra3daR05ZZGpGMU5YZzJNRGx0YUVZd1dXRkVWelpMUzJwaVNHcExXVVFyU2xoSFNYSmlOamhxTm5oVGJHdDFjVlZaTTJ0RmVrVmFOa1UxVG00NWRYTnpNbkpXZGtSc1ZXTmpjRFpsYml0Uk0xZ3daR2RPYlVKMU1XdHRkMmhJS3pWd1VHazVORVJyV21aek1FNTNOSEJuU0VKT2NucHBSMHh3TlM5V05pdGxSalkzY2toTmMyOUpWaXN5U0U1cWJtOW5VV2tyWkZCaE1rMXpRMEYzUlVGQllVOUNjMFJEUW5KVVFVOUNaMDVXU0ZFNFFrRm1PRVZDUVUxRFFWRlpkMFIzV1VSV1VqQlVRVkZJTDBKQlZYZEJkMFZDTDNwQmNrSm5UbFpJVWtGRlNrUkJhV2RCT0hsTlJFRXlUVlJGZVU1NlNYZE5hazB3VFd4eFFrUjZTWGROYWxsNFRWUkpNMDFxUVRGTmVsRjVWMnBCWmtKblRsWklVMDFGUjBSQlYyZENVbTlyVDFKdWNFdGFWR2ROWlVkYWNWUjRPVEIwUkNzMFV6bGlWRUZrUW1kT1ZraFJORVZHWjFGVllVcEVhMW8yVTIxVk5FUklhRzFoYXpobVpFeFJMM1ZGZGxjd2QwaFJXVXBMYjFwSmFIWmFPVUl3UlVGQ1FrRjNSR2h6U1ZacVkzVk5WRzh3VEdwQlJFRm5VMUZOUVRCSFExTnhSMU5KWWpORVVVVkNRbEZWUVVFMFNVSkJVVU5VTVVSRGR6RjNUV2RMZEVRMVdTdHBVa1JCVldkeFZqaGFlVzUwZVZSMFUzZ3lPVU5YS3pGU1lVZFRkMDFEVUdWNWRrbFhiMjVZT1hSUE1VdDZTM1IyYmpGSlUwMVpMMWxRZVhsWlFtdFdRbk01UmpoVk5IQk9NSGRDVDJWTlJIQlJORGRTWjNoU2VuZEphMU5PWTFWbGMzbENja28yV25WaFFVZEJWQzh6UWl0WWVFWk9VMUoxZWtaV1NqZDVWbFJoZGpVeVZuSXlkV0V5U2pkd09HVlNSR3BsU1ZKU1JIRXZjamN5UkZGdVRsTnBObkUzY0hsdVVEbFhVV05EYXpOU2RrdHhjMjU1Y2xFdk16a3ZNbTR6Y1hObE1IZEtZMGRGTW1wVVUxY3phVVJXZFhsalRuTk5iVFJvU0RKYU1HdGthM0YxVFNzcmRpOWxkVFpHVTNGa1VXZFFRMjVZUlhGVlRHdzRSbTFVZUZOUlpVUk9kRWRRVUVGVlR6WnVTVkJqYWpKQk56Z3hjVEIwU0hWMU1tZDFVVTlJV0hablVqRnRNSFprV0dORVlYcDJMM2R2Y2pORmJHaFdjMVF2YURVdlYzSlJPRHd2WkhNNldEVXdPVU5sY25ScFptbGpZWFJsUGp3dlpITTZXRFV3T1VSaGRHRStQQzlrY3pwTFpYbEpibVp2UGp3dlpITTZVMmxuYm1GMGRYSmxQanh6WVcxc01qcFRkV0pxWldOMFBqeHpZVzFzTWpwT1lXMWxTVVFnUm05eWJXRjBQU0oxY200NmIyRnphWE02Ym1GdFpYTTZkR002VTBGTlREb3hMakU2Ym1GdFpXbGtMV1p2Y20xaGREcFhhVzVrYjNkelJHOXRZV2x1VVhWaGJHbG1hV1ZrVG1GdFpTSWdUbUZ0WlZGMVlXeHBabWxsY2owaWQyRmpMbVJoY3k1dGVXRjBiM011Ym1WMElqNUJOalEzTWpRMVBDOXpZVzFzTWpwT1lXMWxTVVErUEhOaGJXd3lPbE4xWW1wbFkzUkRiMjVtYVhKdFlYUnBiMjRnVFdWMGFHOWtQU0oxY200NmIyRnphWE02Ym1GdFpYTTZkR002VTBGTlREb3lMakE2WTIwNlltVmhjbVZ5SWo0OGMyRnRiREk2VTNWaWFtVmpkRU52Ym1acGNtMWhkR2x2YmtSaGRHRWdTVzVTWlhOd2IyNXpaVlJ2UFNKZk1XUTFObVZtTm1ZMU5HRTVNRFkwWldFMU5qVXhORGxsTVdVek5qQTFORFFpSUU1dmRFOXVUM0pCWm5SbGNqMGlNakF4T0Mwd09DMHlOMVF3TnpvMU56b3dOaTQyTWpOYUlpQlNaV05wY0dsbGJuUTlJbWgwZEhCek9pOHZkWEpoTFdGaExtbDBMWE52YkhWMGFXOXVjeTVoZEc5ekxtNWxkQzlrWVc1aExXNWhMMkYxZEdndmMyRnRiQzFqYjI1emRXMWxjaTVqWjJraUx6NDhMM05oYld3eU9sTjFZbXBsWTNSRGIyNW1hWEp0WVhScGIyNCtQQzl6WVcxc01qcFRkV0pxWldOMFBqeHpZVzFzTWpwRGIyNWthWFJwYjI1eklFNXZkRUpsWm05eVpUMGlNakF4T0Mwd09DMHlOMVF3TnpvMU1qb3dOaTQyTWpOYUlpQk9iM1JQYms5eVFXWjBaWEk5SWpJd01UZ3RNRGd0TWpkVU1EYzZOVGM2TURZdU5qSXpXaUkrUEhOaGJXd3lPa0YxWkdsbGJtTmxVbVZ6ZEhKcFkzUnBiMjQrUEhOaGJXd3lPa0YxWkdsbGJtTmxQbWgwZEhCek9pOHZkWEpoTFdGaExtbDBMWE52YkhWMGFXOXVjeTVoZEc5ekxtNWxkQzlrWVc1aExXNWhMMkYxZEdndmMyRnRiQzFsYm1Sd2IybHVkQzVqWjJrL2NEMXpjREU4TDNOaGJXd3lPa0YxWkdsbGJtTmxQand2YzJGdGJESTZRWFZrYVdWdVkyVlNaWE4wY21samRHbHZiajQ4TDNOaGJXd3lPa052Ym1ScGRHbHZibk0rUEhOaGJXd3lPa0YxZEdodVUzUmhkR1Z0Wlc1MElFRjFkR2h1U1c1emRHRnVkRDBpTWpBeE9DMHdPQzB5TjFRd056bzFNam96TlM0MU16QmFJaUJUWlhOemFXOXVTVzVrWlhnOUluVjFhV1F0T1dRMk16TmlORGt0WlRFMk5DMDBaVEl5TFdKaE5HWXRPV016WXpGaVlqUXlOemMySWo0OGMyRnRiREk2UVhWMGFHNURiMjUwWlhoMFBqeHpZVzFzTWpwQmRYUm9ia052Ym5SbGVIUkRiR0Z6YzFKbFpqNTFjbTQ2YjJGemFYTTZibUZ0WlhNNmRHTTZVMEZOVERveUxqQTZZV002WTJ4aGMzTmxjenBZTlRBNVBDOXpZVzFzTWpwQmRYUm9ia052Ym5SbGVIUkRiR0Z6YzFKbFpqNDhMM05oYld3eU9rRjFkR2h1UTI5dWRHVjRkRDQ4TDNOaGJXd3lPa0YxZEdodVUzUmhkR1Z0Wlc1MFBqd3ZjMkZ0YkRJNlFYTnpaWEowYVc5dVBqd3ZjMkZ0YkRKd09sSmxjM0J2Ym5ObFBnPT0iIENvcnJlbGF0aW9uQmluZGluZz0iIiBVcmxFbmNvZGU9IlRydWUiIC8+DQogICAgICAgIDxGb3JtUG9zdFBhcmFtZXRlciBOYW1lPSJSZWxheVN0YXRlIiBWYWx1ZT0iaHR0cHM6Ly91cmEtYWEuaXQtc29sdXRpb25zLmF0b3MubmV0L3VyYS1zc28iIFJlY29yZGVkVmFsdWU9Imh0dHBzOi8vdXJhLWFhLml0LXNvbHV0aW9ucy5hdG9zLm5ldC91cmEtc3NvIiBDb3JyZWxhdGlvbkJpbmRpbmc9IiIgVXJsRW5jb2RlPSJUcnVlIiAvPg0KICAgICAgPC9Gb3JtUG9zdEh0dHBCb2R5Pg0KICAgIDwvUmVxdWVzdD4NCiAgICA8UmVxdWVzdCBNZXRob2Q9IkdFVCIgR3VpZD0iYjRlZGFkZjAtMjVjOC00M2I5LTljMzUtMGYxYjhjN2UwYTZkIiBWZXJzaW9uPSIxLjEiIFVybD0iaHR0cHM6Ly91cmEtYWEuaXQtc29sdXRpb25zLmF0b3MubmV0L2RhbmEtbmEvaHRtbC9ibGFuay5odG1sIiBUaGlua1RpbWU9IjIiIFRpbWVvdXQ9IjMwMCIgUGFyc2VEZXBlbmRlbnRSZXF1ZXN0cz0iVHJ1ZSIgRm9sbG93UmVkaXJlY3RzPSJUcnVlIiBSZWNvcmRSZXN1bHQ9IlRydWUiIENhY2hlPSJGYWxzZSIgUmVzcG9uc2VUaW1lR29hbD0iMCIgRW5jb2Rpbmc9InV0Zi04IiBFeHBlY3RlZEh0dHBTdGF0dXNDb2RlPSIwIiBFeHBlY3RlZFJlc3BvbnNlVXJsPSIiIFJlcG9ydGluZ05hbWU9IiIgSWdub3JlSHR0cFN0YXR1c0NvZGU9IkZhbHNlIiAvPg0KICAgIDxSZXF1ZXN0IE1ldGhvZD0iR0VUIiBHdWlkPSJkNGI5NTkwOC01OThhLTQzNjUtOTRjYS1lYWU0MDU5Mjc5Y2UiIFZlcnNpb249IjEuMSIgVXJsPSJodHRwczovL3VyYS1hYS5pdC1zb2x1dGlvbnMuYXRvcy5uZXQvZGFuYS1uYS9hdXRoL3VybF8xNC93ZWxjb21lLmNnaSIgVGhpbmtUaW1lPSIzNSIgVGltZW91dD0iMzAwIiBQYXJzZURlcGVuZGVudFJlcXVlc3RzPSJUcnVlIiBGb2xsb3dSZWRpcmVjdHM9IlRydWUiIFJlY29yZFJlc3VsdD0iVHJ1ZSIgQ2FjaGU9IkZhbHNlIiBSZXNwb25zZVRpbWVHb2FsPSIwIiBFbmNvZGluZz0idXRmLTgiIEV4cGVjdGVkSHR0cFN0YXR1c0NvZGU9IjAiIEV4cGVjdGVkUmVzcG9uc2VVcmw9IiIgUmVwb3J0aW5nTmFtZT0iIiBJZ25vcmVIdHRwU3RhdHVzQ29kZT0iRmFsc2UiPg0KICAgICAgPFF1ZXJ5U3RyaW5nUGFyYW1ldGVycz4NCiAgICAgICAgPFF1ZXJ5U3RyaW5nUGFyYW1ldGVyIE5hbWU9InAiIFZhbHVlPSJwcmVhdXRoIiBSZWNvcmRlZFZhbHVlPSJwcmVhdXRoIiBDb3JyZWxhdGlvbkJpbmRpbmc9IiIgVXJsRW5jb2RlPSJGYWxzZSIgVXNlVG9Hcm91cFJlc3VsdHM9IkZhbHNlIiAvPg0KICAgICAgICA8UXVlcnlTdHJpbmdQYXJhbWV0ZXIgTmFtZT0iaWQiIFZhbHVlPSJzdGF0ZV8yZTYyOGU3YWJlYWEyZmNhMWE5OTA4MzM4ZGZjYjAwZiIgUmVjb3JkZWRWYWx1ZT0ic3RhdGVfMmU2MjhlN2FiZWFhMmZjYTFhOTkwODMzOGRmY2IwMGYiIENvcnJlbGF0aW9uQmluZGluZz0iIiBVcmxFbmNvZGU9IkZhbHNlIiBVc2VUb0dyb3VwUmVzdWx0cz0iRmFsc2UiIC8+DQogICAgICAgIDxRdWVyeVN0cmluZ1BhcmFtZXRlciBOYW1lPSJzaWduaW5SZWFsbUlkIiBWYWx1ZT0iMTgiIFJlY29yZGVkVmFsdWU9IjE4IiBDb3JyZWxhdGlvbkJpbmRpbmc9IiIgVXJsRW5jb2RlPSJGYWxzZSIgVXNlVG9Hcm91cFJlc3VsdHM9IkZhbHNlIiAvPg0KICAgICAgPC9RdWVyeVN0cmluZ1BhcmFtZXRlcnM+DQogICAgPC9SZXF1ZXN0Pg0KICAgIDxSZXF1ZXN0IE1ldGhvZD0iR0VUIiBHdWlkPSI4ZWNiOGU4Yi02ZDVhLTQ2YzEtYjNmNS00NDI3YWE0MGY5MmEiIFZlcnNpb249IjEuMSIgVXJsPSJodHRwczovL3VyYS1hYS5pdC1zb2x1dGlvbnMuYXRvcy5uZXQvZGFuYS1uYS9hdXRoL3NldGNvb2tpZS5jZ2kiIFRoaW5rVGltZT0iMiIgVGltZW91dD0iMzAwIiBQYXJzZURlcGVuZGVudFJlcXVlc3RzPSJUcnVlIiBGb2xsb3dSZWRpcmVjdHM9IlRydWUiIFJlY29yZFJlc3VsdD0iVHJ1ZSIgQ2FjaGU9IkZhbHNlIiBSZXNwb25zZVRpbWVHb2FsPSIwIiBFbmNvZGluZz0idXRmLTgiIEV4cGVjdGVkSHR0cFN0YXR1c0NvZGU9IjAiIEV4cGVjdGVkUmVzcG9uc2VVcmw9IiIgUmVwb3J0aW5nTmFtZT0iIiBJZ25vcmVIdHRwU3RhdHVzQ29kZT0iRmFsc2UiIC8+DQogICAgPFJlcXVlc3QgTWV0aG9kPSJHRVQiIEd1aWQ9ImEzMDNmZGM2LTFlYzMtNDA4NS05YmY2LTdlYWQzMDllZTVmNiIgVmVyc2lvbj0iMS4xIiBVcmw9Imh0dHBzOi8vdXJhLWFhLml0LXNvbHV0aW9ucy5hdG9zLm5ldC9kYW5hL2hvbWUvc3RhcnRlcjAuY2dpIiBUaGlua1RpbWU9IjEiIFRpbWVvdXQ9IjMwMCIgUGFyc2VEZXBlbmRlbnRSZXF1ZXN0cz0iVHJ1ZSIgRm9sbG93UmVkaXJlY3RzPSJUcnVlIiBSZWNvcmRSZXN1bHQ9IlRydWUiIENhY2hlPSJGYWxzZSIgUmVzcG9uc2VUaW1lR29hbD0iMCIgRW5jb2Rpbmc9InV0Zi04IiBFeHBlY3RlZEh0dHBTdGF0dXNDb2RlPSIwIiBFeHBlY3RlZFJlc3BvbnNlVXJsPSJodHRwczovL3VyYS1hYS5pdC1zb2x1dGlvbnMuYXRvcy5uZXQvZGFuYS9ob21lL3N0YXJ0ZXIuY2dpIiBSZXBvcnRpbmdOYW1lPSIiIElnbm9yZUh0dHBTdGF0dXNDb2RlPSJGYWxzZSI+DQogICAgICA8Rm9ybVBvc3RIdHRwQm9keT4NCiAgICAgICAgPEZvcm1Qb3N0UGFyYW1ldGVyIE5hbWU9InhzYXV0aCIgVmFsdWU9IjMxODdiNGM5ZGEwNDFiY2M1YTlhODlmNGYyNWY4N2Q0IiBSZWNvcmRlZFZhbHVlPSIzMTg3YjRjOWRhMDQxYmNjNWE5YTg5ZjRmMjVmODdkNCIgQ29ycmVsYXRpb25CaW5kaW5nPSIiIFVybEVuY29kZT0iVHJ1ZSIgLz4NCiAgICAgICAgPEZvcm1Qb3N0UGFyYW1ldGVyIE5hbWU9InR6X29mZnNldCIgVmFsdWU9IjMzMCIgUmVjb3JkZWRWYWx1ZT0iMzMwIiBDb3JyZWxhdGlvbkJpbmRpbmc9IiIgVXJsRW5jb2RlPSJUcnVlIiAvPg0KICAgICAgICA8Rm9ybVBvc3RQYXJhbWV0ZXIgTmFtZT0iY2xpZW50dGltZSIgVmFsdWU9IjE1MzUzNTY0MDMiIFJlY29yZGVkVmFsdWU9IjE1MzUzNTY0MDMiIENvcnJlbGF0aW9uQmluZGluZz0iIiBVcmxFbmNvZGU9IlRydWUiIC8+DQogICAgICAgIDxGb3JtUG9zdFBhcmFtZXRlciBOYW1lPSJ1cmwiIFZhbHVlPSIiIFJlY29yZGVkVmFsdWU9IiIgQ29ycmVsYXRpb25CaW5kaW5nPSIiIFVybEVuY29kZT0iVHJ1ZSIgLz4NCiAgICAgICAgPEZvcm1Qb3N0UGFyYW1ldGVyIE5hbWU9ImFjdGl2ZXhfZW5hYmxlZCIgVmFsdWU9IjEiIFJlY29yZGVkVmFsdWU9IjEiIENvcnJlbGF0aW9uQmluZGluZz0iIiBVcmxFbmNvZGU9IlRydWUiIC8+DQogICAgICAgIDxGb3JtUG9zdFBhcmFtZXRlciBOYW1lPSJqYXZhX2VuYWJsZWQiIFZhbHVlPSIwIiBSZWNvcmRlZFZhbHVlPSIwIiBDb3JyZWxhdGlvbkJpbmRpbmc9IiIgVXJsRW5jb2RlPSJUcnVlIiAvPg0KICAgICAgICA8Rm9ybVBvc3RQYXJhbWV0ZXIgTmFtZT0icG93ZXJfdXNlciIgVmFsdWU9IjAiIFJlY29yZGVkVmFsdWU9IjAiIENvcnJlbGF0aW9uQmluZGluZz0iIiBVcmxFbmNvZGU9IlRydWUiIC8+DQogICAgICAgIDxGb3JtUG9zdFBhcmFtZXRlciBOYW1lPSJncmFiIiBWYWx1ZT0iMSIgUmVjb3JkZWRWYWx1ZT0iMSIgQ29ycmVsYXRpb25CaW5kaW5nPSIiIFVybEVuY29kZT0iVHJ1ZSIgLz4NCiAgICAgICAgPEZvcm1Qb3N0UGFyYW1ldGVyIE5hbWU9ImJyb3dzZXJwcm94eSIgVmFsdWU9IiIgUmVjb3JkZWRWYWx1ZT0iIiBDb3JyZWxhdGlvbkJpbmRpbmc9IiIgVXJsRW5jb2RlPSJUcnVlIiAvPg0KICAgICAgICA8Rm9ybVBvc3RQYXJhbWV0ZXIgTmFtZT0iYnJvd3NlcnR5cGUiIFZhbHVlPSIiIFJlY29yZGVkVmFsdWU9IiIgQ29ycmVsYXRpb25CaW5kaW5nPSIiIFVybEVuY29kZT0iVHJ1ZSIgLz4NCiAgICAgICAgPEZvcm1Qb3N0UGFyYW1ldGVyIE5hbWU9ImJyb3dzZXJwcm94eXNldHRpbmdzIiBWYWx1ZT0iIiBSZWNvcmRlZFZhbHVlPSIiIENvcnJlbGF0aW9uQmluZGluZz0iIiBVcmxFbmNvZGU9IlRydWUiIC8+DQogICAgICAgIDxGb3JtUG9zdFBhcmFtZXRlciBOYW1lPSJjaGVjayIgVmFsdWU9InllcyIgUmVjb3JkZWRWYWx1ZT0ieWVzIiBDb3JyZWxhdGlvbkJpbmRpbmc9IiIgVXJsRW5jb2RlPSJUcnVlIiAvPg0KICAgICAgPC9Gb3JtUG9zdEh0dHBCb2R5Pg0KICAgIDwvUmVxdWVzdD4NCiAgICA8UmVxdWVzdCBNZXRob2Q9IkdFVCIgR3VpZD0iOGJhNmVlNzctNWNmZS00NjFmLWIyZTEtM2I5MTM3YTM0Y2Y5IiBWZXJzaW9uPSIxLjEiIFVybD0iaHR0cHM6Ly91cmEtYWEuaXQtc29sdXRpb25zLmF0b3MubmV0L2RhbmEvaG9tZS9pbmRleC5jZ2kiIFRoaW5rVGltZT0iNyIgVGltZW91dD0iMzAwIiBQYXJzZURlcGVuZGVudFJlcXVlc3RzPSJUcnVlIiBGb2xsb3dSZWRpcmVjdHM9IlRydWUiIFJlY29yZFJlc3VsdD0iVHJ1ZSIgQ2FjaGU9IkZhbHNlIiBSZXNwb25zZVRpbWVHb2FsPSIwIiBFbmNvZGluZz0idXRmLTgiIEV4cGVjdGVkSHR0cFN0YXR1c0NvZGU9IjAiIEV4cGVjdGVkUmVzcG9uc2VVcmw9IiIgUmVwb3J0aW5nTmFtZT0iIiBJZ25vcmVIdHRwU3RhdHVzQ29kZT0iRmFsc2UiIC8+DQogICAgPFJlcXVlc3QgTWV0aG9kPSJHRVQiIEd1aWQ9ImZmNDNjZmZhLWE4ZWQtNDY0OS04NjcyLTBjN2MxODlmODFhYyIgVmVyc2lvbj0iMS4xIiBVcmw9Imh0dHBzOi8vdXJhLWFhLml0LXNvbHV0aW9ucy5hdG9zLm5ldC9kYW5hL25jL25jcnVuLmNnaSIgVGhpbmtUaW1lPSIyMiIgVGltZW91dD0iMzAwIiBQYXJzZURlcGVuZGVudFJlcXVlc3RzPSJUcnVlIiBGb2xsb3dSZWRpcmVjdHM9IlRydWUiIFJlY29yZFJlc3VsdD0iVHJ1ZSIgQ2FjaGU9IkZhbHNlIiBSZXNwb25zZVRpbWVHb2FsPSIwIiBFbmNvZGluZz0idXRmLTgiIEV4cGVjdGVkSHR0cFN0YXR1c0NvZGU9IjAiIEV4cGVjdGVkUmVzcG9uc2VVcmw9IiIgUmVwb3J0aW5nTmFtZT0iIiBJZ25vcmVIdHRwU3RhdHVzQ29kZT0iRmFsc2UiPg0KICAgICAgPFF1ZXJ5U3RyaW5nUGFyYW1ldGVycz4NCiAgICAgICAgPFF1ZXJ5U3RyaW5nUGFyYW1ldGVyIE5hbWU9ImxhdW5jaF9uYyIgVmFsdWU9IjEiIFJlY29yZGVkVmFsdWU9IjEiIENvcnJlbGF0aW9uQmluZGluZz0iIiBVcmxFbmNvZGU9IkZhbHNlIiBVc2VUb0dyb3VwUmVzdWx0cz0iRmFsc2UiIC8+DQogICAgICAgIDxRdWVyeVN0cmluZ1BhcmFtZXRlciBOYW1lPSJwc2FsYXBwIiBWYWx1ZT0ibmMiIFJlY29yZGVkVmFsdWU9Im5jIiBDb3JyZWxhdGlvbkJpbmRpbmc9IiIgVXJsRW5jb2RlPSJGYWxzZSIgVXNlVG9Hcm91cFJlc3VsdHM9IkZhbHNlIiAvPg0KICAgICAgPC9RdWVyeVN0cmluZ1BhcmFtZXRlcnM+DQogICAgPC9SZXF1ZXN0Pg0KICAgIDxSZXF1ZXN0IE1ldGhvZD0iR0VUIiBHdWlkPSJiNWNiNTE0Yy1jNzYxLTRkZmMtYWJiNC0zZmMwMWFhNWE0NjMiIFZlcnNpb249IjEuMSIgVXJsPSJodHRwczovL3VyYS1hYS5pdC1zb2x1dGlvbnMuYXRvcy5uZXQvZGFuYS1uYS9hdXRoL3JkLmNnaSIgVGhpbmtUaW1lPSIwIiBUaW1lb3V0PSIzMDAiIFBhcnNlRGVwZW5kZW50UmVxdWVzdHM9IlRydWUiIEZvbGxvd1JlZGlyZWN0cz0iVHJ1ZSIgUmVjb3JkUmVzdWx0PSJUcnVlIiBDYWNoZT0iRmFsc2UiIFJlc3BvbnNlVGltZUdvYWw9IjAiIEVuY29kaW5nPSJ1dGYtOCIgRXhwZWN0ZWRIdHRwU3RhdHVzQ29kZT0iMCIgRXhwZWN0ZWRSZXNwb25zZVVybD0iaHR0cHM6Ly91cmEtYWEuaXQtc29sdXRpb25zLmF0b3MubmV0L2RhbmEvaG9tZS9pbmRleC5jZ2kiIFJlcG9ydGluZ05hbWU9IiIgSWdub3JlSHR0cFN0YXR1c0NvZGU9IkZhbHNlIj4NCiAgICAgIDxGb3JtUG9zdEh0dHBCb2R5Pg0KICAgICAgICA8Rm9ybVBvc3RQYXJhbWV0ZXIgTmFtZT0iRFNQU0FMUFJFRiIgVmFsdWU9IjdxMkRXeHpuREFBQkFBQUEwQ1NWUVZNSXh6ZndrNEQwcE5keTJnTHhOSFFkZTJlci9QbnhoOXdkN0VvPSIgUmVjb3JkZWRWYWx1ZT0iN3EyRFd4em5EQUFCQUFBQTBDU1ZRVk1JeHpmd2s0RDBwTmR5MmdMeE5IUWRlMmVyL1BueGg5d2Q3RW89IiBDb3JyZWxhdGlvbkJpbmRpbmc9IiIgVXJsRW5jb2RlPSJUcnVlIiAvPg0KICAgICAgICA8Rm9ybVBvc3RQYXJhbWV0ZXIgTmFtZT0iRFNTaWduSW5VUkwiIFZhbHVlPSIvdXJhLXNzbyIgUmVjb3JkZWRWYWx1ZT0iL3VyYS1zc28iIENvcnJlbGF0aW9uQmluZGluZz0iIiBVcmxFbmNvZGU9IlRydWUiIC8+DQogICAgICAgIDxGb3JtUG9zdFBhcmFtZXRlciBOYW1lPSJEU0ZpcnN0QWNjZXNzIiBWYWx1ZT0iMTUzNTM1NjM5NyIgUmVjb3JkZWRWYWx1ZT0iMTUzNTM1NjM5NyIgQ29ycmVsYXRpb25CaW5kaW5nPSIiIFVybEVuY29kZT0iVHJ1ZSIgLz4NCiAgICAgICAgPEZvcm1Qb3N0UGFyYW1ldGVyIE5hbWU9IkRTU0lHTklOIiBWYWx1ZT0idXJsXzE0IiBSZWNvcmRlZFZhbHVlPSJ1cmxfMTQiIENvcnJlbGF0aW9uQmluZGluZz0iIiBVcmxFbmNvZGU9IlRydWUiIC8+DQogICAgICAgIDxGb3JtUG9zdFBhcmFtZXRlciBOYW1lPSJEU0xhc3RBY2Nlc3MiIFZhbHVlPSIxNTM1MzU2NDEwIiBSZWNvcmRlZFZhbHVlPSIxNTM1MzU2NDEwIiBDb3JyZWxhdGlvbkJpbmRpbmc9IiIgVXJsRW5jb2RlPSJUcnVlIiAvPg0KICAgICAgICA8Rm9ybVBvc3RQYXJhbWV0ZXIgTmFtZT0iRFNJRCIgVmFsdWU9Ijk5NDlhZGJmNDkyNWFkNGJkNDhlMTEwYTRhNjg5OWNkIiBSZWNvcmRlZFZhbHVlPSI5OTQ5YWRiZjQ5MjVhZDRiZDQ4ZTExMGE0YTY4OTljZCIgQ29ycmVsYXRpb25CaW5kaW5nPSIiIFVybEVuY29kZT0iVHJ1ZSIgLz4NCiAgICAgICAgPEZvcm1Qb3N0UGFyYW1ldGVyIE5hbWU9IkZJRE1fTG9jYWxlIiBWYWx1ZT0iZW5fVVMiIFJlY29yZGVkVmFsdWU9ImVuX1VTIiBDb3JyZWxhdGlvbkJpbmRpbmc9IiIgVXJsRW5jb2RlPSJUcnVlIiAvPg0KICAgICAgPC9Gb3JtUG9zdEh0dHBCb2R5Pg0KICAgIDwvUmVxdWVzdD4NCiAgICA8UmVxdWVzdCBNZXRob2Q9IkdFVCIgR3VpZD0iNGFlYjU0ZjMtYWNiNy00MDEzLThmNmQtMjU0NjBiZjYyZWMwIiBWZXJzaW9uPSIxLjEiIFVybD0iaHR0cHM6Ly93d3cubXNuLmNvbS9zcGFydGFuL2llbnRwIiBUaGlua1RpbWU9IjEiIFRpbWVvdXQ9IjMwMCIgUGFyc2VEZXBlbmRlbnRSZXF1ZXN0cz0iVHJ1ZSIgRm9sbG93UmVkaXJlY3RzPSJUcnVlIiBSZWNvcmRSZXN1bHQ9IlRydWUiIENhY2hlPSJGYWxzZSIgUmVzcG9uc2VUaW1lR29hbD0iMCIgRW5jb2Rpbmc9InV0Zi04IiBFeHBlY3RlZEh0dHBTdGF0dXNDb2RlPSIwIiBFeHBlY3RlZFJlc3BvbnNlVXJsPSIiIFJlcG9ydGluZ05hbWU9IiIgSWdub3JlSHR0cFN0YXR1c0NvZGU9IkZhbHNlIj4NCiAgICAgIDxEZXBlbmRlbnRSZXF1ZXN0cz4NCiAgICAgICAgPFJlcXVlc3QgTWV0aG9kPSJHRVQiIEd1aWQ9IjQ2ZDgwNzY4LTJmNGItNGEzMi05NzM5LTMzZWY4OTI4MWRkYyIgVmVyc2lvbj0iMS4xIiBVcmw9Imh0dHBzOi8vc3RhdGljLXNwYXJ0YW4tZWFzLXMtbXNuLWNvbS5ha2FtYWl6ZWQubmV0L3NjLzQ4L2E3YjYxZC53b2ZmIiBUaGlua1RpbWU9IjAiIFRpbWVvdXQ9IjMwMCIgUGFyc2VEZXBlbmRlbnRSZXF1ZXN0cz0iVHJ1ZSIgRm9sbG93UmVkaXJlY3RzPSJUcnVlIiBSZWNvcmRSZXN1bHQ9IlRydWUiIENhY2hlPSJGYWxzZSIgUmVzcG9uc2VUaW1lR29hbD0iMCIgRW5jb2Rpbmc9InV0Zi04IiBFeHBlY3RlZEh0dHBTdGF0dXNDb2RlPSIwIiBFeHBlY3RlZFJlc3BvbnNlVXJsPSIiIFJlcG9ydGluZ05hbWU9IiIgSWdub3JlSHR0cFN0YXR1c0NvZGU9IkZhbHNlIj4NCiAgICAgICAgICA8SGVhZGVycz4NCiAgICAgICAgICAgIDxIZWFkZXIgTmFtZT0iUmVmZXJlciIgVmFsdWU9Imh0dHBzOi8vd3d3Lm1zbi5jb20vc3BhcnRhbi9pZW50cD9sb2NhbGU9ZW4tSU4mYW1wO21hcmtldD1JTiZhbXA7ZW5hYmxlcmVndWxhdG9yeXBzbT0wJmFtcDtOVExvZ289MSZhbXA7SXNGUkU9MCIgLz4NCiAgICAgICAgICA8L0hlYWRlcnM+DQogICAgICAgIDwvUmVxdWVzdD4NCiAgICAgICAgPFJlcXVlc3QgTWV0aG9kPSJHRVQiIEd1aWQ9IjkzZTU3MmE4LTk1OGItNDdjYS1iMGM4LTBlMDM1YzIyZmExOCIgVmVyc2lvbj0iMS4xIiBVcmw9Imh0dHBzOi8vc3RhdGljLXNwYXJ0YW4tZWFzLXMtbXNuLWNvbS5ha2FtYWl6ZWQubmV0L3NjLzkyL2Q2NzVjNC53b2ZmIiBUaGlua1RpbWU9IjAiIFRpbWVvdXQ9IjMwMCIgUGFyc2VEZXBlbmRlbnRSZXF1ZXN0cz0iVHJ1ZSIgRm9sbG93UmVkaXJlY3RzPSJUcnVlIiBSZWNvcmRSZXN1bHQ9IlRydWUiIENhY2hlPSJGYWxzZSIgUmVzcG9uc2VUaW1lR29hbD0iMCIgRW5jb2Rpbmc9InV0Zi04IiBFeHBlY3RlZEh0dHBTdGF0dXNDb2RlPSIwIiBFeHBlY3RlZFJlc3BvbnNlVXJsPSIiIFJlcG9ydGluZ05hbWU9IiIgSWdub3JlSHR0cFN0YXR1c0NvZGU9IkZhbHNlIj4NCiAgICAgICAgICA8SGVhZGVycz4NCiAgICAgICAgICAgIDxIZWFkZXIgTmFtZT0iUmVmZXJlciIgVmFsdWU9Imh0dHBzOi8vd3d3Lm1zbi5jb20vc3BhcnRhbi9pZW50cD9sb2NhbGU9ZW4tSU4mYW1wO21hcmtldD1JTiZhbXA7ZW5hYmxlcmVndWxhdG9yeXBzbT0wJmFtcDtOVExvZ289MSZhbXA7SXNGUkU9MCIgLz4NCiAgICAgICAgICA8L0hlYWRlcnM+DQogICAgICAgIDwvUmVxdWVzdD4NCiAgICAgICAgPFJlcXVlc3QgTWV0aG9kPSJHRVQiIEd1aWQ9IjcyYjRkODdjLTdhYzctNDFkOC1iZDRjLTVjNTNiYjJjMDZhMyIgVmVyc2lvbj0iMS4xIiBVcmw9Imh0dHBzOi8vd3d3Lm1zbi5jb20vc3BhcnRhbi9lbi1zZy9pZW50cGFqYXgiIFRoaW5rVGltZT0iMCIgVGltZW91dD0iMzAwIiBQYXJzZURlcGVuZGVudFJlcXVlc3RzPSJUcnVlIiBGb2xsb3dSZWRpcmVjdHM9IlRydWUiIFJlY29yZFJlc3VsdD0iVHJ1ZSIgQ2FjaGU9IkZhbHNlIiBSZXNwb25zZVRpbWVHb2FsPSIwIiBFbmNvZGluZz0idXRmLTgiIEV4cGVjdGVkSHR0cFN0YXR1c0NvZGU9IjAiIEV4cGVjdGVkUmVzcG9uc2VVcmw9IiIgUmVwb3J0aW5nTmFtZT0iIiBJZ25vcmVIdHRwU3RhdHVzQ29kZT0iRmFsc2UiPg0KICAgICAgICAgIDxIZWFkZXJzPg0KICAgICAgICAgICAgPEhlYWRlciBOYW1lPSJDb250ZW50LVR5cGUiIFZhbHVlPSJodG1sIiAvPg0KICAgICAgICAgICAgPEhlYWRlciBOYW1lPSJSZWZlcmVyIiBWYWx1ZT0iaHR0cHM6Ly93d3cubXNuLmNvbS9zcGFydGFuL2llbnRwP2xvY2FsZT1lbi1JTiZhbXA7bWFya2V0PUlOJmFtcDtlbmFibGVyZWd1bGF0b3J5cHNtPTAmYW1wO05UTG9nbz0xJmFtcDtJc0ZSRT0wIiAvPg0KICAgICAgICAgIDwvSGVhZGVycz4NCiAgICAgICAgICA8Q29ycmVsYXRpb25FeHRyYWN0aW9uUnVsZXM+DQogICAgICAgICAgICA8RXh0cmFjdGlvblJ1bGUgQ2xhc3NuYW1lPSJNaWNyb3NvZnQuVmlzdWFsU3R1ZGlvLlRlc3RUb29scy5XZWJUZXN0aW5nLlJ1bGVzLkV4dHJhY3RUZXh0LCBNaWNyb3NvZnQuVmlzdWFsU3R1ZGlvLlF1YWxpdHlUb29scy5XZWJUZXN0RnJhbWV3b3JrLCBWZXJzaW9uPTEwLjAuMC4wLCBDdWx0dXJlPW5ldXRyYWwsIFB1YmxpY0tleVRva2VuPWIwM2Y1ZjdmMTFkNTBhM2EiIFZhcmlhYmxlTmFtZT0iUXVlcnlTdHJpbmdQYXJhbTI1LmZkaGVhZCIgRGlzcGxheU5hbWU9IiIgRGVzY3JpcHRpb249IiI+DQogICAgICAgICAgICAgIDxSdWxlUGFyYW1ldGVycz4NCiAgICAgICAgICAgICAgICA8UnVsZVBhcmFtZXRlciBOYW1lPSJTdGFydHNXaXRoIiBWYWx1ZT0iJmFtcDthbXA7ZmRoZWFkPSIgLz4NCiAgICAgICAgICAgICAgICA8UnVsZVBhcmFtZXRlciBOYW1lPSJFbmRzV2l0aCIgVmFsdWU9IiZhbXA7IiAvPg0KICAgICAgICAgICAgICAgIDxSdWxlUGFyYW1ldGVyIE5hbWU9IkluZGV4IiBWYWx1ZT0iMCIgLz4NCiAgICAgICAgICAgICAgICA8UnVsZVBhcmFtZXRlciBOYW1lPSJJZ25vcmVDYXNlIiBWYWx1ZT0iRmFsc2UiIC8+DQogICAgICAgICAgICAgICAgPFJ1bGVQYXJhbWV0ZXIgTmFtZT0iVXNlUmVndWxhckV4cHJlc3Npb24iIFZhbHVlPSJGYWxzZSIgLz4NCiAgICAgICAgICAgICAgICA8UnVsZVBhcmFtZXRlciBOYW1lPSJIdG1sRGVjb2RlIiBWYWx1ZT0iVHJ1ZSIgLz4NCiAgICAgICAgICAgICAgICA8UnVsZVBhcmFtZXRlciBOYW1lPSJSZXF1aXJlZCIgVmFsdWU9IkZhbHNlIiAvPg0KICAgICAgICAgICAgICA8L1J1bGVQYXJhbWV0ZXJzPg0KICAgICAgICAgICAgPC9FeHRyYWN0aW9uUnVsZT4NCiAgICAgICAgICAgIDxFeHRyYWN0aW9uUnVsZSBDbGFzc25hbWU9Ik1pY3Jvc29mdC5WaXN1YWxTdHVkaW8uVGVzdFRvb2xzLldlYlRlc3RpbmcuUnVsZXMuRXh0cmFjdFRleHQsIE1pY3Jvc29mdC5WaXN1YWxTdHVkaW8uUXVhbGl0eVRvb2xzLldlYlRlc3RGcmFtZXdvcmssIFZlcnNpb249MTAuMC4wLjAsIEN1bHR1cmU9bmV1dHJhbCwgUHVibGljS2V5VG9rZW49YjAzZjVmN2YxMWQ1MGEzYSIgVmFyaWFibGVOYW1lPSJRdWVyeVN0cmluZ1BhcmFtMjYuY3NvcGQiIERpc3BsYXlOYW1lPSIiIERlc2NyaXB0aW9uPSIiPg0KICAgICAgICAgICAgICA8UnVsZVBhcmFtZXRlcnM+DQogICAgICAgICAgICAgICAgPFJ1bGVQYXJhbWV0ZXIgTmFtZT0iU3RhcnRzV2l0aCIgVmFsdWU9IiZhbXA7YW1wO2Nzb3BkPSIgLz4NCiAgICAgICAgICAgICAgICA8UnVsZVBhcmFtZXRlciBOYW1lPSJFbmRzV2l0aCIgVmFsdWU9IiZhbXA7IiAvPg0KICAgICAgICAgICAgICAgIDxSdWxlUGFyYW1ldGVyIE5hbWU9IkluZGV4IiBWYWx1ZT0iMCIgLz4NCiAgICAgICAgICAgICAgICA8UnVsZVBhcmFtZXRlciBOYW1lPSJJZ25vcmVDYXNlIiBWYWx1ZT0iRmFsc2UiIC8+DQogICAgICAgICAgICAgICAgPFJ1bGVQYXJhbWV0ZXIgTmFtZT0iVXNlUmVndWxhckV4cHJlc3Npb24iIFZhbHVlPSJGYWxzZSIgLz4NCiAgICAgICAgICAgICAgICA8UnVsZVBhcmFtZXRlciBOYW1lPSJIdG1sRGVjb2RlIiBWYWx1ZT0iVHJ1ZSIgLz4NCiAgICAgICAgICAgICAgICA8UnVsZVBhcmFtZXRlciBOYW1lPSJSZXF1aXJlZCIgVmFsdWU9IkZhbHNlIiAvPg0KICAgICAgICAgICAgICA8L1J1bGVQYXJhbWV0ZXJzPg0KICAgICAgICAgICAgPC9FeHRyYWN0aW9uUnVsZT4NCiAgICAgICAgICAgIDxFeHRyYWN0aW9uUnVsZSBDbGFzc25hbWU9Ik1pY3Jvc29mdC5WaXN1YWxTdHVkaW8uVGVzdFRvb2xzLldlYlRlc3RpbmcuUnVsZXMuRXh0cmFjdFRleHQsIE1pY3Jvc29mdC5WaXN1YWxTdHVkaW8uUXVhbGl0eVRvb2xzLldlYlRlc3RGcmFtZXdvcmssIFZlcnNpb249MTAuMC4wLjAsIEN1bHR1cmU9bmV1dHJhbCwgUHVibGljS2V5VG9rZW49YjAzZjVmN2YxMWQ1MGEzYSIgVmFyaWFibGVOYW1lPSJRdWVyeVN0cmluZ1BhcmFtMjcuY3NvcGRiIiBEaXNwbGF5TmFtZT0iIiBEZXNjcmlwdGlvbj0iIj4NCiAgICAgICAgICAgICAgPFJ1bGVQYXJhbWV0ZXJzPg0KICAgICAgICAgICAgICAgIDxSdWxlUGFyYW1ldGVyIE5hbWU9IlN0YXJ0c1dpdGgiIFZhbHVlPSImYW1wO2FtcDtjc29wZGI9IiAvPg0KICAgICAgICAgICAgICAgIDxSdWxlUGFyYW1ldGVyIE5hbWU9IkVuZHNXaXRoIiBWYWx1ZT0iJnF1b3Q7IiAvPg0KICAgICAgICAgICAgICAgIDxSdWxlUGFyYW1ldGVyIE5hbWU9IkluZGV4IiBWYWx1ZT0iMCIgLz4NCiAgICAgICAgICAgICAgICA8UnVsZVBhcmFtZXRlciBOYW1lPSJJZ25vcmVDYXNlIiBWYWx1ZT0iRmFsc2UiIC8+DQogICAgICAgICAgICAgICAgPFJ1bGVQYXJhbWV0ZXIgTmFtZT0iVXNlUmVndWxhckV4cHJlc3Npb24iIFZhbHVlPSJGYWxzZSIgLz4NCiAgICAgICAgICAgICAgICA8UnVsZVBhcmFtZXRlciBOYW1lPSJIdG1sRGVjb2RlIiBWYWx1ZT0iVHJ1ZSIgLz4NCiAgICAgICAgICAgICAgICA8UnVsZVBhcmFtZXRlciBOYW1lPSJSZXF1aXJlZCIgVmFsdWU9IkZhbHNlIiAvPg0KICAgICAgICAgICAgICA8L1J1bGVQYXJhbWV0ZXJzPg0KICAgICAgICAgICAgPC9FeHRyYWN0aW9uUnVsZT4NCiAgICAgICAgICAgIDxFeHRyYWN0aW9uUnVsZSBDbGFzc25hbWU9Ik1pY3Jvc29mdC5WaXN1YWxTdHVkaW8uVGVzdFRvb2xzLldlYlRlc3RpbmcuUnVsZXMuRXh0cmFjdFRleHQsIE1pY3Jvc29mdC5WaXN1YWxTdHVkaW8uUXVhbGl0eVRvb2xzLldlYlRlc3RGcmFtZXdvcmssIFZlcnNpb249MTAuMC4wLjAsIEN1bHR1cmU9bmV1dHJhbCwgUHVibGljS2V5VG9rZW49YjAzZjVmN2YxMWQ1MGEzYSIgVmFyaWFibGVOYW1lPSJRdWVyeVN0cmluZ1BhcmFtMzUuZmRoZWFkIiBEaXNwbGF5TmFtZT0iIiBEZXNjcmlwdGlvbj0iIj4NCiAgICAgICAgICAgICAgPFJ1bGVQYXJhbWV0ZXJzPg0KICAgICAgICAgICAgICAgIDxSdWxlUGFyYW1ldGVyIE5hbWU9IlN0YXJ0c1dpdGgiIFZhbHVlPSImYW1wO2FtcDtmZGhlYWQ9IiAvPg0KICAgICAgICAgICAgICAgIDxSdWxlUGFyYW1ldGVyIE5hbWU9IkVuZHNXaXRoIiBWYWx1ZT0iJmFtcDsiIC8+DQogICAgICAgICAgICAgICAgPFJ1bGVQYXJhbWV0ZXIgTmFtZT0iSW5kZXgiIFZhbHVlPSIwIiAvPg0KICAgICAgICAgICAgICAgIDxSdWxlUGFyYW1ldGVyIE5hbWU9Iklnbm9yZUNhc2UiIFZhbHVlPSJGYWxzZSIgLz4NCiAgICAgICAgICAgICAgICA8UnVsZVBhcmFtZXRlciBOYW1lPSJVc2VSZWd1bGFyRXhwcmVzc2lvbiIgVmFsdWU9IkZhbHNlIiAvPg0KICAgICAgICAgICAgICAgIDxSdWxlUGFyYW1ldGVyIE5hbWU9Ikh0bWxEZWNvZGUiIFZhbHVlPSJUcnVlIiAvPg0KICAgICAgICAgICAgICAgIDxSdWxlUGFyYW1ldGVyIE5hbWU9IlJlcXVpcmVkIiBWYWx1ZT0iRmFsc2UiIC8+DQogICAgICAgICAgICAgIDwvUnVsZVBhcmFtZXRlcnM+DQogICAgICAgICAgICA8L0V4dHJhY3Rpb25SdWxlPg0KICAgICAgICAgICAgPEV4dHJhY3Rpb25SdWxlIENsYXNzbmFtZT0iTWljcm9zb2Z0LlZpc3VhbFN0dWRpby5UZXN0VG9vbHMuV2ViVGVzdGluZy5SdWxlcy5FeHRyYWN0VGV4dCwgTWljcm9zb2Z0LlZpc3VhbFN0dWRpby5RdWFsaXR5VG9vbHMuV2ViVGVzdEZyYW1ld29yaywgVmVyc2lvbj0xMC4wLjAuMCwgQ3VsdHVyZT1uZXV0cmFsLCBQdWJsaWNLZXlUb2tlbj1iMDNmNWY3ZjExZDUwYTNhIiBWYXJpYWJsZU5hbWU9IlF1ZXJ5U3RyaW5nUGFyYW0zNi5jc29wZCIgRGlzcGxheU5hbWU9IiIgRGVzY3JpcHRpb249IiI+DQogICAgICAgICAgICAgIDxSdWxlUGFyYW1ldGVycz4NCiAgICAgICAgICAgICAgICA8UnVsZVBhcmFtZXRlciBOYW1lPSJTdGFydHNXaXRoIiBWYWx1ZT0iJmFtcDthbXA7Y3NvcGQ9IiAvPg0KICAgICAgICAgICAgICAgIDxSdWxlUGFyYW1ldGVyIE5hbWU9IkVuZHNXaXRoIiBWYWx1ZT0iJmFtcDsiIC8+DQogICAgICAgICAgICAgICAgPFJ1bGVQYXJhbWV0ZXIgTmFtZT0iSW5kZXgiIFZhbHVlPSIwIiAvPg0KICAgICAgICAgICAgICAgIDxSdWxlUGFyYW1ldGVyIE5hbWU9Iklnbm9yZUNhc2UiIFZhbHVlPSJGYWxzZSIgLz4NCiAgICAgICAgICAgICAgICA8UnVsZVBhcmFtZXRlciBOYW1lPSJVc2VSZWd1bGFyRXhwcmVzc2lvbiIgVmFsdWU9IkZhbHNlIiAvPg0KICAgICAgICAgICAgICAgIDxSdWxlUGFyYW1ldGVyIE5hbWU9Ikh0bWxEZWNvZGUiIFZhbHVlPSJUcnVlIiAvPg0KICAgICAgICAgICAgICAgIDxSdWxlUGFyYW1ldGVyIE5hbWU9IlJlcXVpcmVkIiBWYWx1ZT0iRmFsc2UiIC8+DQogICAgICAgICAgICAgIDwvUnVsZVBhcmFtZXRlcnM+DQogICAgICAgICAgICA8L0V4dHJhY3Rpb25SdWxlPg0KICAgICAgICAgICAgPEV4dHJhY3Rpb25SdWxlIENsYXNzbmFtZT0iTWljcm9zb2Z0LlZpc3VhbFN0dWRpby5UZXN0VG9vbHMuV2ViVGVzdGluZy5SdWxlcy5FeHRyYWN0VGV4dCwgTWljcm9zb2Z0LlZpc3VhbFN0dWRpby5RdWFsaXR5VG9vbHMuV2ViVGVzdEZyYW1ld29yaywgVmVyc2lvbj0xMC4wLjAuMCwgQ3VsdHVyZT1uZXV0cmFsLCBQdWJsaWNLZXlUb2tlbj1iMDNmNWY3ZjExZDUwYTNhIiBWYXJpYWJsZU5hbWU9IlF1ZXJ5U3RyaW5nUGFyYW0zNy5jc29wZGIiIERpc3BsYXlOYW1lPSIiIERlc2NyaXB0aW9uPSIiPg0KICAgICAgICAgICAgICA8UnVsZVBhcmFtZXRlcnM+DQogICAgICAgICAgICAgICAgPFJ1bGVQYXJhbWV0ZXIgTmFtZT0iU3RhcnRzV2l0aCIgVmFsdWU9IiZhbXA7YW1wO2Nzb3BkYj0iIC8+DQogICAgICAgICAgICAgICAgPFJ1bGVQYXJhbWV0ZXIgTmFtZT0iRW5kc1dpdGgiIFZhbHVlPSImcXVvdDsiIC8+DQogICAgICAgICAgICAgICAgPFJ1bGVQYXJhbWV0ZXIgTmFtZT0iSW5kZXgiIFZhbHVlPSIwIiAvPg0KICAgICAgICAgICAgICAgIDxSdWxlUGFyYW1ldGVyIE5hbWU9Iklnbm9yZUNhc2UiIFZhbHVlPSJGYWxzZSIgLz4NCiAgICAgICAgICAgICAgICA8UnVsZVBhcmFtZXRlciBOYW1lPSJVc2VSZWd1bGFyRXhwcmVzc2lvbiIgVmFsdWU9IkZhbHNlIiAvPg0KICAgICAgICAgICAgICAgIDxSdWxlUGFyYW1ldGVyIE5hbWU9Ikh0bWxEZWNvZGUiIFZhbHVlPSJUcnVlIiAvPg0KICAgICAgICAgICAgICAgIDxSdWxlUGFyYW1ldGVyIE5hbWU9IlJlcXVpcmVkIiBWYWx1ZT0iRmFsc2UiIC8+DQogICAgICAgICAgICAgIDwvUnVsZVBhcmFtZXRlcnM+DQogICAgICAgICAgICA8L0V4dHJhY3Rpb25SdWxlPg0KICAgICAgICAgICAgPEV4dHJhY3Rpb25SdWxlIENsYXNzbmFtZT0iTWljcm9zb2Z0LlZpc3VhbFN0dWRpby5UZXN0VG9vbHMuV2ViVGVzdGluZy5SdWxlcy5FeHRyYWN0VGV4dCwgTWljcm9zb2Z0LlZpc3VhbFN0dWRpby5RdWFsaXR5VG9vbHMuV2ViVGVzdEZyYW1ld29yaywgVmVyc2lvbj0xMC4wLjAuMCwgQ3VsdHVyZT1uZXV0cmFsLCBQdWJsaWNLZXlUb2tlbj1iMDNmNWY3ZjExZDUwYTNhIiBWYXJpYWJsZU5hbWU9IlF1ZXJ5U3RyaW5nUGFyYW00OS5jdCIgRGlzcGxheU5hbWU9IiIgRGVzY3JpcHRpb249IiI+DQogICAgICAgICAgICAgIDxSdWxlUGFyYW1ldGVycz4NCiAgICAgICAgICAgICAgICA8UnVsZVBhcmFtZXRlciBOYW1lPSJTdGFydHNXaXRoIiBWYWx1ZT0iJmFtcDthbXA7Y3Q9IiAvPg0KICAgICAgICAgICAgICAgIDxSdWxlUGFyYW1ldGVyIE5hbWU9IkVuZHNXaXRoIiBWYWx1ZT0iJmFtcDsiIC8+DQogICAgICAgICAgICAgICAgPFJ1bGVQYXJhbWV0ZXIgTmFtZT0iSW5kZXgiIFZhbHVlPSIwIiAvPg0KICAgICAgICAgICAgICAgIDxSdWxlUGFyYW1ldGVyIE5hbWU9Iklnbm9yZUNhc2UiIFZhbHVlPSJGYWxzZSIgLz4NCiAgICAgICAgICAgICAgICA8UnVsZVBhcmFtZXRlciBOYW1lPSJVc2VSZWd1bGFyRXhwcmVzc2lvbiIgVmFsdWU9IkZhbHNlIiAvPg0KICAgICAgICAgICAgICAgIDxSdWxlUGFyYW1ldGVyIE5hbWU9Ikh0bWxEZWNvZGUiIFZhbHVlPSJUcnVlIiAvPg0KICAgICAgICAgICAgICAgIDxSdWxlUGFyYW1ldGVyIE5hbWU9IlJlcXVpcmVkIiBWYWx1ZT0iRmFsc2UiIC8+DQogICAgICAgICAgICAgIDwvUnVsZVBhcmFtZXRlcnM+DQogICAgICAgICAgICA8L0V4dHJhY3Rpb25SdWxlPg0KICAgICAgICAgICAgPEV4dHJhY3Rpb25SdWxlIENsYXNzbmFtZT0iTWljcm9zb2Z0LlZpc3VhbFN0dWRpby5UZXN0VG9vbHMuV2ViVGVzdGluZy5SdWxlcy5FeHRyYWN0VGV4dCwgTWljcm9zb2Z0LlZpc3VhbFN0dWRpby5RdWFsaXR5VG9vbHMuV2ViVGVzdEZyYW1ld29yaywgVmVyc2lvbj0xMC4wLjAuMCwgQ3VsdHVyZT1uZXV0cmFsLCBQdWJsaWNLZXlUb2tlbj1iMDNmNWY3ZjExZDUwYTNhIiBWYXJpYWJsZU5hbWU9IlF1ZXJ5U3RyaW5nUGFyYW01MC53cmVwbHkiIERpc3BsYXlOYW1lPSIiIERlc2NyaXB0aW9uPSIiPg0KICAgICAgICAgICAgICA8UnVsZVBhcmFtZXRlcnM+DQogICAgICAgICAgICAgICAgPFJ1bGVQYXJhbWV0ZXIgTmFtZT0iU3RhcnRzV2l0aCIgVmFsdWU9IiZhbXA7YW1wO3dyZXBseT0iIC8+DQogICAgICAgICAgICAgICAgPFJ1bGVQYXJhbWV0ZXIgTmFtZT0iRW5kc1dpdGgiIFZhbHVlPSImYW1wOyIgLz4NCiAgICAgICAgICAgICAgICA8UnVsZVBhcmFtZXRlciBOYW1lPSJJbmRleCIgVmFsdWU9IjAiIC8+DQogICAgICAgICAgICAgICAgPFJ1bGVQYXJhbWV0ZXIgTmFtZT0iSWdub3JlQ2FzZSIgVmFsdWU9IkZhbHNlIiAvPg0KICAgICAgICAgICAgICAgIDxSdWxlUGFyYW1ldGVyIE5hbWU9IlVzZVJlZ3VsYXJFeHByZXNzaW9uIiBWYWx1ZT0iRmFsc2UiIC8+DQogICAgICAgICAgICAgICAgPFJ1bGVQYXJhbWV0ZXIgTmFtZT0iSHRtbERlY29kZSIgVmFsdWU9IlRydWUiIC8+DQogICAgICAgICAgICAgICAgPFJ1bGVQYXJhbWV0ZXIgTmFtZT0iUmVxdWlyZWQiIFZhbHVlPSJGYWxzZSIgLz4NCiAgICAgICAgICAgICAgPC9SdWxlUGFyYW1ldGVycz4NCiAgICAgICAgICAgIDwvRXh0cmFjdGlvblJ1bGU+DQogICAgICAgICAgICA8RXh0cmFjdGlvblJ1bGUgQ2xhc3NuYW1lPSJNaWNyb3NvZnQuVmlzdWFsU3R1ZGlvLlRlc3RUb29scy5XZWJUZXN0aW5nLlJ1bGVzLkV4dHJhY3RUZXh0LCBNaWNyb3NvZnQuVmlzdWFsU3R1ZGlvLlF1YWxpdHlUb29scy5XZWJUZXN0RnJhbWV3b3JrLCBWZXJzaW9uPTEwLjAuMC4wLCBDdWx0dXJlPW5ldXRyYWwsIFB1YmxpY0tleVRva2VuPWIwM2Y1ZjdmMTFkNTBhM2EiIFZhcmlhYmxlTmFtZT0iUXVlcnlTdHJpbmdQYXJhbTkzLmZkaGVhZCIgRGlzcGxheU5hbWU9IiIgRGVzY3JpcHRpb249IiI+DQogICAgICAgICAgICAgIDxSdWxlUGFyYW1ldGVycz4NCiAgICAgICAgICAgICAgICA8UnVsZVBhcmFtZXRlciBOYW1lPSJTdGFydHNXaXRoIiBWYWx1ZT0iJmFtcDthbXA7ZmRoZWFkPSIgLz4NCiAgICAgICAgICAgICAgICA8UnVsZVBhcmFtZXRlciBOYW1lPSJFbmRzV2l0aCIgVmFsdWU9IiZhbXA7IiAvPg0KICAgICAgICAgICAgICAgIDxSdWxlUGFyYW1ldGVyIE5hbWU9IkluZGV4IiBWYWx1ZT0iMCIgLz4NCiAgICAgICAgICAgICAgICA8UnVsZVBhcmFtZXRlciBOYW1lPSJJZ25vcmVDYXNlIiBWYWx1ZT0iRmFsc2UiIC8+DQogICAgICAgICAgICAgICAgPFJ1bGVQYXJhbWV0ZXIgTmFtZT0iVXNlUmVndWxhckV4cHJlc3Npb24iIFZhbHVlPSJGYWxzZSIgLz4NCiAgICAgICAgICAgICAgICA8UnVsZVBhcmFtZXRlciBOYW1lPSJIdG1sRGVjb2RlIiBWYWx1ZT0iVHJ1ZSIgLz4NCiAgICAgICAgICAgICAgICA8UnVsZVBhcmFtZXRlciBOYW1lPSJSZXF1aXJlZCIgVmFsdWU9IkZhbHNlIiAvPg0KICAgICAgICAgICAgICA8L1J1bGVQYXJhbWV0ZXJzPg0KICAgICAgICAgICAgPC9FeHRyYWN0aW9uUnVsZT4NCiAgICAgICAgICAgIDxFeHRyYWN0aW9uUnVsZSBDbGFzc25hbWU9Ik1pY3Jvc29mdC5WaXN1YWxTdHVkaW8uVGVzdFRvb2xzLldlYlRlc3RpbmcuUnVsZXMuRXh0cmFjdFRleHQsIE1pY3Jvc29mdC5WaXN1YWxTdHVkaW8uUXVhbGl0eVRvb2xzLldlYlRlc3RGcmFtZXdvcmssIFZlcnNpb249MTAuMC4wLjAsIEN1bHR1cmU9bmV1dHJhbCwgUHVibGljS2V5VG9rZW49YjAzZjVmN2YxMWQ1MGEzYSIgVmFyaWFibGVOYW1lPSJRdWVyeVN0cmluZ1BhcmFtOTQuY3NvcGQiIERpc3BsYXlOYW1lPSIiIERlc2NyaXB0aW9uPSIiPg0KICAgICAgICAgICAgICA8UnVsZVBhcmFtZXRlcnM+DQogICAgICAgICAgICAgICAgPFJ1bGVQYXJhbWV0ZXIgTmFtZT0iU3RhcnRzV2l0aCIgVmFsdWU9IiZhbXA7YW1wO2Nzb3BkPSIgLz4NCiAgICAgICAgICAgICAgICA8UnVsZVBhcmFtZXRlciBOYW1lPSJFbmRzV2l0aCIgVmFsdWU9IiZhbXA7IiAvPg0KICAgICAgICAgICAgICAgIDxSdWxlUGFyYW1ldGVyIE5hbWU9IkluZGV4IiBWYWx1ZT0iMCIgLz4NCiAgICAgICAgICAgICAgICA8UnVsZVBhcmFtZXRlciBOYW1lPSJJZ25vcmVDYXNlIiBWYWx1ZT0iRmFsc2UiIC8+DQogICAgICAgICAgICAgICAgPFJ1bGVQYXJhbWV0ZXIgTmFtZT0iVXNlUmVndWxhckV4cHJlc3Npb24iIFZhbHVlPSJGYWxzZSIgLz4NCiAgICAgICAgICAgICAgICA8UnVsZVBhcmFtZXRlciBOYW1lPSJIdG1sRGVjb2RlIiBWYWx1ZT0iVHJ1ZSIgLz4NCiAgICAgICAgICAgICAgICA8UnVsZVBhcmFtZXRlciBOYW1lPSJSZXF1aXJlZCIgVmFsdWU9IkZhbHNlIiAvPg0KICAgICAgICAgICAgICA8L1J1bGVQYXJhbWV0ZXJzPg0KICAgICAgICAgICAgPC9FeHRyYWN0aW9uUnVsZT4NCiAgICAgICAgICAgIDxFeHRyYWN0aW9uUnVsZSBDbGFzc25hbWU9Ik1pY3Jvc29mdC5WaXN1YWxTdHVkaW8uVGVzdFRvb2xzLldlYlRlc3RpbmcuUnVsZXMuRXh0cmFjdFRleHQsIE1pY3Jvc29mdC5WaXN1YWxTdHVkaW8uUXVhbGl0eVRvb2xzLldlYlRlc3RGcmFtZXdvcmssIFZlcnNpb249MTAuMC4wLjAsIEN1bHR1cmU9bmV1dHJhbCwgUHVibGljS2V5VG9rZW49YjAzZjVmN2YxMWQ1MGEzYSIgVmFyaWFibGVOYW1lPSJRdWVyeVN0cmluZ1BhcmFtOTUuY3NvcGRiIiBEaXNwbGF5TmFtZT0iIiBEZXNjcmlwdGlvbj0iIj4NCiAgICAgICAgICAgICAgPFJ1bGVQYXJhbWV0ZXJzPg0KICAgICAgICAgICAgICAgIDxSdWxlUGFyYW1ldGVyIE5hbWU9IlN0YXJ0c1dpdGgiIFZhbHVlPSImYW1wO2FtcDtjc29wZGI9IiAvPg0KICAgICAgICAgICAgICAgIDxSdWxlUGFyYW1ldGVyIE5hbWU9IkVuZHNXaXRoIiBWYWx1ZT0iJnF1b3Q7IiAvPg0KICAgICAgICAgICAgICAgIDxSdWxlUGFyYW1ldGVyIE5hbWU9IkluZGV4IiBWYWx1ZT0iMCIgLz4NCiAgICAgICAgICAgICAgICA8UnVsZVBhcmFtZXRlciBOYW1lPSJJZ25vcmVDYXNlIiBWYWx1ZT0iRmFsc2UiIC8+DQogICAgICAgICAgICAgICAgPFJ1bGVQYXJhbWV0ZXIgTmFtZT0iVXNlUmVndWxhckV4cHJlc3Npb24iIFZhbHVlPSJGYWxzZSIgLz4NCiAgICAgICAgICAgICAgICA8UnVsZVBhcmFtZXRlciBOYW1lPSJIdG1sRGVjb2RlIiBWYWx1ZT0iVHJ1ZSIgLz4NCiAgICAgICAgICAgICAgICA8UnVsZVBhcmFtZXRlciBOYW1lPSJSZXF1aXJlZCIgVmFsdWU9IkZhbHNlIiAvPg0KICAgICAgICAgICAgICA8L1J1bGVQYXJhbWV0ZXJzPg0KICAgICAgICAgICAgPC9FeHRyYWN0aW9uUnVsZT4NCiAgICAgICAgICA8L0NvcnJlbGF0aW9uRXh0cmFjdGlvblJ1bGVzPg0KICAgICAgICAgIDxRdWVyeVN0cmluZ1BhcmFtZXRlcnM+DQogICAgICAgICAgICA8UXVlcnlTdHJpbmdQYXJhbWV0ZXIgTmFtZT0ibWFya2V0IiBWYWx1ZT0iSU4iIFJlY29yZGVkVmFsdWU9IklOIiBDb3JyZWxhdGlvbkJpbmRpbmc9Int7UXVlcnlTdHJpbmdQYXJhbTEubWFya2V0fX0iIFVybEVuY29kZT0iRmFsc2UiIFVzZVRvR3JvdXBSZXN1bHRzPSJGYWxzZSIgLz4NCiAgICAgICAgICAgIDxRdWVyeVN0cmluZ1BhcmFtZXRlciBOYW1lPSJlbmFibGVyZWd1bGF0b3J5cHNtIiBWYWx1ZT0iMCIgUmVjb3JkZWRWYWx1ZT0iMCIgQ29ycmVsYXRpb25CaW5kaW5nPSJ7e1F1ZXJ5U3RyaW5nUGFyYW0yLmVuYWJsZXJlZ3VsYXRvcnlwc219fSIgVXJsRW5jb2RlPSJGYWxzZSIgVXNlVG9Hcm91cFJlc3VsdHM9IkZhbHNlIiAvPg0KICAgICAgICAgICAgPFF1ZXJ5U3RyaW5nUGFyYW1ldGVyIE5hbWU9Ik5UTG9nbyIgVmFsdWU9IjEiIFJlY29yZGVkVmFsdWU9IjEiIENvcnJlbGF0aW9uQmluZGluZz0ie3tRdWVyeVN0cmluZ1BhcmFtMy5OVExvZ299fSIgVXJsRW5jb2RlPSJGYWxzZSIgVXNlVG9Hcm91cFJlc3VsdHM9IkZhbHNlIiAvPg0KICAgICAgICAgICAgPFF1ZXJ5U3RyaW5nUGFyYW1ldGVyIE5hbWU9IklzRlJFIiBWYWx1ZT0iMCIgUmVjb3JkZWRWYWx1ZT0iMCIgQ29ycmVsYXRpb25CaW5kaW5nPSJ7e1F1ZXJ5U3RyaW5nUGFyYW00LklzRlJFfX0iIFVybEVuY29kZT0iRmFsc2UiIFVzZVRvR3JvdXBSZXN1bHRzPSJGYWxzZSIgLz4NCiAgICAgICAgICAgIDxRdWVyeVN0cmluZ1BhcmFtZXRlciBOYW1lPSJhcHBzbG9jYWxlIiBWYWx1ZT0iZW4tc2ciIFJlY29yZGVkVmFsdWU9ImVuLXNnIiBDb3JyZWxhdGlvbkJpbmRpbmc9Int7UXVlcnlTdHJpbmdQYXJhbTUuYXBwc2xvY2FsZX19IiBVcmxFbmNvZGU9IkZhbHNlIiBVc2VUb0dyb3VwUmVzdWx0cz0iRmFsc2UiIC8+DQogICAgICAgICAgICA8UXVlcnlTdHJpbmdQYXJhbWV0ZXIgTmFtZT0idGVsZW1ldHJ5c3RhcnRpbmRleCIgVmFsdWU9Ijc4IiBSZWNvcmRlZFZhbHVlPSI3OCIgQ29ycmVsYXRpb25CaW5kaW5nPSIiIFVybEVuY29kZT0iRmFsc2UiIFVzZVRvR3JvdXBSZXN1bHRzPSJGYWxzZSIgLz4NCiAgICAgICAgICAgIDxRdWVyeVN0cmluZ1BhcmFtZXRlciBOYW1lPSJ0ZWxlbWV0cnlwYXJlbnRpbmRleCIgVmFsdWU9IjgiIFJlY29yZGVkVmFsdWU9IjgiIENvcnJlbGF0aW9uQmluZGluZz0iIiBVcmxFbmNvZGU9IkZhbHNlIiBVc2VUb0dyb3VwUmVzdWx0cz0iRmFsc2UiIC8+DQogICAgICAgICAgICA8UXVlcnlTdHJpbmdQYXJhbWV0ZXIgTmFtZT0idGVsZW1ldHJ5b3JkaW5hbHN0YXJ0aW5kZXgiIFZhbHVlPSIxMSIgUmVjb3JkZWRWYWx1ZT0iMTEiIENvcnJlbGF0aW9uQmluZGluZz0iIiBVcmxFbmNvZGU9IkZhbHNlIiBVc2VUb0dyb3VwUmVzdWx0cz0iRmFsc2UiIC8+DQogICAgICAgICAgICA8UXVlcnlTdHJpbmdQYXJhbWV0ZXIgTmFtZT0ib3UiIFZhbHVlPSJodHRwcyUzQSUyRiUyRnd3dy5tc24uY29tJTJGc3BhcnRhbiUyRmllbnRwJTNGbG9jYWxlJTNEZW4tSU4lMjZtYXJrZXQlM0RJTiUyNmVuYWJsZXJlZ3VsYXRvcnlwc20lM0QwJTI2TlRMb2dvJTNEMSUyNklzRlJFJTNEMCIgUmVjb3JkZWRWYWx1ZT0iaHR0cHMlM0ElMkYlMkZ3d3cubXNuLmNvbSUyRnNwYXJ0YW4lMkZpZW50cCUzRmxvY2FsZSUzRGVuLUlOJTI2bWFya2V0JTNESU4lMjZlbmFibGVyZWd1bGF0b3J5cHNtJTNEMCUyNk5UTG9nbyUzRDElMjZJc0ZSRSUzRDAiIENvcnJlbGF0aW9uQmluZGluZz0iIiBVcmxFbmNvZGU9IkZhbHNlIiBVc2VUb0dyb3VwUmVzdWx0cz0iRmFsc2UiIC8+DQogICAgICAgICAgPC9RdWVyeVN0cmluZ1BhcmFtZXRlcnM+DQogICAgICAgIDwvUmVxdWVzdD4NCiAgICAgICAgPFJlcXVlc3QgTWV0aG9kPSJHRVQiIEd1aWQ9IjgwOWE4ZDRmLWJjZTYtNDA4OS1hOWM2LTU4ZDk3NTQwMjRlMCIgVmVyc2lvbj0iMS4xIiBVcmw9Imh0dHBzOi8vc3RhdGljLXNwYXJ0YW4tZWFzLXMtbXNuLWNvbS5ha2FtYWl6ZWQubmV0L3NwYXJ0YW4vZW4tc2cvX3NjL2Nzcy83MzhiOTI2Yi01NDQwYjU0ZS9kaXJlY3Rpb249bHRyLmxvY2FsZXM9ZW4tc2cudGhlbWVzPXN0YXJ0LmRwaT1yZXNvbHV0aW9uMXgvOTgtZmI0ODFhLTY4ZGRiMmFiLzRiLWE2ZmIxZi1kYmM2MjIwYS9jMy1kNmFlZjktM2UxNjE4YTAvZDctMmIyNTQwLWFmMGM0N2I4L2ZkLWY5NTMwMC02MWJkNjRmYS84MC0zN2MyNWUtNjhkZGIyYWIvMzQtNTVhMDRkLWJjNGVmNzc1LzdlLTM1ODJjOS01NDJhNWNiMS8xZC1iM2Y4NjEtMWY0MjBkMTkvZTMtMTBkNDA2LTY4ZGRiMmFiLzM3LTE5MTkzZi1kNTM2ZTMzMS82Yi0wNTUwYzgtNDhmMDFjNCIgVGhpbmtUaW1lPSIwIiBUaW1lb3V0PSIzMDAiIFBhcnNlRGVwZW5kZW50UmVxdWVzdHM9IlRydWUiIEZvbGxvd1JlZGlyZWN0cz0iVHJ1ZSIgUmVjb3JkUmVzdWx0PSJUcnVlIiBDYWNoZT0iRmFsc2UiIFJlc3BvbnNlVGltZUdvYWw9IjAiIEVuY29kaW5nPSJ1dGYtOCIgRXhwZWN0ZWRIdHRwU3RhdHVzQ29kZT0iMCIgRXhwZWN0ZWRSZXNwb25zZVVybD0iIiBSZXBvcnRpbmdOYW1lPSIiIElnbm9yZUh0dHBTdGF0dXNDb2RlPSJGYWxzZSI+DQogICAgICAgICAgPEhlYWRlcnM+DQogICAgICAgICAgICA8SGVhZGVyIE5hbWU9IlJlZmVyZXIiIFZhbHVlPSJodHRwczovL3d3dy5tc24uY29tL3NwYXJ0YW4vaWVudHA/bG9jYWxlPWVuLUlOJmFtcDttYXJrZXQ9SU4mYW1wO2VuYWJsZXJlZ3VsYXRvcnlwc209MCZhbXA7TlRMb2dvPTEmYW1wO0lzRlJFPTAiIC8+DQogICAgICAgICAgPC9IZWFkZXJzPg0KICAgICAgICAgIDxRdWVyeVN0cmluZ1BhcmFtZXRlcnM+DQogICAgICAgICAgICA8UXVlcnlTdHJpbmdQYXJhbWV0ZXIgTmFtZT0idmVyIiBWYWx1ZT0iMjAxODA4MjJfMTE0MzAxMjYiIFJlY29yZGVkVmFsdWU9IjIwMTgwODIyXzExNDMwMTI2IiBDb3JyZWxhdGlvbkJpbmRpbmc9Int7UXVlcnlTdHJpbmdQYXJhbTE4LnZlcn19IiBVcmxFbmNvZGU9IkZhbHNlIiBVc2VUb0dyb3VwUmVzdWx0cz0iRmFsc2UiIC8+DQogICAgICAgICAgICA8UXVlcnlTdHJpbmdQYXJhbWV0ZXIgTmFtZT0iZmRoZWFkIiBWYWx1ZT0ibXVpZGZsdDEzY2YsbXVpZGZsdDI1OGNmLG11aWRmbHQzMTVjZixiaW5nbXNuY29tYmluZWQxY2YscG5lZWRnZTFjZixzdGFydGhwM2NmLHBsYXRhZ3locDNjZixhdWRleGhwM2NmLGFydGdseTRjZixhcnRnbHk1Y2YiIFJlY29yZGVkVmFsdWU9Im11aWRmbHQxM2NmLG11aWRmbHQyNThjZixtdWlkZmx0MzE1Y2YsYmluZ21zbmNvbWJpbmVkMWNmLHBuZWVkZ2UxY2Ysc3RhcnRocDNjZixwbGF0YWd5aHAzY2YsYXVkZXhocDNjZixhcnRnbHk0Y2YsYXJ0Z2x5NWNmIiBDb3JyZWxhdGlvbkJpbmRpbmc9Int7UXVlcnlTdHJpbmdQYXJhbTI1LmZkaGVhZH19IiBVcmxFbmNvZGU9IkZhbHNlIiBVc2VUb0dyb3VwUmVzdWx0cz0iRmFsc2UiIC8+DQogICAgICAgICAgICA8UXVlcnlTdHJpbmdQYXJhbWV0ZXIgTmFtZT0iY3NvcGQiIFZhbHVlPSIyMDE4MDgxMzE3MDQxNiIgUmVjb3JkZWRWYWx1ZT0iMjAxODA4MTMxNzA0MTYiIENvcnJlbGF0aW9uQmluZGluZz0ie3tRdWVyeVN0cmluZ1BhcmFtMjYuY3NvcGR9fSIgVXJsRW5jb2RlPSJGYWxzZSIgVXNlVG9Hcm91cFJlc3VsdHM9IkZhbHNlIiAvPg0KICAgICAgICAgICAgPFF1ZXJ5U3RyaW5nUGFyYW1ldGVyIE5hbWU9ImNzb3BkYiIgVmFsdWU9IjIwMTgwODIzMDYzMDA2IiBSZWNvcmRlZFZhbHVlPSIyMDE4MDgyMzA2MzAwNiIgQ29ycmVsYXRpb25CaW5kaW5nPSJ7e1F1ZXJ5U3RyaW5nUGFyYW0yNy5jc29wZGJ9fSIgVXJsRW5jb2RlPSJGYWxzZSIgVXNlVG9Hcm91cFJlc3VsdHM9IkZhbHNlIiAvPg0KICAgICAgICAgIDwvUXVlcnlTdHJpbmdQYXJhbWV0ZXJzPg0KICAgICAgICA8L1JlcXVlc3Q+DQogICAgICAgIDxSZXF1ZXN0IE1ldGhvZD0iR0VUIiBHdWlkPSI4YWZmOTQzOS0wZGY1LTQ3M2QtYmQxMC0wMWRlMjZkNmUyNTAiIFZlcnNpb249IjEuMSIgVXJsPSJodHRwczovL3N0YXRpYy1zcGFydGFuLWVhcy1zLW1zbi1jb20uYWthbWFpemVkLm5ldC9zcGFydGFuL2VuLXNnL19zYy9qcy83MzhiOTI2Yi05YTM4ZDkzOS9kaXJlY3Rpb249bHRyLmxvY2FsZXM9ZW4tc2cudGhlbWVzPXN0YXJ0LmRwaT1yZXNvbHV0aW9uMXgvZGYtMmJkNjE2LTY4ZGRiMmFiLzY3LTM0NjVjNC02OGRkYjJhYi8zYi02Y2YwYmUtNjIzMWNjOWYvZDgtMjEyMDcwLWE4OWM0OWYyL2FhLTNlZjFlMC02OGRkYjJhYi9jMS1mMTZhZTYtNjhkZGIyYWIvN2ItYTU4NGM2LTYzMGQyYTExL2FiLTIwNGMwOC02OGRkYjJhYi84Zi01ZWQ2YTktNjhkZGIyYWIvOWYtMWYxODc4LTU1OTlkYWJkIiBUaGlua1RpbWU9IjEiIFRpbWVvdXQ9IjMwMCIgUGFyc2VEZXBlbmRlbnRSZXF1ZXN0cz0iVHJ1ZSIgRm9sbG93UmVkaXJlY3RzPSJUcnVlIiBSZWNvcmRSZXN1bHQ9IlRydWUiIENhY2hlPSJGYWxzZSIgUmVzcG9uc2VUaW1lR29hbD0iMCIgRW5jb2Rpbmc9InV0Zi04IiBFeHBlY3RlZEh0dHBTdGF0dXNDb2RlPSIwIiBFeHBlY3RlZFJlc3BvbnNlVXJsPSIiIFJlcG9ydGluZ05hbWU9IiIgSWdub3JlSHR0cFN0YXR1c0NvZGU9IkZhbHNlIj4NCiAgICAgICAgICA8SGVhZGVycz4NCiAgICAgICAgICAgIDxIZWFkZXIgTmFtZT0iUmVmZXJlciIgVmFsdWU9Imh0dHBzOi8vd3d3Lm1zbi5jb20vc3BhcnRhbi9pZW50cD9sb2NhbGU9ZW4tSU4mYW1wO21hcmtldD1JTiZhbXA7ZW5hYmxlcmVndWxhdG9yeXBzbT0wJmFtcDtOVExvZ289MSZhbXA7SXNGUkU9MCIgLz4NCiAgICAgICAgICA8L0hlYWRlcnM+DQogICAgICAgICAgPFF1ZXJ5U3RyaW5nUGFyYW1ldGVycz4NCiAgICAgICAgICAgIDxRdWVyeVN0cmluZ1BhcmFtZXRlciBOYW1lPSJ2ZXIiIFZhbHVlPSIyMDE4MDgyMl8xMTQzMDEyNiIgUmVjb3JkZWRWYWx1ZT0iMjAxODA4MjJfMTE0MzAxMjYiIENvcnJlbGF0aW9uQmluZGluZz0ie3tRdWVyeVN0cmluZ1BhcmFtMjgudmVyfX0iIFVybEVuY29kZT0iRmFsc2UiIFVzZVRvR3JvdXBSZXN1bHRzPSJGYWxzZSIgLz4NCiAgICAgICAgICAgIDxRdWVyeVN0cmluZ1BhcmFtZXRlciBOYW1lPSJmZGhlYWQiIFZhbHVlPSJtdWlkZmx0MTNjZixtdWlkZmx0MjU4Y2YsbXVpZGZsdDMxNWNmLGJpbmdtc25jb21iaW5lZDFjZixwbmVlZGdlMWNmLHN0YXJ0aHAzY2YscGxhdGFneWhwM2NmLGF1ZGV4aHAzY2YsYXJ0Z2x5NGNmLGFydGdseTVjZiIgUmVjb3JkZWRWYWx1ZT0ibXVpZGZsdDEzY2YsbXVpZGZsdDI1OGNmLG11aWRmbHQzMTVjZixiaW5nbXNuY29tYmluZWQxY2YscG5lZWRnZTFjZixzdGFydGhwM2NmLHBsYXRhZ3locDNjZixhdWRleGhwM2NmLGFydGdseTRjZixhcnRnbHk1Y2YiIENvcnJlbGF0aW9uQmluZGluZz0ie3tRdWVyeVN0cmluZ1BhcmFtMzUuZmRoZWFkfX0iIFVybEVuY29kZT0iRmFsc2UiIFVzZVRvR3JvdXBSZXN1bHRzPSJGYWxzZSIgLz4NCiAgICAgICAgICAgIDxRdWVyeVN0cmluZ1BhcmFtZXRlciBOYW1lPSJjc29wZCIgVmFsdWU9IjIwMTgwODEzMTcwNDE2IiBSZWNvcmRlZFZhbHVlPSIyMDE4MDgxMzE3MDQxNiIgQ29ycmVsYXRpb25CaW5kaW5nPSJ7e1F1ZXJ5U3RyaW5nUGFyYW0zNi5jc29wZH19IiBVcmxFbmNvZGU9IkZhbHNlIiBVc2VUb0dyb3VwUmVzdWx0cz0iRmFsc2UiIC8+DQogICAgICAgICAgICA8UXVlcnlTdHJpbmdQYXJhbWV0ZXIgTmFtZT0iY3NvcGRiIiBWYWx1ZT0iMjAxODA4MjMwNjMwMDYiIFJlY29yZGVkVmFsdWU9IjIwMTgwODIzMDYzMDA2IiBDb3JyZWxhdGlvbkJpbmRpbmc9Int7UXVlcnlTdHJpbmdQYXJhbTM3LmNzb3BkYn19IiBVcmxFbmNvZGU9IkZhbHNlIiBVc2VUb0dyb3VwUmVzdWx0cz0iRmFsc2UiIC8+DQogICAgICAgICAgPC9RdWVyeVN0cmluZ1BhcmFtZXRlcnM+DQogICAgICAgIDwvUmVxdWVzdD4NCiAgICAgICAgPFJlcXVlc3QgTWV0aG9kPSJHRVQiIEd1aWQ9IjkyY2Q0ZGY4LTlmYjYtNGYyYS1hMGViLWU3Yzg2YWNlMTIxNSIgVmVyc2lvbj0iMS4xIiBVcmw9Imh0dHA6Ly9hcGkuYmluZy5jb20vcXNtbC5hc3B4IiBUaGlua1RpbWU9IjAiIFRpbWVvdXQ9IjMwMCIgUGFyc2VEZXBlbmRlbnRSZXF1ZXN0cz0iVHJ1ZSIgRm9sbG93UmVkaXJlY3RzPSJUcnVlIiBSZWNvcmRSZXN1bHQ9IlRydWUiIENhY2hlPSJGYWxzZSIgUmVzcG9uc2VUaW1lR29hbD0iMCIgRW5jb2Rpbmc9InV0Zi04IiBFeHBlY3RlZEh0dHBTdGF0dXNDb2RlPSIwIiBFeHBlY3RlZFJlc3BvbnNlVXJsPSJodHRwczovL2FwaS5iaW5nLmNvbS9xc21sLmFzcHg/cXVlcnk9YSZhbXA7bWF4d2lkdGg9MzI3NjUmYW1wO3Jvd2hlaWdodD0yMCZhbXA7c2VjdGlvbkhlaWdodD0xNjAmYW1wO0ZPUk09SUVOU0QyJmFtcDttYXJrZXQ9ZW4tQVUiIFJlcG9ydGluZ05hbWU9IiIgSWdub3JlSHR0cFN0YXR1c0NvZGU9IkZhbHNlIj4NCiAgICAgICAgICA8UXVlcnlTdHJpbmdQYXJhbWV0ZXJzPg0KICAgICAgICAgICAgPFF1ZXJ5U3RyaW5nUGFyYW1ldGVyIE5hbWU9InF1ZXJ5IiBWYWx1ZT0iYSIgUmVjb3JkZWRWYWx1ZT0iYSIgQ29ycmVsYXRpb25CaW5kaW5nPSIiIFVybEVuY29kZT0iRmFsc2UiIFVzZVRvR3JvdXBSZXN1bHRzPSJGYWxzZSIgLz4NCiAgICAgICAgICAgIDxRdWVyeVN0cmluZ1BhcmFtZXRlciBOYW1lPSJtYXh3aWR0aCIgVmFsdWU9IjMyNzY1IiBSZWNvcmRlZFZhbHVlPSIzMjc2NSIgQ29ycmVsYXRpb25CaW5kaW5nPSIiIFVybEVuY29kZT0iRmFsc2UiIFVzZVRvR3JvdXBSZXN1bHRzPSJGYWxzZSIgLz4NCiAgICAgICAgICAgIDxRdWVyeVN0cmluZ1BhcmFtZXRlciBOYW1lPSJyb3doZWlnaHQiIFZhbHVlPSIyMCIgUmVjb3JkZWRWYWx1ZT0iMjAiIENvcnJlbGF0aW9uQmluZGluZz0iIiBVcmxFbmNvZGU9IkZhbHNlIiBVc2VUb0dyb3VwUmVzdWx0cz0iRmFsc2UiIC8+DQogICAgICAgICAgICA8UXVlcnlTdHJpbmdQYXJhbWV0ZXIgTmFtZT0ic2VjdGlvbkhlaWdodCIgVmFsdWU9IjE2MCIgUmVjb3JkZWRWYWx1ZT0iMTYwIiBDb3JyZWxhdGlvbkJpbmRpbmc9IiIgVXJsRW5jb2RlPSJGYWxzZSIgVXNlVG9Hcm91cFJlc3VsdHM9IkZhbHNlIiAvPg0KICAgICAgICAgICAgPFF1ZXJ5U3RyaW5nUGFyYW1ldGVyIE5hbWU9IkZPUk0iIFZhbHVlPSJJRU5TRDIiIFJlY29yZGVkVmFsdWU9IklFTlNEMiIgQ29ycmVsYXRpb25CaW5kaW5nPSIiIFVybEVuY29kZT0iRmFsc2UiIFVzZVRvR3JvdXBSZXN1bHRzPSJGYWxzZSIgLz4NCiAgICAgICAgICAgIDxRdWVyeVN0cmluZ1BhcmFtZXRlciBOYW1lPSJtYXJrZXQiIFZhbHVlPSJlbi1BVSIgUmVjb3JkZWRWYWx1ZT0iZW4tQVUiIENvcnJlbGF0aW9uQmluZGluZz0iIiBVcmxFbmNvZGU9IkZhbHNlIiBVc2VUb0dyb3VwUmVzdWx0cz0iRmFsc2UiIC8+DQogICAgICAgICAgPC9RdWVyeVN0cmluZ1BhcmFtZXRlcnM+DQogICAgICAgIDwvUmVxdWVzdD4NCiAgICAgICAgPFJlcXVlc3QgTWV0aG9kPSJHRVQiIEd1aWQ9Ijk4ZGRjZWZlLTQ1YTUtNGIyNC04YTgyLTAxMWY4ZmQ5NTYwNiIgVmVyc2lvbj0iMS4xIiBVcmw9Imh0dHBzOi8vd3d3LmJpbmcuY29tL3Byb2ZpbGUvaGlzdG9yeS9kYXRhIiBUaGlua1RpbWU9IjAiIFRpbWVvdXQ9IjMwMCIgUGFyc2VEZXBlbmRlbnRSZXF1ZXN0cz0iVHJ1ZSIgRm9sbG93UmVkaXJlY3RzPSJUcnVlIiBSZWNvcmRSZXN1bHQ9IlRydWUiIENhY2hlPSJGYWxzZSIgUmVzcG9uc2VUaW1lR29hbD0iMCIgRW5jb2Rpbmc9InV0Zi04IiBFeHBlY3RlZEh0dHBTdGF0dXNDb2RlPSIwIiBFeHBlY3RlZFJlc3BvbnNlVXJsPSIiIFJlcG9ydGluZ05hbWU9IiIgSWdub3JlSHR0cFN0YXR1c0NvZGU9IkZhbHNlIj4NCiAgICAgICAgICA8SGVhZGVycz4NCiAgICAgICAgICAgIDxIZWFkZXIgTmFtZT0iQWNjZXB0IiBWYWx1ZT0idGV4dC9wbGFpbiwgKi8qOyBxPTAuMDEiIC8+DQogICAgICAgICAgICA8SGVhZGVyIE5hbWU9IlJlZmVyZXIiIFZhbHVlPSJodHRwczovL3d3dy5tc24uY29tL3NwYXJ0YW4vaWVudHA/bG9jYWxlPWVuLUlOJmFtcDttYXJrZXQ9SU4mYW1wO2VuYWJsZXJlZ3VsYXRvcnlwc209MCZhbXA7TlRMb2dvPTEmYW1wO0lzRlJFPTAiIC8+DQogICAgICAgICAgPC9IZWFkZXJzPg0KICAgICAgICAgIDxRdWVyeVN0cmluZ1BhcmFtZXRlcnM+DQogICAgICAgICAgICA8UXVlcnlTdHJpbmdQYXJhbWV0ZXIgTmFtZT0iXyIgVmFsdWU9IjE1MzUzNTY0Njk4NjMiIFJlY29yZGVkVmFsdWU9IjE1MzUzNTY0Njk4NjMiIENvcnJlbGF0aW9uQmluZGluZz0iIiBVcmxFbmNvZGU9IkZhbHNlIiBVc2VUb0dyb3VwUmVzdWx0cz0iRmFsc2UiIC8+DQogICAgICAgICAgPC9RdWVyeVN0cmluZ1BhcmFtZXRlcnM+DQogICAgICAgIDwvUmVxdWVzdD4NCiAgICAgIDwvRGVwZW5kZW50UmVxdWVzdHM+DQogICAgICA8RXh0cmFjdGlvblJ1bGVzPg0KICAgICAgICA8RXh0cmFjdGlvblJ1bGUgQ2xhc3NuYW1lPSJNaWNyb3NvZnQuVmlzdWFsU3R1ZGlvLlRlc3RUb29scy5XZWJUZXN0aW5nLlJ1bGVzLkV4dHJhY3RIaWRkZW5GaWVsZHMsIE1pY3Jvc29mdC5WaXN1YWxTdHVkaW8uUXVhbGl0eVRvb2xzLldlYlRlc3RGcmFtZXdvcmssIFZlcnNpb249MTAuMC4wLjAsIEN1bHR1cmU9bmV1dHJhbCwgUHVibGljS2V5VG9rZW49YjAzZjVmN2YxMWQ1MGEzYSIgVmFyaWFibGVOYW1lPSIxIiBEaXNwbGF5TmFtZT0iRXh0cmFjdCBIaWRkZW4gRmllbGRzIiBEZXNjcmlwdGlvbj0iRXh0cmFjdCBhbGwgaGlkZGVuIGZpZWxkcyBmcm9tIHRoZSByZXNwb25zZSBhbmQgcGxhY2UgdGhlbSBpbnRvIHRoZSB0ZXN0IGNvbnRleHQuIj4NCiAgICAgICAgICA8UnVsZVBhcmFtZXRlcnM+DQogICAgICAgICAgICA8UnVsZVBhcmFtZXRlciBOYW1lPSJSZXF1aXJlZCIgVmFsdWU9IlRydWUiIC8+DQogICAgICAgICAgICA8UnVsZVBhcmFtZXRlciBOYW1lPSJIdG1sRGVjb2RlIiBWYWx1ZT0iVHJ1ZSIgLz4NCiAgICAgICAgICA8L1J1bGVQYXJhbWV0ZXJzPg0KICAgICAgICA8L0V4dHJhY3Rpb25SdWxlPg0KICAgICAgPC9FeHRyYWN0aW9uUnVsZXM+DQogICAgICA8Q29ycmVsYXRpb25FeHRyYWN0aW9uUnVsZXM+DQogICAgICAgIDxFeHRyYWN0aW9uUnVsZSBDbGFzc25hbWU9Ik1pY3Jvc29mdC5WaXN1YWxTdHVkaW8uVGVzdFRvb2xzLldlYlRlc3RpbmcuUnVsZXMuRXh0cmFjdFRleHQsIE1pY3Jvc29mdC5WaXN1YWxTdHVkaW8uUXVhbGl0eVRvb2xzLldlYlRlc3RGcmFtZXdvcmssIFZlcnNpb249MTAuMC4wLjAsIEN1bHR1cmU9bmV1dHJhbCwgUHVibGljS2V5VG9rZW49YjAzZjVmN2YxMWQ1MGEzYSIgVmFyaWFibGVOYW1lPSJRdWVyeVN0cmluZ1BhcmFtMS5tYXJrZXQiIERpc3BsYXlOYW1lPSIiIERlc2NyaXB0aW9uPSIiPg0KICAgICAgICAgIDxSdWxlUGFyYW1ldGVycz4NCiAgICAgICAgICAgIDxSdWxlUGFyYW1ldGVyIE5hbWU9IlN0YXJ0c1dpdGgiIFZhbHVlPSI/bWFya2V0PSIgLz4NCiAgICAgICAgICAgIDxSdWxlUGFyYW1ldGVyIE5hbWU9IkVuZHNXaXRoIiBWYWx1ZT0iJmFtcDsiIC8+DQogICAgICAgICAgICA8UnVsZVBhcmFtZXRlciBOYW1lPSJJbmRleCIgVmFsdWU9IjAiIC8+DQogICAgICAgICAgICA8UnVsZVBhcmFtZXRlciBOYW1lPSJJZ25vcmVDYXNlIiBWYWx1ZT0iRmFsc2UiIC8+DQogICAgICAgICAgICA8UnVsZVBhcmFtZXRlciBOYW1lPSJVc2VSZWd1bGFyRXhwcmVzc2lvbiIgVmFsdWU9IkZhbHNlIiAvPg0KICAgICAgICAgICAgPFJ1bGVQYXJhbWV0ZXIgTmFtZT0iSHRtbERlY29kZSIgVmFsdWU9IlRydWUiIC8+DQogICAgICAgICAgICA8UnVsZVBhcmFtZXRlciBOYW1lPSJSZXF1aXJlZCIgVmFsdWU9IkZhbHNlIiAvPg0KICAgICAgICAgIDwvUnVsZVBhcmFtZXRlcnM+DQogICAgICAgIDwvRXh0cmFjdGlvblJ1bGU+DQogICAgICAgIDxFeHRyYWN0aW9uUnVsZSBDbGFzc25hbWU9Ik1pY3Jvc29mdC5WaXN1YWxTdHVkaW8uVGVzdFRvb2xzLldlYlRlc3RpbmcuUnVsZXMuRXh0cmFjdFRleHQsIE1pY3Jvc29mdC5WaXN1YWxTdHVkaW8uUXVhbGl0eVRvb2xzLldlYlRlc3RGcmFtZXdvcmssIFZlcnNpb249MTAuMC4wLjAsIEN1bHR1cmU9bmV1dHJhbCwgUHVibGljS2V5VG9rZW49YjAzZjVmN2YxMWQ1MGEzYSIgVmFyaWFibGVOYW1lPSJRdWVyeVN0cmluZ1BhcmFtMi5lbmFibGVyZWd1bGF0b3J5cHNtIiBEaXNwbGF5TmFtZT0iIiBEZXNjcmlwdGlvbj0iIj4NCiAgICAgICAgICA8UnVsZVBhcmFtZXRlcnM+DQogICAgICAgICAgICA8UnVsZVBhcmFtZXRlciBOYW1lPSJTdGFydHNXaXRoIiBWYWx1ZT0iJmFtcDthbXA7ZW5hYmxlcmVndWxhdG9yeXBzbT0iIC8+DQogICAgICAgICAgICA8UnVsZVBhcmFtZXRlciBOYW1lPSJFbmRzV2l0aCIgVmFsdWU9IiZhbXA7IiAvPg0KICAgICAgICAgICAgPFJ1bGVQYXJhbWV0ZXIgTmFtZT0iSW5kZXgiIFZhbHVlPSIwIiAvPg0KICAgICAgICAgICAgPFJ1bGVQYXJhbWV0ZXIgTmFtZT0iSWdub3JlQ2FzZSIgVmFsdWU9IkZhbHNlIiAvPg0KICAgICAgICAgICAgPFJ1bGVQYXJhbWV0ZXIgTmFtZT0iVXNlUmVndWxhckV4cHJlc3Npb24iIFZhbHVlPSJGYWxzZSIgLz4NCiAgICAgICAgICAgIDxSdWxlUGFyYW1ldGVyIE5hbWU9Ikh0bWxEZWNvZGUiIFZhbHVlPSJUcnVlIiAvPg0KICAgICAgICAgICAgPFJ1bGVQYXJhbWV0ZXIgTmFtZT0iUmVxdWlyZWQiIFZhbHVlPSJGYWxzZSIgLz4NCiAgICAgICAgICA8L1J1bGVQYXJhbWV0ZXJzPg0KICAgICAgICA8L0V4dHJhY3Rpb25SdWxlPg0KICAgICAgICA8RXh0cmFjdGlvblJ1bGUgQ2xhc3NuYW1lPSJNaWNyb3NvZnQuVmlzdWFsU3R1ZGlvLlRlc3RUb29scy5XZWJUZXN0aW5nLlJ1bGVzLkV4dHJhY3RUZXh0LCBNaWNyb3NvZnQuVmlzdWFsU3R1ZGlvLlF1YWxpdHlUb29scy5XZWJUZXN0RnJhbWV3b3JrLCBWZXJzaW9uPTEwLjAuMC4wLCBDdWx0dXJlPW5ldXRyYWwsIFB1YmxpY0tleVRva2VuPWIwM2Y1ZjdmMTFkNTBhM2EiIFZhcmlhYmxlTmFtZT0iUXVlcnlTdHJpbmdQYXJhbTMuTlRMb2dvIiBEaXNwbGF5TmFtZT0iIiBEZXNjcmlwdGlvbj0iIj4NCiAgICAgICAgICA8UnVsZVBhcmFtZXRlcnM+DQogICAgICAgICAgICA8UnVsZVBhcmFtZXRlciBOYW1lPSJTdGFydHNXaXRoIiBWYWx1ZT0iJmFtcDthbXA7TlRMb2dvPSIgLz4NCiAgICAgICAgICAgIDxSdWxlUGFyYW1ldGVyIE5hbWU9IkVuZHNXaXRoIiBWYWx1ZT0iJmFtcDsiIC8+DQogICAgICAgICAgICA8UnVsZVBhcmFtZXRlciBOYW1lPSJJbmRleCIgVmFsdWU9IjAiIC8+DQogICAgICAgICAgICA8UnVsZVBhcmFtZXRlciBOYW1lPSJJZ25vcmVDYXNlIiBWYWx1ZT0iRmFsc2UiIC8+DQogICAgICAgICAgICA8UnVsZVBhcmFtZXRlciBOYW1lPSJVc2VSZWd1bGFyRXhwcmVzc2lvbiIgVmFsdWU9IkZhbHNlIiAvPg0KICAgICAgICAgICAgPFJ1bGVQYXJhbWV0ZXIgTmFtZT0iSHRtbERlY29kZSIgVmFsdWU9IlRydWUiIC8+DQogICAgICAgICAgICA8UnVsZVBhcmFtZXRlciBOYW1lPSJSZXF1aXJlZCIgVmFsdWU9IkZhbHNlIiAvPg0KICAgICAgICAgIDwvUnVsZVBhcmFtZXRlcnM+DQogICAgICAgIDwvRXh0cmFjdGlvblJ1bGU+DQogICAgICAgIDxFeHRyYWN0aW9uUnVsZSBDbGFzc25hbWU9Ik1pY3Jvc29mdC5WaXN1YWxTdHVkaW8uVGVzdFRvb2xzLldlYlRlc3RpbmcuUnVsZXMuRXh0cmFjdFRleHQsIE1pY3Jvc29mdC5WaXN1YWxTdHVkaW8uUXVhbGl0eVRvb2xzLldlYlRlc3RGcmFtZXdvcmssIFZlcnNpb249MTAuMC4wLjAsIEN1bHR1cmU9bmV1dHJhbCwgUHVibGljS2V5VG9rZW49YjAzZjVmN2YxMWQ1MGEzYSIgVmFyaWFibGVOYW1lPSJRdWVyeVN0cmluZ1BhcmFtNC5Jc0ZSRSIgRGlzcGxheU5hbWU9IiIgRGVzY3JpcHRpb249IiI+DQogICAgICAgICAgPFJ1bGVQYXJhbWV0ZXJzPg0KICAgICAgICAgICAgPFJ1bGVQYXJhbWV0ZXIgTmFtZT0iU3RhcnRzV2l0aCIgVmFsdWU9IiZhbXA7YW1wO0lzRlJFPSIgLz4NCiAgICAgICAgICAgIDxSdWxlUGFyYW1ldGVyIE5hbWU9IkVuZHNXaXRoIiBWYWx1ZT0iJmFtcDsiIC8+DQogICAgICAgICAgICA8UnVsZVBhcmFtZXRlciBOYW1lPSJJbmRleCIgVmFsdWU9IjAiIC8+DQogICAgICAgICAgICA8UnVsZVBhcmFtZXRlciBOYW1lPSJJZ25vcmVDYXNlIiBWYWx1ZT0iRmFsc2UiIC8+DQogICAgICAgICAgICA8UnVsZVBhcmFtZXRlciBOYW1lPSJVc2VSZWd1bGFyRXhwcmVzc2lvbiIgVmFsdWU9IkZhbHNlIiAvPg0KICAgICAgICAgICAgPFJ1bGVQYXJhbWV0ZXIgTmFtZT0iSHRtbERlY29kZSIgVmFsdWU9IlRydWUiIC8+DQogICAgICAgICAgICA8UnVsZVBhcmFtZXRlciBOYW1lPSJSZXF1aXJlZCIgVmFsdWU9IkZhbHNlIiAvPg0KICAgICAgICAgIDwvUnVsZVBhcmFtZXRlcnM+DQogICAgICAgIDwvRXh0cmFjdGlvblJ1bGU+DQogICAgICAgIDxFeHRyYWN0aW9uUnVsZSBDbGFzc25hbWU9Ik1pY3Jvc29mdC5WaXN1YWxTdHVkaW8uVGVzdFRvb2xzLldlYlRlc3RpbmcuUnVsZXMuRXh0cmFjdFRleHQsIE1pY3Jvc29mdC5WaXN1YWxTdHVkaW8uUXVhbGl0eVRvb2xzLldlYlRlc3RGcmFtZXdvcmssIFZlcnNpb249MTAuMC4wLjAsIEN1bHR1cmU9bmV1dHJhbCwgUHVibGljS2V5VG9rZW49YjAzZjVmN2YxMWQ1MGEzYSIgVmFyaWFibGVOYW1lPSJRdWVyeVN0cmluZ1BhcmFtNS5hcHBzbG9jYWxlIiBEaXNwbGF5TmFtZT0iIiBEZXNjcmlwdGlvbj0iIj4NCiAgICAgICAgICA8UnVsZVBhcmFtZXRlcnM+DQogICAgICAgICAgICA8UnVsZVBhcmFtZXRlciBOYW1lPSJTdGFydHNXaXRoIiBWYWx1ZT0iJmFtcDthbXA7YXBwc2xvY2FsZT0iIC8+DQogICAgICAgICAgICA8UnVsZVBhcmFtZXRlciBOYW1lPSJFbmRzV2l0aCIgVmFsdWU9IiZxdW90OyIgLz4NCiAgICAgICAgICAgIDxSdWxlUGFyYW1ldGVyIE5hbWU9IkluZGV4IiBWYWx1ZT0iMCIgLz4NCiAgICAgICAgICAgIDxSdWxlUGFyYW1ldGVyIE5hbWU9Iklnbm9yZUNhc2UiIFZhbHVlPSJGYWxzZSIgLz4NCiAgICAgICAgICAgIDxSdWxlUGFyYW1ldGVyIE5hbWU9IlVzZVJlZ3VsYXJFeHByZXNzaW9uIiBWYWx1ZT0iRmFsc2UiIC8+DQogICAgICAgICAgICA8UnVsZVBhcmFtZXRlciBOYW1lPSJIdG1sRGVjb2RlIiBWYWx1ZT0iVHJ1ZSIgLz4NCiAgICAgICAgICAgIDxSdWxlUGFyYW1ldGVyIE5hbWU9IlJlcXVpcmVkIiBWYWx1ZT0iRmFsc2UiIC8+DQogICAgICAgICAgPC9SdWxlUGFyYW1ldGVycz4NCiAgICAgICAgPC9FeHRyYWN0aW9uUnVsZT4NCiAgICAgICAgPEV4dHJhY3Rpb25SdWxlIENsYXNzbmFtZT0iTWljcm9zb2Z0LlZpc3VhbFN0dWRpby5UZXN0VG9vbHMuV2ViVGVzdGluZy5SdWxlcy5FeHRyYWN0VGV4dCwgTWljcm9zb2Z0LlZpc3VhbFN0dWRpby5RdWFsaXR5VG9vbHMuV2ViVGVzdEZyYW1ld29yaywgVmVyc2lvbj0xMC4wLjAuMCwgQ3VsdHVyZT1uZXV0cmFsLCBQdWJsaWNLZXlUb2tlbj1iMDNmNWY3ZjExZDUwYTNhIiBWYXJpYWJsZU5hbWU9IlF1ZXJ5U3RyaW5nUGFyYW0xOC52ZXIiIERpc3BsYXlOYW1lPSIiIERlc2NyaXB0aW9uPSIiPg0KICAgICAgICAgIDxSdWxlUGFyYW1ldGVycz4NCiAgICAgICAgICAgIDxSdWxlUGFyYW1ldGVyIE5hbWU9IlN0YXJ0c1dpdGgiIFZhbHVlPSI/dmVyPSIgLz4NCiAgICAgICAgICAgIDxSdWxlUGFyYW1ldGVyIE5hbWU9IkVuZHNXaXRoIiBWYWx1ZT0iJnF1b3Q7IiAvPg0KICAgICAgICAgICAgPFJ1bGVQYXJhbWV0ZXIgTmFtZT0iSW5kZXgiIFZhbHVlPSIwIiAvPg0KICAgICAgICAgICAgPFJ1bGVQYXJhbWV0ZXIgTmFtZT0iSWdub3JlQ2FzZSIgVmFsdWU9IkZhbHNlIiAvPg0KICAgICAgICAgICAgPFJ1bGVQYXJhbWV0ZXIgTmFtZT0iVXNlUmVndWxhckV4cHJlc3Npb24iIFZhbHVlPSJGYWxzZSIgLz4NCiAgICAgICAgICAgIDxSdWxlUGFyYW1ldGVyIE5hbWU9Ikh0bWxEZWNvZGUiIFZhbHVlPSJUcnVlIiAvPg0KICAgICAgICAgICAgPFJ1bGVQYXJhbWV0ZXIgTmFtZT0iUmVxdWlyZWQiIFZhbHVlPSJGYWxzZSIgLz4NCiAgICAgICAgICA8L1J1bGVQYXJhbWV0ZXJzPg0KICAgICAgICA8L0V4dHJhY3Rpb25SdWxlPg0KICAgICAgICA8RXh0cmFjdGlvblJ1bGUgQ2xhc3NuYW1lPSJNaWNyb3NvZnQuVmlzdWFsU3R1ZGlvLlRlc3RUb29scy5XZWJUZXN0aW5nLlJ1bGVzLkV4dHJhY3RUZXh0LCBNaWNyb3NvZnQuVmlzdWFsU3R1ZGlvLlF1YWxpdHlUb29scy5XZWJUZXN0RnJhbWV3b3JrLCBWZXJzaW9uPTEwLjAuMC4wLCBDdWx0dXJlPW5ldXRyYWwsIFB1YmxpY0tleVRva2VuPWIwM2Y1ZjdmMTFkNTBhM2EiIFZhcmlhYmxlTmFtZT0iUXVlcnlTdHJpbmdQYXJhbTI4LnZlciIgRGlzcGxheU5hbWU9IiIgRGVzY3JpcHRpb249IiI+DQogICAgICAgICAgPFJ1bGVQYXJhbWV0ZXJzPg0KICAgICAgICAgICAgPFJ1bGVQYXJhbWV0ZXIgTmFtZT0iU3RhcnRzV2l0aCIgVmFsdWU9Ij92ZXI9IiAvPg0KICAgICAgICAgICAgPFJ1bGVQYXJhbWV0ZXIgTmFtZT0iRW5kc1dpdGgiIFZhbHVlPSImcXVvdDsiIC8+DQogICAgICAgICAgICA8UnVsZVBhcmFtZXRlciBOYW1lPSJJbmRleCIgVmFsdWU9IjAiIC8+DQogICAgICAgICAgICA8UnVsZVBhcmFtZXRlciBOYW1lPSJJZ25vcmVDYXNlIiBWYWx1ZT0iRmFsc2UiIC8+DQogICAgICAgICAgICA8UnVsZVBhcmFtZXRlciBOYW1lPSJVc2VSZWd1bGFyRXhwcmVzc2lvbiIgVmFsdWU9IkZhbHNlIiAvPg0KICAgICAgICAgICAgPFJ1bGVQYXJhbWV0ZXIgTmFtZT0iSHRtbERlY29kZSIgVmFsdWU9IlRydWUiIC8+DQogICAgICAgICAgICA8UnVsZVBhcmFtZXRlciBOYW1lPSJSZXF1aXJlZCIgVmFsdWU9IkZhbHNlIiAvPg0KICAgICAgICAgIDwvUnVsZVBhcmFtZXRlcnM+DQogICAgICAgIDwvRXh0cmFjdGlvblJ1bGU+DQogICAgICAgIDxFeHRyYWN0aW9uUnVsZSBDbGFzc25hbWU9Ik1pY3Jvc29mdC5WaXN1YWxTdHVkaW8uVGVzdFRvb2xzLldlYlRlc3RpbmcuUnVsZXMuRXh0cmFjdFRleHQsIE1pY3Jvc29mdC5WaXN1YWxTdHVkaW8uUXVhbGl0eVRvb2xzLldlYlRlc3RGcmFtZXdvcmssIFZlcnNpb249MTAuMC4wLjAsIEN1bHR1cmU9bmV1dHJhbCwgUHVibGljS2V5VG9rZW49YjAzZjVmN2YxMWQ1MGEzYSIgVmFyaWFibGVOYW1lPSJRdWVyeVN0cmluZ1BhcmFtMzgud2EiIERpc3BsYXlOYW1lPSIiIERlc2NyaXB0aW9uPSIiPg0KICAgICAgICAgIDxSdWxlUGFyYW1ldGVycz4NCiAgICAgICAgICAgIDxSdWxlUGFyYW1ldGVyIE5hbWU9IlN0YXJ0c1dpdGgiIFZhbHVlPSI/d2E9IiAvPg0KICAgICAgICAgICAgPFJ1bGVQYXJhbWV0ZXIgTmFtZT0iRW5kc1dpdGgiIFZhbHVlPSImYW1wOyIgLz4NCiAgICAgICAgICAgIDxSdWxlUGFyYW1ldGVyIE5hbWU9IkluZGV4IiBWYWx1ZT0iMCIgLz4NCiAgICAgICAgICAgIDxSdWxlUGFyYW1ldGVyIE5hbWU9Iklnbm9yZUNhc2UiIFZhbHVlPSJGYWxzZSIgLz4NCiAgICAgICAgICAgIDxSdWxlUGFyYW1ldGVyIE5hbWU9IlVzZVJlZ3VsYXJFeHByZXNzaW9uIiBWYWx1ZT0iRmFsc2UiIC8+DQogICAgICAgICAgICA8UnVsZVBhcmFtZXRlciBOYW1lPSJIdG1sRGVjb2RlIiBWYWx1ZT0iVHJ1ZSIgLz4NCiAgICAgICAgICAgIDxSdWxlUGFyYW1ldGVyIE5hbWU9IlJlcXVpcmVkIiBWYWx1ZT0iRmFsc2UiIC8+DQogICAgICAgICAgPC9SdWxlUGFyYW1ldGVycz4NCiAgICAgICAgPC9FeHRyYWN0aW9uUnVsZT4NCiAgICAgICAgPEV4dHJhY3Rpb25SdWxlIENsYXNzbmFtZT0iTWljcm9zb2Z0LlZpc3VhbFN0dWRpby5UZXN0VG9vbHMuV2ViVGVzdGluZy5SdWxlcy5FeHRyYWN0VGV4dCwgTWljcm9zb2Z0LlZpc3VhbFN0dWRpby5RdWFsaXR5VG9vbHMuV2ViVGVzdEZyYW1ld29yaywgVmVyc2lvbj0xMC4wLjAuMCwgQ3VsdHVyZT1uZXV0cmFsLCBQdWJsaWNLZXlUb2tlbj1iMDNmNWY3ZjExZDUwYTNhIiBWYXJpYWJsZU5hbWU9IlF1ZXJ5U3RyaW5nUGFyYW0zOS5ycHNudiIgRGlzcGxheU5hbWU9IiIgRGVzY3JpcHRpb249IiI+DQogICAgICAgICAgPFJ1bGVQYXJhbWV0ZXJzPg0KICAgICAgICAgICAgPFJ1bGVQYXJhbWV0ZXIgTmFtZT0iU3RhcnRzV2l0aCIgVmFsdWU9IiZhbXA7YW1wO3Jwc252PSIgLz4NCiAgICAgICAgICAgIDxSdWxlUGFyYW1ldGVyIE5hbWU9IkVuZHNXaXRoIiBWYWx1ZT0iJmFtcDsiIC8+DQogICAgICAgICAgICA8UnVsZVBhcmFtZXRlciBOYW1lPSJJbmRleCIgVmFsdWU9IjAiIC8+DQogICAgICAgICAgICA8UnVsZVBhcmFtZXRlciBOYW1lPSJJZ25vcmVDYXNlIiBWYWx1ZT0iRmFsc2UiIC8+DQogICAgICAgICAgICA8UnVsZVBhcmFtZXRlciBOYW1lPSJVc2VSZWd1bGFyRXhwcmVzc2lvbiIgVmFsdWU9IkZhbHNlIiAvPg0KICAgICAgICAgICAgPFJ1bGVQYXJhbWV0ZXIgTmFtZT0iSHRtbERlY29kZSIgVmFsdWU9IlRydWUiIC8+DQogICAgICAgICAgICA8UnVsZVBhcmFtZXRlciBOYW1lPSJSZXF1aXJlZCIgVmFsdWU9IkZhbHNlIiAvPg0KICAgICAgICAgIDwvUnVsZVBhcmFtZXRlcnM+DQogICAgICAgIDwvRXh0cmFjdGlvblJ1bGU+DQogICAgICAgIDxFeHRyYWN0aW9uUnVsZSBDbGFzc25hbWU9Ik1pY3Jvc29mdC5WaXN1YWxTdHVkaW8uVGVzdFRvb2xzLldlYlRlc3RpbmcuUnVsZXMuRXh0cmFjdFRleHQsIE1pY3Jvc29mdC5WaXN1YWxTdHVkaW8uUXVhbGl0eVRvb2xzLldlYlRlc3RGcmFtZXdvcmssIFZlcnNpb249MTAuMC4wLjAsIEN1bHR1cmU9bmV1dHJhbCwgUHVibGljS2V5VG9rZW49YjAzZjVmN2YxMWQ1MGEzYSIgVmFyaWFibGVOYW1lPSJRdWVyeVN0cmluZ1BhcmFtNDAuY2hlY2tkYSIgRGlzcGxheU5hbWU9IiIgRGVzY3JpcHRpb249IiI+DQogICAgICAgICAgPFJ1bGVQYXJhbWV0ZXJzPg0KICAgICAgICAgICAgPFJ1bGVQYXJhbWV0ZXIgTmFtZT0iU3RhcnRzV2l0aCIgVmFsdWU9IiZhbXA7YW1wO2NoZWNrZGE9IiAvPg0KICAgICAgICAgICAgPFJ1bGVQYXJhbWV0ZXIgTmFtZT0iRW5kc1dpdGgiIFZhbHVlPSImYW1wOyIgLz4NCiAgICAgICAgICAgIDxSdWxlUGFyYW1ldGVyIE5hbWU9IkluZGV4IiBWYWx1ZT0iMCIgLz4NCiAgICAgICAgICAgIDxSdWxlUGFyYW1ldGVyIE5hbWU9Iklnbm9yZUNhc2UiIFZhbHVlPSJGYWxzZSIgLz4NCiAgICAgICAgICAgIDxSdWxlUGFyYW1ldGVyIE5hbWU9IlVzZVJlZ3VsYXJFeHByZXNzaW9uIiBWYWx1ZT0iRmFsc2UiIC8+DQogICAgICAgICAgICA8UnVsZVBhcmFtZXRlciBOYW1lPSJIdG1sRGVjb2RlIiBWYWx1ZT0iVHJ1ZSIgLz4NCiAgICAgICAgICAgIDxSdWxlUGFyYW1ldGVyIE5hbWU9IlJlcXVpcmVkIiBWYWx1ZT0iRmFsc2UiIC8+DQogICAgICAgICAgPC9SdWxlUGFyYW1ldGVycz4NCiAgICAgICAgPC9FeHRyYWN0aW9uUnVsZT4NCiAgICAgICAgPEV4dHJhY3Rpb25SdWxlIENsYXNzbmFtZT0iTWljcm9zb2Z0LlZpc3VhbFN0dWRpby5UZXN0VG9vbHMuV2ViVGVzdGluZy5SdWxlcy5FeHRyYWN0VGV4dCwgTWljcm9zb2Z0LlZpc3VhbFN0dWRpby5RdWFsaXR5VG9vbHMuV2ViVGVzdEZyYW1ld29yaywgVmVyc2lvbj0xMC4wLjAuMCwgQ3VsdHVyZT1uZXV0cmFsLCBQdWJsaWNLZXlUb2tlbj1iMDNmNWY3ZjExZDUwYTNhIiBWYXJpYWJsZU5hbWU9IlF1ZXJ5U3RyaW5nUGFyYW00Mi5ydmVyIiBEaXNwbGF5TmFtZT0iIiBEZXNjcmlwdGlvbj0iIj4NCiAgICAgICAgICA8UnVsZVBhcmFtZXRlcnM+DQogICAgICAgICAgICA8UnVsZVBhcmFtZXRlciBOYW1lPSJTdGFydHNXaXRoIiBWYWx1ZT0iJmFtcDthbXA7cnZlcj0iIC8+DQogICAgICAgICAgICA8UnVsZVBhcmFtZXRlciBOYW1lPSJFbmRzV2l0aCIgVmFsdWU9IiZhbXA7IiAvPg0KICAgICAgICAgICAgPFJ1bGVQYXJhbWV0ZXIgTmFtZT0iSW5kZXgiIFZhbHVlPSIwIiAvPg0KICAgICAgICAgICAgPFJ1bGVQYXJhbWV0ZXIgTmFtZT0iSWdub3JlQ2FzZSIgVmFsdWU9IkZhbHNlIiAvPg0KICAgICAgICAgICAgPFJ1bGVQYXJhbWV0ZXIgTmFtZT0iVXNlUmVndWxhckV4cHJlc3Npb24iIFZhbHVlPSJGYWxzZSIgLz4NCiAgICAgICAgICAgIDxSdWxlUGFyYW1ldGVyIE5hbWU9Ikh0bWxEZWNvZGUiIFZhbHVlPSJUcnVlIiAvPg0KICAgICAgICAgICAgPFJ1bGVQYXJhbWV0ZXIgTmFtZT0iUmVxdWlyZWQiIFZhbHVlPSJGYWxzZSIgLz4NCiAgICAgICAgICA8L1J1bGVQYXJhbWV0ZXJzPg0KICAgICAgICA8L0V4dHJhY3Rpb25SdWxlPg0KICAgICAgICA8RXh0cmFjdGlvblJ1bGUgQ2xhc3NuYW1lPSJNaWNyb3NvZnQuVmlzdWFsU3R1ZGlvLlRlc3RUb29scy5XZWJUZXN0aW5nLlJ1bGVzLkV4dHJhY3RUZXh0LCBNaWNyb3NvZnQuVmlzdWFsU3R1ZGlvLlF1YWxpdHlUb29scy5XZWJUZXN0RnJhbWV3b3JrLCBWZXJzaW9uPTEwLjAuMC4wLCBDdWx0dXJlPW5ldXRyYWwsIFB1YmxpY0tleVRva2VuPWIwM2Y1ZjdmMTFkNTBhM2EiIFZhcmlhYmxlTmFtZT0iUXVlcnlTdHJpbmdQYXJhbTQzLndwIiBEaXNwbGF5TmFtZT0iIiBEZXNjcmlwdGlvbj0iIj4NCiAgICAgICAgICA8UnVsZVBhcmFtZXRlcnM+DQogICAgICAgICAgICA8UnVsZVBhcmFtZXRlciBOYW1lPSJTdGFydHNXaXRoIiBWYWx1ZT0iJmFtcDthbXA7d3A9IiAvPg0KICAgICAgICAgICAgPFJ1bGVQYXJhbWV0ZXIgTmFtZT0iRW5kc1dpdGgiIFZhbHVlPSImYW1wOyIgLz4NCiAgICAgICAgICAgIDxSdWxlUGFyYW1ldGVyIE5hbWU9IkluZGV4IiBWYWx1ZT0iMSIgLz4NCiAgICAgICAgICAgIDxSdWxlUGFyYW1ldGVyIE5hbWU9Iklnbm9yZUNhc2UiIFZhbHVlPSJGYWxzZSIgLz4NCiAgICAgICAgICAgIDxSdWxlUGFyYW1ldGVyIE5hbWU9IlVzZVJlZ3VsYXJFeHByZXNzaW9uIiBWYWx1ZT0iRmFsc2UiIC8+DQogICAgICAgICAgICA8UnVsZVBhcmFtZXRlciBOYW1lPSJIdG1sRGVjb2RlIiBWYWx1ZT0iVHJ1ZSIgLz4NCiAgICAgICAgICAgIDxSdWxlUGFyYW1ldGVyIE5hbWU9IlJlcXVpcmVkIiBWYWx1ZT0iRmFsc2UiIC8+DQogICAgICAgICAgPC9SdWxlUGFyYW1ldGVycz4NCiAgICAgICAgPC9FeHRyYWN0aW9uUnVsZT4NCiAgICAgICAgPEV4dHJhY3Rpb25SdWxlIENsYXNzbmFtZT0iTWljcm9zb2Z0LlZpc3VhbFN0dWRpby5UZXN0VG9vbHMuV2ViVGVzdGluZy5SdWxlcy5FeHRyYWN0VGV4dCwgTWljcm9zb2Z0LlZpc3VhbFN0dWRpby5RdWFsaXR5VG9vbHMuV2ViVGVzdEZyYW1ld29yaywgVmVyc2lvbj0xMC4wLjAuMCwgQ3VsdHVyZT1uZXV0cmFsLCBQdWJsaWNLZXlUb2tlbj1iMDNmNWY3ZjExZDUwYTNhIiBWYXJpYWJsZU5hbWU9IlF1ZXJ5U3RyaW5nUGFyYW00NS5sYyIgRGlzcGxheU5hbWU9IiIgRGVzY3JpcHRpb249IiI+DQogICAgICAgICAgPFJ1bGVQYXJhbWV0ZXJzPg0KICAgICAgICAgICAgPFJ1bGVQYXJhbWV0ZXIgTmFtZT0iU3RhcnRzV2l0aCIgVmFsdWU9IiZhbXA7YW1wO2xjPSIgLz4NCiAgICAgICAgICAgIDxSdWxlUGFyYW1ldGVyIE5hbWU9IkVuZHNXaXRoIiBWYWx1ZT0iJmFtcDsiIC8+DQogICAgICAgICAgICA8UnVsZVBhcmFtZXRlciBOYW1lPSJJbmRleCIgVmFsdWU9IjAiIC8+DQogICAgICAgICAgICA8UnVsZVBhcmFtZXRlciBOYW1lPSJJZ25vcmVDYXNlIiBWYWx1ZT0iRmFsc2UiIC8+DQogICAgICAgICAgICA8UnVsZVBhcmFtZXRlciBOYW1lPSJVc2VSZWd1bGFyRXhwcmVzc2lvbiIgVmFsdWU9IkZhbHNlIiAvPg0KICAgICAgICAgICAgPFJ1bGVQYXJhbWV0ZXIgTmFtZT0iSHRtbERlY29kZSIgVmFsdWU9IlRydWUiIC8+DQogICAgICAgICAgICA8UnVsZVBhcmFtZXRlciBOYW1lPSJSZXF1aXJlZCIgVmFsdWU9IkZhbHNlIiAvPg0KICAgICAgICAgIDwvUnVsZVBhcmFtZXRlcnM+DQogICAgICAgIDwvRXh0cmFjdGlvblJ1bGU+DQogICAgICAgIDxFeHRyYWN0aW9uUnVsZSBDbGFzc25hbWU9Ik1pY3Jvc29mdC5WaXN1YWxTdHVkaW8uVGVzdFRvb2xzLldlYlRlc3RpbmcuUnVsZXMuRXh0cmFjdFRleHQsIE1pY3Jvc29mdC5WaXN1YWxTdHVkaW8uUXVhbGl0eVRvb2xzLldlYlRlc3RGcmFtZXdvcmssIFZlcnNpb249MTAuMC4wLjAsIEN1bHR1cmU9bmV1dHJhbCwgUHVibGljS2V5VG9rZW49YjAzZjVmN2YxMWQ1MGEzYSIgVmFyaWFibGVOYW1lPSJRdWVyeVN0cmluZ1BhcmFtNDYuaWQiIERpc3BsYXlOYW1lPSIiIERlc2NyaXB0aW9uPSIiPg0KICAgICAgICAgIDxSdWxlUGFyYW1ldGVycz4NCiAgICAgICAgICAgIDxSdWxlUGFyYW1ldGVyIE5hbWU9IlN0YXJ0c1dpdGgiIFZhbHVlPSImYW1wO2FtcDtpZD0iIC8+DQogICAgICAgICAgICA8UnVsZVBhcmFtZXRlciBOYW1lPSJFbmRzV2l0aCIgVmFsdWU9IiZhbXA7IiAvPg0KICAgICAgICAgICAgPFJ1bGVQYXJhbWV0ZXIgTmFtZT0iSW5kZXgiIFZhbHVlPSIwIiAvPg0KICAgICAgICAgICAgPFJ1bGVQYXJhbWV0ZXIgTmFtZT0iSWdub3JlQ2FzZSIgVmFsdWU9IkZhbHNlIiAvPg0KICAgICAgICAgICAgPFJ1bGVQYXJhbWV0ZXIgTmFtZT0iVXNlUmVndWxhckV4cHJlc3Npb24iIFZhbHVlPSJGYWxzZSIgLz4NCiAgICAgICAgICAgIDxSdWxlUGFyYW1ldGVyIE5hbWU9Ikh0bWxEZWNvZGUiIFZhbHVlPSJUcnVlIiAvPg0KICAgICAgICAgICAgPFJ1bGVQYXJhbWV0ZXIgTmFtZT0iUmVxdWlyZWQiIFZhbHVlPSJGYWxzZSIgLz4NCiAgICAgICAgICA8L1J1bGVQYXJhbWV0ZXJzPg0KICAgICAgICA8L0V4dHJhY3Rpb25SdWxlPg0KICAgICAgICA8RXh0cmFjdGlvblJ1bGUgQ2xhc3NuYW1lPSJNaWNyb3NvZnQuVmlzdWFsU3R1ZGlvLlRlc3RUb29scy5XZWJUZXN0aW5nLlJ1bGVzLkV4dHJhY3RUZXh0LCBNaWNyb3NvZnQuVmlzdWFsU3R1ZGlvLlF1YWxpdHlUb29scy5XZWJUZXN0RnJhbWV3b3JrLCBWZXJzaW9uPTEwLjAuMC4wLCBDdWx0dXJlPW5ldXRyYWwsIFB1YmxpY0tleVRva2VuPWIwM2Y1ZjdmMTFkNTBhM2EiIFZhcmlhYmxlTmFtZT0iUXVlcnlTdHJpbmdQYXJhbTc1LmxvY2FsZSIgRGlzcGxheU5hbWU9IiIgRGVzY3JpcHRpb249IiI+DQogICAgICAgICAgPFJ1bGVQYXJhbWV0ZXJzPg0KICAgICAgICAgICAgPFJ1bGVQYXJhbWV0ZXIgTmFtZT0iU3RhcnRzV2l0aCIgVmFsdWU9Ij9sb2NhbGU9IiAvPg0KICAgICAgICAgICAgPFJ1bGVQYXJhbWV0ZXIgTmFtZT0iRW5kc1dpdGgiIFZhbHVlPSImYW1wOyIgLz4NCiAgICAgICAgICAgIDxSdWxlUGFyYW1ldGVyIE5hbWU9IkluZGV4IiBWYWx1ZT0iMCIgLz4NCiAgICAgICAgICAgIDxSdWxlUGFyYW1ldGVyIE5hbWU9Iklnbm9yZUNhc2UiIFZhbHVlPSJGYWxzZSIgLz4NCiAgICAgICAgICAgIDxSdWxlUGFyYW1ldGVyIE5hbWU9IlVzZVJlZ3VsYXJFeHByZXNzaW9uIiBWYWx1ZT0iRmFsc2UiIC8+DQogICAgICAgICAgICA8UnVsZVBhcmFtZXRlciBOYW1lPSJIdG1sRGVjb2RlIiBWYWx1ZT0iVHJ1ZSIgLz4NCiAgICAgICAgICAgIDxSdWxlUGFyYW1ldGVyIE5hbWU9IlJlcXVpcmVkIiBWYWx1ZT0iRmFsc2UiIC8+DQogICAgICAgICAgPC9SdWxlUGFyYW1ldGVycz4NCiAgICAgICAgPC9FeHRyYWN0aW9uUnVsZT4NCiAgICAgICAgPEV4dHJhY3Rpb25SdWxlIENsYXNzbmFtZT0iTWljcm9zb2Z0LlZpc3VhbFN0dWRpby5UZXN0VG9vbHMuV2ViVGVzdGluZy5SdWxlcy5FeHRyYWN0VGV4dCwgTWljcm9zb2Z0LlZpc3VhbFN0dWRpby5RdWFsaXR5VG9vbHMuV2ViVGVzdEZyYW1ld29yaywgVmVyc2lvbj0xMC4wLjAuMCwgQ3VsdHVyZT1uZXV0cmFsLCBQdWJsaWNLZXlUb2tlbj1iMDNmNWY3ZjExZDUwYTNhIiBWYXJpYWJsZU5hbWU9IlF1ZXJ5U3RyaW5nUGFyYW03Ni5tYXJrZXQiIERpc3BsYXlOYW1lPSIiIERlc2NyaXB0aW9uPSIiPg0KICAgICAgICAgIDxSdWxlUGFyYW1ldGVycz4NCiAgICAgICAgICAgIDxSdWxlUGFyYW1ldGVyIE5hbWU9IlN0YXJ0c1dpdGgiIFZhbHVlPSImYW1wO2FtcDttYXJrZXQ9IiAvPg0KICAgICAgICAgICAgPFJ1bGVQYXJhbWV0ZXIgTmFtZT0iRW5kc1dpdGgiIFZhbHVlPSImYW1wOyIgLz4NCiAgICAgICAgICAgIDxSdWxlUGFyYW1ldGVyIE5hbWU9IkluZGV4IiBWYWx1ZT0iMCIgLz4NCiAgICAgICAgICAgIDxSdWxlUGFyYW1ldGVyIE5hbWU9Iklnbm9yZUNhc2UiIFZhbHVlPSJGYWxzZSIgLz4NCiAgICAgICAgICAgIDxSdWxlUGFyYW1ldGVyIE5hbWU9IlVzZVJlZ3VsYXJFeHByZXNzaW9uIiBWYWx1ZT0iRmFsc2UiIC8+DQogICAgICAgICAgICA8UnVsZVBhcmFtZXRlciBOYW1lPSJIdG1sRGVjb2RlIiBWYWx1ZT0iVHJ1ZSIgLz4NCiAgICAgICAgICAgIDxSdWxlUGFyYW1ldGVyIE5hbWU9IlJlcXVpcmVkIiBWYWx1ZT0iRmFsc2UiIC8+DQogICAgICAgICAgPC9SdWxlUGFyYW1ldGVycz4NCiAgICAgICAgPC9FeHRyYWN0aW9uUnVsZT4NCiAgICAgICAgPEV4dHJhY3Rpb25SdWxlIENsYXNzbmFtZT0iTWljcm9zb2Z0LlZpc3VhbFN0dWRpby5UZXN0VG9vbHMuV2ViVGVzdGluZy5SdWxlcy5FeHRyYWN0VGV4dCwgTWljcm9zb2Z0LlZpc3VhbFN0dWRpby5RdWFsaXR5VG9vbHMuV2ViVGVzdEZyYW1ld29yaywgVmVyc2lvbj0xMC4wLjAuMCwgQ3VsdHVyZT1uZXV0cmFsLCBQdWJsaWNLZXlUb2tlbj1iMDNmNWY3ZjExZDUwYTNhIiBWYXJpYWJsZU5hbWU9IlF1ZXJ5U3RyaW5nUGFyYW03Ny5lbmFibGVyZWd1bGF0b3J5cHNtIiBEaXNwbGF5TmFtZT0iIiBEZXNjcmlwdGlvbj0iIj4NCiAgICAgICAgICA8UnVsZVBhcmFtZXRlcnM+DQogICAgICAgICAgICA8UnVsZVBhcmFtZXRlciBOYW1lPSJTdGFydHNXaXRoIiBWYWx1ZT0iJmFtcDthbXA7ZW5hYmxlcmVndWxhdG9yeXBzbT0iIC8+DQogICAgICAgICAgICA8UnVsZVBhcmFtZXRlciBOYW1lPSJFbmRzV2l0aCIgVmFsdWU9IiZhbXA7IiAvPg0KICAgICAgICAgICAgPFJ1bGVQYXJhbWV0ZXIgTmFtZT0iSW5kZXgiIFZhbHVlPSIwIiAvPg0KICAgICAgICAgICAgPFJ1bGVQYXJhbWV0ZXIgTmFtZT0iSWdub3JlQ2FzZSIgVmFsdWU9IkZhbHNlIiAvPg0KICAgICAgICAgICAgPFJ1bGVQYXJhbWV0ZXIgTmFtZT0iVXNlUmVndWxhckV4cHJlc3Npb24iIFZhbHVlPSJGYWxzZSIgLz4NCiAgICAgICAgICAgIDxSdWxlUGFyYW1ldGVyIE5hbWU9Ikh0bWxEZWNvZGUiIFZhbHVlPSJUcnVlIiAvPg0KICAgICAgICAgICAgPFJ1bGVQYXJhbWV0ZXIgTmFtZT0iUmVxdWlyZWQiIFZhbHVlPSJGYWxzZSIgLz4NCiAgICAgICAgICA8L1J1bGVQYXJhbWV0ZXJzPg0KICAgICAgICA8L0V4dHJhY3Rpb25SdWxlPg0KICAgICAgICA8RXh0cmFjdGlvblJ1bGUgQ2xhc3NuYW1lPSJNaWNyb3NvZnQuVmlzdWFsU3R1ZGlvLlRlc3RUb29scy5XZWJUZXN0aW5nLlJ1bGVzLkV4dHJhY3RUZXh0LCBNaWNyb3NvZnQuVmlzdWFsU3R1ZGlvLlF1YWxpdHlUb29scy5XZWJUZXN0RnJhbWV3b3JrLCBWZXJzaW9uPTEwLjAuMC4wLCBDdWx0dXJlPW5ldXRyYWwsIFB1YmxpY0tleVRva2VuPWIwM2Y1ZjdmMTFkNTBhM2EiIFZhcmlhYmxlTmFtZT0iUXVlcnlTdHJpbmdQYXJhbTc4Lm50bG9nbyIgRGlzcGxheU5hbWU9IiIgRGVzY3JpcHRpb249IiI+DQogICAgICAgICAgPFJ1bGVQYXJhbWV0ZXJzPg0KICAgICAgICAgICAgPFJ1bGVQYXJhbWV0ZXIgTmFtZT0iU3RhcnRzV2l0aCIgVmFsdWU9IiZhbXA7YW1wO250bG9nbz0iIC8+DQogICAgICAgICAgICA8UnVsZVBhcmFtZXRlciBOYW1lPSJFbmRzV2l0aCIgVmFsdWU9IiZhbXA7IiAvPg0KICAgICAgICAgICAgPFJ1bGVQYXJhbWV0ZXIgTmFtZT0iSW5kZXgiIFZhbHVlPSIwIiAvPg0KICAgICAgICAgICAgPFJ1bGVQYXJhbWV0ZXIgTmFtZT0iSWdub3JlQ2FzZSIgVmFsdWU9IkZhbHNlIiAvPg0KICAgICAgICAgICAgPFJ1bGVQYXJhbWV0ZXIgTmFtZT0iVXNlUmVndWxhckV4cHJlc3Npb24iIFZhbHVlPSJGYWxzZSIgLz4NCiAgICAgICAgICAgIDxSdWxlUGFyYW1ldGVyIE5hbWU9Ikh0bWxEZWNvZGUiIFZhbHVlPSJUcnVlIiAvPg0KICAgICAgICAgICAgPFJ1bGVQYXJhbWV0ZXIgTmFtZT0iUmVxdWlyZWQiIFZhbHVlPSJGYWxzZSIgLz4NCiAgICAgICAgICA8L1J1bGVQYXJhbWV0ZXJzPg0KICAgICAgICA8L0V4dHJhY3Rpb25SdWxlPg0KICAgICAgICA8RXh0cmFjdGlvblJ1bGUgQ2xhc3NuYW1lPSJNaWNyb3NvZnQuVmlzdWFsU3R1ZGlvLlRlc3RUb29scy5XZWJUZXN0aW5nLlJ1bGVzLkV4dHJhY3RUZXh0LCBNaWNyb3NvZnQuVmlzdWFsU3R1ZGlvLlF1YWxpdHlUb29scy5XZWJUZXN0RnJhbWV3b3JrLCBWZXJzaW9uPTEwLjAuMC4wLCBDdWx0dXJlPW5ldXRyYWwsIFB1YmxpY0tleVRva2VuPWIwM2Y1ZjdmMTFkNTBhM2EiIFZhcmlhYmxlTmFtZT0iUXVlcnlTdHJpbmdQYXJhbTc5LmlzZnJlIiBEaXNwbGF5TmFtZT0iIiBEZXNjcmlwdGlvbj0iIj4NCiAgICAgICAgICA8UnVsZVBhcmFtZXRlcnM+DQogICAgICAgICAgICA8UnVsZVBhcmFtZXRlciBOYW1lPSJTdGFydHNXaXRoIiBWYWx1ZT0iJmFtcDthbXA7aXNmcmU9IiAvPg0KICAgICAgICAgICAgPFJ1bGVQYXJhbWV0ZXIgTmFtZT0iRW5kc1dpdGgiIFZhbHVlPSImcXVvdDsiIC8+DQogICAgICAgICAgICA8UnVsZVBhcmFtZXRlciBOYW1lPSJJbmRleCIgVmFsdWU9IjAiIC8+DQogICAgICAgICAgICA8UnVsZVBhcmFtZXRlciBOYW1lPSJJZ25vcmVDYXNlIiBWYWx1ZT0iRmFsc2UiIC8+DQogICAgICAgICAgICA8UnVsZVBhcmFtZXRlciBOYW1lPSJVc2VSZWd1bGFyRXhwcmVzc2lvbiIgVmFsdWU9IkZhbHNlIiAvPg0KICAgICAgICAgICAgPFJ1bGVQYXJhbWV0ZXIgTmFtZT0iSHRtbERlY29kZSIgVmFsdWU9IlRydWUiIC8+DQogICAgICAgICAgICA8UnVsZVBhcmFtZXRlciBOYW1lPSJSZXF1aXJlZCIgVmFsdWU9IkZhbHNlIiAvPg0KICAgICAgICAgIDwvUnVsZVBhcmFtZXRlcnM+DQogICAgICAgIDwvRXh0cmFjdGlvblJ1bGU+DQogICAgICAgIDxFeHRyYWN0aW9uUnVsZSBDbGFzc25hbWU9Ik1pY3Jvc29mdC5WaXN1YWxTdHVkaW8uVGVzdFRvb2xzLldlYlRlc3RpbmcuUnVsZXMuRXh0cmFjdFRleHQsIE1pY3Jvc29mdC5WaXN1YWxTdHVkaW8uUXVhbGl0eVRvb2xzLldlYlRlc3RGcmFtZXdvcmssIFZlcnNpb249MTAuMC4wLjAsIEN1bHR1cmU9bmV1dHJhbCwgUHVibGljS2V5VG9rZW49YjAzZjVmN2YxMWQ1MGEzYSIgVmFyaWFibGVOYW1lPSJRdWVyeVN0cmluZ1BhcmFtODAudmVyIiBEaXNwbGF5TmFtZT0iIiBEZXNjcmlwdGlvbj0iIj4NCiAgICAgICAgICA8UnVsZVBhcmFtZXRlcnM+DQogICAgICAgICAgICA8UnVsZVBhcmFtZXRlciBOYW1lPSJTdGFydHNXaXRoIiBWYWx1ZT0iP3Zlcj0iIC8+DQogICAgICAgICAgICA8UnVsZVBhcmFtZXRlciBOYW1lPSJFbmRzV2l0aCIgVmFsdWU9IiZxdW90OyIgLz4NCiAgICAgICAgICAgIDxSdWxlUGFyYW1ldGVyIE5hbWU9IkluZGV4IiBWYWx1ZT0iMCIgLz4NCiAgICAgICAgICAgIDxSdWxlUGFyYW1ldGVyIE5hbWU9Iklnbm9yZUNhc2UiIFZhbHVlPSJGYWxzZSIgLz4NCiAgICAgICAgICAgIDxSdWxlUGFyYW1ldGVyIE5hbWU9IlVzZVJlZ3VsYXJFeHByZXNzaW9uIiBWYWx1ZT0iRmFsc2UiIC8+DQogICAgICAgICAgICA8UnVsZVBhcmFtZXRlciBOYW1lPSJIdG1sRGVjb2RlIiBWYWx1ZT0iVHJ1ZSIgLz4NCiAgICAgICAgICAgIDxSdWxlUGFyYW1ldGVyIE5hbWU9IlJlcXVpcmVkIiBWYWx1ZT0iRmFsc2UiIC8+DQogICAgICAgICAgPC9SdWxlUGFyYW1ldGVycz4NCiAgICAgICAgPC9FeHRyYWN0aW9uUnVsZT4NCiAgICAgICAgPEV4dHJhY3Rpb25SdWxlIENsYXNzbmFtZT0iTWljcm9zb2Z0LlZpc3VhbFN0dWRpby5UZXN0VG9vbHMuV2ViVGVzdGluZy5SdWxlcy5FeHRyYWN0VGV4dCwgTWljcm9zb2Z0LlZpc3VhbFN0dWRpby5RdWFsaXR5VG9vbHMuV2ViVGVzdEZyYW1ld29yaywgVmVyc2lvbj0xMC4wLjAuMCwgQ3VsdHVyZT1uZXV0cmFsLCBQdWJsaWNLZXlUb2tlbj1iMDNmNWY3ZjExZDUwYTNhIiBWYXJpYWJsZU5hbWU9IlF1ZXJ5U3RyaW5nUGFyYW0xMDkubWFya2V0IiBEaXNwbGF5TmFtZT0iIiBEZXNjcmlwdGlvbj0iIj4NCiAgICAgICAgICA8UnVsZVBhcmFtZXRlcnM+DQogICAgICAgICAgICA8UnVsZVBhcmFtZXRlciBOYW1lPSJTdGFydHNXaXRoIiBWYWx1ZT0iP21hcmtldD0iIC8+DQogICAgICAgICAgICA8UnVsZVBhcmFtZXRlciBOYW1lPSJFbmRzV2l0aCIgVmFsdWU9IiZhbXA7IiAvPg0KICAgICAgICAgICAgPFJ1bGVQYXJhbWV0ZXIgTmFtZT0iSW5kZXgiIFZhbHVlPSIwIiAvPg0KICAgICAgICAgICAgPFJ1bGVQYXJhbWV0ZXIgTmFtZT0iSWdub3JlQ2FzZSIgVmFsdWU9IkZhbHNlIiAvPg0KICAgICAgICAgICAgPFJ1bGVQYXJhbWV0ZXIgTmFtZT0iVXNlUmVndWxhckV4cHJlc3Npb24iIFZhbHVlPSJGYWxzZSIgLz4NCiAgICAgICAgICAgIDxSdWxlUGFyYW1ldGVyIE5hbWU9Ikh0bWxEZWNvZGUiIFZhbHVlPSJUcnVlIiAvPg0KICAgICAgICAgICAgPFJ1bGVQYXJhbWV0ZXIgTmFtZT0iUmVxdWlyZWQiIFZhbHVlPSJGYWxzZSIgLz4NCiAgICAgICAgICA8L1J1bGVQYXJhbWV0ZXJzPg0KICAgICAgICA8L0V4dHJhY3Rpb25SdWxlPg0KICAgICAgICA8RXh0cmFjdGlvblJ1bGUgQ2xhc3NuYW1lPSJNaWNyb3NvZnQuVmlzdWFsU3R1ZGlvLlRlc3RUb29scy5XZWJUZXN0aW5nLlJ1bGVzLkV4dHJhY3RUZXh0LCBNaWNyb3NvZnQuVmlzdWFsU3R1ZGlvLlF1YWxpdHlUb29scy5XZWJUZXN0RnJhbWV3b3JrLCBWZXJzaW9uPTEwLjAuMC4wLCBDdWx0dXJlPW5ldXRyYWwsIFB1YmxpY0tleVRva2VuPWIwM2Y1ZjdmMTFkNTBhM2EiIFZhcmlhYmxlTmFtZT0iUXVlcnlTdHJpbmdQYXJhbTExMC5lbmFibGVyZWd1bGF0b3J5cHNtIiBEaXNwbGF5TmFtZT0iIiBEZXNjcmlwdGlvbj0iIj4NCiAgICAgICAgICA8UnVsZVBhcmFtZXRlcnM+DQogICAgICAgICAgICA8UnVsZVBhcmFtZXRlciBOYW1lPSJTdGFydHNXaXRoIiBWYWx1ZT0iJmFtcDthbXA7ZW5hYmxlcmVndWxhdG9yeXBzbT0iIC8+DQogICAgICAgICAgICA8UnVsZVBhcmFtZXRlciBOYW1lPSJFbmRzV2l0aCIgVmFsdWU9IiZhbXA7IiAvPg0KICAgICAgICAgICAgPFJ1bGVQYXJhbWV0ZXIgTmFtZT0iSW5kZXgiIFZhbHVlPSIwIiAvPg0KICAgICAgICAgICAgPFJ1bGVQYXJhbWV0ZXIgTmFtZT0iSWdub3JlQ2FzZSIgVmFsdWU9IkZhbHNlIiAvPg0KICAgICAgICAgICAgPFJ1bGVQYXJhbWV0ZXIgTmFtZT0iVXNlUmVndWxhckV4cHJlc3Npb24iIFZhbHVlPSJGYWxzZSIgLz4NCiAgICAgICAgICAgIDxSdWxlUGFyYW1ldGVyIE5hbWU9Ikh0bWxEZWNvZGUiIFZhbHVlPSJUcnVlIiAvPg0KICAgICAgICAgICAgPFJ1bGVQYXJhbWV0ZXIgTmFtZT0iUmVxdWlyZWQiIFZhbHVlPSJGYWxzZSIgLz4NCiAgICAgICAgICA8L1J1bGVQYXJhbWV0ZXJzPg0KICAgICAgICA8L0V4dHJhY3Rpb25SdWxlPg0KICAgICAgICA8RXh0cmFjdGlvblJ1bGUgQ2xhc3NuYW1lPSJNaWNyb3NvZnQuVmlzdWFsU3R1ZGlvLlRlc3RUb29scy5XZWJUZXN0aW5nLlJ1bGVzLkV4dHJhY3RUZXh0LCBNaWNyb3NvZnQuVmlzdWFsU3R1ZGlvLlF1YWxpdHlUb29scy5XZWJUZXN0RnJhbWV3b3JrLCBWZXJzaW9uPTEwLjAuMC4wLCBDdWx0dXJlPW5ldXRyYWwsIFB1YmxpY0tleVRva2VuPWIwM2Y1ZjdmMTFkNTBhM2EiIFZhcmlhYmxlTmFtZT0iUXVlcnlTdHJpbmdQYXJhbTExMS5OVExvZ28iIERpc3BsYXlOYW1lPSIiIERlc2NyaXB0aW9uPSIiPg0KICAgICAgICAgIDxSdWxlUGFyYW1ldGVycz4NCiAgICAgICAgICAgIDxSdWxlUGFyYW1ldGVyIE5hbWU9IlN0YXJ0c1dpdGgiIFZhbHVlPSImYW1wO2FtcDtOVExvZ289IiAvPg0KICAgICAgICAgICAgPFJ1bGVQYXJhbWV0ZXIgTmFtZT0iRW5kc1dpdGgiIFZhbHVlPSImYW1wOyIgLz4NCiAgICAgICAgICAgIDxSdWxlUGFyYW1ldGVyIE5hbWU9IkluZGV4IiBWYWx1ZT0iMCIgLz4NCiAgICAgICAgICAgIDxSdWxlUGFyYW1ldGVyIE5hbWU9Iklnbm9yZUNhc2UiIFZhbHVlPSJGYWxzZSIgLz4NCiAgICAgICAgICAgIDxSdWxlUGFyYW1ldGVyIE5hbWU9IlVzZVJlZ3VsYXJFeHByZXNzaW9uIiBWYWx1ZT0iRmFsc2UiIC8+DQogICAgICAgICAgICA8UnVsZVBhcmFtZXRlciBOYW1lPSJIdG1sRGVjb2RlIiBWYWx1ZT0iVHJ1ZSIgLz4NCiAgICAgICAgICAgIDxSdWxlUGFyYW1ldGVyIE5hbWU9IlJlcXVpcmVkIiBWYWx1ZT0iRmFsc2UiIC8+DQogICAgICAgICAgPC9SdWxlUGFyYW1ldGVycz4NCiAgICAgICAgPC9FeHRyYWN0aW9uUnVsZT4NCiAgICAgICAgPEV4dHJhY3Rpb25SdWxlIENsYXNzbmFtZT0iTWljcm9zb2Z0LlZpc3VhbFN0dWRpby5UZXN0VG9vbHMuV2ViVGVzdGluZy5SdWxlcy5FeHRyYWN0VGV4dCwgTWljcm9zb2Z0LlZpc3VhbFN0dWRpby5RdWFsaXR5VG9vbHMuV2ViVGVzdEZyYW1ld29yaywgVmVyc2lvbj0xMC4wLjAuMCwgQ3VsdHVyZT1uZXV0cmFsLCBQdWJsaWNLZXlUb2tlbj1iMDNmNWY3ZjExZDUwYTNhIiBWYXJpYWJsZU5hbWU9IlF1ZXJ5U3RyaW5nUGFyYW0xMTIuSXNGUkUiIERpc3BsYXlOYW1lPSIiIERlc2NyaXB0aW9uPSIiPg0KICAgICAgICAgIDxSdWxlUGFyYW1ldGVycz4NCiAgICAgICAgICAgIDxSdWxlUGFyYW1ldGVyIE5hbWU9IlN0YXJ0c1dpdGgiIFZhbHVlPSImYW1wO2FtcDtJc0ZSRT0iIC8+DQogICAgICAgICAgICA8UnVsZVBhcmFtZXRlciBOYW1lPSJFbmRzV2l0aCIgVmFsdWU9IiZhbXA7IiAvPg0KICAgICAgICAgICAgPFJ1bGVQYXJhbWV0ZXIgTmFtZT0iSW5kZXgiIFZhbHVlPSIwIiAvPg0KICAgICAgICAgICAgPFJ1bGVQYXJhbWV0ZXIgTmFtZT0iSWdub3JlQ2FzZSIgVmFsdWU9IkZhbHNlIiAvPg0KICAgICAgICAgICAgPFJ1bGVQYXJhbWV0ZXIgTmFtZT0iVXNlUmVndWxhckV4cHJlc3Npb24iIFZhbHVlPSJGYWxzZSIgLz4NCiAgICAgICAgICAgIDxSdWxlUGFyYW1ldGVyIE5hbWU9Ikh0bWxEZWNvZGUiIFZhbHVlPSJUcnVlIiAvPg0KICAgICAgICAgICAgPFJ1bGVQYXJhbWV0ZXIgTmFtZT0iUmVxdWlyZWQiIFZhbHVlPSJGYWxzZSIgLz4NCiAgICAgICAgICA8L1J1bGVQYXJhbWV0ZXJzPg0KICAgICAgICA8L0V4dHJhY3Rpb25SdWxlPg0KICAgICAgPC9Db3JyZWxhdGlvbkV4dHJhY3Rpb25SdWxlcz4NCiAgICAgIDxRdWVyeVN0cmluZ1BhcmFtZXRlcnM+DQogICAgICAgIDxRdWVyeVN0cmluZ1BhcmFtZXRlciBOYW1lPSJsb2NhbGUiIFZhbHVlPSJlbi1JTiIgUmVjb3JkZWRWYWx1ZT0iZW4tSU4iIENvcnJlbGF0aW9uQmluZGluZz0iIiBVcmxFbmNvZGU9IkZhbHNlIiBVc2VUb0dyb3VwUmVzdWx0cz0iRmFsc2UiIC8+DQogICAgICAgIDxRdWVyeVN0cmluZ1BhcmFtZXRlciBOYW1lPSJtYXJrZXQiIFZhbHVlPSJJTiIgUmVjb3JkZWRWYWx1ZT0iSU4iIENvcnJlbGF0aW9uQmluZGluZz0iIiBVcmxFbmNvZGU9IkZhbHNlIiBVc2VUb0dyb3VwUmVzdWx0cz0iRmFsc2UiIC8+DQogICAgICAgIDxRdWVyeVN0cmluZ1BhcmFtZXRlciBOYW1lPSJlbmFibGVyZWd1bGF0b3J5cHNtIiBWYWx1ZT0iMCIgUmVjb3JkZWRWYWx1ZT0iMCIgQ29ycmVsYXRpb25CaW5kaW5nPSIiIFVybEVuY29kZT0iRmFsc2UiIFVzZVRvR3JvdXBSZXN1bHRzPSJGYWxzZSIgLz4NCiAgICAgICAgPFF1ZXJ5U3RyaW5nUGFyYW1ldGVyIE5hbWU9Ik5UTG9nbyIgVmFsdWU9IjEiIFJlY29yZGVkVmFsdWU9IjEiIENvcnJlbGF0aW9uQmluZGluZz0iIiBVcmxFbmNvZGU9IkZhbHNlIiBVc2VUb0dyb3VwUmVzdWx0cz0iRmFsc2UiIC8+DQogICAgICAgIDxRdWVyeVN0cmluZ1BhcmFtZXRlciBOYW1lPSJJc0ZSRSIgVmFsdWU9IjAiIFJlY29yZGVkVmFsdWU9IjAiIENvcnJlbGF0aW9uQmluZGluZz0iIiBVcmxFbmNvZGU9IkZhbHNlIiBVc2VUb0dyb3VwUmVzdWx0cz0iRmFsc2UiIC8+DQogICAgICA8L1F1ZXJ5U3RyaW5nUGFyYW1ldGVycz4NCiAgICA8L1JlcXVlc3Q+DQogICAgPFJlcXVlc3QgTWV0aG9kPSJHRVQiIEd1aWQ9IjZkMzQ1YjI3LTE1OWYtNDkyMC05MWIyLWJjOWM0Mzc2MTY4MSIgVmVyc2lvbj0iMS4xIiBVcmw9Imh0dHBzOi8vbG9naW4ubGl2ZS5jb20vbG9naW4uc3JmIiBUaGlua1RpbWU9IjAiIFRpbWVvdXQ9IjMwMCIgUGFyc2VEZXBlbmRlbnRSZXF1ZXN0cz0iVHJ1ZSIgRm9sbG93UmVkaXJlY3RzPSJUcnVlIiBSZWNvcmRSZXN1bHQ9IlRydWUiIENhY2hlPSJGYWxzZSIgUmVzcG9uc2VUaW1lR29hbD0iMCIgRW5jb2Rpbmc9InV0Zi04IiBFeHBlY3RlZEh0dHBTdGF0dXNDb2RlPSIwIiBFeHBlY3RlZFJlc3BvbnNlVXJsPSJodHRwczovL3d3dy5tc24uY29tL3NwYXJ0YW4vZW4tc2cvc2VjdXJlL3NpbGVudHBhc3Nwb3J0P3NlY3VyZT10cnVlJmFtcDtsYz0xODQ0MSIgUmVwb3J0aW5nTmFtZT0iIiBJZ25vcmVIdHRwU3RhdHVzQ29kZT0iRmFsc2UiPg0KICAgICAgPERlcGVuZGVudFJlcXVlc3RzPg0KICAgICAgICA8UmVxdWVzdCBNZXRob2Q9Ik9QVElPTlMiIEd1aWQ9ImQ0MzJhOTk5LTEyNjktNGE5OS1iOWMzLWFhYmJlYzUyNTc0ZiIgVmVyc2lvbj0iMS4xIiBVcmw9Imh0dHBzOi8vc2FtLm1zbi5jb20vcHJvbW90aW9ucy9nZXRTZXNzaW9uUmVzdWx0IiBUaGlua1RpbWU9IjAiIFRpbWVvdXQ9IjMwMCIgUGFyc2VEZXBlbmRlbnRSZXF1ZXN0cz0iVHJ1ZSIgRm9sbG93UmVkaXJlY3RzPSJUcnVlIiBSZWNvcmRSZXN1bHQ9IlRydWUiIENhY2hlPSJGYWxzZSIgUmVzcG9uc2VUaW1lR29hbD0iMCIgRW5jb2Rpbmc9InV0Zi04IiBFeHBlY3RlZEh0dHBTdGF0dXNDb2RlPSIwIiBFeHBlY3RlZFJlc3BvbnNlVXJsPSIiIFJlcG9ydGluZ05hbWU9IiIgSWdub3JlSHR0cFN0YXR1c0NvZGU9IkZhbHNlIj4NCiAgICAgICAgICA8UXVlcnlTdHJpbmdQYXJhbWV0ZXJzPg0KICAgICAgICAgICAgPFF1ZXJ5U3RyaW5nUGFyYW1ldGVyIE5hbWU9ImxvY2FsZSIgVmFsdWU9ImVuLXNnIiBSZWNvcmRlZFZhbHVlPSJlbi1zZyIgQ29ycmVsYXRpb25CaW5kaW5nPSIiIFVybEVuY29kZT0iRmFsc2UiIFVzZVRvR3JvdXBSZXN1bHRzPSJGYWxzZSIgLz4NCiAgICAgICAgICAgIDxRdWVyeVN0cmluZ1BhcmFtZXRlciBOYW1lPSJ2IiBWYWx1ZT0iMiIgUmVjb3JkZWRWYWx1ZT0iMiIgQ29ycmVsYXRpb25CaW5kaW5nPSIiIFVybEVuY29kZT0iRmFsc2UiIFVzZVRvR3JvdXBSZXN1bHRzPSJGYWxzZSIgLz4NCiAgICAgICAgICAgIDxRdWVyeVN0cmluZ1BhcmFtZXRlciBOYW1lPSJza2lwc2Vzc2lvbmNhbGwiIFZhbHVlPSJmYWxzZSIgUmVjb3JkZWRWYWx1ZT0iZmFsc2UiIENvcnJlbGF0aW9uQmluZGluZz0iIiBVcmxFbmNvZGU9IkZhbHNlIiBVc2VUb0dyb3VwUmVzdWx0cz0iRmFsc2UiIC8+DQogICAgICAgICAgPC9RdWVyeVN0cmluZ1BhcmFtZXRlcnM+DQogICAgICAgIDwvUmVxdWVzdD4NCiAgICAgIDwvRGVwZW5kZW50UmVxdWVzdHM+DQogICAgICA8SGVhZGVycz4NCiAgICAgICAgPEhlYWRlciBOYW1lPSJSZWZlcmVyIiBWYWx1ZT0iaHR0cHM6Ly93d3cubXNuLmNvbS9zcGFydGFuL2llbnRwP2xvY2FsZT1lbi1JTiZhbXA7bWFya2V0PUlOJmFtcDtlbmFibGVyZWd1bGF0b3J5cHNtPTAmYW1wO05UTG9nbz0xJmFtcDtJc0ZSRT0wIiAvPg0KICAgICAgPC9IZWFkZXJzPg0KICAgICAgPFF1ZXJ5U3RyaW5nUGFyYW1ldGVycz4NCiAgICAgICAgPFF1ZXJ5U3RyaW5nUGFyYW1ldGVyIE5hbWU9IndhIiBWYWx1ZT0id3NpZ25pbjEuMCIgUmVjb3JkZWRWYWx1ZT0id3NpZ25pbjEuMCIgQ29ycmVsYXRpb25CaW5kaW5nPSJ7e1F1ZXJ5U3RyaW5nUGFyYW0zOC53YX19IiBVcmxFbmNvZGU9IkZhbHNlIiBVc2VUb0dyb3VwUmVzdWx0cz0iRmFsc2UiIC8+DQogICAgICAgIDxRdWVyeVN0cmluZ1BhcmFtZXRlciBOYW1lPSJycHNudiIgVmFsdWU9IjEzIiBSZWNvcmRlZFZhbHVlPSIxMyIgQ29ycmVsYXRpb25CaW5kaW5nPSJ7e1F1ZXJ5U3RyaW5nUGFyYW0zOS5ycHNudn19IiBVcmxFbmNvZGU9IkZhbHNlIiBVc2VUb0dyb3VwUmVzdWx0cz0iRmFsc2UiIC8+DQogICAgICAgIDxRdWVyeVN0cmluZ1BhcmFtZXRlciBOYW1lPSJjaGVja2RhIiBWYWx1ZT0iMSIgUmVjb3JkZWRWYWx1ZT0iMSIgQ29ycmVsYXRpb25CaW5kaW5nPSJ7e1F1ZXJ5U3RyaW5nUGFyYW00MC5jaGVja2RhfX0iIFVybEVuY29kZT0iRmFsc2UiIFVzZVRvR3JvdXBSZXN1bHRzPSJGYWxzZSIgLz4NCiAgICAgICAgPFF1ZXJ5U3RyaW5nUGFyYW1ldGVyIE5hbWU9ImN0IiBWYWx1ZT0iMTUzNTM1NjQ1OSIgUmVjb3JkZWRWYWx1ZT0iMTUzNTM1NjQ1OSIgQ29ycmVsYXRpb25CaW5kaW5nPSJ7e1F1ZXJ5U3RyaW5nUGFyYW00OS5jdH19IiBVcmxFbmNvZGU9IkZhbHNlIiBVc2VUb0dyb3VwUmVzdWx0cz0iRmFsc2UiIC8+DQogICAgICAgIDxRdWVyeVN0cmluZ1BhcmFtZXRlciBOYW1lPSJydmVyIiBWYWx1ZT0iNy4wLjY3MzAuMCIgUmVjb3JkZWRWYWx1ZT0iNy4wLjY3MzAuMCIgQ29ycmVsYXRpb25CaW5kaW5nPSJ7e1F1ZXJ5U3RyaW5nUGFyYW00Mi5ydmVyfX0iIFVybEVuY29kZT0iRmFsc2UiIFVzZVRvR3JvdXBSZXN1bHRzPSJGYWxzZSIgLz4NCiAgICAgICAgPFF1ZXJ5U3RyaW5nUGFyYW1ldGVyIE5hbWU9IndwIiBWYWx1ZT0iTEJJIiBSZWNvcmRlZFZhbHVlPSJMQkkiIENvcnJlbGF0aW9uQmluZGluZz0ie3tRdWVyeVN0cmluZ1BhcmFtNDMud3B9fSIgVXJsRW5jb2RlPSJGYWxzZSIgVXNlVG9Hcm91cFJlc3VsdHM9IkZhbHNlIiAvPg0KICAgICAgICA8UXVlcnlTdHJpbmdQYXJhbWV0ZXIgTmFtZT0id3JlcGx5IiBWYWx1ZT0iaHR0cHMlM2ElMmYlMmZ3d3cubXNuLmNvbSUyZnNwYXJ0YW4lMmZlbi1zZyUyZnNlY3VyZSUyZnNpbGVudHBhc3Nwb3J0JTNmc2VjdXJlJTNkdHJ1ZSIgUmVjb3JkZWRWYWx1ZT0iaHR0cHMlM2ElMmYlMmZ3d3cubXNuLmNvbSUyZnNwYXJ0YW4lMmZlbi1zZyUyZnNlY3VyZSUyZnNpbGVudHBhc3Nwb3J0JTNmc2VjdXJlJTNkdHJ1ZSIgQ29ycmVsYXRpb25CaW5kaW5nPSJ7e1F1ZXJ5U3RyaW5nUGFyYW01MC53cmVwbHl9fSIgVXJsRW5jb2RlPSJGYWxzZSIgVXNlVG9Hcm91cFJlc3VsdHM9IkZhbHNlIiAvPg0KICAgICAgICA8UXVlcnlTdHJpbmdQYXJhbWV0ZXIgTmFtZT0ibGMiIFZhbHVlPSIxMDMzIiBSZWNvcmRlZFZhbHVlPSIxMDMzIiBDb3JyZWxhdGlvbkJpbmRpbmc9Int7UXVlcnlTdHJpbmdQYXJhbTQ1LmxjfX0iIFVybEVuY29kZT0iRmFsc2UiIFVzZVRvR3JvdXBSZXN1bHRzPSJGYWxzZSIgLz4NCiAgICAgICAgPFF1ZXJ5U3RyaW5nUGFyYW1ldGVyIE5hbWU9ImlkIiBWYWx1ZT0iMTE4NCIgUmVjb3JkZWRWYWx1ZT0iMTE4NCIgQ29ycmVsYXRpb25CaW5kaW5nPSJ7e1F1ZXJ5U3RyaW5nUGFyYW00Ni5pZH19IiBVcmxFbmNvZGU9IkZhbHNlIiBVc2VUb0dyb3VwUmVzdWx0cz0iRmFsc2UiIC8+DQogICAgICAgIDxRdWVyeVN0cmluZ1BhcmFtZXRlciBOYW1lPSJta3QiIFZhbHVlPSJ7eyRISURERU4xLm1rdH19IiBSZWNvcmRlZFZhbHVlPSJlbi1zZyIgQ29ycmVsYXRpb25CaW5kaW5nPSIiIFVybEVuY29kZT0iRmFsc2UiIFVzZVRvR3JvdXBSZXN1bHRzPSJGYWxzZSIgLz4NCiAgICAgIDwvUXVlcnlTdHJpbmdQYXJhbWV0ZXJzPg0KICAgIDwvUmVxdWVzdD4NCiAgICA8UmVxdWVzdCBNZXRob2Q9IkdFVCIgR3VpZD0iMGE1ZTAzZGItNzgwNS00MWU5LWFlYmMtZWY0MmVjNWM3Mzc4IiBWZXJzaW9uPSIxLjEiIFVybD0iaHR0cHM6Ly93d3cubXNuLmNvbS9zcGFydGFuL2VuLXNnL2tlcm5lbC9hcHBjYWNoZS9jYWNoZS5hcHBjYWNoZSIgVGhpbmtUaW1lPSIwIiBUaW1lb3V0PSIzMDAiIFBhcnNlRGVwZW5kZW50UmVxdWVzdHM9IlRydWUiIEZvbGxvd1JlZGlyZWN0cz0iVHJ1ZSIgUmVjb3JkUmVzdWx0PSJUcnVlIiBDYWNoZT0iRmFsc2UiIFJlc3BvbnNlVGltZUdvYWw9IjAiIEVuY29kaW5nPSJ1dGYtOCIgRXhwZWN0ZWRIdHRwU3RhdHVzQ29kZT0iMCIgRXhwZWN0ZWRSZXNwb25zZVVybD0iIiBSZXBvcnRpbmdOYW1lPSIiIElnbm9yZUh0dHBTdGF0dXNDb2RlPSJGYWxzZSI+DQogICAgICA8SGVhZGVycz4NCiAgICAgICAgPEhlYWRlciBOYW1lPSJSZWZlcmVyIiBWYWx1ZT0iaHR0cHM6Ly93d3cubXNuLmNvbS9zcGFydGFuL2llbnRwP2xvY2FsZT1lbi1JTiZhbXA7bWFya2V0PUlOJmFtcDtlbmFibGVyZWd1bGF0b3J5cHNtPTAmYW1wO05UTG9nbz0xJmFtcDtJc0ZSRT0wIiAvPg0KICAgICAgPC9IZWFkZXJzPg0KICAgICAgPFF1ZXJ5U3RyaW5nUGFyYW1ldGVycz4NCiAgICAgICAgPFF1ZXJ5U3RyaW5nUGFyYW1ldGVyIE5hbWU9ImxvY2FsZSIgVmFsdWU9ImVuLWluIiBSZWNvcmRlZFZhbHVlPSJlbi1pbiIgQ29ycmVsYXRpb25CaW5kaW5nPSJ7e1F1ZXJ5U3RyaW5nUGFyYW03NS5sb2NhbGV9fSIgVXJsRW5jb2RlPSJGYWxzZSIgVXNlVG9Hcm91cFJlc3VsdHM9IkZhbHNlIiAvPg0KICAgICAgICA8UXVlcnlTdHJpbmdQYXJhbWV0ZXIgTmFtZT0ibWFya2V0IiBWYWx1ZT0iaW4iIFJlY29yZGVkVmFsdWU9ImluIiBDb3JyZWxhdGlvbkJpbmRpbmc9Int7UXVlcnlTdHJpbmdQYXJhbTc2Lm1hcmtldH19IiBVcmxFbmNvZGU9IkZhbHNlIiBVc2VUb0dyb3VwUmVzdWx0cz0iRmFsc2UiIC8+DQogICAgICAgIDxRdWVyeVN0cmluZ1BhcmFtZXRlciBOYW1lPSJlbmFibGVyZWd1bGF0b3J5cHNtIiBWYWx1ZT0iMCIgUmVjb3JkZWRWYWx1ZT0iMCIgQ29ycmVsYXRpb25CaW5kaW5nPSJ7e1F1ZXJ5U3RyaW5nUGFyYW03Ny5lbmFibGVyZWd1bGF0b3J5cHNtfX0iIFVybEVuY29kZT0iRmFsc2UiIFVzZVRvR3JvdXBSZXN1bHRzPSJGYWxzZSIgLz4NCiAgICAgICAgPFF1ZXJ5U3RyaW5nUGFyYW1ldGVyIE5hbWU9Im50bG9nbyIgVmFsdWU9IjEiIFJlY29yZGVkVmFsdWU9IjEiIENvcnJlbGF0aW9uQmluZGluZz0ie3tRdWVyeVN0cmluZ1BhcmFtNzgubnRsb2dvfX0iIFVybEVuY29kZT0iRmFsc2UiIFVzZVRvR3JvdXBSZXN1bHRzPSJGYWxzZSIgLz4NCiAgICAgICAgPFF1ZXJ5U3RyaW5nUGFyYW1ldGVyIE5hbWU9ImlzZnJlIiBWYWx1ZT0iMCIgUmVjb3JkZWRWYWx1ZT0iMCIgQ29ycmVsYXRpb25CaW5kaW5nPSJ7e1F1ZXJ5U3RyaW5nUGFyYW03OS5pc2ZyZX19IiBVcmxFbmNvZGU9IkZhbHNlIiBVc2VUb0dyb3VwUmVzdWx0cz0iRmFsc2UiIC8+DQogICAgICA8L1F1ZXJ5U3RyaW5nUGFyYW1ldGVycz4NCiAgICA8L1JlcXVlc3Q+DQogICAgPFJlcXVlc3QgTWV0aG9kPSJHRVQiIEd1aWQ9Ijk0NWJkNWU0LWI5NzQtNDI4ZC04MTQ3LTBiM2JhY2FiNzZhNyIgVmVyc2lvbj0iMS4xIiBVcmw9Imh0dHBzOi8vc3RhdGljLXNwYXJ0YW4tZWFzLXMtbXNuLWNvbS5ha2FtYWl6ZWQubmV0L3NwYXJ0YW4vZW4tc2cvX3NjL2pzLzczOGI5MjZiLTQ5YWQzOWI3L2RpcmVjdGlvbj1sdHIubG9jYWxlcz1lbi1zZy50aGVtZXM9c3RhcnQuZHBpPXJlc29sdXRpb24xeC9lZC1hNTQ2NTEtNDI5ZmYwMjYiIFRoaW5rVGltZT0iMCIgVGltZW91dD0iMzAwIiBQYXJzZURlcGVuZGVudFJlcXVlc3RzPSJUcnVlIiBGb2xsb3dSZWRpcmVjdHM9IlRydWUiIFJlY29yZFJlc3VsdD0iVHJ1ZSIgQ2FjaGU9IkZhbHNlIiBSZXNwb25zZVRpbWVHb2FsPSIwIiBFbmNvZGluZz0idXRmLTgiIEV4cGVjdGVkSHR0cFN0YXR1c0NvZGU9IjAiIEV4cGVjdGVkUmVzcG9uc2VVcmw9IiIgUmVwb3J0aW5nTmFtZT0iIiBJZ25vcmVIdHRwU3RhdHVzQ29kZT0iRmFsc2UiPg0KICAgICAgPEhlYWRlcnM+DQogICAgICAgIDxIZWFkZXIgTmFtZT0iUmVmZXJlciIgVmFsdWU9Imh0dHBzOi8vd3d3Lm1zbi5jb20vc3BhcnRhbi9pZW50cD9sb2NhbGU9ZW4tSU4mYW1wO21hcmtldD1JTiZhbXA7ZW5hYmxlcmVndWxhdG9yeXBzbT0wJmFtcDtOVExvZ289MSZhbXA7SXNGUkU9MCIgLz4NCiAgICAgIDwvSGVhZGVycz4NCiAgICAgIDxRdWVyeVN0cmluZ1BhcmFtZXRlcnM+DQogICAgICAgIDxRdWVyeVN0cmluZ1BhcmFtZXRlciBOYW1lPSJ2ZXIiIFZhbHVlPSIyMDE4MDgyMl8xMTQzMDEyNiIgUmVjb3JkZWRWYWx1ZT0iMjAxODA4MjJfMTE0MzAxMjYiIENvcnJlbGF0aW9uQmluZGluZz0ie3tRdWVyeVN0cmluZ1BhcmFtODAudmVyfX0iIFVybEVuY29kZT0iRmFsc2UiIFVzZVRvR3JvdXBSZXN1bHRzPSJGYWxzZSIgLz4NCiAgICAgICAgPFF1ZXJ5U3RyaW5nUGFyYW1ldGVyIE5hbWU9ImZkaGVhZCIgVmFsdWU9Im11aWRmbHQxM2NmLG11aWRmbHQyNThjZixtdWlkZmx0MzE1Y2YsYmluZ21zbmNvbWJpbmVkMWNmLHBuZWVkZ2UxY2Ysc3RhcnRocDNjZixwbGF0YWd5aHAzY2YsYXVkZXhocDNjZixhcnRnbHk0Y2YsYXJ0Z2x5NWNmIiBSZWNvcmRlZFZhbHVlPSJtdWlkZmx0MTNjZixtdWlkZmx0MjU4Y2YsbXVpZGZsdDMxNWNmLGJpbmdtc25jb21iaW5lZDFjZixwbmVlZGdlMWNmLHN0YXJ0aHAzY2YscGxhdGFneWhwM2NmLGF1ZGV4aHAzY2YsYXJ0Z2x5NGNmLGFydGdseTVjZiIgQ29ycmVsYXRpb25CaW5kaW5nPSJ7e1F1ZXJ5U3RyaW5nUGFyYW05My5mZGhlYWR9fSIgVXJsRW5jb2RlPSJGYWxzZSIgVXNlVG9Hcm91cFJlc3VsdHM9IkZhbHNlIiAvPg0KICAgICAgICA8UXVlcnlTdHJpbmdQYXJhbWV0ZXIgTmFtZT0iY3NvcGQiIFZhbHVlPSIyMDE4MDgxMzE3MDQxNiIgUmVjb3JkZWRWYWx1ZT0iMjAxODA4MTMxNzA0MTYiIENvcnJlbGF0aW9uQmluZGluZz0ie3tRdWVyeVN0cmluZ1BhcmFtOTQuY3NvcGR9fSIgVXJsRW5jb2RlPSJGYWxzZSIgVXNlVG9Hcm91cFJlc3VsdHM9IkZhbHNlIiAvPg0KICAgICAgICA8UXVlcnlTdHJpbmdQYXJhbWV0ZXIgTmFtZT0iY3NvcGRiIiBWYWx1ZT0iMjAxODA4MjMwNjMwMDYiIFJlY29yZGVkVmFsdWU9IjIwMTgwODIzMDYzMDA2IiBDb3JyZWxhdGlvbkJpbmRpbmc9Int7UXVlcnlTdHJpbmdQYXJhbTk1LmNzb3BkYn19IiBVcmxFbmNvZGU9IkZhbHNlIiBVc2VUb0dyb3VwUmVzdWx0cz0iRmFsc2UiIC8+DQogICAgICA8L1F1ZXJ5U3RyaW5nUGFyYW1ldGVycz4NCiAgICA8L1JlcXVlc3Q+DQogICAgPFJlcXVlc3QgTWV0aG9kPSJPUFRJT05TIiBHdWlkPSI2YWJkMjUxYy0wNTY1LTRiNTEtODI4Yy1lYTM0M2EzMDA3ODYiIFZlcnNpb249IjEuMSIgVXJsPSJodHRwczovL290Zi5tc24uY29tL2MuZ2lmIiBUaGlua1RpbWU9IjAiIFRpbWVvdXQ9IjMwMCIgUGFyc2VEZXBlbmRlbnRSZXF1ZXN0cz0iVHJ1ZSIgRm9sbG93UmVkaXJlY3RzPSJUcnVlIiBSZWNvcmRSZXN1bHQ9IlRydWUiIENhY2hlPSJGYWxzZSIgUmVzcG9uc2VUaW1lR29hbD0iMCIgRW5jb2Rpbmc9InV0Zi04IiBFeHBlY3RlZEh0dHBTdGF0dXNDb2RlPSIwIiBFeHBlY3RlZFJlc3BvbnNlVXJsPSIiIFJlcG9ydGluZ05hbWU9IiIgSWdub3JlSHR0cFN0YXR1c0NvZGU9IkZhbHNlIj4NCiAgICAgIDxRdWVyeVN0cmluZ1BhcmFtZXRlcnM+DQogICAgICAgIDxRdWVyeVN0cmluZ1BhcmFtZXRlciBOYW1lPSIiIFZhbHVlPSIiIFJlY29yZGVkVmFsdWU9IiIgQ29ycmVsYXRpb25CaW5kaW5nPSIiIFVybEVuY29kZT0iRmFsc2UiIFVzZVRvR3JvdXBSZXN1bHRzPSJGYWxzZSIgLz4NCiAgICAgIDwvUXVlcnlTdHJpbmdQYXJhbWV0ZXJzPg0KICAgIDwvUmVxdWVzdD4NCiAgICA8UmVxdWVzdCBNZXRob2Q9Ik9QVElPTlMiIEd1aWQ9ImU1ZDliMDc0LWM3ODYtNDYxNS04ZTg5LWM3NWI3M2UxNjcwYSIgVmVyc2lvbj0iMS4xIiBVcmw9Imh0dHBzOi8vb3RmLm1zbi5jb20vYy5naWYiIFRoaW5rVGltZT0iMCIgVGltZW91dD0iMzAwIiBQYXJzZURlcGVuZGVudFJlcXVlc3RzPSJUcnVlIiBGb2xsb3dSZWRpcmVjdHM9IlRydWUiIFJlY29yZFJlc3VsdD0iVHJ1ZSIgQ2FjaGU9IkZhbHNlIiBSZXNwb25zZVRpbWVHb2FsPSIwIiBFbmNvZGluZz0idXRmLTgiIEV4cGVjdGVkSHR0cFN0YXR1c0NvZGU9IjAiIEV4cGVjdGVkUmVzcG9uc2VVcmw9IiIgUmVwb3J0aW5nTmFtZT0iIiBJZ25vcmVIdHRwU3RhdHVzQ29kZT0iRmFsc2UiPg0KICAgICAgPFF1ZXJ5U3RyaW5nUGFyYW1ldGVycz4NCiAgICAgICAgPFF1ZXJ5U3RyaW5nUGFyYW1ldGVyIE5hbWU9IiIgVmFsdWU9IiIgUmVjb3JkZWRWYWx1ZT0iIiBDb3JyZWxhdGlvbkJpbmRpbmc9IiIgVXJsRW5jb2RlPSJGYWxzZSIgVXNlVG9Hcm91cFJlc3VsdHM9IkZhbHNlIiAvPg0KICAgICAgPC9RdWVyeVN0cmluZ1BhcmFtZXRlcnM+DQogICAgPC9SZXF1ZXN0Pg0KICAgIDxSZXF1ZXN0IE1ldGhvZD0iT1BUSU9OUyIgR3VpZD0iYjhhYjgxNTktOWE3Zi00OWFhLWJiYTItNzljNzkyOTY3ZGY2IiBWZXJzaW9uPSIxLjEiIFVybD0iaHR0cHM6Ly9vdGYubXNuLmNvbS9jLmdpZiIgVGhpbmtUaW1lPSIwIiBUaW1lb3V0PSIzMDAiIFBhcnNlRGVwZW5kZW50UmVxdWVzdHM9IlRydWUiIEZvbGxvd1JlZGlyZWN0cz0iVHJ1ZSIgUmVjb3JkUmVzdWx0PSJUcnVlIiBDYWNoZT0iRmFsc2UiIFJlc3BvbnNlVGltZUdvYWw9IjAiIEVuY29kaW5nPSJ1dGYtOCIgRXhwZWN0ZWRIdHRwU3RhdHVzQ29kZT0iMCIgRXhwZWN0ZWRSZXNwb25zZVVybD0iIiBSZXBvcnRpbmdOYW1lPSIiIElnbm9yZUh0dHBTdGF0dXNDb2RlPSJGYWxzZSI+DQogICAgICA8UXVlcnlTdHJpbmdQYXJhbWV0ZXJzPg0KICAgICAgICA8UXVlcnlTdHJpbmdQYXJhbWV0ZXIgTmFtZT0iIiBWYWx1ZT0iIiBSZWNvcmRlZFZhbHVlPSIiIENvcnJlbGF0aW9uQmluZGluZz0iIiBVcmxFbmNvZGU9IkZhbHNlIiBVc2VUb0dyb3VwUmVzdWx0cz0iRmFsc2UiIC8+DQogICAgICA8L1F1ZXJ5U3RyaW5nUGFyYW1ldGVycz4NCiAgICA8L1JlcXVlc3Q+DQogICAgPFJlcXVlc3QgTWV0aG9kPSJPUFRJT05TIiBHdWlkPSI2Yjk3MDQ2YS02MjhiLTRjNDMtYTdhOC1kN2QxMmYxMzQwYjMiIFZlcnNpb249IjEuMSIgVXJsPSJodHRwczovL290Zi5tc24uY29tL2MuZ2lmIiBUaGlua1RpbWU9IjAiIFRpbWVvdXQ9IjMwMCIgUGFyc2VEZXBlbmRlbnRSZXF1ZXN0cz0iVHJ1ZSIgRm9sbG93UmVkaXJlY3RzPSJUcnVlIiBSZWNvcmRSZXN1bHQ9IlRydWUiIENhY2hlPSJGYWxzZSIgUmVzcG9uc2VUaW1lR29hbD0iMCIgRW5jb2Rpbmc9InV0Zi04IiBFeHBlY3RlZEh0dHBTdGF0dXNDb2RlPSIwIiBFeHBlY3RlZFJlc3BvbnNlVXJsPSIiIFJlcG9ydGluZ05hbWU9IiIgSWdub3JlSHR0cFN0YXR1c0NvZGU9IkZhbHNlIj4NCiAgICAgIDxRdWVyeVN0cmluZ1BhcmFtZXRlcnM+DQogICAgICAgIDxRdWVyeVN0cmluZ1BhcmFtZXRlciBOYW1lPSIiIFZhbHVlPSIiIFJlY29yZGVkVmFsdWU9IiIgQ29ycmVsYXRpb25CaW5kaW5nPSIiIFVybEVuY29kZT0iRmFsc2UiIFVzZVRvR3JvdXBSZXN1bHRzPSJGYWxzZSIgLz4NCiAgICAgIDwvUXVlcnlTdHJpbmdQYXJhbWV0ZXJzPg0KICAgIDwvUmVxdWVzdD4NCiAgICA8UmVxdWVzdCBNZXRob2Q9IkdFVCIgR3VpZD0iN2FiNmQxMWUtMmM2YS00ODM0LThhYTMtNDdjZTcxMjQ5NjMwIiBWZXJzaW9uPSIxLjEiIFVybD0iaHR0cHM6Ly93d3cubXNuLmNvbS9zcGFydGFuL2llbnRwIiBUaGlua1RpbWU9IjAiIFRpbWVvdXQ9IjMwMCIgUGFyc2VEZXBlbmRlbnRSZXF1ZXN0cz0iVHJ1ZSIgRm9sbG93UmVkaXJlY3RzPSJUcnVlIiBSZWNvcmRSZXN1bHQ9IlRydWUiIENhY2hlPSJGYWxzZSIgUmVzcG9uc2VUaW1lR29hbD0iMCIgRW5jb2Rpbmc9InV0Zi04IiBFeHBlY3RlZEh0dHBTdGF0dXNDb2RlPSIwIiBFeHBlY3RlZFJlc3BvbnNlVXJsPSIiIFJlcG9ydGluZ05hbWU9IiIgSWdub3JlSHR0cFN0YXR1c0NvZGU9IkZhbHNlIj4NCiAgICAgIDxIZWFkZXJzPg0KICAgICAgICA8SGVhZGVyIE5hbWU9IlJlZmVyZXIiIFZhbHVlPSJodHRwczovL3d3dy5tc24uY29tL3NwYXJ0YW4vaWVudHA/bG9jYWxlPWVuLUlOJmFtcDttYXJrZXQ9SU4mYW1wO2VuYWJsZXJlZ3VsYXRvcnlwc209MCZhbXA7TlRMb2dvPTEmYW1wO0lzRlJFPTAiIC8+DQogICAgICA8L0hlYWRlcnM+DQogICAgICA8Q29ycmVsYXRpb25FeHRyYWN0aW9uUnVsZXM+DQogICAgICAgIDxFeHRyYWN0aW9uUnVsZSBDbGFzc25hbWU9Ik1pY3Jvc29mdC5WaXN1YWxTdHVkaW8uVGVzdFRvb2xzLldlYlRlc3RpbmcuUnVsZXMuRXh0cmFjdFRleHQsIE1pY3Jvc29mdC5WaXN1YWxTdHVkaW8uUXVhbGl0eVRvb2xzLldlYlRlc3RGcmFtZXdvcmssIFZlcnNpb249MTAuMC4wLjAsIEN1bHR1cmU9bmV1dHJhbCwgUHVibGljS2V5VG9rZW49YjAzZjVmN2YxMWQ1MGEzYSIgVmFyaWFibGVOYW1lPSJRdWVyeVN0cmluZ1BhcmFtMTE4LmxvY2FsZSIgRGlzcGxheU5hbWU9IiIgRGVzY3JpcHRpb249IiI+DQogICAgICAgICAgPFJ1bGVQYXJhbWV0ZXJzPg0KICAgICAgICAgICAgPFJ1bGVQYXJhbWV0ZXIgTmFtZT0iU3RhcnRzV2l0aCIgVmFsdWU9Ij9sb2NhbGU9IiAvPg0KICAgICAgICAgICAgPFJ1bGVQYXJhbWV0ZXIgTmFtZT0iRW5kc1dpdGgiIFZhbHVlPSImYW1wOyIgLz4NCiAgICAgICAgICAgIDxSdWxlUGFyYW1ldGVyIE5hbWU9IkluZGV4IiBWYWx1ZT0iMCIgLz4NCiAgICAgICAgICAgIDxSdWxlUGFyYW1ldGVyIE5hbWU9Iklnbm9yZUNhc2UiIFZhbHVlPSJGYWxzZSIgLz4NCiAgICAgICAgICAgIDxSdWxlUGFyYW1ldGVyIE5hbWU9IlVzZVJlZ3VsYXJFeHByZXNzaW9uIiBWYWx1ZT0iRmFsc2UiIC8+DQogICAgICAgICAgICA8UnVsZVBhcmFtZXRlciBOYW1lPSJIdG1sRGVjb2RlIiBWYWx1ZT0iVHJ1ZSIgLz4NCiAgICAgICAgICAgIDxSdWxlUGFyYW1ldGVyIE5hbWU9IlJlcXVpcmVkIiBWYWx1ZT0iRmFsc2UiIC8+DQogICAgICAgICAgPC9SdWxlUGFyYW1ldGVycz4NCiAgICAgICAgPC9FeHRyYWN0aW9uUnVsZT4NCiAgICAgICAgPEV4dHJhY3Rpb25SdWxlIENsYXNzbmFtZT0iTWljcm9zb2Z0LlZpc3VhbFN0dWRpby5UZXN0VG9vbHMuV2ViVGVzdGluZy5SdWxlcy5FeHRyYWN0VGV4dCwgTWljcm9zb2Z0LlZpc3VhbFN0dWRpby5RdWFsaXR5VG9vbHMuV2ViVGVzdEZyYW1ld29yaywgVmVyc2lvbj0xMC4wLjAuMCwgQ3VsdHVyZT1uZXV0cmFsLCBQdWJsaWNLZXlUb2tlbj1iMDNmNWY3ZjExZDUwYTNhIiBWYXJpYWJsZU5hbWU9IlF1ZXJ5U3RyaW5nUGFyYW0xMTkubWFya2V0IiBEaXNwbGF5TmFtZT0iIiBEZXNjcmlwdGlvbj0iIj4NCiAgICAgICAgICA8UnVsZVBhcmFtZXRlcnM+DQogICAgICAgICAgICA8UnVsZVBhcmFtZXRlciBOYW1lPSJTdGFydHNXaXRoIiBWYWx1ZT0iJmFtcDthbXA7bWFya2V0PSIgLz4NCiAgICAgICAgICAgIDxSdWxlUGFyYW1ldGVyIE5hbWU9IkVuZHNXaXRoIiBWYWx1ZT0iJmFtcDsiIC8+DQogICAgICAgICAgICA8UnVsZVBhcmFtZXRlciBOYW1lPSJJbmRleCIgVmFsdWU9IjAiIC8+DQogICAgICAgICAgICA8UnVsZVBhcmFtZXRlciBOYW1lPSJJZ25vcmVDYXNlIiBWYWx1ZT0iRmFsc2UiIC8+DQogICAgICAgICAgICA8UnVsZVBhcmFtZXRlciBOYW1lPSJVc2VSZWd1bGFyRXhwcmVzc2lvbiIgVmFsdWU9IkZhbHNlIiAvPg0KICAgICAgICAgICAgPFJ1bGVQYXJhbWV0ZXIgTmFtZT0iSHRtbERlY29kZSIgVmFsdWU9IlRydWUiIC8+DQogICAgICAgICAgICA8UnVsZVBhcmFtZXRlciBOYW1lPSJSZXF1aXJlZCIgVmFsdWU9IkZhbHNlIiAvPg0KICAgICAgICAgIDwvUnVsZVBhcmFtZXRlcnM+DQogICAgICAgIDwvRXh0cmFjdGlvblJ1bGU+DQogICAgICAgIDxFeHRyYWN0aW9uUnVsZSBDbGFzc25hbWU9Ik1pY3Jvc29mdC5WaXN1YWxTdHVkaW8uVGVzdFRvb2xzLldlYlRlc3RpbmcuUnVsZXMuRXh0cmFjdFRleHQsIE1pY3Jvc29mdC5WaXN1YWxTdHVkaW8uUXVhbGl0eVRvb2xzLldlYlRlc3RGcmFtZXdvcmssIFZlcnNpb249MTAuMC4wLjAsIEN1bHR1cmU9bmV1dHJhbCwgUHVibGljS2V5VG9rZW49YjAzZjVmN2YxMWQ1MGEzYSIgVmFyaWFibGVOYW1lPSJRdWVyeVN0cmluZ1BhcmFtMTIwLmVuYWJsZXJlZ3VsYXRvcnlwc20iIERpc3BsYXlOYW1lPSIiIERlc2NyaXB0aW9uPSIiPg0KICAgICAgICAgIDxSdWxlUGFyYW1ldGVycz4NCiAgICAgICAgICAgIDxSdWxlUGFyYW1ldGVyIE5hbWU9IlN0YXJ0c1dpdGgiIFZhbHVlPSImYW1wO2FtcDtlbmFibGVyZWd1bGF0b3J5cHNtPSIgLz4NCiAgICAgICAgICAgIDxSdWxlUGFyYW1ldGVyIE5hbWU9IkVuZHNXaXRoIiBWYWx1ZT0iJmFtcDsiIC8+DQogICAgICAgICAgICA8UnVsZVBhcmFtZXRlciBOYW1lPSJJbmRleCIgVmFsdWU9IjAiIC8+DQogICAgICAgICAgICA8UnVsZVBhcmFtZXRlciBOYW1lPSJJZ25vcmVDYXNlIiBWYWx1ZT0iRmFsc2UiIC8+DQogICAgICAgICAgICA8UnVsZVBhcmFtZXRlciBOYW1lPSJVc2VSZWd1bGFyRXhwcmVzc2lvbiIgVmFsdWU9IkZhbHNlIiAvPg0KICAgICAgICAgICAgPFJ1bGVQYXJhbWV0ZXIgTmFtZT0iSHRtbERlY29kZSIgVmFsdWU9IlRydWUiIC8+DQogICAgICAgICAgICA8UnVsZVBhcmFtZXRlciBOYW1lPSJSZXF1aXJlZCIgVmFsdWU9IkZhbHNlIiAvPg0KICAgICAgICAgIDwvUnVsZVBhcmFtZXRlcnM+DQogICAgICAgIDwvRXh0cmFjdGlvblJ1bGU+DQogICAgICAgIDxFeHRyYWN0aW9uUnVsZSBDbGFzc25hbWU9Ik1pY3Jvc29mdC5WaXN1YWxTdHVkaW8uVGVzdFRvb2xzLldlYlRlc3RpbmcuUnVsZXMuRXh0cmFjdFRleHQsIE1pY3Jvc29mdC5WaXN1YWxTdHVkaW8uUXVhbGl0eVRvb2xzLldlYlRlc3RGcmFtZXdvcmssIFZlcnNpb249MTAuMC4wLjAsIEN1bHR1cmU9bmV1dHJhbCwgUHVibGljS2V5VG9rZW49YjAzZjVmN2YxMWQ1MGEzYSIgVmFyaWFibGVOYW1lPSJRdWVyeVN0cmluZ1BhcmFtMTIxLm50bG9nbyIgRGlzcGxheU5hbWU9IiIgRGVzY3JpcHRpb249IiI+DQogICAgICAgICAgPFJ1bGVQYXJhbWV0ZXJzPg0KICAgICAgICAgICAgPFJ1bGVQYXJhbWV0ZXIgTmFtZT0iU3RhcnRzV2l0aCIgVmFsdWU9IiZhbXA7YW1wO250bG9nbz0iIC8+DQogICAgICAgICAgICA8UnVsZVBhcmFtZXRlciBOYW1lPSJFbmRzV2l0aCIgVmFsdWU9IiZhbXA7IiAvPg0KICAgICAgICAgICAgPFJ1bGVQYXJhbWV0ZXIgTmFtZT0iSW5kZXgiIFZhbHVlPSIwIiAvPg0KICAgICAgICAgICAgPFJ1bGVQYXJhbWV0ZXIgTmFtZT0iSWdub3JlQ2FzZSIgVmFsdWU9IkZhbHNlIiAvPg0KICAgICAgICAgICAgPFJ1bGVQYXJhbWV0ZXIgTmFtZT0iVXNlUmVndWxhckV4cHJlc3Npb24iIFZhbHVlPSJGYWxzZSIgLz4NCiAgICAgICAgICAgIDxSdWxlUGFyYW1ldGVyIE5hbWU9Ikh0bWxEZWNvZGUiIFZhbHVlPSJUcnVlIiAvPg0KICAgICAgICAgICAgPFJ1bGVQYXJhbWV0ZXIgTmFtZT0iUmVxdWlyZWQiIFZhbHVlPSJGYWxzZSIgLz4NCiAgICAgICAgICA8L1J1bGVQYXJhbWV0ZXJzPg0KICAgICAgICA8L0V4dHJhY3Rpb25SdWxlPg0KICAgICAgICA8RXh0cmFjdGlvblJ1bGUgQ2xhc3NuYW1lPSJNaWNyb3NvZnQuVmlzdWFsU3R1ZGlvLlRlc3RUb29scy5XZWJUZXN0aW5nLlJ1bGVzLkV4dHJhY3RUZXh0LCBNaWNyb3NvZnQuVmlzdWFsU3R1ZGlvLlF1YWxpdHlUb29scy5XZWJUZXN0RnJhbWV3b3JrLCBWZXJzaW9uPTEwLjAuMC4wLCBDdWx0dXJlPW5ldXRyYWwsIFB1YmxpY0tleVRva2VuPWIwM2Y1ZjdmMTFkNTBhM2EiIFZhcmlhYmxlTmFtZT0iUXVlcnlTdHJpbmdQYXJhbTEyMi5pc2ZyZSIgRGlzcGxheU5hbWU9IiIgRGVzY3JpcHRpb249IiI+DQogICAgICAgICAgPFJ1bGVQYXJhbWV0ZXJzPg0KICAgICAgICAgICAgPFJ1bGVQYXJhbWV0ZXIgTmFtZT0iU3RhcnRzV2l0aCIgVmFsdWU9IiZhbXA7YW1wO2lzZnJlPSIgLz4NCiAgICAgICAgICAgIDxSdWxlUGFyYW1ldGVyIE5hbWU9IkVuZHNXaXRoIiBWYWx1ZT0iJnF1b3Q7IiAvPg0KICAgICAgICAgICAgPFJ1bGVQYXJhbWV0ZXIgTmFtZT0iSW5kZXgiIFZhbHVlPSIwIiAvPg0KICAgICAgICAgICAgPFJ1bGVQYXJhbWV0ZXIgTmFtZT0iSWdub3JlQ2FzZSIgVmFsdWU9IkZhbHNlIiAvPg0KICAgICAgICAgICAgPFJ1bGVQYXJhbWV0ZXIgTmFtZT0iVXNlUmVndWxhckV4cHJlc3Npb24iIFZhbHVlPSJGYWxzZSIgLz4NCiAgICAgICAgICAgIDxSdWxlUGFyYW1ldGVyIE5hbWU9Ikh0bWxEZWNvZGUiIFZhbHVlPSJUcnVlIiAvPg0KICAgICAgICAgICAgPFJ1bGVQYXJhbWV0ZXIgTmFtZT0iUmVxdWlyZWQiIFZhbHVlPSJGYWxzZSIgLz4NCiAgICAgICAgICA8L1J1bGVQYXJhbWV0ZXJzPg0KICAgICAgICA8L0V4dHJhY3Rpb25SdWxlPg0KICAgICAgPC9Db3JyZWxhdGlvbkV4dHJhY3Rpb25SdWxlcz4NCiAgICAgIDxRdWVyeVN0cmluZ1BhcmFtZXRlcnM+DQogICAgICAgIDxRdWVyeVN0cmluZ1BhcmFtZXRlciBOYW1lPSJsb2NhbGUiIFZhbHVlPSJlbi1JTiIgUmVjb3JkZWRWYWx1ZT0iZW4tSU4iIENvcnJlbGF0aW9uQmluZGluZz0iIiBVcmxFbmNvZGU9IkZhbHNlIiBVc2VUb0dyb3VwUmVzdWx0cz0iRmFsc2UiIC8+DQogICAgICAgIDxRdWVyeVN0cmluZ1BhcmFtZXRlciBOYW1lPSJtYXJrZXQiIFZhbHVlPSJJTiIgUmVjb3JkZWRWYWx1ZT0iSU4iIENvcnJlbGF0aW9uQmluZGluZz0ie3tRdWVyeVN0cmluZ1BhcmFtMTA5Lm1hcmtldH19IiBVcmxFbmNvZGU9IkZhbHNlIiBVc2VUb0dyb3VwUmVzdWx0cz0iRmFsc2UiIC8+DQogICAgICAgIDxRdWVyeVN0cmluZ1BhcmFtZXRlciBOYW1lPSJlbmFibGVyZWd1bGF0b3J5cHNtIiBWYWx1ZT0iMCIgUmVjb3JkZWRWYWx1ZT0iMCIgQ29ycmVsYXRpb25CaW5kaW5nPSJ7e1F1ZXJ5U3RyaW5nUGFyYW0xMTAuZW5hYmxlcmVndWxhdG9yeXBzbX19IiBVcmxFbmNvZGU9IkZhbHNlIiBVc2VUb0dyb3VwUmVzdWx0cz0iRmFsc2UiIC8+DQogICAgICAgIDxRdWVyeVN0cmluZ1BhcmFtZXRlciBOYW1lPSJOVExvZ28iIFZhbHVlPSIxIiBSZWNvcmRlZFZhbHVlPSIxIiBDb3JyZWxhdGlvbkJpbmRpbmc9Int7UXVlcnlTdHJpbmdQYXJhbTExMS5OVExvZ299fSIgVXJsRW5jb2RlPSJGYWxzZSIgVXNlVG9Hcm91cFJlc3VsdHM9IkZhbHNlIiAvPg0KICAgICAgICA8UXVlcnlTdHJpbmdQYXJhbWV0ZXIgTmFtZT0iSXNGUkUiIFZhbHVlPSIwIiBSZWNvcmRlZFZhbHVlPSIwIiBDb3JyZWxhdGlvbkJpbmRpbmc9Int7UXVlcnlTdHJpbmdQYXJhbTExMi5Jc0ZSRX19IiBVcmxFbmNvZGU9IkZhbHNlIiBVc2VUb0dyb3VwUmVzdWx0cz0iRmFsc2UiIC8+DQogICAgICA8L1F1ZXJ5U3RyaW5nUGFyYW1ldGVycz4NCiAgICA8L1JlcXVlc3Q+DQogICAgPFJlcXVlc3QgTWV0aG9kPSJQT1NUIiBHdWlkPSI5OGNkNDc3ZC01YzVhLTQ4MzctODk3Ni0wNTQyN2Q1NzI3YzYiIFZlcnNpb249IjEuMSIgVXJsPSJodHRwczovL290Zi5tc24uY29tL2MuZ2lmIiBUaGlua1RpbWU9IjAiIFRpbWVvdXQ9IjMwMCIgUGFyc2VEZXBlbmRlbnRSZXF1ZXN0cz0iVHJ1ZSIgRm9sbG93UmVkaXJlY3RzPSJUcnVlIiBSZWNvcmRSZXN1bHQ9IlRydWUiIENhY2hlPSJGYWxzZSIgUmVzcG9uc2VUaW1lR29hbD0iMCIgRW5jb2Rpbmc9InV0Zi04IiBFeHBlY3RlZEh0dHBTdGF0dXNDb2RlPSIwIiBFeHBlY3RlZFJlc3BvbnNlVXJsPSIiIFJlcG9ydGluZ05hbWU9IiIgSWdub3JlSHR0cFN0YXR1c0NvZGU9IkZhbHNlIj4NCiAgICAgIDxIZWFkZXJzPg0KICAgICAgICA8SGVhZGVyIE5hbWU9IlJlZmVyZXIiIFZhbHVlPSJodHRwczovL3d3dy5tc24uY29tL3NwYXJ0YW4vaWVudHA/bG9jYWxlPWVuLUlOJmFtcDttYXJrZXQ9SU4mYW1wO2VuYWJsZXJlZ3VsYXRvcnlwc209MCZhbXA7TlRMb2dvPTEmYW1wO0lzRlJFPTAiIC8+DQogICAgICA8L0hlYWRlcnM+DQogICAgICA8UXVlcnlTdHJpbmdQYXJhbWV0ZXJzPg0KICAgICAgICA8UXVlcnlTdHJpbmdQYXJhbWV0ZXIgTmFtZT0iIiBWYWx1ZT0iIiBSZWNvcmRlZFZhbHVlPSIiIENvcnJlbGF0aW9uQmluZGluZz0iIiBVcmxFbmNvZGU9IkZhbHNlIiBVc2VUb0dyb3VwUmVzdWx0cz0iRmFsc2UiIC8+DQogICAgICA8L1F1ZXJ5U3RyaW5nUGFyYW1ldGVycz4NCiAgICAgIDxTdHJpbmdIdHRwQm9keSBDb250ZW50VHlwZT0iYXBwbGljYXRpb24vanNvbjsgY2hhcnNldD11dGYtOCIgSW5zZXJ0Qnl0ZU9yZGVyTWFyaz0iRmFsc2UiPld3QjdBQ0lBWlFCMkFIUUFJZ0E2QUNJQWFRQnRBSEFBY2dCZkFIVUFjQUJrQUdFQWRBQmxBQ0lBTEFBaUFISUFhUUJrQUNJQU9nQWlBREVBT0FBeUFEUUFOZ0F5QURBQVl3QXpBRGNBTUFBeUFEUUFPQUEwQURBQU9RQmtBRGNBWlFBMkFEa0FNZ0JtQURNQU5nQTFBR01BTndCbEFHUUFNUUFpQUN3QUlnQmtBR2tBSWdBNkFDSUFNUUEzQUNJQUxBQWlBR01BYkFCcEFHUUFJZ0E2QUNJQU1RQTNBRUlBUXdBeUFEQUFNQUE0QUVVQU5RQXhBRUVBTmdBeUFEQUFOZ0F5QURZQU1BQXhBRElBUXdBMUFEQUFSUUEwQURrQU1RQTJBRE1BTkFBM0FDSUFMQUFpQUdrQWN3QnpBSE1BYndBaUFEb0FNQUFzQUNJQWNBQm5BQzRBY0FBaUFEb0FJZ0JwQUdVQVpRQjRBSFFBSWdBc0FDSUFjQUJuQUM0QWRBQWlBRG9BSWdCdUFIUUFjQUFpQUN3QUlnQndBR2NBTGdCdUFDSUFPZ0FpQUdRQVpRQm1BR0VBZFFCc0FIUUFJZ0FzQUNJQWNBQm5BQzRBWXdBaUFEb0FNUUF4QUN3QUlnQnRBR1VBWXdCb0FDSUFPZ0FpQUd3QWJ3QmhBR1FBSWdBc0FDSUFkd0JwQUc0QWFBQjBBQ0lBT2dBM0FESUFPQUFzQUNJQVpBQnZBR01BYUFCMEFDSUFPZ0F6QURRQU13QXdBQ3dBSWdCekFHTUFjZ0J2QUd3QWJBQlBBR1lBWmdBaUFEb0FNQUFzQUNJQWR3QmlBR2dBSWdBNkFEQUFMQUFpQUdVQU1RQWlBRG9BZXdBaUFHVUFJZ0E2QUZzQWV3QWlBR2tBSWdBNkFERUFMQUFpQUc0QUlnQTZBQ0lBYUFCbEFHRUFaQUJsQUhJQUlnQXNBQ0lBZVFBaUFEb0FOZ0I5QUN3QWV3QWlBR2tBSWdBNkFESUFMQUFpQUhBQUlnQTZBREVBTEFBaUFHNEFJZ0E2QUNJQWFBQmxBR0VBWkFCbEFISUFjd0JsQUdFQWNnQmpBR2dBSWdBc0FDSUFlUUFpQURvQU9RQXNBQ0lBYndBaUFEb0FNUUI5QUN3QWV3QWlBR2tBSWdBNkFETUFMQUFpQUhBQUlnQTZBRElBTEFBaUFHNEFJZ0E2QUNJQWN3QmxBR0VBY2dCakFHZ0FhUUJ1QUhBQWRRQjBBQ0lBTEFBaUFIa0FJZ0E2QURrQUxBQWlBRzhBSWdBNkFERUFmUUFzQUhzQUlnQnBBQ0lBT2dBMEFDd0FJZ0J3QUNJQU9nQXlBQ3dBSWdCdUFDSUFPZ0FpQUhNQVpRQmhBSElBWXdCb0FGOEFkd0JsQUdJQWN3QmxBR0VBY2dCakFHZ0FJZ0FzQUNJQWVRQWlBRG9BT1FBc0FDSUFid0FpQURvQU1nQjlBQ3dBZXdBaUFHa0FJZ0E2QURZQUxBQWlBSEFBSWdBNkFERUFMQUFpQUc0QUlnQTZBQ0lBYUFCbEFHRUFaQUJsQUhJQUxRQnpBR2tBWndCdUFHa0FiZ0FpQUN3QUlnQjBBQ0lBT2dBaUFITUFhUUJuQUc0QWFRQnVBQ0lBTEFBaUFHOEFJZ0E2QURJQWZRQXNBSHNBSWdCcEFDSUFPZ0EzQUN3QUlnQndBQ0lBT2dBMkFDd0FJZ0J1QUNJQU9nQWlBRk1BYVFCbkFHNEFTUUJ1QUU0QVlRQjJBR2tBWndCaEFIUUFhUUJ2QUc0QUlnQXNBQ0lBZVFBaUFEb0FNUUEwQUN3QUlnQnZBQ0lBT2dBeEFIMEFMQUI3QUNJQWFRQWlBRG9BT0FBc0FDSUFiZ0FpQURvQUlnQnRBR0VBYVFCdUFDSUFMQUFpQUhrQUlnQTZBRFlBZlFBc0FIc0FJZ0JwQUNJQU9nQTVBQ3dBSWdCd0FDSUFPZ0E0QUN3QUlnQnVBQ0lBT2dBaUFIUUFid0J3QUhNQWFRQjBBR1VBY3dBaUFDd0FJZ0I1QUNJQU9nQTRBQ3dBSWdCdkFDSUFPZ0F4QUgwQUxBQjdBQ0lBYVFBaUFEb0FNUUF3QUN3QUlnQndBQ0lBT2dBNUFDd0FJZ0J1QUNJQU9nQWlBSE1BWlFCakFIUUFhUUJ2QUc0QVh3Qm9BR1VBWVFCa0FHVUFjZ0FpQUN3QUlnQjVBQ0lBT2dBNEFDd0FJZ0J2QUNJQU9nQXhBSDBBTEFCN0FDSUFhUUFpQURvQU1RQXhBQ3dBSWdCd0FDSUFPZ0F4QURBQUxBQWlBRzRBSWdBNkFDSUFjd0JvQUc4QWR3QmZBR01BZFFCekFIUUFid0J0QUdrQWVnQmxBQ0lBTEFBaUFIa0FJZ0E2QURFQU5BQXNBQ0lBYndBaUFEb0FNUUI5QUN3QWV3QWlBR2tBSWdBNkFERUFNZ0FzQUNJQWNBQWlBRG9BT1FBc0FDSUFiZ0FpQURvQUlnQmpBSFVBY2dCaEFIUUFaUUJrQUY4QWRBQnZBSEFBY3dCcEFIUUFaUUJmQUhRQWFRQnNBR1VBSWdBc0FDSUFlUUFpQURvQU9BQXNBQ0lBYndBaUFEb0FNZ0I5QUN3QWV3QWlBR2tBSWdBNkFERUFNd0FzQUNJQWNBQWlBRG9BTVFBeUFDd0FJZ0J1QUNJQU9nQWlBR01BZFFCeUFHRUFkQUJsQUdRQVh3QjBBRzhBY0FCekFHa0FkQUJsQUY4QWRRQnlBR3dBSWdBc0FDSUFlUUFpQURvQU1RQTBBQ3dBSWdCdkFDSUFPZ0F4QUgwQUxBQjdBQ0lBYVFBaUFEb0FNUUEwQUN3QUlnQndBQ0lBT2dBeEFESUFMQUFpQUc0QUlnQTZBQ0lBWXdCMUFISUFZUUIwQUdVQVpBQmZBSFFBYndCd0FITUFhUUIwQUdVQVh3QnlBR1VBYlFCdkFIWUFaUUFpQUN3QUlnQjVBQ0lBT2dBeEFERUFMQUFpQUc4QUlnQTZBRElBZlFBc0FIc0FJZ0JwQUNJQU9nQXhBRFVBTEFBaUFIQUFJZ0E2QURFQU1nQXNBQ0lBYmdBaUFEb0FJZ0IwQUc4QWNBQnpBR2tBZEFCbEFGOEFZUUJrQUdRQUlnQXNBQ0lBZVFBaUFEb0FNUUF4QUN3QUlnQnZBQ0lBT2dBekFIMEFMQUI3QUNJQWFRQWlBRG9BTVFBMkFDd0FJZ0J3QUNJQU9nQTVBQ3dBSWdCdUFDSUFPZ0FpQUdNQWRRQnlBR0VBZEFCbEFHUUFYd0IwQUc4QWNBQnpBR2tBZEFCbEFGOEFkQUJwQUd3QVpRQWlBQ3dBSWdCNUFDSUFPZ0E0QUN3QUlnQnZBQ0lBT2dBekFIMEFMQUI3QUNJQWFRQWlBRG9BTVFBM0FDd0FJZ0J3QUNJQU9nQXhBRFlBTEFBaUFHNEFJZ0E2QUNJQVl3QjFBSElBWVFCMEFHVUFaQUJmQUhRQWJ3QndBSE1BYVFCMEFHVUFYd0IxQUhJQWJBQWlBQ3dBSWdCNUFDSUFPZ0F4QURRQUxBQWlBRzhBSWdBNkFERUFmUUFzQUhzQUlnQnBBQ0lBT2dBeEFEZ0FMQUFpQUhBQUlnQTZBREVBTmdBc0FDSUFiZ0FpQURvQUlnQmpBSFVBY2dCaEFIUUFaUUJrQUY4QWRBQnZBSEFBY3dCcEFIUUFaUUJmQUhJQVpRQnRBRzhBZGdCbEFDSUFMQUFpQUhrQUlnQTZBREVBTVFBc0FDSUFid0FpQURvQU1nQjlBQ3dBZXdBaUFHa0FJZ0E2QURFQU9RQXNBQ0lBY0FBaUFEb0FNUUEyQUN3QUlnQnVBQ0lBT2dBaUFIUUFid0J3QUhNQWFRQjBBR1VBWHdCaEFHUUFaQUFpQUN3QUlnQjVBQ0lBT2dBeEFERUFMQUFpQUc4QUlnQTZBRE1BZlFBc0FIc0FJZ0JwQUNJQU9nQXlBREFBTEFBaUFIQUFJZ0E2QURrQUxBQWlBRzRBSWdBNkFDSUFZd0IxQUhJQVlRQjBBR1VBWkFCZkFIUUFid0J3QUhNQWFRQjBBR1VBWHdCMEFHa0FiQUJsQUNJQUxBQWlBSGtBSWdBNkFEZ0FMQUFpQUc4QUlnQTZBRFFBZlFBc0FIc0FJZ0JwQUNJQU9nQXlBREVBTEFBaUFIQUFJZ0E2QURJQU1BQXNBQ0lBYmdBaUFEb0FJZ0JqQUhVQWNnQmhBSFFBWlFCa0FGOEFkQUJ2QUhBQWN3QnBBSFFBWlFCZkFIVUFjZ0JzQUNJQUxBQWlBSGtBSWdBNkFERUFOQUFzQUNJQWJ3QWlBRG9BTVFCOUFDd0Fld0FpQUdrQUlnQTZBRElBTWdBc0FDSUFjQUFpQURvQU1nQXdBQ3dBSWdCdUFDSUFPZ0FpQUdNQWRRQnlBR0VBZEFCbEFHUUFYd0IwQUc4QWNBQnpBR2tBZEFCbEFGOEFjZ0JsQUcwQWJ3QjJBR1VBSWdBc0FDSUFlUUFpQURvQU1RQXhBQ3dBSWdCdkFDSUFPZ0F5QUgwQUxBQjdBQ0lBYVFBaUFEb0FNZ0F6QUN3QUlnQndBQ0lBT2dBeUFEQUFMQUFpQUc0QUlnQTZBQ0lBZEFCdkFIQUFjd0JwQUhRQVpRQmZBR0VBWkFCa0FDSUFMQUFpQUhrQUlnQTZBREVBTVFBc0FDSUFid0FpQURvQU13QjlBQ3dBZXdBaUFHa0FJZ0E2QURJQU5BQXNBQ0lBY0FBaUFEb0FPUUFzQUNJQWJnQWlBRG9BSWdCakFIVUFjZ0JoQUhRQVpRQmtBRjhBZEFCdkFIQUFjd0JwQUhRQVpRQmZBSFFBYVFCc0FHVUFJZ0FzQUNJQWVRQWlBRG9BT0FBc0FDSUFid0FpQURvQU5RQjlBQ3dBZXdBaUFHa0FJZ0E2QURJQU5RQXNBQ0lBY0FBaUFEb0FNZ0EwQUN3QUlnQnVBQ0lBT2dBaUFHTUFkUUJ5QUdFQWRBQmxBR1FBWHdCMEFHOEFjQUJ6QUdrQWRBQmxBRjhBZFFCeUFHd0FJZ0FzQUNJQWVRQWlBRG9BTVFBMEFDd0FJZ0J2QUNJQU9nQXhBSDBBTEFCN0FDSUFhUUFpQURvQU1nQTJBQ3dBSWdCd0FDSUFPZ0F5QURRQUxBQWlBRzRBSWdBNkFDSUFZd0IxQUhJQVlRQjBBR1VBWkFCZkFIUUFid0J3QUhNQWFRQjBBR1VBWHdCeUFHVUFiUUJ2QUhZQVpRQWlBQ3dBSWdCNUFDSUFPZ0F4QURFQUxBQWlBRzhBSWdBNkFESUFmUUFzQUhzQUlnQnBBQ0lBT2dBeUFEY0FMQUFpQUhBQUlnQTZBRElBTkFBc0FDSUFiZ0FpQURvQUlnQjBBRzhBY0FCekFHa0FkQUJsQUY4QVlRQmtBR1FBSWdBc0FDSUFlUUFpQURvQU1RQXhBQ3dBSWdCdkFDSUFPZ0F6QUgwQUxBQjdBQ0lBYVFBaUFEb0FNZ0E0QUN3QUlnQndBQ0lBT2dBNUFDd0FJZ0J1QUNJQU9nQWlBR01BZFFCeUFHRUFkQUJsQUdRQVh3QjBBRzhBY0FCekFHa0FkQUJsQUY4QWRBQnBBR3dBWlFBaUFDd0FJZ0I1QUNJQU9nQTRBQ3dBSWdCdkFDSUFPZ0EyQUN3QUlnQnNBQ0lBT2dBaUFFMEFhUUJqQUhJQWJ3QnpBRzhBWmdCMEFDNEFRZ0JwQUc0QVp3Qk9BR1VBZHdCekFGOEFPQUIzQUdVQWF3QjVBR0lBTXdCa0FEZ0FZZ0JpQUhjQVpRQWhBRUVBY0FCd0FHVUFlQUJPQUdVQWR3QnpBQ0lBZlFBc0FIc0FJZ0JwQUNJQU9nQXlBRGtBTEFBaUFIQUFJZ0E2QURJQU9BQXNBQ0lBYmdBaUFEb0FJZ0JqQUhVQWNnQmhBSFFBWlFCa0FGOEFkQUJ2QUhBQWN3QnBBSFFBWlFCZkFIVUFjZ0JzQUNJQUxBQWlBSGtBSWdBNkFERUFOQUFzQUNJQWJ3QWlBRG9BTVFBc0FDSUFiQUFpQURvQUlnQk5BR2tBWXdCeUFHOEFjd0J2QUdZQWRBQXVBRUlBYVFCdUFHY0FUZ0JsQUhjQWN3QmZBRGdBZHdCbEFHc0FlUUJpQURNQVpBQTRBR0lBWWdCM0FHVUFJUUJCQUhBQWNBQmxBSGdBVGdCbEFIY0Fjd0FpQUgwQUxBQjdBQ0lBYVFBaUFEb0FNd0F3QUN3QUlnQndBQ0lBT2dBeUFEZ0FMQUFpQUc0QUlnQTZBQ0lBWXdCMUFISUFZUUIwQUdVQVpBQmZBSFFBYndCd0FITUFhUUIwQUdVQVh3QnlBR1VBYlFCdkFIWUFaUUFpQUN3QUlnQjVBQ0lBT2dBeEFERUFMQUFpQUc4QUlnQTZBRElBTEFBaUFHd0FJZ0E2QUNJQVRRQnBBR01BY2dCdkFITUFid0JtQUhRQUxnQkNBR2tBYmdCbkFFNEFaUUIzQUhNQVh3QTRBSGNBWlFCckFIa0FZZ0F6QUdRQU9BQmlBR0lBZHdCbEFDRUFRUUJ3QUhBQVpRQjRBRTRBWlFCM0FITUFJZ0I5QUN3QWV3QWlBR2tBSWdBNkFETUFNUUFzQUNJQWNBQWlBRG9BTWdBNEFDd0FJZ0J1QUNJQU9nQWlBSFFBYndCd0FITUFhUUIwQUdVQVh3QmhBR1FBWkFBaUFDd0FJZ0I1QUNJQU9nQXhBREVBTEFBaUFHOEFJZ0E2QURNQWZRQXNBSHNBSWdCcEFDSUFPZ0F6QURJQUxBQWlBSEFBSWdBNkFEa0FMQUFpQUc0QUlnQTZBQ0lBWXdCMUFISUFZUUIwQUdVQVpBQmZBSFFBYndCd0FITUFhUUIwQUdVQVh3QjBBR2tBYkFCbEFDSUFMQUFpQUhrQUlnQTZBRGdBTEFBaUFHOEFJZ0E2QURjQWZRQXNBSHNBSWdCcEFDSUFPZ0F6QURNQUxBQWlBSEFBSWdBNkFETUFNZ0FzQUNJQWJnQWlBRG9BSWdCakFIVUFjZ0JoQUhRQVpRQmtBRjhBZEFCdkFIQUFjd0JwQUhRQVpRQmZBSFVBY2dCc0FDSUFMQUFpQUhrQUlnQTZBREVBTkFBc0FDSUFid0FpQURvQU1RQjlBQ3dBZXdBaUFHa0FJZ0E2QURNQU5BQXNBQ0lBY0FBaUFEb0FNd0F5QUN3QUlnQnVBQ0lBT2dBaUFHTUFkUUJ5QUdFQWRBQmxBR1FBWHdCMEFHOEFjQUJ6QUdrQWRBQmxBRjhBY2dCbEFHMEFid0IyQUdVQUlnQXNBQ0lBZVFBaUFEb0FNUUF4QUN3QUlnQnZBQ0lBT2dBeUFIMEFMQUI3QUNJQWFRQWlBRG9BTXdBMUFDd0FJZ0J3QUNJQU9nQXpBRElBTEFBaUFHNEFJZ0E2QUNJQWRBQnZBSEFBY3dCcEFIUUFaUUJmQUdFQVpBQmtBQ0lBTEFBaUFIa0FJZ0E2QURFQU1RQXNBQ0lBYndBaUFEb0FNd0I5QUN3QWV3QWlBR2tBSWdBNkFETUFOZ0FzQUNJQWNBQWlBRG9BT1FBc0FDSUFiZ0FpQURvQUlnQjBBRzhBY0FCekFHa0FkQUJsQUY4QWRBQnBBR3dBWlFBaUFDd0FJZ0I1QUNJQU9nQTRBQ3dBSWdCdkFDSUFPZ0E0QUgwQUxBQjdBQ0lBYVFBaUFEb0FNd0E1QUN3QUlnQndBQ0lBT2dBekFEWUFMQUFpQUc0QUlnQTZBQ0lBZEFCdkFIQUFjd0JwQUhRQVpRQmZBR0VBWkFCa0FDSUFMQUFpQUhrQUlnQTZBREVBTVFBc0FDSUFid0FpQURvQU13QjlBQ3dBZXdBaUFHa0FJZ0E2QURRQU1BQXNBQ0lBY0FBaUFEb0FPUUFzQUNJQWJnQWlBRG9BSWdCMEFHOEFjQUJ6QUdrQWRBQmxBRjhBZEFCcEFHd0FaUUFpQUN3QUlnQjVBQ0lBT2dBNEFDd0FJZ0J2QUNJQU9nQTVBSDBBTEFCN0FDSUFhUUFpQURvQU5BQXpBQ3dBSWdCd0FDSUFPZ0EwQURBQUxBQWlBRzRBSWdBNkFDSUFkQUJ2QUhBQWN3QnBBSFFBWlFCZkFHRUFaQUJrQUNJQUxBQWlBSGtBSWdBNkFERUFNUUFzQUNJQWJ3QWlBRG9BTXdCOUFDd0Fld0FpQUdrQUlnQTZBRFFBTkFBc0FDSUFjQUFpQURvQU9RQXNBQ0lBYmdBaUFEb0FJZ0IwQUc4QWNBQnpBR2tBZEFCbEFGOEFZUUJrQUdRQVh3QmtBR2tBWVFCc0FHOEFad0FpQUN3QUlnQjVBQ0lBT2dBNEFDd0FJZ0J2QUNJQU9nQXhBREFBZlFBc0FIc0FJZ0JwQUNJQU9nQTBBRFVBTEFBaUFIQUFJZ0E2QURRQU5BQXNBQ0lBYmdBaUFEb0FJZ0IxQUhNQVpRQnlBRjhBYVFCdUFIQUFkUUIwQUNJQUxBQWlBSGtBSWdBNkFERUFNZ0FzQUNJQWJ3QWlBRG9BTVFCOUFDd0Fld0FpQUdrQUlnQTZBRFFBTmdBc0FDSUFjQUFpQURvQU5BQTBBQ3dBSWdCdUFDSUFPZ0FpQUhRQWJ3QndBSE1BYVFCMEFHVUFYd0JoQUdRQVpBQmZBR1FBYVFCaEFHd0Fid0JuQUY4QWN3QmhBSFlBWlFBaUFDd0FJZ0I1QUNJQU9nQXhBREVBTEFBaUFHOEFJZ0E2QURJQWZRQXNBSHNBSWdCcEFDSUFPZ0EwQURjQUxBQWlBSEFBSWdBNkFEUUFOQUFzQUNJQWJnQWlBRG9BSWdCMEFHOEFjQUJ6QUdrQWRBQmxBRjhBWVFCa0FHUUFYd0JrQUdrQVlRQnNBRzhBWndCZkFHTUFiQUJ2QUhNQVpRQWlBQ3dBSWdCNUFDSUFPZ0F4QURFQUxBQWlBRzhBSWdBNkFETUFmUUFzQUhzQUlnQnBBQ0lBT2dBMkFEZ0FMQUFpQUhBQUlnQTZBRGdBTEFBaUFHNEFJZ0E2QUNJQVl3QnZBR0VBWXdCb0FHMEFZUUJ5QUdzQVh3QnRBRzhBWkFCMUFHd0FaUUFpQUN3QUlnQjVBQ0lBT2dBNEFDd0FJZ0J2QUNJQU9nQTFBSDBBTEFCN0FDSUFhUUFpQURvQU5nQTVBQ3dBSWdCd0FDSUFPZ0EyQURnQUxBQWlBRzRBSWdBNkFDSUFZd0J2QUdFQVl3Qm9BRzBBWVFCeUFHc0FYd0JqQUd3QWJ3QnpBR1VBSWdBc0FDSUFlUUFpQURvQU1RQXhBQ3dBSWdCdkFDSUFPZ0F4QUgwQUxBQjdBQ0lBYVFBaUFEb0FOd0E1QUN3QUlnQndBQ0lBT2dBNEFDd0FJZ0J1QUNJQU9nQWlBSE1BWlFCakFIUUFhUUJ2QUc0QVh3Qm9BR1VBWVFCa0FHVUFjZ0FpQUN3QUlnQjVBQ0lBT2dBMkFDd0FJZ0J2QUNJQU9nQXhBREVBZlFBc0FIc0FJZ0JwQUNJQU9nQTRBREFBTEFBaUFIQUFJZ0E2QURjQU9RQXNBQ0lBYmdBaUFEb0FJZ0J2QUc0QVpRQnlBR2tBZGdCbEFISUFMZ0J0QUhrQVpnQmxBR1VBWkFBaUFDd0FJZ0IwQUNJQU9nQWlBRzhBYmdCbEFISUFhUUIyQUdVQWNnQXVBRzBBZVFCbUFHVUFaUUJrQUNJQUxBQWlBRzhBSWdBNkFERUFmUUFzQUhzQUlnQnBBQ0lBT2dBNEFERUFMQUFpQUhBQUlnQTZBRGdBTEFBaUFHNEFJZ0E2QUNJQWFRQnVBR1lBYndCd0FHRUFiZ0JsQUNJQUxBQWlBSFFBSWdBNkFDSUFid0J1QUdVQWNnQnBBSFlBWlFCeUFDNEFhUUJ1QUdZQWJ3QndBR0VBYmdCbEFDNEFiUUJ2QUdRQWRRQnNBR1VBSWdBc0FDSUFid0FpQURvQU1RQXlBSDBBTEFCN0FDSUFhUUFpQURvQU9BQXlBQ3dBSWdCd0FDSUFPZ0E0QURFQUxBQWlBRzRBSWdBNkFDSUFjd0JwQUc0QVp3QnNBR1VBSWdBc0FDSUFlUUFpQURvQU1RQXpBQ3dBSWdCdkFDSUFPZ0F4QUgwQUxBQjdBQ0lBYVFBaUFEb0FPQUF6QUN3QUlnQndBQ0lBT2dBNEFESUFMQUFpQUc0QUlnQTZBQ0lBY3dCcEFHNEFad0JzQUdVQUlnQXNBQ0lBZVFBaUFEb0FNUUF6QUN3QUlnQnNBQ0lBT2dBaUFFSUFRZ0JOQUhVQWFnQlNBRkFBSWdBc0FDSUFhQUFpQURvQU1BQXNBQ0lBZGdBaUFEb0FJZ0J1QUdVQWR3QnpBQ0lBTEFBaUFHTUFJZ0E2QUNJQWJnQmxBSGNBY3dCekFHa0FiZ0JuQUdFQWNBQnZBSElBWlFBaUFDd0FJZ0J2QUNJQU9nQXhBSDBBTEFCN0FDSUFhUUFpQURvQU9BQTBBQ3dBSWdCd0FDSUFPZ0E0QURFQUxBQWlBRzRBSWdBNkFDSUFjd0JwQUc0QVp3QnNBR1VBSWdBc0FDSUFlUUFpQURvQU1RQXpBQ3dBSWdCdkFDSUFPZ0F5QUgwQUxBQjdBQ0lBYVFBaUFEb0FPQUExQUN3QUlnQndBQ0lBT2dBNEFEUUFMQUFpQUc0QUlnQTZBQ0lBY3dCcEFHNEFad0JzQUdVQUlnQXNBQ0lBZVFBaUFEb0FNUUF6QUN3QUlnQnNBQ0lBT2dBaUFFSUFRZ0JOQUhVQWNBQTJBREVBSWdBc0FDSUFhQUFpQURvQU1BQXNBQ0lBZGdBaUFEb0FJZ0J1QUdVQWR3QnpBQ0lBTEFBaUFHTUFJZ0E2QUNJQWJnQmxBSGNBY3dCdUFHRUFkQUJwQUc4QWJnQmhBR3dBSWdBc0FDSUFid0FpQURvQU1RQjlBQ3dBZXdBaUFHa0FJZ0E2QURFQU1BQXhBQ3dBSWdCd0FDSUFPZ0E0QURFQUxBQWlBRzRBSWdBNkFDSUFjd0JwQUc0QVp3QnNBR1VBSWdBc0FDSUFlUUFpQURvQU1RQXpBQ3dBSWdCdkFDSUFPZ0E1QUgwQUxBQjdBQ0lBYVFBaUFEb0FNUUF3QURJQUxBQWlBSEFBSWdBNkFERUFNQUF4QUN3QUlnQnVBQ0lBT2dBaUFITUFhUUJ1QUdjQWJBQmxBQ0lBTEFBaUFIa0FJZ0E2QURFQU13QXNBQ0lBYkFBaUFEb0FJZ0JDQUVJQVRRQjFBSFVBYkFCSkFDSUFMQUFpQUdnQUlnQTZBREFBTEFBaUFIWUFJZ0E2QUNJQVpRQnVBSFFBWlFCeUFIUUFZUUJwQUc0QWJRQmxBRzRBZEFBaUFDd0FJZ0JqQUNJQU9nQWlBR01BWlFCc0FHVUFZZ0J5QUdrQWRBQjVBQ0lBTEFBaUFHOEFJZ0E2QURFQWZRQXNBSHNBSWdCdUFDSUFPZ0FpQUhBQWNnQmxBSFlBYVFCdkFIVUFjd0JUQUd3QWFRQmtBR1VBUVFCeUFISUFid0IzQUNJQUxBQWlBSGtBSWdBNkFERUFNZ0FzQUNJQWFRQWlBRG9BTVFBMEFESUFMQUFpQUc4QUlnQTZBRElBTEFBaUFIQUFJZ0E2QUNJQU9BQXhBQ0lBZlFBc0FIc0FJZ0J1QUNJQU9nQWlBRzRBWlFCNEFIUUFVd0JzQUdrQVpBQmxBRUVBY2dCeUFHOEFkd0FpQUN3QUlnQjVBQ0lBT2dBeEFESUFMQUFpQUdrQUlnQTZBREVBTkFBekFDd0FJZ0J2QUNJQU9nQXpBQ3dBSWdCd0FDSUFPZ0FpQURnQU1RQWlBSDBBTEFCN0FDSUFhUUFpQURvQU1RQXdBRE1BTEFBaUFIQUFJZ0E2QURnQUxBQWlBRzRBSWdBNkFDSUFjZ0JwQUhZQVpRQnlBRjhBWXdCdkFHNEFkQUJsQUc0QWRBQWlBQ3dBSWdCNUFDSUFPZ0E0QUN3QUlnQnZBQ0lBT2dBeEFETUFmUUFzQUhzQUlnQnBBQ0lBT2dBeEFEQUFOQUFzQUNJQWNBQWlBRG9BTVFBd0FETUFMQUFpQUc0QUlnQTZBQ0lBVWdCcEFIWUFaUUJ5QUVNQVlRQnlBR1FBVUFCb0FHOEFkQUJ2QUV3QVlRQnlBR2NBWlFBaUFDd0FJZ0I1QUNJQU9nQXhBRE1BTEFBaUFHd0FJZ0E2QUNJQVFnQkNBRTBBZFFCaUFFc0FSUUFpQUN3QUlnQm9BQ0lBT2dBd0FDd0FJZ0IyQUNJQU9nQWlBR3dBYVFCbUFHVUFjd0IwQUhrQWJBQmxBQ0lBTEFBaUFHTUFJZ0E2QUNJQWJBQnBBR1lBWlFCekFIUUFlUUJzQUdVQWFBQmxBR0VBYkFCMEFHZ0FJZ0FzQUNJQWJ3QWlBRG9BTVFCOUFDd0Fld0FpQUdrQUlnQTZBREVBTUFBMUFDd0FJZ0J3QUNJQU9nQXhBREFBTkFBc0FDSUFiZ0FpQURvQUlnQnJBR2tBWXdCckFHVUFjZ0FpQUN3QUlnQjVBQ0lBT2dBeEFEUUFMQUFpQUc4QUlnQTZBREVBZlFBc0FIc0FJZ0JwQUNJQU9nQXhBRE1BT0FBc0FDSUFjQUFpQURvQU9BQXNBQ0lBYmdBaUFEb0FJZ0JtQUd3QWJ3QmhBSFFBYVFCdUFHY0FaZ0JsQUdVQVpBQmlBR0VBWXdCckFDSUFMQUFpQUhrQUlnQTZBREVBTVFBc0FDSUFid0FpQURvQU1RQTBBSDBBWFFCOUFDd0FJZ0IwQUcwQWNBQnNBQ0lBT2dBaUFFa0FVQUE2QUU0QWJ3QnVBR1VBT3dCU0FGWUFPZ0JPQUc4QWJnQmxBRHNBYVFCdUFHWUFid0J3QUdFQWJnQmxBRG9BTUFBN0FHTUFZUUIwQURvQU1BQTdBRVVBVUFBNkFEQUFPd0JEQUVrQU9nQXhBRHNBY3dCd0FHRUFjZ0IwQUdFQWJnQkZBSGdBZEFCbEFISUFiZ0JoQUd3QVF3QnZBRzRBZEFCbEFHNEFkQUJOQUc4QVpBQjFBR3dBWlFBNkFERUFJZ0FzQUNJQWJRQnJBSFFBSWdBNkFDSUFaUUJ1QUMwQWN3Qm5BQ0lBTEFBaUFHWUFiQUJwQUdjQWFBQjBBR2tBWkFBaUFEb0FJZ0J0QUhVQWFRQmtBR1lBYkFCMEFERUFNd0JqQUdZQUxBQnRBSFVBYVFCa0FHWUFiQUIwQURJQU5RQTRBR01BWmdBc0FHMEFkUUJwQUdRQVpnQnNBSFFBTXdBeEFEVUFZd0JtQUN3QVlnQnBBRzRBWndCdEFITUFiZ0JqQUc4QWJRQmlBR2tBYmdCbEFHUUFNUUJqQUdZQUxBQndBRzRBWlFCbEFHUUFad0JsQURFQVl3Qm1BQ3dBY3dCMEFHRUFjZ0IwQUdnQWNBQXpBR01BWmdBc0FIQUFiQUJoQUhRQVlRQm5BSGtBYUFCd0FETUFZd0JtQUN3QVlRQjFBR1FBWlFCNEFHZ0FjQUF6QUdNQVpnQXNBR0VBY2dCMEFHY0FiQUI1QURRQVl3Qm1BQ3dBWVFCeUFIUUFad0JzQUhrQU5RQmpBR1lBSWdBc0FDSUFhUUJrQUhnQUlnQTZBRFFBZlFCZEFBPT08L1N0cmluZ0h0dHBCb2R5Pg0KICAgIDwvUmVxdWVzdD4NCiAgICA8UmVxdWVzdCBNZXRob2Q9IlBPU1QiIEd1aWQ9IjNmOTRjYjZjLTU4ZmYtNDdhNy05ODRhLTc4YzU4NmU1Yjc4NSIgVmVyc2lvbj0iMS4xIiBVcmw9Imh0dHBzOi8vb3RmLm1zbi5jb20vYy5naWYiIFRoaW5rVGltZT0iMCIgVGltZW91dD0iMzAwIiBQYXJzZURlcGVuZGVudFJlcXVlc3RzPSJUcnVlIiBGb2xsb3dSZWRpcmVjdHM9IlRydWUiIFJlY29yZFJlc3VsdD0iVHJ1ZSIgQ2FjaGU9IkZhbHNlIiBSZXNwb25zZVRpbWVHb2FsPSIwIiBFbmNvZGluZz0idXRmLTgiIEV4cGVjdGVkSHR0cFN0YXR1c0NvZGU9IjAiIEV4cGVjdGVkUmVzcG9uc2VVcmw9IiIgUmVwb3J0aW5nTmFtZT0iIiBJZ25vcmVIdHRwU3RhdHVzQ29kZT0iRmFsc2UiPg0KICAgICAgPEhlYWRlcnM+DQogICAgICAgIDxIZWFkZXIgTmFtZT0iUmVmZXJlciIgVmFsdWU9Imh0dHBzOi8vd3d3Lm1zbi5jb20vc3BhcnRhbi9pZW50cD9sb2NhbGU9ZW4tSU4mYW1wO21hcmtldD1JTiZhbXA7ZW5hYmxlcmVndWxhdG9yeXBzbT0wJmFtcDtOVExvZ289MSZhbXA7SXNGUkU9MCIgLz4NCiAgICAgIDwvSGVhZGVycz4NCiAgICAgIDxRdWVyeVN0cmluZ1BhcmFtZXRlcnM+DQogICAgICAgIDxRdWVyeVN0cmluZ1BhcmFtZXRlciBOYW1lPSIiIFZhbHVlPSIiIFJlY29yZGVkVmFsdWU9IiIgQ29ycmVsYXRpb25CaW5kaW5nPSIiIFVybEVuY29kZT0iRmFsc2UiIFVzZVRvR3JvdXBSZXN1bHRzPSJGYWxzZSIgLz4NCiAgICAgIDwvUXVlcnlTdHJpbmdQYXJhbWV0ZXJzPg0KICAgICAgPFN0cmluZ0h0dHBCb2R5IENvbnRlbnRUeXBlPSJhcHBsaWNhdGlvbi9qc29uOyBjaGFyc2V0PXV0Zi04IiBJbnNlcnRCeXRlT3JkZXJNYXJrPSJGYWxzZSI+V3dCN0FDSUFaUUIyQUhRQUlnQTZBQ0lBYVFCdEFIQUFjZ0JmQUhVQWNBQmtBR0VBZEFCbEFDSUFMQUFpQUhJQWFRQmtBQ0lBT2dBaUFERUFPQUF5QURRQU5nQXlBREFBWXdBekFEY0FNQUF5QURRQU9BQTBBREFBT1FCa0FEY0FaUUEyQURrQU1nQm1BRE1BTmdBMUFHTUFOd0JsQUdRQU1RQWlBQ3dBSWdCa0FHa0FJZ0E2QUNJQU1RQTNBQ0lBTEFBaUFHTUFiQUJwQUdRQUlnQTZBQ0lBTVFBM0FFSUFRd0F5QURBQU1BQTRBRVVBTlFBeEFFRUFOZ0F5QURBQU5nQXlBRFlBTUFBeEFESUFRd0ExQURBQVJRQTBBRGtBTVFBMkFETUFOQUEzQUNJQUxBQWlBR2tBY3dCekFITUFid0FpQURvQU1BQXNBQ0lBY0FCbkFDNEFjQUFpQURvQUlnQnBBR1VBWlFCNEFIUUFJZ0FzQUNJQWNBQm5BQzRBZEFBaUFEb0FJZ0J1QUhRQWNBQWlBQ3dBSWdCd0FHY0FMZ0J1QUNJQU9nQWlBR1FBWlFCbUFHRUFkUUJzQUhRQUlnQXNBQ0lBY0FCbkFDNEFZd0FpQURvQU1RQXhBQ3dBSWdCdEFHVUFZd0JvQUNJQU9nQWlBSEFBWVFCeUFIUUFhUUJoQUd3QUlnQXNBQ0lBZHdCcEFHNEFhQUIwQUNJQU9nQTNBRElBT0FBc0FDSUFaQUJ2QUdNQWFBQjBBQ0lBT2dBekFEUUFNd0F3QUN3QUlnQnpBR01BY2dCdkFHd0FiQUJQQUdZQVpnQWlBRG9BTUFBc0FDSUFkd0JpQUdnQUlnQTZBREFBTEFBaUFHVUFNUUFpQURvQWV3QWlBR1VBSWdBNkFGc0Fld0FpQUc0QUlnQTZBQ0lBY0FCeUFHVUFkZ0JwQUc4QWRRQnpBRk1BYkFCcEFHUUFaUUJCQUhJQWNnQnZBSGNBSWdBc0FDSUFlUUFpQURvQU1RQXlBQ3dBSWdCcEFDSUFPZ0F4QURRQU1nQXNBQ0lBYndBaUFEb0FNZ0FzQUNJQWNBQWlBRG9BSWdBNEFERUFJZ0I5QUYwQWZRQXNBQ0lBZEFCdEFIQUFiQUFpQURvQUlnQkpBRkFBT2dCT0FHOEFiZ0JsQURzQVVnQldBRG9BVGdCdkFHNEFaUUE3QUdrQWJnQm1BRzhBY0FCaEFHNEFaUUE2QURBQU93QmpBR0VBZEFBNkFEQUFPd0JGQUZBQU9nQXdBRHNBUXdCSkFEb0FNUUE3QUhNQWNBQmhBSElBZEFCaEFHNEFSUUI0QUhRQVpRQnlBRzRBWVFCc0FFTUFid0J1QUhRQVpRQnVBSFFBVFFCdkFHUUFkUUJzQUdVQU9nQXhBQ0lBTEFBaUFHMEFhd0IwQUNJQU9nQWlBR1VBYmdBdEFITUFad0FpQUN3QUlnQm1BR3dBYVFCbkFHZ0FkQUJwQUdRQUlnQTZBQ0lBYlFCMUFHa0FaQUJtQUd3QWRBQXhBRE1BWXdCbUFDd0FiUUIxQUdrQVpBQm1BR3dBZEFBeUFEVUFPQUJqQUdZQUxBQnRBSFVBYVFCa0FHWUFiQUIwQURNQU1RQTFBR01BWmdBc0FHSUFhUUJ1QUdjQWJRQnpBRzRBWXdCdkFHMEFZZ0JwQUc0QVpRQmtBREVBWXdCbUFDd0FjQUJ1QUdVQVpRQmtBR2NBWlFBeEFHTUFaZ0FzQUhNQWRBQmhBSElBZEFCb0FIQUFNd0JqQUdZQUxBQndBR3dBWVFCMEFHRUFad0I1QUdnQWNBQXpBR01BWmdBc0FHRUFkUUJrQUdVQWVBQm9BSEFBTXdCakFHWUFMQUJoQUhJQWRBQm5BR3dBZVFBMEFHTUFaZ0FzQUdFQWNnQjBBR2NBYkFCNUFEVUFZd0JtQUNJQUxBQWlBR2tBWkFCNEFDSUFPZ0F5QUgwQVhRQT08L1N0cmluZ0h0dHBCb2R5Pg0KICAgIDwvUmVxdWVzdD4NCiAgICA8UmVxdWVzdCBNZXRob2Q9IlBPU1QiIEd1aWQ9IjgwNWNhNWZkLWQzNWYtNDg1My1hYTg2LWViNzg0NGVkZGE1MSIgVmVyc2lvbj0iMS4xIiBVcmw9Imh0dHBzOi8vb3RmLm1zbi5jb20vYy5naWYiIFRoaW5rVGltZT0iMCIgVGltZW91dD0iMzAwIiBQYXJzZURlcGVuZGVudFJlcXVlc3RzPSJUcnVlIiBGb2xsb3dSZWRpcmVjdHM9IlRydWUiIFJlY29yZFJlc3VsdD0iVHJ1ZSIgQ2FjaGU9IkZhbHNlIiBSZXNwb25zZVRpbWVHb2FsPSIwIiBFbmNvZGluZz0idXRmLTgiIEV4cGVjdGVkSHR0cFN0YXR1c0NvZGU9IjAiIEV4cGVjdGVkUmVzcG9uc2VVcmw9IiIgUmVwb3J0aW5nTmFtZT0iIiBJZ25vcmVIdHRwU3RhdHVzQ29kZT0iRmFsc2UiPg0KICAgICAgPEhlYWRlcnM+DQogICAgICAgIDxIZWFkZXIgTmFtZT0iUmVmZXJlciIgVmFsdWU9Imh0dHBzOi8vd3d3Lm1zbi5jb20vc3BhcnRhbi9pZW50cD9sb2NhbGU9ZW4tSU4mYW1wO21hcmtldD1JTiZhbXA7ZW5hYmxlcmVndWxhdG9yeXBzbT0wJmFtcDtOVExvZ289MSZhbXA7SXNGUkU9MCIgLz4NCiAgICAgIDwvSGVhZGVycz4NCiAgICAgIDxRdWVyeVN0cmluZ1BhcmFtZXRlcnM+DQogICAgICAgIDxRdWVyeVN0cmluZ1BhcmFtZXRlciBOYW1lPSIiIFZhbHVlPSIiIFJlY29yZGVkVmFsdWU9IiIgQ29ycmVsYXRpb25CaW5kaW5nPSIiIFVybEVuY29kZT0iRmFsc2UiIFVzZVRvR3JvdXBSZXN1bHRzPSJGYWxzZSIgLz4NCiAgICAgIDwvUXVlcnlTdHJpbmdQYXJhbWV0ZXJzPg0KICAgICAgPFN0cmluZ0h0dHBCb2R5IENvbnRlbnRUeXBlPSJhcHBsaWNhdGlvbi9qc29uOyBjaGFyc2V0PXV0Zi04IiBJbnNlcnRCeXRlT3JkZXJNYXJrPSJGYWxzZSI+V3dCN0FDSUFaUUIyQUhRQUlnQTZBQ0lBYkFCdkFHRUFaQUJmQUhRQWFRQnRBR1VBSWdBc0FDSUFjZ0JwQUdRQUlnQTZBQ0lBTVFBNEFESUFOQUEyQURJQU1BQmpBRE1BTndBd0FESUFOQUE0QURRQU1BQTVBR1FBTndCbEFEWUFPUUF5QUdZQU13QTJBRFVBWXdBM0FHVUFaQUF4QUNJQUxBQWlBR1FBYVFBaUFEb0FJZ0F4QURjQUlnQXNBQ0lBWXdCc0FHa0FaQUFpQURvQUlnQXhBRGNBUWdCREFESUFNQUF3QURnQVJRQTFBREVBUVFBMkFESUFNQUEyQURJQU5nQXdBREVBTWdCREFEVUFNQUJGQURRQU9RQXhBRFlBTXdBMEFEY0FJZ0FzQUNJQWFRQnpBSE1BY3dCdkFDSUFPZ0F3QUN3QUlnQndBR2NBTGdCd0FDSUFPZ0FpQUdrQVpRQmxBSGdBZEFBaUFDd0FJZ0J3QUdjQUxnQjBBQ0lBT2dBaUFHNEFkQUJ3QUNJQUxBQWlBSEFBWndBdUFHNEFJZ0E2QUNJQVpBQmxBR1lBWVFCMUFHd0FkQUFpQUN3QUlnQndBR2NBTGdCakFDSUFPZ0F4QURFQUxBQWlBRzBBWVFCeUFHc0FaUUJ5QUhNQUlnQTZBSHNBSWdCVUFGUUFWQUJUQUNJQU9nQTVBRGNBTWdBekFDd0FJZ0JVQUZRQVFRQkdBRUVBYmdCcEFHMEFZUUIwQUdrQWJ3QnVBQ0lBT2dBeEFEWUFNUUEyQURNQUxBQWlBRlFBVkFCQkFFWUFJZ0E2QURFQU9RQXdBRFVBTkFBc0FDSUFWQUJVQUVFQVJnQkpBRzBBWndCekFDSUFPZ0F4QURrQU9RQTRBRE1BTEFBaUFGUUFWQUJCQUVZQVFRQnVBR1FBU1FCdEFHY0Fjd0FpQURvQU1RQTVBRGtBT0FBekFDd0FJZ0JVQUZRQVFRQkdBRTBBWVFCNEFDSUFPZ0F4QURrQU9RQTRBRE1BTEFBaUFGUUFSZ0JRQUZJQUlnQTZBREVBT1FBNUFEZ0FNd0FzQUNJQVZBQlVBRUVBUmdCSkFHMEFad0JKQUc0QVpnQnZBSEFBWVFCdUFHVUFJZ0E2QURJQU1BQXdBREFBTlFCOUFDd0FJZ0JwQUdRQWVBQWlBRG9BTlFCOUFGMEE8L1N0cmluZ0h0dHBCb2R5Pg0KICAgIDwvUmVxdWVzdD4NCiAgICA8UmVxdWVzdCBNZXRob2Q9IlBPU1QiIEd1aWQ9IjRjMjc5NWIwLTQ4ZDUtNDU5Mi05MjEyLTdmNmNkYTBhZjIyZCIgVmVyc2lvbj0iMS4xIiBVcmw9Imh0dHBzOi8vb3RmLm1zbi5jb20vYy5naWYiIFRoaW5rVGltZT0iMCIgVGltZW91dD0iMzAwIiBQYXJzZURlcGVuZGVudFJlcXVlc3RzPSJUcnVlIiBGb2xsb3dSZWRpcmVjdHM9IlRydWUiIFJlY29yZFJlc3VsdD0iVHJ1ZSIgQ2FjaGU9IkZhbHNlIiBSZXNwb25zZVRpbWVHb2FsPSIwIiBFbmNvZGluZz0idXRmLTgiIEV4cGVjdGVkSHR0cFN0YXR1c0NvZGU9IjAiIEV4cGVjdGVkUmVzcG9uc2VVcmw9IiIgUmVwb3J0aW5nTmFtZT0iIiBJZ25vcmVIdHRwU3RhdHVzQ29kZT0iRmFsc2UiPg0KICAgICAgPEhlYWRlcnM+DQogICAgICAgIDxIZWFkZXIgTmFtZT0iUmVmZXJlciIgVmFsdWU9Imh0dHBzOi8vd3d3Lm1zbi5jb20vc3BhcnRhbi9pZW50cD9sb2NhbGU9ZW4tSU4mYW1wO21hcmtldD1JTiZhbXA7ZW5hYmxlcmVndWxhdG9yeXBzbT0wJmFtcDtOVExvZ289MSZhbXA7SXNGUkU9MCIgLz4NCiAgICAgIDwvSGVhZGVycz4NCiAgICAgIDxRdWVyeVN0cmluZ1BhcmFtZXRlcnM+DQogICAgICAgIDxRdWVyeVN0cmluZ1BhcmFtZXRlciBOYW1lPSIiIFZhbHVlPSIiIFJlY29yZGVkVmFsdWU9IiIgQ29ycmVsYXRpb25CaW5kaW5nPSIiIFVybEVuY29kZT0iRmFsc2UiIFVzZVRvR3JvdXBSZXN1bHRzPSJGYWxzZSIgLz4NCiAgICAgIDwvUXVlcnlTdHJpbmdQYXJhbWV0ZXJzPg0KICAgICAgPFN0cmluZ0h0dHBCb2R5IENvbnRlbnRUeXBlPSJhcHBsaWNhdGlvbi9qc29uOyBjaGFyc2V0PXV0Zi04IiBJbnNlcnRCeXRlT3JkZXJNYXJrPSJGYWxzZSI+V3dCN0FDSUFaUUIyQUhRQUlnQTZBQ0lBYVFCdEFIQUFjZ0JmQUhVQWNBQmtBR0VBZEFCbEFDSUFMQUFpQUhJQWFRQmtBQ0lBT2dBaUFERUFPQUF5QURRQU5nQXlBREFBWXdBekFEY0FNQUF5QURRQU9BQTBBREFBT1FCa0FEY0FaUUEyQURrQU1nQm1BRE1BTmdBMUFHTUFOd0JsQUdRQU1RQWlBQ3dBSWdCa0FHa0FJZ0E2QUNJQU1RQTNBQ0lBTEFBaUFHTUFiQUJwQUdRQUlnQTZBQ0lBTVFBM0FFSUFRd0F5QURBQU1BQTRBRVVBTlFBeEFFRUFOZ0F5QURBQU5nQXlBRFlBTUFBeEFESUFRd0ExQURBQVJRQTBBRGtBTVFBMkFETUFOQUEzQUNJQUxBQWlBR2tBY3dCekFITUFid0FpQURvQU1BQXNBQ0lBY0FCbkFDNEFjQUFpQURvQUlnQnBBR1VBWlFCNEFIUUFJZ0FzQUNJQWNBQm5BQzRBZEFBaUFEb0FJZ0J1QUhRQWNBQWlBQ3dBSWdCd0FHY0FMZ0J1QUNJQU9nQWlBR1FBWlFCbUFHRUFkUUJzQUhRQUlnQXNBQ0lBY0FCbkFDNEFZd0FpQURvQU1RQXhBQ3dBSWdCdEFHVUFZd0JvQUNJQU9nQWlBSEFBWVFCeUFIUUFhUUJoQUd3QUlnQXNBQ0lBZHdCcEFHNEFhQUIwQUNJQU9nQTNBRElBT0FBc0FDSUFaQUJ2QUdNQWFBQjBBQ0lBT2dBekFEUUFNd0F3QUN3QUlnQnpBR01BY2dCdkFHd0FiQUJQQUdZQVpnQWlBRG9BTUFBc0FDSUFkd0JpQUdnQUlnQTZBREFBTEFBaUFHVUFNUUFpQURvQWV3QWlBR1VBSWdBNkFGc0Fld0FpQUc0QUlnQTZBQ0lBYmdCbEFIZ0FkQUJUQUd3QWFRQmtBR1VBUVFCeUFISUFid0IzQUNJQUxBQWlBSGtBSWdBNkFERUFNZ0FzQUNJQWFRQWlBRG9BTVFBMEFETUFMQUFpQUc4QUlnQTZBRE1BTEFBaUFIQUFJZ0E2QUNJQU9BQXhBQ0lBZlFCZEFIMEFMQUFpQUhRQWJRQndBR3dBSWdBNkFDSUFTUUJRQURvQVRnQnZBRzRBWlFBN0FGSUFWZ0E2QUU0QWJ3QnVBR1VBT3dCcEFHNEFaZ0J2QUhBQVlRQnVBR1VBT2dBd0FEc0FZd0JoQUhRQU9nQXdBRHNBUlFCUUFEb0FNQUE3QUVNQVNRQTZBREVBT3dCekFIQUFZUUJ5QUhRQVlRQnVBRVVBZUFCMEFHVUFjZ0J1QUdFQWJBQkRBRzhBYmdCMEFHVUFiZ0IwQUUwQWJ3QmtBSFVBYkFCbEFEb0FNUUFpQUN3QUlnQnRBR3NBZEFBaUFEb0FJZ0JsQUc0QUxRQnpBR2NBSWdBc0FDSUFaZ0JzQUdrQVp3Qm9BSFFBYVFCa0FDSUFPZ0FpQUcwQWRRQnBBR1FBWmdCc0FIUUFNUUF6QUdNQVpnQXNBRzBBZFFCcEFHUUFaZ0JzQUhRQU1nQTFBRGdBWXdCbUFDd0FiUUIxQUdrQVpBQm1BR3dBZEFBekFERUFOUUJqQUdZQUxBQmlBR2tBYmdCbkFHMEFjd0J1QUdNQWJ3QnRBR0lBYVFCdUFHVUFaQUF4QUdNQVpnQXNBSEFBYmdCbEFHVUFaQUJuQUdVQU1RQmpBR1lBTEFCekFIUUFZUUJ5QUhRQWFBQndBRE1BWXdCbUFDd0FjQUJzQUdFQWRBQmhBR2NBZVFCb0FIQUFNd0JqQUdZQUxBQmhBSFVBWkFCbEFIZ0FhQUJ3QURNQVl3Qm1BQ3dBWVFCeUFIUUFad0JzQUhrQU5BQmpBR1lBTEFCaEFISUFkQUJuQUd3QWVRQTFBR01BWmdBaUFDd0FJZ0JwQUdRQWVBQWlBRG9BTXdCOUFGMEE8L1N0cmluZ0h0dHBCb2R5Pg0KICAgIDwvUmVxdWVzdD4NCiAgICA8UmVxdWVzdCBNZXRob2Q9IkdFVCIgR3VpZD0iMzE2ZmUwYjAtNTA0NC00ZDZkLTliMzgtNzg1MDBjYWFhMzVhIiBWZXJzaW9uPSIxLjEiIFVybD0iaHR0cHM6Ly93d3cubXNuLmNvbS9zcGFydGFuL2VuLXNnL2tlcm5lbC9hcHBjYWNoZS9jYWNoZS5hcHBjYWNoZSIgVGhpbmtUaW1lPSIyIiBUaW1lb3V0PSIzMDAiIFBhcnNlRGVwZW5kZW50UmVxdWVzdHM9IlRydWUiIEZvbGxvd1JlZGlyZWN0cz0iVHJ1ZSIgUmVjb3JkUmVzdWx0PSJUcnVlIiBDYWNoZT0iRmFsc2UiIFJlc3BvbnNlVGltZUdvYWw9IjAiIEVuY29kaW5nPSJ1dGYtOCIgRXhwZWN0ZWRIdHRwU3RhdHVzQ29kZT0iMCIgRXhwZWN0ZWRSZXNwb25zZVVybD0iIiBSZXBvcnRpbmdOYW1lPSIiIElnbm9yZUh0dHBTdGF0dXNDb2RlPSJGYWxzZSI+DQogICAgICA8SGVhZGVycz4NCiAgICAgICAgPEhlYWRlciBOYW1lPSJSZWZlcmVyIiBWYWx1ZT0iaHR0cHM6Ly93d3cubXNuLmNvbS9zcGFydGFuL2llbnRwP2xvY2FsZT1lbi1JTiZhbXA7bWFya2V0PUlOJmFtcDtlbmFibGVyZWd1bGF0b3J5cHNtPTAmYW1wO05UTG9nbz0xJmFtcDtJc0ZSRT0wIiAvPg0KICAgICAgPC9IZWFkZXJzPg0KICAgICAgPFF1ZXJ5U3RyaW5nUGFyYW1ldGVycz4NCiAgICAgICAgPFF1ZXJ5U3RyaW5nUGFyYW1ldGVyIE5hbWU9ImxvY2FsZSIgVmFsdWU9ImVuLWluIiBSZWNvcmRlZFZhbHVlPSJlbi1pbiIgQ29ycmVsYXRpb25CaW5kaW5nPSJ7e1F1ZXJ5U3RyaW5nUGFyYW0xMTgubG9jYWxlfX0iIFVybEVuY29kZT0iRmFsc2UiIFVzZVRvR3JvdXBSZXN1bHRzPSJGYWxzZSIgLz4NCiAgICAgICAgPFF1ZXJ5U3RyaW5nUGFyYW1ldGVyIE5hbWU9Im1hcmtldCIgVmFsdWU9ImluIiBSZWNvcmRlZFZhbHVlPSJpbiIgQ29ycmVsYXRpb25CaW5kaW5nPSJ7e1F1ZXJ5U3RyaW5nUGFyYW0xMTkubWFya2V0fX0iIFVybEVuY29kZT0iRmFsc2UiIFVzZVRvR3JvdXBSZXN1bHRzPSJGYWxzZSIgLz4NCiAgICAgICAgPFF1ZXJ5U3RyaW5nUGFyYW1ldGVyIE5hbWU9ImVuYWJsZXJlZ3VsYXRvcnlwc20iIFZhbHVlPSIwIiBSZWNvcmRlZFZhbHVlPSIwIiBDb3JyZWxhdGlvbkJpbmRpbmc9Int7UXVlcnlTdHJpbmdQYXJhbTEyMC5lbmFibGVyZWd1bGF0b3J5cHNtfX0iIFVybEVuY29kZT0iRmFsc2UiIFVzZVRvR3JvdXBSZXN1bHRzPSJGYWxzZSIgLz4NCiAgICAgICAgPFF1ZXJ5U3RyaW5nUGFyYW1ldGVyIE5hbWU9Im50bG9nbyIgVmFsdWU9IjEiIFJlY29yZGVkVmFsdWU9IjEiIENvcnJlbGF0aW9uQmluZGluZz0ie3tRdWVyeVN0cmluZ1BhcmFtMTIxLm50bG9nb319IiBVcmxFbmNvZGU9IkZhbHNlIiBVc2VUb0dyb3VwUmVzdWx0cz0iRmFsc2UiIC8+DQogICAgICAgIDxRdWVyeVN0cmluZ1BhcmFtZXRlciBOYW1lPSJpc2ZyZSIgVmFsdWU9IjAiIFJlY29yZGVkVmFsdWU9IjAiIENvcnJlbGF0aW9uQmluZGluZz0ie3tRdWVyeVN0cmluZ1BhcmFtMTIyLmlzZnJlfX0iIFVybEVuY29kZT0iRmFsc2UiIFVzZVRvR3JvdXBSZXN1bHRzPSJGYWxzZSIgLz4NCiAgICAgIDwvUXVlcnlTdHJpbmdQYXJhbWV0ZXJzPg0KICAgIDwvUmVxdWVzdD4NCiAgICA8UmVxdWVzdCBNZXRob2Q9IlBPU1QiIEd1aWQ9ImYzMDc4NGJmLWFlNjktNGUxMi1hZDNiLTgwZTE0YTVmNmE4OCIgVmVyc2lvbj0iMS4xIiBVcmw9Imh0dHBzOi8vb3RmLm1zbi5jb20vYy5naWYiIFRoaW5rVGltZT0iNDIiIFRpbWVvdXQ9IjMwMCIgUGFyc2VEZXBlbmRlbnRSZXF1ZXN0cz0iVHJ1ZSIgRm9sbG93UmVkaXJlY3RzPSJUcnVlIiBSZWNvcmRSZXN1bHQ9IlRydWUiIENhY2hlPSJGYWxzZSIgUmVzcG9uc2VUaW1lR29hbD0iMCIgRW5jb2Rpbmc9InV0Zi04IiBFeHBlY3RlZEh0dHBTdGF0dXNDb2RlPSIwIiBFeHBlY3RlZFJlc3BvbnNlVXJsPSIiIFJlcG9ydGluZ05hbWU9IiIgSWdub3JlSHR0cFN0YXR1c0NvZGU9IkZhbHNlIj4NCiAgICAgIDxIZWFkZXJzPg0KICAgICAgICA8SGVhZGVyIE5hbWU9IlJlZmVyZXIiIFZhbHVlPSJodHRwczovL3d3dy5tc24uY29tL3NwYXJ0YW4vaWVudHA/bG9jYWxlPWVuLUlOJmFtcDttYXJrZXQ9SU4mYW1wO2VuYWJsZXJlZ3VsYXRvcnlwc209MCZhbXA7TlRMb2dvPTEmYW1wO0lzRlJFPTAiIC8+DQogICAgICA8L0hlYWRlcnM+DQogICAgICA8UXVlcnlTdHJpbmdQYXJhbWV0ZXJzPg0KICAgICAgICA8UXVlcnlTdHJpbmdQYXJhbWV0ZXIgTmFtZT0iIiBWYWx1ZT0iIiBSZWNvcmRlZFZhbHVlPSIiIENvcnJlbGF0aW9uQmluZGluZz0iIiBVcmxFbmNvZGU9IkZhbHNlIiBVc2VUb0dyb3VwUmVzdWx0cz0iRmFsc2UiIC8+DQogICAgICA8L1F1ZXJ5U3RyaW5nUGFyYW1ldGVycz4NCiAgICAgIDxTdHJpbmdIdHRwQm9keSBDb250ZW50VHlwZT0iYXBwbGljYXRpb24vanNvbjsgY2hhcnNldD11dGYtOCIgSW5zZXJ0Qnl0ZU9yZGVyTWFyaz0iRmFsc2UiPld3QjdBQ0lBWlFCMkFIUUFJZ0E2QUNJQWFRQnRBSEFBY2dCZkFIVUFjQUJrQUdFQWRBQmxBQ0lBTEFBaUFISUFhUUJrQUNJQU9nQWlBREVBT0FBeUFEUUFOZ0F5QURBQVl3QXpBRGNBTUFBeUFEUUFPQUEwQURBQU9RQmtBRGNBWlFBMkFEa0FNZ0JtQURNQU5nQTFBR01BTndCbEFHUUFNUUFpQUN3QUlnQmtBR2tBSWdBNkFDSUFNUUEzQUNJQUxBQWlBR01BYkFCcEFHUUFJZ0E2QUNJQU1RQTNBRUlBUXdBeUFEQUFNQUE0QUVVQU5RQXhBRUVBTmdBeUFEQUFOZ0F5QURZQU1BQXhBRElBUXdBMUFEQUFSUUEwQURrQU1RQTJBRE1BTkFBM0FDSUFMQUFpQUdrQWN3QnpBSE1BYndBaUFEb0FNQUFzQUNJQWNBQm5BQzRBY0FBaUFEb0FJZ0JwQUdVQVpRQjRBSFFBSWdBc0FDSUFjQUJuQUM0QWRBQWlBRG9BSWdCdUFIUUFjQUFpQUN3QUlnQndBR2NBTGdCdUFDSUFPZ0FpQUdRQVpRQm1BR0VBZFFCc0FIUUFJZ0FzQUNJQWNBQm5BQzRBWXdBaUFEb0FNUUF4QUN3QUlnQnRBR1VBWXdCb0FDSUFPZ0FpQUdFQWRRQjBBRzhBSWdBc0FDSUFkd0JwQUc0QWFBQjBBQ0lBT2dBM0FESUFPQUFzQUNJQVpBQnZBR01BYUFCMEFDSUFPZ0F6QURRQU13QXdBQ3dBSWdCekFHTUFjZ0J2QUd3QWJBQlBBR1lBWmdBaUFEb0FNQUFzQUNJQWR3QmlBR2dBSWdBNkFEQUFMQUFpQUdVQU1RQWlBRG9BZXdBaUFHVUFJZ0E2QUZzQWV3QWlBR2tBSWdBNkFEZ0FOQUFzQUNJQWNBQWlBRG9BT0FBeEFDd0FJZ0J1QUNJQU9nQWlBSE1BYVFCdUFHY0FiQUJsQUNJQUxBQWlBSGtBSWdBNkFERUFNd0FzQUNJQWJ3QWlBRG9BTWdCOUFDd0Fld0FpQUdrQUlnQTZBRGdBTlFBc0FDSUFjQUFpQURvQU9BQTBBQ3dBSWdCdUFDSUFPZ0FpQUhNQWFRQnVBR2NBYkFCbEFDSUFMQUFpQUhrQUlnQTZBREVBTXdBc0FDSUFiQUFpQURvQUlnQkNBRUlBVFFCMUFIQUFOZ0F4QUNJQUxBQWlBR2dBSWdBNkFEQUFMQUFpQUhZQUlnQTZBQ0lBYmdCbEFIY0Fjd0FpQUN3QUlnQmpBQ0lBT2dBaUFHNEFaUUIzQUhNQWJnQmhBSFFBYVFCdkFHNEFZUUJzQUNJQUxBQWlBRzhBSWdBNkFERUFmUUJkQUgwQUxBQWlBSFFBYlFCd0FHd0FJZ0E2QUNJQVNRQlFBRG9BVGdCdkFHNEFaUUE3QUZJQVZnQTZBRTRBYndCdUFHVUFPd0JwQUc0QVpnQnZBSEFBWVFCdUFHVUFPZ0F3QURzQVl3QmhBSFFBT2dBd0FEc0FSUUJRQURvQU1BQTdBRU1BU1FBNkFERUFPd0J6QUhBQVlRQnlBSFFBWVFCdUFFVUFlQUIwQUdVQWNnQnVBR0VBYkFCREFHOEFiZ0IwQUdVQWJnQjBBRTBBYndCa0FIVUFiQUJsQURvQU1RQWlBQ3dBSWdCdEFHc0FkQUFpQURvQUlnQmxBRzRBTFFCekFHY0FJZ0FzQUNJQVpnQnNBR2tBWndCb0FIUUFhUUJrQUNJQU9nQWlBRzBBZFFCcEFHUUFaZ0JzQUhRQU1RQXpBR01BWmdBc0FHMEFkUUJwQUdRQVpnQnNBSFFBTWdBMUFEZ0FZd0JtQUN3QWJRQjFBR2tBWkFCbUFHd0FkQUF6QURFQU5RQmpBR1lBTEFCaUFHa0FiZ0JuQUcwQWN3QnVBR01BYndCdEFHSUFhUUJ1QUdVQVpBQXhBR01BWmdBc0FIQUFiZ0JsQUdVQVpBQm5BR1VBTVFCakFHWUFMQUJ6QUhRQVlRQnlBSFFBYUFCd0FETUFZd0JtQUN3QWNBQnNBR0VBZEFCaEFHY0FlUUJvQUhBQU13QmpBR1lBTEFCaEFIVUFaQUJsQUhnQWFBQndBRE1BWXdCbUFDd0FZUUJ5QUhRQVp3QnNBSGtBTkFCakFHWUFMQUJoQUhJQWRBQm5BR3dBZVFBMUFHTUFaZ0FpQUN3QUlnQnBBR1FBZUFBaUFEb0FOZ0I5QUYwQTwvU3RyaW5nSHR0cEJvZHk+DQogICAgPC9SZXF1ZXN0Pg0KICAgIDxSZXF1ZXN0IE1ldGhvZD0iR0VUIiBHdWlkPSI5ZmVmYzAxMS1mYWQzLTRmOTMtYjFjYi01YTFmOGNmZWYxZDIiIFZlcnNpb249IjEuMSIgVXJsPSJodHRwczovL2ZpZG0uYWNjZXNzLml0LXNvbHV0aW9ucy5hdG9zLm5ldC9hdXRoL0xvZ2luIiBUaGlua1RpbWU9IjQiIFRpbWVvdXQ9IjMwMCIgUGFyc2VEZXBlbmRlbnRSZXF1ZXN0cz0iVHJ1ZSIgRm9sbG93UmVkaXJlY3RzPSJUcnVlIiBSZWNvcmRSZXN1bHQ9IlRydWUiIENhY2hlPSJGYWxzZSIgUmVzcG9uc2VUaW1lR29hbD0iMCIgRW5jb2Rpbmc9InV0Zi04IiBFeHBlY3RlZEh0dHBTdGF0dXNDb2RlPSIwIiBFeHBlY3RlZFJlc3BvbnNlVXJsPSIiIFJlcG9ydGluZ05hbWU9IiIgSWdub3JlSHR0cFN0YXR1c0NvZGU9IkZhbHNlIj4NCiAgICAgIDxRdWVyeVN0cmluZ1BhcmFtZXRlcnM+DQogICAgICAgIDxRdWVyeVN0cmluZ1BhcmFtZXRlciBOYW1lPSJHQVNGIiBWYWx1ZT0iQ0VSVElGSUNBVEUiIFJlY29yZGVkVmFsdWU9IkNFUlRJRklDQVRFIiBDb3JyZWxhdGlvbkJpbmRpbmc9IiIgVXJsRW5jb2RlPSJGYWxzZSIgVXNlVG9Hcm91cFJlc3VsdHM9IkZhbHNlIiAvPg0KICAgICAgICA8UXVlcnlTdHJpbmdQYXJhbWV0ZXIgTmFtZT0iR0FSRUFTT05DT0RFIiBWYWx1ZT0iLTEiIFJlY29yZGVkVmFsdWU9Ii0xIiBDb3JyZWxhdGlvbkJpbmRpbmc9IiIgVXJsRW5jb2RlPSJGYWxzZSIgVXNlVG9Hcm91cFJlc3VsdHM9IkZhbHNlIiAvPg0KICAgICAgICA8UXVlcnlTdHJpbmdQYXJhbWV0ZXIgTmFtZT0iR0FSRVNPVVJDRUlEIiBWYWx1ZT0iZ2FeZGVmYXVsdF5nbG9iYWxecmVzb3VyY2UiIFJlY29yZGVkVmFsdWU9ImdhXmRlZmF1bHReZ2xvYmFsXnJlc291cmNlIiBDb3JyZWxhdGlvbkJpbmRpbmc9IiIgVXJsRW5jb2RlPSJGYWxzZSIgVXNlVG9Hcm91cFJlc3VsdHM9IkZhbHNlIiAvPg0KICAgICAgICA8UXVlcnlTdHJpbmdQYXJhbWV0ZXIgTmFtZT0iR0FVUkkiIFZhbHVlPSJodHRwczovL2ZpZG0uYWNjZXNzLml0JTJEc29sdXRpb25zLmF0b3MubmV0L0dldEFjY2Vzcy9QbWRhJTNGTURVUkklM0RhSFIwY0hNNkx5OWhaRzFwYm1kaGRHVXRaVzFsWVM1ellXRmpiMjR1Ym1WMEwwTnBkSEpwZUM5WVpXNUJjSEF2WVhWMGFDOXNiMmRwYmk1aGMzQjQlMjZTRCUzRC5zYWFjb24ubmV0JTI2R0FSRVNPVVJDRUlEJTNEQWRtaW5nYXRlRW1lYVNhYWNvbk5ldDIlMjZBUFBJRCUzREFkbWluZ2F0ZUVtZWFTYWFjb25OZXQyIiBSZWNvcmRlZFZhbHVlPSJodHRwczovL2ZpZG0uYWNjZXNzLml0JTJEc29sdXRpb25zLmF0b3MubmV0L0dldEFjY2Vzcy9QbWRhJTNGTURVUkklM0RhSFIwY0hNNkx5OWhaRzFwYm1kaGRHVXRaVzFsWVM1ellXRmpiMjR1Ym1WMEwwTnBkSEpwZUM5WVpXNUJjSEF2WVhWMGFDOXNiMmRwYmk1aGMzQjQlMjZTRCUzRC5zYWFjb24ubmV0JTI2R0FSRVNPVVJDRUlEJTNEQWRtaW5nYXRlRW1lYVNhYWNvbk5ldDIlMjZBUFBJRCUzREFkbWluZ2F0ZUVtZWFTYWFjb25OZXQyIiBDb3JyZWxhdGlvbkJpbmRpbmc9IiIgVXJsRW5jb2RlPSJGYWxzZSIgVXNlVG9Hcm91cFJlc3VsdHM9IkZhbHNlIiAvPg0KICAgICAgPC9RdWVyeVN0cmluZ1BhcmFtZXRlcnM+DQogICAgPC9SZXF1ZXN0Pg0KICAgIDxSZXF1ZXN0IE1ldGhvZD0iR0VUIiBHdWlkPSJiZmM5MzljMS0xM2U0LTRmNTItYTQ5ZC0xYzA2MWNmNTM2M2QiIFZlcnNpb249IjEuMSIgVXJsPSJodHRwczovL2ZpZG0uYWNjZXNzLml0LXNvbHV0aW9ucy5hdG9zLm5ldC9hdXRoL0xvZ2luIiBUaGlua1RpbWU9IjAiIFRpbWVvdXQ9IjMwMCIgUGFyc2VEZXBlbmRlbnRSZXF1ZXN0cz0iVHJ1ZSIgRm9sbG93UmVkaXJlY3RzPSJUcnVlIiBSZWNvcmRSZXN1bHQ9IlRydWUiIENhY2hlPSJGYWxzZSIgUmVzcG9uc2VUaW1lR29hbD0iMCIgRW5jb2Rpbmc9InV0Zi04IiBFeHBlY3RlZEh0dHBTdGF0dXNDb2RlPSIwIiBFeHBlY3RlZFJlc3BvbnNlVXJsPSJodHRwczovL2ZpZG0uYWNjZXNzLml0LXNvbHV0aW9ucy5hdG9zLm5ldC9HZXRBY2Nlc3MvUG1kYT9NRFVSST1hSFIwY0hNNkx5OWhaRzFwYm1kaGRHVXRaVzFsWVM1ellXRmpiMjR1Ym1WMEwwTnBkSEpwZUM5WVpXNUJjSEF2WVhWMGFDOXNiMmRwYmk1aGMzQjQmYW1wO1NEPS5zYWFjb24ubmV0JmFtcDtHQVJFU09VUkNFSUQ9QWRtaW5nYXRlRW1lYVNhYWNvbk5ldDImYW1wO0FQUElEPUFkbWluZ2F0ZUVtZWFTYWFjb25OZXQyIiBSZXBvcnRpbmdOYW1lPSIiIElnbm9yZUh0dHBTdGF0dXNDb2RlPSJGYWxzZSI+DQogICAgICA8Rm9ybVBvc3RIdHRwQm9keT4NCiAgICAgICAgPEZvcm1Qb3N0UGFyYW1ldGVyIE5hbWU9IkFVVEhNRVRIT0QiIFZhbHVlPSJDRVJUSUZJQ0FURSIgUmVjb3JkZWRWYWx1ZT0iQ0VSVElGSUNBVEUiIENvcnJlbGF0aW9uQmluZGluZz0iIiBVcmxFbmNvZGU9IlRydWUiIC8+DQogICAgICAgIDxGb3JtUG9zdFBhcmFtZXRlciBOYW1lPSJUZW1wbGF0ZSIgVmFsdWU9IkF0b3NQa2lPbmx5IiBSZWNvcmRlZFZhbHVlPSJBdG9zUGtpT25seSIgQ29ycmVsYXRpb25CaW5kaW5nPSIiIFVybEVuY29kZT0iVHJ1ZSIgLz4NCiAgICAgICAgPEZvcm1Qb3N0UGFyYW1ldGVyIE5hbWU9IkhpZGRlblVSSSIgVmFsdWU9Imh0dHBzOi8vZmlkbS5hY2Nlc3MuaXQlMkRzb2x1dGlvbnMuYXRvcy5uZXQvR2V0QWNjZXNzL1BtZGElM0ZNRFVSSSUzRGFIUjBjSE02THk5aFpHMXBibWRoZEdVdFpXMWxZUzV6WVdGamIyNHVibVYwTDBOcGRISnBlQzlZWlc1QmNIQXZZWFYwYUM5c2IyZHBiaTVoYzNCNCUyNlNEJTNELnNhYWNvbi5uZXQlMjZHQVJFU09VUkNFSUQlM0RBZG1pbmdhdGVFbWVhU2FhY29uTmV0MiUyNkFQUElEJTNEQWRtaW5nYXRlRW1lYVNhYWNvbk5ldDIiIFJlY29yZGVkVmFsdWU9Imh0dHBzOi8vZmlkbS5hY2Nlc3MuaXQlMkRzb2x1dGlvbnMuYXRvcy5uZXQvR2V0QWNjZXNzL1BtZGElM0ZNRFVSSSUzRGFIUjBjSE02THk5aFpHMXBibWRoZEdVdFpXMWxZUzV6WVdGamIyNHVibVYwTDBOcGRISnBlQzlZWlc1QmNIQXZZWFYwYUM5c2IyZHBiaTVoYzNCNCUyNlNEJTNELnNhYWNvbi5uZXQlMjZHQVJFU09VUkNFSUQlM0RBZG1pbmdhdGVFbWVhU2FhY29uTmV0MiUyNkFQUElEJTNEQWRtaW5nYXRlRW1lYVNhYWNvbk5ldDIiIENvcnJlbGF0aW9uQmluZGluZz0iIiBVcmxFbmNvZGU9IlRydWUiIC8+DQogICAgICAgIDxGb3JtUG9zdFBhcmFtZXRlciBOYW1lPSJHQVJFU09VUkNFSUQiIFZhbHVlPSJnYV5kZWZhdWx0Xmdsb2JhbF5yZXNvdXJjZSIgUmVjb3JkZWRWYWx1ZT0iZ2FeZGVmYXVsdF5nbG9iYWxecmVzb3VyY2UiIENvcnJlbGF0aW9uQmluZGluZz0iIiBVcmxFbmNvZGU9IlRydWUiIC8+DQogICAgICAgIDxGb3JtUG9zdFBhcmFtZXRlciBOYW1lPSJHQVNGIiBWYWx1ZT0iQ0VSVElGSUNBVEUiIFJlY29yZGVkVmFsdWU9IkNFUlRJRklDQVRFIiBDb3JyZWxhdGlvbkJpbmRpbmc9IiIgVXJsRW5jb2RlPSJUcnVlIiAvPg0KICAgICAgICA8Rm9ybVBvc3RQYXJhbWV0ZXIgTmFtZT0icGFnZUdlblRpbWUiIFZhbHVlPSIxNTM1MzU2NDgwMjUzIiBSZWNvcmRlZFZhbHVlPSIxNTM1MzU2NDgwMjUzIiBDb3JyZWxhdGlvbkJpbmRpbmc9IiIgVXJsRW5jb2RlPSJUcnVlIiAvPg0KICAgICAgICA8Rm9ybVBvc3RQYXJhbWV0ZXIgTmFtZT0iTE9DQUxFIiBWYWx1ZT0iZW5fVVMiIFJlY29yZGVkVmFsdWU9ImVuX1VTIiBDb3JyZWxhdGlvbkJpbmRpbmc9IiIgVXJsRW5jb2RlPSJUcnVlIiAvPg0KICAgICAgICA8Rm9ybVBvc3RQYXJhbWV0ZXIgTmFtZT0iUEtJX0xPR0lOIiBWYWx1ZT0iTG9naW4iIFJlY29yZGVkVmFsdWU9IkxvZ2luIiBDb3JyZWxhdGlvbkJpbmRpbmc9IiIgVXJsRW5jb2RlPSJUcnVlIiAvPg0KICAgICAgICA8Rm9ybVBvc3RQYXJhbWV0ZXIgTmFtZT0iQ1NSRlRva2VuIiBWYWx1ZT0iJENTUkZUb2tlbiIgUmVjb3JkZWRWYWx1ZT0iJENTUkZUb2tlbiIgQ29ycmVsYXRpb25CaW5kaW5nPSIiIFVybEVuY29kZT0iVHJ1ZSIgLz4NCiAgICAgICAgPEZvcm1Qb3N0UGFyYW1ldGVyIE5hbWU9IkNTUkZGb3JtVG9rZW4iIFZhbHVlPSJkOGUyNjI5N2U1NDlmNWQyY2Y1MjgzNGQwNGU4MjYwNmVmNDYzN2Y1NzE2NzViNTkiIFJlY29yZGVkVmFsdWU9ImQ4ZTI2Mjk3ZTU0OWY1ZDJjZjUyODM0ZDA0ZTgyNjA2ZWY0NjM3ZjU3MTY3NWI1OSIgQ29ycmVsYXRpb25CaW5kaW5nPSIiIFVybEVuY29kZT0iVHJ1ZSIgLz4NCiAgICAgIDwvRm9ybVBvc3RIdHRwQm9keT4NCiAgICA8L1JlcXVlc3Q+DQogICAgPFJlcXVlc3QgTWV0aG9kPSJHRVQiIEd1aWQ9Ijc4ZmZlNTg5LTdlYWMtNDYyZS1hOWRkLWI0MzAzZDRmMWE4MSIgVmVyc2lvbj0iMS4xIiBVcmw9Imh0dHBzOi8vY3AtZmlkbS5zYWFjb24ubmV0L0dldEFjY2Vzcy9TbWRhIiBUaGlua1RpbWU9IjAiIFRpbWVvdXQ9IjMwMCIgUGFyc2VEZXBlbmRlbnRSZXF1ZXN0cz0iVHJ1ZSIgRm9sbG93UmVkaXJlY3RzPSJUcnVlIiBSZWNvcmRSZXN1bHQ9IlRydWUiIENhY2hlPSJGYWxzZSIgUmVzcG9uc2VUaW1lR29hbD0iMCIgRW5jb2Rpbmc9IldpbmRvd3MtMTI1MiIgRXhwZWN0ZWRIdHRwU3RhdHVzQ29kZT0iMCIgRXhwZWN0ZWRSZXNwb25zZVVybD0iaHR0cHM6Ly9hZG1pbmdhdGUtZW1lYS5zYWFjb24ubmV0L0NpdHJpeC9YZW5BcHAvYXV0aC9zaWxlbnREZXRlY3Rpb24uYXNweCIgUmVwb3J0aW5nTmFtZT0iIiBJZ25vcmVIdHRwU3RhdHVzQ29kZT0iRmFsc2UiPg0KICAgICAgPFF1ZXJ5U3RyaW5nUGFyYW1ldGVycz4NCiAgICAgICAgPFF1ZXJ5U3RyaW5nUGFyYW1ldGVyIE5hbWU9Ik1EVVJJIiBWYWx1ZT0iYUhSMGNITTZMeTloWkcxcGJtZGhkR1V0WlcxbFlTNXpZV0ZqYjI0dWJtVjBMME5wZEhKcGVDOVlaVzVCY0hBdllYVjBhQzlzYjJkcGJpNWhjM0I0IiBSZWNvcmRlZFZhbHVlPSJhSFIwY0hNNkx5OWhaRzFwYm1kaGRHVXRaVzFsWVM1ellXRmpiMjR1Ym1WMEwwTnBkSEpwZUM5WVpXNUJjSEF2WVhWMGFDOXNiMmRwYmk1aGMzQjQiIENvcnJlbGF0aW9uQmluZGluZz0iIiBVcmxFbmNvZGU9IkZhbHNlIiBVc2VUb0dyb3VwUmVzdWx0cz0iRmFsc2UiIC8+DQogICAgICA8L1F1ZXJ5U3RyaW5nUGFyYW1ldGVycz4NCiAgICAgIDxGb3JtUG9zdEh0dHBCb2R5Pg0KICAgICAgICA8Rm9ybVBvc3RQYXJhbWV0ZXIgTmFtZT0iRklETV9BVVRIX1NFU1NJT05fSUQiIFZhbHVlPSJTTVNfZGVmdGh3OTkwY2h3ZWJfMTBjNWI3Ojo0YjIzOGVjMDExMjM1OGY1M2FlNGFkYzM4MDQxOGViZSIgUmVjb3JkZWRWYWx1ZT0iU01TX2RlZnRodzk5MGNod2ViXzEwYzViNzo6NGIyMzhlYzAxMTIzNThmNTNhZTRhZGMzODA0MThlYmUiIENvcnJlbGF0aW9uQmluZGluZz0iIiBVcmxFbmNvZGU9IlRydWUiIC8+DQogICAgICAgIDxGb3JtUG9zdFBhcmFtZXRlciBOYW1lPSJDU1JGRm9ybVRva2VuIiBWYWx1ZT0iNGU5NWY3MGQ0MjEwNjc4ZGI1NDhiZjE3NjEwOGMzMDg4MzE4MDJjZmMxMDAyODBhIiBSZWNvcmRlZFZhbHVlPSI0ZTk1ZjcwZDQyMTA2NzhkYjU0OGJmMTc2MTA4YzMwODgzMTgwMmNmYzEwMDI4MGEiIENvcnJlbGF0aW9uQmluZGluZz0iIiBVcmxFbmNvZGU9IlRydWUiIC8+DQogICAgICA8L0Zvcm1Qb3N0SHR0cEJvZHk+DQogICAgPC9SZXF1ZXN0Pg0KICAgIDxSZXF1ZXN0IE1ldGhvZD0iR0VUIiBHdWlkPSJhOTVhYjdiMS0zNDBkLTQ4OTUtODBmYy04NzQ4ZDBiMWNhYjQiIFZlcnNpb249IjEuMSIgVXJsPSJodHRwczovL2FkbWluZ2F0ZS1lbWVhLnNhYWNvbi5uZXQvQ2l0cml4L1hlbkFwcC9hdXRoL3NpbGVudERldGVjdGlvbi5hc3B4IiBUaGlua1RpbWU9IjMiIFRpbWVvdXQ9IjMwMCIgUGFyc2VEZXBlbmRlbnRSZXF1ZXN0cz0iVHJ1ZSIgRm9sbG93UmVkaXJlY3RzPSJUcnVlIiBSZWNvcmRSZXN1bHQ9IlRydWUiIENhY2hlPSJGYWxzZSIgUmVzcG9uc2VUaW1lR29hbD0iMCIgRW5jb2Rpbmc9InV0Zi04IiBFeHBlY3RlZEh0dHBTdGF0dXNDb2RlPSIwIiBFeHBlY3RlZFJlc3BvbnNlVXJsPSIiIFJlcG9ydGluZ05hbWU9IiIgSWdub3JlSHR0cFN0YXR1c0NvZGU9IkZhbHNlIiAvPg0KICAgIDxSZXF1ZXN0IE1ldGhvZD0iR0VUIiBHdWlkPSI2MzlhNGJiMi1iYzA5LTRhZWYtYjViMy0xOGVlYjJkMzE5MGQiIFZlcnNpb249IjEuMSIgVXJsPSJodHRwczovL2FkbWluZ2F0ZS1lbWVhLnNhYWNvbi5uZXQvQ2l0cml4L1hlbkFwcC9hdXRoL2NsaWVudERldGVjdGlvbk91dHB1dHMuYXNweCIgVGhpbmtUaW1lPSIyIiBUaW1lb3V0PSIzMDAiIFBhcnNlRGVwZW5kZW50UmVxdWVzdHM9IlRydWUiIEZvbGxvd1JlZGlyZWN0cz0iVHJ1ZSIgUmVjb3JkUmVzdWx0PSJUcnVlIiBDYWNoZT0iRmFsc2UiIFJlc3BvbnNlVGltZUdvYWw9IjAiIEVuY29kaW5nPSJ1dGYtOCIgRXhwZWN0ZWRIdHRwU3RhdHVzQ29kZT0iMCIgRXhwZWN0ZWRSZXNwb25zZVVybD0iaHR0cHM6Ly9hZG1pbmdhdGUtZW1lYS5zYWFjb24ubmV0L0NpdHJpeC9YZW5BcHAvYXV0aC9zaWxlbnREZXRlY3Rpb24uYXNweCIgUmVwb3J0aW5nTmFtZT0iIiBJZ25vcmVIdHRwU3RhdHVzQ29kZT0iRmFsc2UiPg0KICAgICAgPEZvcm1Qb3N0SHR0cEJvZHk+DQogICAgICAgIDxGb3JtUG9zdFBhcmFtZXRlciBOYW1lPSJTRVNTSU9OX1RPS0VOIiBWYWx1ZT0iNTk4MUJFNkVBQkE0RjI2MDNGODM1NzZCRUJFRUZCMzYiIFJlY29yZGVkVmFsdWU9IjU5ODFCRTZFQUJBNEYyNjAzRjgzNTc2QkVCRUVGQjM2IiBDb3JyZWxhdGlvbkJpbmRpbmc9IiIgVXJsRW5jb2RlPSJUcnVlIiAvPg0KICAgICAgICA8Rm9ybVBvc3RQYXJhbWV0ZXIgTmFtZT0iUmVtb3RlQ2xpZW50IiBWYWx1ZT0iSWNhLUxvY2FsPUF1dG8iIFJlY29yZGVkVmFsdWU9IkljYS1Mb2NhbD1BdXRvIiBDb3JyZWxhdGlvbkJpbmRpbmc9IiIgVXJsRW5jb2RlPSJUcnVlIiAvPg0KICAgICAgICA8Rm9ybVBvc3RQYXJhbWV0ZXIgTmFtZT0iU3RyZWFtaW5nQ2xpZW50IiBWYWx1ZT0iIiBSZWNvcmRlZFZhbHVlPSIiIENvcnJlbGF0aW9uQmluZGluZz0iIiBVcmxFbmNvZGU9IlRydWUiIC8+DQogICAgICAgIDxGb3JtUG9zdFBhcmFtZXRlciBOYW1lPSJJY29TdGF0dXMiIFZhbHVlPSJJc05vdFBhc3N0aHJvdWdoIiBSZWNvcmRlZFZhbHVlPSJJc05vdFBhc3N0aHJvdWdoIiBDb3JyZWxhdGlvbkJpbmRpbmc9IiIgVXJsRW5jb2RlPSJUcnVlIiAvPg0KICAgICAgPC9Gb3JtUG9zdEh0dHBCb2R5Pg0KICAgIDwvUmVxdWVzdD4NCiAgICA8UmVxdWVzdCBNZXRob2Q9IkdFVCIgR3VpZD0iZDVkZjYzZjAtNjc5MC00YWQ3LWFjOGMtZWUxMGFkMjFjNTgwIiBWZXJzaW9uPSIxLjEiIFVybD0iaHR0cHM6Ly9hZG1pbmdhdGUtZW1lYS5zYWFjb24ubmV0L0NpdHJpeC9YZW5BcHAvYXV0aC9sb2dpbi5hc3B4IiBUaGlua1RpbWU9IjIiIFRpbWVvdXQ9IjMwMCIgUGFyc2VEZXBlbmRlbnRSZXF1ZXN0cz0iVHJ1ZSIgRm9sbG93UmVkaXJlY3RzPSJUcnVlIiBSZWNvcmRSZXN1bHQ9IlRydWUiIENhY2hlPSJGYWxzZSIgUmVzcG9uc2VUaW1lR29hbD0iMCIgRW5jb2Rpbmc9InV0Zi04IiBFeHBlY3RlZEh0dHBTdGF0dXNDb2RlPSIwIiBFeHBlY3RlZFJlc3BvbnNlVXJsPSIiIFJlcG9ydGluZ05hbWU9IiIgSWdub3JlSHR0cFN0YXR1c0NvZGU9IkZhbHNlIiAvPg0KICAgIDxSZXF1ZXN0IE1ldGhvZD0iR0VUIiBHdWlkPSI3MDE0ZTNlYi03MzI2LTQwZDYtOTY5Yi05MGY4MDg1OTFhYTgiIFZlcnNpb249IjEuMSIgVXJsPSJodHRwczovL2FkbWluZ2F0ZS1lbWVhLnNhYWNvbi5uZXQvQ2l0cml4L1hlbkFwcC9odG1sL2R1bW15Lmh0bWwiIFRoaW5rVGltZT0iNjIiIFRpbWVvdXQ9IjMwMCIgUGFyc2VEZXBlbmRlbnRSZXF1ZXN0cz0iVHJ1ZSIgRm9sbG93UmVkaXJlY3RzPSJUcnVlIiBSZWNvcmRSZXN1bHQ9IlRydWUiIENhY2hlPSJGYWxzZSIgUmVzcG9uc2VUaW1lR29hbD0iMCIgRW5jb2Rpbmc9InV0Zi04IiBFeHBlY3RlZEh0dHBTdGF0dXNDb2RlPSIwIiBFeHBlY3RlZFJlc3BvbnNlVXJsPSIiIFJlcG9ydGluZ05hbWU9IiIgSWdub3JlSHR0cFN0YXR1c0NvZGU9IkZhbHNlIiAvPg0KICAgIDxSZXF1ZXN0IE1ldGhvZD0iR0VUIiBHdWlkPSIxZTRlMWE5Yy0zYjY2LTQwZDctYTdiZS1kMzM5MDQ1NzA2MDYiIFZlcnNpb249IjEuMSIgVXJsPSJodHRwczovL2FkbWluZ2F0ZS1lbWVhLnNhYWNvbi5uZXQvQ2l0cml4L1hlbkFwcC9hdXRoL2xvZ2luLmFzcHgiIFRoaW5rVGltZT0iMTIiIFRpbWVvdXQ9IjMwMCIgUGFyc2VEZXBlbmRlbnRSZXF1ZXN0cz0iVHJ1ZSIgRm9sbG93UmVkaXJlY3RzPSJUcnVlIiBSZWNvcmRSZXN1bHQ9IlRydWUiIENhY2hlPSJGYWxzZSIgUmVzcG9uc2VUaW1lR29hbD0iMCIgRW5jb2Rpbmc9InV0Zi04IiBFeHBlY3RlZEh0dHBTdGF0dXNDb2RlPSIwIiBFeHBlY3RlZFJlc3BvbnNlVXJsPSJodHRwczovL2FkbWluZ2F0ZS1lbWVhLnNhYWNvbi5uZXQvQ2l0cml4L1hlbkFwcC9zaXRlL2RlZmF1bHQuYXNweCIgUmVwb3J0aW5nTmFtZT0iIiBJZ25vcmVIdHRwU3RhdHVzQ29kZT0iRmFsc2UiPg0KICAgICAgPEZvcm1Qb3N0SHR0cEJvZHk+DQogICAgICAgIDxGb3JtUG9zdFBhcmFtZXRlciBOYW1lPSJTRVNTSU9OX1RPS0VOIiBWYWx1ZT0iNTk4MUJFNkVBQkE0RjI2MDNGODM1NzZCRUJFRUZCMzYiIFJlY29yZGVkVmFsdWU9IjU5ODFCRTZFQUJBNEYyNjAzRjgzNTc2QkVCRUVGQjM2IiBDb3JyZWxhdGlvbkJpbmRpbmc9IiIgVXJsRW5jb2RlPSJUcnVlIiAvPg0KICAgICAgICA8Rm9ybVBvc3RQYXJhbWV0ZXIgTmFtZT0iTG9naW5UeXBlIiBWYWx1ZT0iRXhwbGljaXQiIFJlY29yZGVkVmFsdWU9IkV4cGxpY2l0IiBDb3JyZWxhdGlvbkJpbmRpbmc9IiIgVXJsRW5jb2RlPSJUcnVlIiAvPg0KICAgICAgICA8Rm9ybVBvc3RQYXJhbWV0ZXIgTmFtZT0idXNlciIgVmFsdWU9ImE2NDcyNDUiIFJlY29yZGVkVmFsdWU9ImE2NDcyNDUiIENvcnJlbGF0aW9uQmluZGluZz0iIiBVcmxFbmNvZGU9IlRydWUiIC8+DQogICAgICAgIDxGb3JtUG9zdFBhcmFtZXRlciBOYW1lPSJwYXNzd29yZCIgVmFsdWU9IkRlY2VtYmVyQDI1MDMyMDAzIiBSZWNvcmRlZFZhbHVlPSJEZWNlbWJlckAyNTAzMjAwMyIgQ29ycmVsYXRpb25CaW5kaW5nPSIiIFVybEVuY29kZT0iVHJ1ZSIgLz4NCiAgICAgICAgPEZvcm1Qb3N0UGFyYW1ldGVyIE5hbWU9ImRvbWFpbiIgVmFsdWU9InNhYWNvbiIgUmVjb3JkZWRWYWx1ZT0ic2FhY29uIiBDb3JyZWxhdGlvbkJpbmRpbmc9IiIgVXJsRW5jb2RlPSJUcnVlIiAvPg0KICAgICAgPC9Gb3JtUG9zdEh0dHBCb2R5Pg0KICAgIDwvUmVxdWVzdD4NCiAgICA8UmVxdWVzdCBNZXRob2Q9IkdFVCIgR3VpZD0iMzYwMTA5MWItYzFhNy00MGNlLWJhMWYtYzZmNmYzNjMzODZjIiBWZXJzaW9uPSIxLjEiIFVybD0iaHR0cHM6Ly9hZG1pbmdhdGUtZW1lYS5zYWFjb24ubmV0L0NpdHJpeC9YZW5BcHAvaHRtbC9kdW1teS5odG1sIiBUaGlua1RpbWU9IjEzIiBUaW1lb3V0PSIzMDAiIFBhcnNlRGVwZW5kZW50UmVxdWVzdHM9IlRydWUiIEZvbGxvd1JlZGlyZWN0cz0iVHJ1ZSIgUmVjb3JkUmVzdWx0PSJUcnVlIiBDYWNoZT0iRmFsc2UiIFJlc3BvbnNlVGltZUdvYWw9IjAiIEVuY29kaW5nPSJ1dGYtOCIgRXhwZWN0ZWRIdHRwU3RhdHVzQ29kZT0iMCIgRXhwZWN0ZWRSZXNwb25zZVVybD0iIiBSZXBvcnRpbmdOYW1lPSIiIElnbm9yZUh0dHBTdGF0dXNDb2RlPSJGYWxzZSIgLz4NCiAgICA8UmVxdWVzdCBNZXRob2Q9IkdFVCIgR3VpZD0iNWJmZjhiYWUtZTIzNi00MjViLWI0OWEtMTJiMzYyYTk0NTBiIiBWZXJzaW9uPSIxLjEiIFVybD0iaHR0cHM6Ly9hZG1pbmdhdGUtZW1lYS5zYWFjb24ubmV0L0NpdHJpeC9YZW5BcHAvc2l0ZS9sYXVuY2hlci5hc3B4IiBUaGlua1RpbWU9IjAiIFRpbWVvdXQ9IjMwMCIgUGFyc2VEZXBlbmRlbnRSZXF1ZXN0cz0iVHJ1ZSIgRm9sbG93UmVkaXJlY3RzPSJUcnVlIiBSZWNvcmRSZXN1bHQ9IlRydWUiIENhY2hlPSJGYWxzZSIgUmVzcG9uc2VUaW1lR29hbD0iMCIgRW5jb2Rpbmc9InV0Zi04IiBFeHBlY3RlZEh0dHBTdGF0dXNDb2RlPSIwIiBFeHBlY3RlZFJlc3BvbnNlVXJsPSIiIFJlcG9ydGluZ05hbWU9IiIgSWdub3JlSHR0cFN0YXR1c0NvZGU9IkZhbHNlIj4NCiAgICAgIDxRdWVyeVN0cmluZ1BhcmFtZXRlcnM+DQogICAgICAgIDxRdWVyeVN0cmluZ1BhcmFtZXRlciBOYW1lPSJDVFhfQXBwbGljYXRpb24iIFZhbHVlPSJDaXRyaXguTVBTLkFwcC5BZG1pbmdhdGVTYWFjb25WMi5CTVclMjBFdXJvcGUlMjBGYXJtJTIwbWFuYWdlZCUyMGJ5JTIwY3VzdG9tZXJfREUiIFJlY29yZGVkVmFsdWU9IkNpdHJpeC5NUFMuQXBwLkFkbWluZ2F0ZVNhYWNvblYyLkJNVyUyMEV1cm9wZSUyMEZhcm0lMjBtYW5hZ2VkJTIwYnklMjBjdXN0b21lcl9ERSIgQ29ycmVsYXRpb25CaW5kaW5nPSIiIFVybEVuY29kZT0iRmFsc2UiIFVzZVRvR3JvdXBSZXN1bHRzPSJGYWxzZSIgLz4NCiAgICAgICAgPFF1ZXJ5U3RyaW5nUGFyYW1ldGVyIE5hbWU9IkNUWF9Ub2tlbiIgVmFsdWU9IjU5ODFCRTZFQUJBNEYyNjAzRjgzNTc2QkVCRUVGQjM2IiBSZWNvcmRlZFZhbHVlPSI1OTgxQkU2RUFCQTRGMjYwM0Y4MzU3NkJFQkVFRkIzNiIgQ29ycmVsYXRpb25CaW5kaW5nPSIiIFVybEVuY29kZT0iRmFsc2UiIFVzZVRvR3JvdXBSZXN1bHRzPSJGYWxzZSIgLz4NCiAgICAgICAgPFF1ZXJ5U3RyaW5nUGFyYW1ldGVyIE5hbWU9IkxhdW5jaElkIiBWYWx1ZT0iMTUzNTM1NjYxNjczMCIgUmVjb3JkZWRWYWx1ZT0iMTUzNTM1NjYxNjczMCIgQ29ycmVsYXRpb25CaW5kaW5nPSIiIFVybEVuY29kZT0iRmFsc2UiIFVzZVRvR3JvdXBSZXN1bHRzPSJGYWxzZSIgLz4NCiAgICAgIDwvUXVlcnlTdHJpbmdQYXJhbWV0ZXJzPg0KICAgIDwvUmVxdWVzdD4NCiAgICA8UmVxdWVzdCBNZXRob2Q9IkdFVCIgR3VpZD0iZjY4MDUzODYtMTFlZS00Njc3LThiMTAtYzMxMDFlNDBlZjVlIiBWZXJzaW9uPSIxLjEiIFVybD0iaHR0cHM6Ly9hZG1pbmdhdGUtZW1lYS5zYWFjb24ubmV0L0NpdHJpeC9YZW5BcHAvc2l0ZS9hcHBlbWJlZC5hc3B4IiBUaGlua1RpbWU9IjAiIFRpbWVvdXQ9IjMwMCIgUGFyc2VEZXBlbmRlbnRSZXF1ZXN0cz0iVHJ1ZSIgRm9sbG93UmVkaXJlY3RzPSJUcnVlIiBSZWNvcmRSZXN1bHQ9IlRydWUiIENhY2hlPSJGYWxzZSIgUmVzcG9uc2VUaW1lR29hbD0iMCIgRW5jb2Rpbmc9InV0Zi04IiBFeHBlY3RlZEh0dHBTdGF0dXNDb2RlPSIwIiBFeHBlY3RlZFJlc3BvbnNlVXJsPSIiIFJlcG9ydGluZ05hbWU9IiIgSWdub3JlSHR0cFN0YXR1c0NvZGU9IkZhbHNlIj4NCiAgICAgIDxRdWVyeVN0cmluZ1BhcmFtZXRlcnM+DQogICAgICAgIDxRdWVyeVN0cmluZ1BhcmFtZXRlciBOYW1lPSJDVFhfQXBwbGljYXRpb24iIFZhbHVlPSJDaXRyaXguTVBTLkFwcC5BZG1pbmdhdGVTYWFjb25WMi5CTVclMjBFdXJvcGUlMjBGYXJtJTIwbWFuYWdlZCUyMGJ5JTIwY3VzdG9tZXJfREUiIFJlY29yZGVkVmFsdWU9IkNpdHJpeC5NUFMuQXBwLkFkbWluZ2F0ZVNhYWNvblYyLkJNVyUyMEV1cm9wZSUyMEZhcm0lMjBtYW5hZ2VkJTIwYnklMjBjdXN0b21lcl9ERSIgQ29ycmVsYXRpb25CaW5kaW5nPSIiIFVybEVuY29kZT0iRmFsc2UiIFVzZVRvR3JvdXBSZXN1bHRzPSJGYWxzZSIgLz4NCiAgICAgICAgPFF1ZXJ5U3RyaW5nUGFyYW1ldGVyIE5hbWU9IkNUWF9BcHBGcmllbmRseU5hbWVVUkxFTmNvZGVkIiBWYWx1ZT0iQk1XJTIwRXVyb3BlJTIwRmFybSUyMG1hbmFnZWQlMjBieSUyMGN1c3RvbWVyX0RFIiBSZWNvcmRlZFZhbHVlPSJCTVclMjBFdXJvcGUlMjBGYXJtJTIwbWFuYWdlZCUyMGJ5JTIwY3VzdG9tZXJfREUiIENvcnJlbGF0aW9uQmluZGluZz0iIiBVcmxFbmNvZGU9IkZhbHNlIiBVc2VUb0dyb3VwUmVzdWx0cz0iRmFsc2UiIC8+DQogICAgICAgIDxRdWVyeVN0cmluZ1BhcmFtZXRlciBOYW1lPSJDVFhfVG9rZW4iIFZhbHVlPSI1OTgxQkU2RUFCQTRGMjYwM0Y4MzU3NkJFQkVFRkIzNiIgUmVjb3JkZWRWYWx1ZT0iNTk4MUJFNkVBQkE0RjI2MDNGODM1NzZCRUJFRUZCMzYiIENvcnJlbGF0aW9uQmluZGluZz0iIiBVcmxFbmNvZGU9IkZhbHNlIiBVc2VUb0dyb3VwUmVzdWx0cz0iRmFsc2UiIC8+DQogICAgICAgIDxRdWVyeVN0cmluZ1BhcmFtZXRlciBOYW1lPSJMYXVuY2hJZCIgVmFsdWU9IjE1MzUzNTY2MTY3MzAiIFJlY29yZGVkVmFsdWU9IjE1MzUzNTY2MTY3MzAiIENvcnJlbGF0aW9uQmluZGluZz0iIiBVcmxFbmNvZGU9IkZhbHNlIiBVc2VUb0dyb3VwUmVzdWx0cz0iRmFsc2UiIC8+DQogICAgICAgIDxRdWVyeVN0cmluZ1BhcmFtZXRlciBOYW1lPSJDVFhfV2luZG93V2lkdGgiIFZhbHVlPSIxNDM4IiBSZWNvcmRlZFZhbHVlPSIxNDM4IiBDb3JyZWxhdGlvbkJpbmRpbmc9IiIgVXJsRW5jb2RlPSJGYWxzZSIgVXNlVG9Hcm91cFJlc3VsdHM9IkZhbHNlIiAvPg0KICAgICAgICA8UXVlcnlTdHJpbmdQYXJhbWV0ZXIgTmFtZT0iQ1RYX1dpbmRvd0hlaWdodCIgVmFsdWU9IjgwOCIgUmVjb3JkZWRWYWx1ZT0iODA4IiBDb3JyZWxhdGlvbkJpbmRpbmc9IiIgVXJsRW5jb2RlPSJGYWxzZSIgVXNlVG9Hcm91cFJlc3VsdHM9IkZhbHNlIiAvPg0KICAgICAgICA8UXVlcnlTdHJpbmdQYXJhbWV0ZXIgTmFtZT0iVGl0bGUiIFZhbHVlPSJCTVclMjBFdXJvcGUlMjBGYXJtJTIwbWFuYWdlZCUyMGJ5JTIwY3VzdG9tZXJfREUiIFJlY29yZGVkVmFsdWU9IkJNVyUyMEV1cm9wZSUyMEZhcm0lMjBtYW5hZ2VkJTIwYnklMjBjdXN0b21lcl9ERSIgQ29ycmVsYXRpb25CaW5kaW5nPSIiIFVybEVuY29kZT0iRmFsc2UiIFVzZVRvR3JvdXBSZXN1bHRzPSJGYWxzZSIgLz4NCiAgICAgIDwvUXVlcnlTdHJpbmdQYXJhbWV0ZXJzPg0KICAgIDwvUmVxdWVzdD4NCiAgPC9JdGVtcz4NCiAgPFZhbGlkYXRpb25SdWxlcz4NCiAgICA8VmFsaWRhdGlvblJ1bGUgQ2xhc3NuYW1lPSJNaWNyb3NvZnQuVmlzdWFsU3R1ZGlvLlRlc3RUb29scy5XZWJUZXN0aW5nLlJ1bGVzLlZhbGlkYXRlUmVzcG9uc2VVcmwsIE1pY3Jvc29mdC5WaXN1YWxTdHVkaW8uUXVhbGl0eVRvb2xzLldlYlRlc3RGcmFtZXdvcmssIFZlcnNpb249MTAuMC4wLjAsIEN1bHR1cmU9bmV1dHJhbCwgUHVibGljS2V5VG9rZW49YjAzZjVmN2YxMWQ1MGEzYSIgRGlzcGxheU5hbWU9IlJlc3BvbnNlIFVSTCIgRGVzY3JpcHRpb249IlZhbGlkYXRlcyB0aGF0IHRoZSByZXNwb25zZSBVUkwgYWZ0ZXIgcmVkaXJlY3RzIGFyZSBmb2xsb3dlZCBpcyB0aGUgc2FtZSBhcyB0aGUgcmVjb3JkZWQgcmVzcG9uc2UgVVJMLiAgUXVlcnlTdHJpbmcgcGFyYW1ldGVycyBhcmUgaWdub3JlZC4iIExldmVsPSJMb3ciIEV4ZWN0dWlvbk9yZGVyPSJCZWZvcmVEZXBlbmRlbnRzIiAvPg0KICAgIDxWYWxpZGF0aW9uUnVsZSBDbGFzc25hbWU9Ik1pY3Jvc29mdC5WaXN1YWxTdHVkaW8uVGVzdFRvb2xzLldlYlRlc3RpbmcuUnVsZXMuVmFsaWRhdGlvblJ1bGVSZXNwb25zZVRpbWVHb2FsLCBNaWNyb3NvZnQuVmlzdWFsU3R1ZGlvLlF1YWxpdHlUb29scy5XZWJUZXN0RnJhbWV3b3JrLCBWZXJzaW9uPTEwLjAuMC4wLCBDdWx0dXJlPW5ldXRyYWwsIFB1YmxpY0tleVRva2VuPWIwM2Y1ZjdmMTFkNTBhM2EiIERpc3BsYXlOYW1lPSJSZXNwb25zZSBUaW1lIEdvYWwiIERlc2NyaXB0aW9uPSJWYWxpZGF0ZXMgdGhhdCB0aGUgcmVzcG9uc2UgdGltZSBmb3IgdGhlIHJlcXVlc3QgaXMgbGVzcyB0aGFuIG9yIGVxdWFsIHRvIHRoZSByZXNwb25zZSB0aW1lIGdvYWwgYXMgc3BlY2lmaWVkIG9uIHRoZSByZXF1ZXN0LiAgUmVzcG9uc2UgdGltZSBnb2FscyBvZiB6ZXJvIHdpbGwgYmUgaWdub3JlZC4iIExldmVsPSJMb3ciIEV4ZWN0dWlvbk9yZGVyPSJBZnRlckRlcGVuZGVudHMiPg0KICAgICAgPFJ1bGVQYXJhbWV0ZXJzPg0KICAgICAgICA8UnVsZVBhcmFtZXRlciBOYW1lPSJUb2xlcmFuY2UiIFZhbHVlPSIwIiAvPg0KICAgICAgPC9SdWxlUGFyYW1ldGVycz4NCiAgICA8L1ZhbGlkYXRpb25SdWxlPg0KICA8L1ZhbGlkYXRpb25SdWxlcz4NCjwvV2ViVGVzdD4=">
      <Execution id="62c4a1bd-36b8-4454-9e80-7aa001d5696b" />
    </WebTest>
  </TestDefinitions>
  <TestLists>
    <TestList name="Results Not in a List" id="8c84fa94-04c1-424b-9868-57a2d4851a1d" />
    <TestList name="All Loaded Results" id="19431567-8539-422a-85d7-44ee4e166bda" />
  </TestLists>
  <TestEntries>
    <TestEntry isTransparent="false" testId="34fe655b-1a6c-4cb3-9c79-75f19359301a" executionId="62c4a1bd-36b8-4454-9e80-7aa001d5696b" testListId="8c84fa94-04c1-424b-9868-57a2d4851a1d" />
  </TestEntries>
  <Results>
    <WebTestResult executionId="62c4a1bd-36b8-4454-9e80-7aa001d5696b" testId="34fe655b-1a6c-4cb3-9c79-75f19359301a" testName="WebTest1" computerName="MC0ZD4KC" duration="00:00:49.3094856" startTime="2018-08-27T13:32:51.4280392+05:30" endTime="2018-08-27T13:33:51.6544840+05:30" testType="4e7599fa-5ecb-43e9-a887-cd63cf72d207" outcome="Failed" testListId="8c84fa94-04c1-424b-9868-57a2d4851a1d" relativeResultsDirectory="62c4a1bd-36b8-4454-9e80-7aa001d5696b">
      <Output>
        <ErrorInfo>
          <Message>32 primary requests, 0 dependant requests and 0 conditional rules failed</Message>
        </ErrorInfo>
      </Output>
      <ResultFiles>
        <ResultFile path="WebTest1.webtestResult" />
      </ResultFiles>
      <TestSettings name="Local" id="3a9ae955-c07f-4ae5-b3aa-3975fcd6bce4">
        <Description>These are default test settings for a local test run.</Description>
        <Execution hostProcessPlatform="MSIL">
          <TestTypeSpecific>
            <WebTestRunConfiguration testTypeId="4e7599fa-5ecb-43e9-a887-cd63cf72d207">
              <Browser name="Internet Explorer 9.0" MaxConnections="6">
                <Headers>
                  <Header name="User-Agent" value="Mozilla/5.0 (compatible; MSIE 9.0; Windows NT 6.1; Trident/5.0)" />
                  <Header name="Accept" value="*/*" />
                  <Header name="Accept-Language" value="{{$IEAcceptLanguage}}" />
                  <Header name="Accept-Encoding" value="GZIP" />
                </Headers>
              </Browser>
            </WebTestRunConfiguration>
          </TestTypeSpecific>
          <AgentRule name="Execution Agents">
          </AgentRule>
        </Execution>
        <Deployment runDeploymentRoot="A647245_MC0ZD4KC 2018-08-27 13_32_48" />
        <Properties>
          <Property name="TestSettingsUIType" value="LoadTest" />
        </Properties>
      </TestSettings>
      <WebTestResultFilePath>A647245_MC0ZD4KC 2018-08-27 13_32_48\In\62c4a1bd-36b8-4454-9e80-7aa001d5696b\WebTest1.webtestResult</WebTestResultFilePath>
    </WebTestResult>
  </Results>
</TestRun>